-----------------------------------------------------------
Family information: homeolog_counts.txt
Log: reports/10_loss.log
The number of families is 8484
Root Family size : 1 ~ 30
Family size : 0 ~ 63
P-value: 0.01
Num of Threads: 2
Num of Random: 1000
Empirical Prior Estimation Result: (32 iterations)
Poisson lambda: 0.100378 & Score: 61254.735402
DONE: Lamda,Mu Search or setting, for command:
lambdamu -l 0.00097453463320 -m 0.01009630581505 
Empirical Prior Estimation Result: (32 iterations)
Poisson lambda: 0.100378 & Score: 61254.735402
Lambda : 0.01220462252645 Mu : 0.00387472308810 & Score: -187454.051239
.Lambda : 0.01281485365277 Mu : 0.00387472308810 & Score: -188407.245429
.Lambda : 0.01281485365277 Mu : 0.00406845924250 & Score: -187536.470845
.Lambda : 0.01220462252645 Mu : 0.00406845924250 & Score: -186584.144469
.Lambda : 0.01189950696328 Mu : 0.00416532731971 & Score: -185695.381581
.Lambda : 0.01128927583696 Mu : 0.00397159116530 & Score: -185598.721736
.Lambda : 0.01052648692906 Mu : 0.00392315712670 & Score: -184655.241158
.Lambda : 0.01022137136590 Mu : 0.00421376135831 & Score: -182932.328738
.Lambda : 0.00922974578562 Mu : 0.00438328049341 & Score: -180774.639395
.Lambda : 0.00785672575140 Mu : 0.00414111030041 & Score: -179787.467969
.Lambda : 0.00583533514546 Mu : 0.00412900179076 & Score: -177097.517950
.Lambda : 0.00453859400202 Mu : 0.00458912515747 & Score: -173668.418385
.Lambda : 0.00154464753850 Mu : 0.00492210917285 & Score: -169530.295490
.Lambda : -0.00184976310166 Mu : 0.00466783047020 & Score: -inf
.Lambda : 0.00092011412016 Mu : 0.00459669297600 & Score: -170448.568133
.Lambda : -0.00337057348680 Mu : 0.00538980035809 & Score: -inf
.Lambda : -0.00106909632873 Mu : 0.00507460071626 & Score: -inf
.Lambda : 0.00123238082933 Mu : 0.00475940107443 & Score: -169937.092426
.Lambda : 0.00368999134198 Mu : 0.00452555548180 & Score: -172926.261109
.Lambda : -0.00091296297415 Mu : 0.00515595476547 & Score: -inf
.Lambda : 0.00023777560489 Mu : 0.00499835494456 & Score: -169479.553768
.Lambda : 0.00055004231406 Mu : 0.00516106304298 & Score: -168563.418319
.Lambda : 0.00020887305642 Mu : 0.00536189402726 & Score: -168376.162579
.Lambda : -0.00109799887720 Mu : 0.00543813979896 & Score: -inf
.Lambda : -0.00043733727327 Mu : 0.00530913214244 & Score: -inf
.Lambda : 0.00022332433065 Mu : 0.00518012448591 & Score: -168911.863889
.Lambda : 0.00087676029746 Mu : 0.00514200160006 & Score: -168555.780880
.Lambda : 0.00086230902323 Mu : 0.00532377114141 & Score: -167987.840846
.Lambda : 0.00118180136952 Mu : 0.00539559446916 & Score: -167845.842254
.Lambda : 0.00051391412848 Mu : 0.00561548689636 & Score: -167212.499861
.Lambda : 0.00033249104399 Mu : 0.00585222954452 & Score: -166727.122906
.Lambda : 0.00130541935708 Mu : 0.00588592998641 & Score: -166535.838460
.Lambda : 0.00185369250742 Mu : 0.00614794796599 & Score: -166221.622926
.Lambda : 0.00100438218188 Mu : 0.00660458304135 & Score: -164724.428157
.Lambda : 0.00091567258806 Mu : 0.00720907732744 & Score: -163495.282867
.Lambda : 0.00243687405149 Mu : 0.00750479574892 & Score: -163949.005384
.Lambda : 0.00149885413214 Mu : 0.00856592511037 & Score: -161645.122461
.Lambda : 0.00132143494451 Mu : 0.00977491368256 & Score: -160210.597043
.Lambda : -0.00019976651892 Mu : 0.00947919526108 & Score: -inf
.Lambda : 0.00045939362368 Mu : 0.00898559538304 & Score: -160892.731086
.Lambda : 0.00086515598012 Mu : 0.01155143173816 & Score: -158756.018807
.Lambda : 0.00083989767615 Mu : 0.01372260894352 & Score: -158031.587986
.Lambda : 0.00170193899698 Mu : 0.01451192724303 & Score: -158394.812162
.Lambda : 0.00122040172862 Mu : 0.01845962250399 & Score: -158733.485788
.Lambda : 0.00132143494451 Mu : 0.00977491368256 & Score: -160210.597043
.Lambda : 0.00129617664054 Mu : 0.01194609088792 & Score: -158744.024570
.Lambda : 0.00127091833656 Mu : 0.01411726809327 & Score: -158156.692933
.Lambda : 0.00103014970239 Mu : 0.01609111572375 & Score: -158074.715322
.Lambda : 0.00059912904197 Mu : 0.01569645657400 & Score: -157912.551620
.Lambda : 0.00026323439468 Mu : 0.01648605081436 & Score: -158093.726231
.Lambda : 0.00040887701574 Mu : 0.01332794979376 & Score: -158101.620227
.Lambda : 0.00056419518740 Mu : 0.01401874127626 & Score: -157947.435478
.Lambda : 0.00032342655322 Mu : 0.01599258890674 & Score: -157991.738940
.Lambda : 0.00083989767615 Mu : 0.01372260894352 & Score: -158031.587986
.Lambda : 0.00071077989542 Mu : 0.01429010393432 & Score: -157929.475196
.Lambda : 0.00074571374999 Mu : 0.01596781923206 & Score: -157959.739883
.Lambda : 0.00070033410935 Mu : 0.01548054974311 & Score: -157909.796659
.Lambda : 0.00058868325590 Mu : 0.01688690238278 & Score: -158080.603640
.Lambda : 0.00061920741578 Mu : 0.01623770277067 & Score: -157972.578481
.Lambda : 0.00064973157566 Mu : 0.01558850315855 & Score: -157908.866770
.Lambda : 0.00070555700238 Mu : 0.01488532683871 & Score: -157898.189687
.Lambda : 0.00065495446870 Mu : 0.01499328025416 & Score: -157889.675464
.Lambda : 0.00063226464837 Mu : 0.01474964550968 & Score: -157891.400623
.Lambda : 0.00071077989542 Mu : 0.01429010393432 & Score: -157929.475196
.Lambda : 0.00069551781548 Mu : 0.01461470374038 & Score: -157904.848506
.Lambda : 0.00066499365560 Mu : 0.01526390335249 & Score: -157894.851371
.Lambda : 0.00061439112191 Mu : 0.01537185676794 & Score: -157893.678588
.Lambda : 0.00060435193501 Mu : 0.01510123366960 & Score: -157885.854115
.Lambda : 0.00057403107472 Mu : 0.01501989882815 & Score: -157884.742512
.Lambda : 0.00061459442150 Mu : 0.01464132231438 & Score: -157894.336618
.Lambda : 0.00061454359660 Mu : 0.01482395592777 & Score: -157888.083808
.Lambda : 0.00053362020263 Mu : 0.01485057450176 & Score: -157887.981746
.Lambda : 0.00049310768074 Mu : 0.01504651740215 & Score: -157890.003254
.Lambda : 0.00052346665971 Mu : 0.01499087703356 & Score: -157887.075632
.Lambda : 0.00056387753180 Mu : 0.01516020135995 & Score: -157886.057735
.Lambda : 0.00061444194681 Mu : 0.01518922315455 & Score: -157887.821460
.Lambda : 0.00059169812503 Mu : 0.01513963662430 & Score: -157885.905784
.Lambda : 0.00060185166795 Mu : 0.01499933409251 & Score: -157885.290395
.Lambda : 0.00058418461764 Mu : 0.01487959629636 & Score: -157885.877801
.Lambda : 0.00059169812503 Mu : 0.01513963662430 & Score: -157885.905784
.Lambda : 0.00058981974819 Mu : 0.01507462654231 & Score: -157885.114096
.Lambda : 0.00056199915495 Mu : 0.01509519127796 & Score: -157885.240566
.Lambda : 0.00060185166795 Mu : 0.01499933409251 & Score: -157885.290395
.Lambda : 0.00059188853970 Mu : 0.01502329838887 & Score: -157884.936776
.Lambda : 0.00057609986624 Mu : 0.01496857067471 & Score: -157884.862390
.Lambda : 0.00055824240125 Mu : 0.01496517111399 & Score: -157885.164076
.Lambda : 0.00056665393586 Mu : 0.01497970293271 & Score: -157884.894565
.Lambda : 0.00058347700509 Mu : 0.01500876657015 & Score: -157884.778877
.Lambda : 0.00058140821357 Mu : 0.01506009472360 & Score: -157884.888766
.Lambda : 0.00058008112674 Mu : 0.01503721371137 & Score: -157884.780381
.Lambda : 0.00057742695307 Mu : 0.01499145168693 & Score: -157884.766984
.Lambda : 0.00056798102270 Mu : 0.01500258394494 & Score: -157884.807755
.Lambda : 0.00057185501830 Mu : 0.01500412960124 & Score: -157884.759667
.Lambda : 0.00056845913994 Mu : 0.01503257674246 & Score: -157884.812596
.Lambda : 0.00057070109323 Mu : 0.01502229547858 & Score: -157884.769867
.Lambda : 0.00057294304651 Mu : 0.01501201421470 & Score: -157884.746181
.Lambda : 0.00057572901389 Mu : 0.01500567525754 & Score: -157884.738921
.Lambda : 0.00057681704211 Mu : 0.01501355987100 & Score: -157884.734621
.Lambda : 0.00057875403990 Mu : 0.01501433269915 & Score: -157884.739718
.Lambda : 0.00057851498128 Mu : 0.01499933630039 & Score: -157884.752208
.Lambda : 0.00057739400464 Mu : 0.01500447693233 & Score: -157884.740927
.Lambda : 0.00057515205136 Mu : 0.01501475819621 & Score: -157884.736073
.Lambda : 0.00057624007957 Mu : 0.01502264280967 & Score: -157884.739443
.Lambda : 0.00057611231315 Mu : 0.01501840092164 & Score: -157884.735914
.Lambda : 0.00057777730390 Mu : 0.01501720259643 & Score: -157884.736914
.Lambda : 0.00057712099076 Mu : 0.01501659149637 & Score: -157884.735411
.Lambda : 0.00057782571972 Mu : 0.01501175044574 & Score: -157884.736675
.Lambda : 0.00057739736808 Mu : 0.01501341306471 & Score: -157884.735405
.Lambda : 0.00057709341942 Mu : 0.01501038143934 & Score: -157884.735658
.Lambda : 0.00057710031225 Mu : 0.01501193395360 & Score: -157884.735144
.Lambda : 0.00057651998628 Mu : 0.01501208075989 & Score: -157884.734652
.Lambda : 0.00057623671613 Mu : 0.01501370667729 & Score: -157884.734490
.Lambda : 0.00057580491808 Mu : 0.01501459303914 & Score: -157884.734867
.Lambda : 0.00057653377196 Mu : 0.01501518578840 & Score: -157884.734598
.Lambda : 0.00057595344599 Mu : 0.01501533259469 & Score: -157884.734828
.Lambda : 0.00057616934502 Mu : 0.01501488941377 & Score: -157884.734601
.Lambda : 0.00057660114308 Mu : 0.01501400305192 & Score: -157884.734497
.Lambda : 0.00057630408725 Mu : 0.01501252394081 & Score: -157884.734566
.Lambda : 0.00057653377196 Mu : 0.01501518578840 & Score: -157884.734598
.Lambda : 0.00057647635078 Mu : 0.01501452032651 & Score: -157884.734499
.Lambda : 0.00057636150843 Mu : 0.01501318940271 & Score: -157884.734483
.Lambda : 0.00057630408725 Mu : 0.01501252394081 & Score: -157884.734566
.Lambda : 0.00057599708149 Mu : 0.01501289302808 & Score: -157884.734669
.Lambda : 0.00057614809689 Mu : 0.01501317053404 & Score: -157884.734547
.Lambda : 0.00057629911228 Mu : 0.01501344804000 & Score: -157884.734478
.Lambda : 0.00057648132575 Mu : 0.01501359622732 & Score: -157884.734467
.Lambda : 0.00057641892961 Mu : 0.01501385486461 & Score: -157884.734461
.Lambda : 0.00057644764019 Mu : 0.01501418759556 & Score: -157884.734472
.Lambda : 0.00057660114308 Mu : 0.01501400305192 & Score: -157884.734497
.Lambda : 0.00057652563538 Mu : 0.01501386429894 & Score: -157884.734473
.Lambda : 0.00057637461998 Mu : 0.01501358679298 & Score: -157884.734464
.Lambda : 0.00057631222383 Mu : 0.01501384543027 & Score: -157884.734471
.Lambda : 0.00057635449931 Mu : 0.01501378312953 & Score: -157884.734464
.Lambda : 0.00057643905027 Mu : 0.01501365852806 & Score: -157884.734462
.Lambda : 0.00057648335990 Mu : 0.01501392659968 & Score: -157884.734467
.Lambda : 0.00057645617492 Mu : 0.01501384164801 & Score: -157884.734462
.Lambda : 0.00057640180496 Mu : 0.01501367174466 & Score: -157884.734461
.DONE: Lamda,Mu Search or setting, for command:
lambdamu -s 

Lambda Search Result: 72
Lambda : 0.00057641892961 & Score: 157885Mu : 0.01501385486461 & Score: 157885
Running Viterbi algorithm....
Report Done
Empirical Prior Estimation Result: (30 iterations)
Poisson lambda: 0.100378 & Score: 61254.735402
DONE: Lamda,Mu Search or setting, for command:
lambdamu -l 0.00097453463320 -m 0.01009630581505 
Running Viterbi algorithm....
Report Done
Empirical Prior Estimation Result: (29 iterations)
Poisson lambda: 0.100378 & Score: 61254.735402
Lambda : 0.02024680249290 Mu : 0.01811644207272 & Score: -182174.089831
.Lambda : 0.02125914261754 Mu : 0.01811644207272 & Score: -183665.613258
.Lambda : 0.02125914261754 Mu : 0.01902226417636 & Score: -183671.995401
.Lambda : 0.02024680249290 Mu : 0.01721061996909 & Score: -182216.365647
.Lambda : 0.01923446236825 Mu : 0.01721061996909 & Score: -180720.875127
.Lambda : 0.01822212224361 Mu : 0.01675770891727 & Score: -179270.018754
.Lambda : 0.01822212224361 Mu : 0.01766353102090 & Score: -179226.165089
.Lambda : 0.01720978211896 Mu : 0.01788998654681 & Score: -177771.512840
.Lambda : 0.01518510186967 Mu : 0.01653125339136 & Score: -174900.602413
.Lambda : 0.01265425155806 Mu : 0.01573865905068 & Score: -171397.187542
.Lambda : 0.01164191143341 Mu : 0.01687093668022 & Score: -169989.560343
.Lambda : 0.00835180602832 Mu : 0.01692755056170 & Score: -165720.077255
.Lambda : 0.00379627546742 Mu : 0.01477622306556 & Score: -160269.702322
.Lambda : -0.00291047785835 Mu : 0.01321934132494 & Score: -inf
.Lambda : -0.00050617006232 Mu : 0.01596511457659 & Score: -inf
.Lambda : 0.00278393534277 Mu : 0.01590850069511 & Score: -159314.825817
.Lambda : -0.00177159521813 Mu : 0.01375717319897 & Score: -inf
.Lambda : 0.00075925509348 Mu : 0.01454976753966 & Score: -157920.912831
.Lambda : -0.00025308503116 Mu : 0.01568204516920 & Score: -inf
.Lambda : 0.00075925509348 Mu : 0.01545558964329 & Score: -157921.128461
.Lambda : -0.00126542515581 Mu : 0.01409685648784 & Score: -inf
.Lambda : -0.00025308503116 Mu : 0.01454976753966 & Score: -inf
.Lambda : 0.00075925509348 Mu : 0.01500267859147 & Score: -157908.701808
.Lambda : 0.00177159521813 Mu : 0.01522913411738 & Score: -158437.823784
.Lambda : -0.00025308503116 Mu : 0.01432331201375 & Score: -inf
.Lambda : 0.00025308503116 Mu : 0.01454976753966 & Score: -158017.797045
.Lambda : 0.00126542515581 Mu : 0.01500267859147 & Score: -158111.754768
.Lambda : 0.00101234012464 Mu : 0.01488945082852 & Score: -157993.066761
.Lambda : 0.00050617006232 Mu : 0.01466299530261 & Score: -157896.918719
.Lambda : 0.00025308503116 Mu : 0.01454976753966 & Score: -158017.797045
.Lambda : 0.00050617006232 Mu : 0.01511590635443 & Score: -157888.956159
.Lambda : 0.00037962754674 Mu : 0.01539897576181 & Score: -157923.605268
.Lambda : 0.00025308503116 Mu : 0.01477622306556 & Score: -158005.124460
.Lambda : 0.00037962754674 Mu : 0.01483283694704 & Score: -157920.694541
.Lambda : 0.00050617006232 Mu : 0.01488945082852 & Score: -157889.825898
.Lambda : 0.00063271257790 Mu : 0.01505929247295 & Score: -157887.512906
.Lambda : 0.00063271257790 Mu : 0.01528574799886 & Score: -157891.855034
.Lambda : 0.00060107694901 Mu : 0.01518667370627 & Score: -157887.077946
.Lambda : 0.00072761946459 Mu : 0.01513005982480 & Score: -157902.724102
.Lambda : 0.00067225711402 Mu : 0.01512652145720 & Score: -157892.797702
.Lambda : 0.00061689476346 Mu : 0.01512298308961 & Score: -157886.834961
.Lambda : 0.00055362350567 Mu : 0.01515129003035 & Score: -157886.159683
.Lambda : 0.00056944132011 Mu : 0.01508759941369 & Score: -157885.083414
.Lambda : 0.00055362350567 Mu : 0.01503806226740 & Score: -157885.143015
.Lambda : 0.00050617006232 Mu : 0.01511590635443 & Score: -157888.956159
.Lambda : 0.00053385123761 Mu : 0.01511767553822 & Score: -157886.731450
.Lambda : 0.00058921358817 Mu : 0.01512121390582 & Score: -157885.583809
.Lambda : 0.00060503140262 Mu : 0.01505752328915 & Score: -157885.535727
.Lambda : 0.00058525913456 Mu : 0.01502390879703 & Score: -157884.807021
.Lambda : 0.00058328190775 Mu : 0.01497525624263 & Score: -157884.864881
.Lambda : 0.00054966905205 Mu : 0.01505398492156 & Score: -157885.346054
.Lambda : 0.00060503140262 Mu : 0.01505752328915 & Score: -157885.535727
.Lambda : 0.00059119081498 Mu : 0.01505663869726 & Score: -157885.030281
.Lambda : 0.00060700862943 Mu : 0.01499294808059 & Score: -157885.555162
.Lambda : 0.00059761680210 Mu : 0.01501661091387 & Score: -157885.107249
.Lambda : 0.00058822497477 Mu : 0.01504027374714 & Score: -157884.895687
.Lambda : 0.00057735022734 Mu : 0.01505575410536 & Score: -157884.844561
.Lambda : 0.00057438438713 Mu : 0.01503938915524 & Score: -157884.780022
.Lambda : 0.00056746409331 Mu : 0.01503894685929 & Score: -157884.838333
.Lambda : 0.00058229329435 Mu : 0.01500754384691 & Score: -157884.766783
.Lambda : 0.00058476482786 Mu : 0.01498343871769 & Score: -157884.847978
.Lambda : 0.00057141854692 Mu : 0.01502302420513 & Score: -157884.764050
.Lambda : 0.00056449825310 Mu : 0.01502258190918 & Score: -157884.856277
.Lambda : 0.00057932745414 Mu : 0.01499117889680 & Score: -157884.775204
.Lambda : 0.00057438438713 Mu : 0.01503938915524 & Score: -157884.780022
.Lambda : 0.00057562015388 Mu : 0.01502733659063 & Score: -157884.746495
.Lambda : 0.00056474540645 Mu : 0.01504281694885 & Score: -157884.886655
.Lambda : 0.00056913237842 Mu : 0.01503399867336 & Score: -157884.806683
.Lambda : 0.00057351935040 Mu : 0.01502518039788 & Score: -157884.750946
.Lambda : 0.00057895672412 Mu : 0.01501744021877 & Score: -157884.741110
.Lambda : 0.00058105752760 Mu : 0.01501959641152 & Score: -157884.756418
.Lambda : 0.00057917298330 Mu : 0.01502099240811 & Score: -157884.744466
.Lambda : 0.00058250955353 Mu : 0.01501109603625 & Score: -157884.766957
.Lambda : 0.00058078720362 Mu : 0.01501515617485 & Score: -157884.752413
.Lambda : 0.00057906485371 Mu : 0.01501921631344 & Score: -157884.742582
.Lambda : 0.00057728843900 Mu : 0.01502238840470 & Score: -157884.739474
.Lambda : 0.00057718030941 Mu : 0.01502061231003 & Score: -157884.737621
.Lambda : 0.00057623803726 Mu : 0.01502131030833 & Score: -157884.737815
.Lambda : 0.00057551202429 Mu : 0.01502556049596 & Score: -157884.743853
.Lambda : 0.00057637319925 Mu : 0.01502353042666 & Score: -157884.740176
.Lambda : 0.00057809554916 Mu : 0.01501947028807 & Score: -157884.738808
.Lambda : 0.00057798741957 Mu : 0.01501769419340 & Score: -157884.737453
.Lambda : 0.00057833690985 Mu : 0.01501534708775 & Score: -157884.737866
.Lambda : 0.00057707217982 Mu : 0.01501883621536 & Score: -157884.736178
.Lambda : 0.00057656049515 Mu : 0.01501851917901 & Score: -157884.735628
.Lambda : 0.00057736760531 Mu : 0.01501560106238 & Score: -157884.735263
.Lambda : 0.00057746125326 Mu : 0.01501309543855 & Score: -157884.735298
.Lambda : 0.00057594068088 Mu : 0.01501642604798 & Score: -157884.734881
.Lambda : 0.00057491731154 Mu : 0.01501579197528 & Score: -157884.736663
.Lambda : 0.00057674779104 Mu : 0.01501350793135 & Score: -157884.734317
.Lambda : 0.00057684143899 Mu : 0.01501100230752 & Score: -157884.734876
.Lambda : 0.00057532086662 Mu : 0.01501433291696 & Score: -157884.735382
.Lambda : 0.00057583255129 Mu : 0.01501464995331 & Score: -157884.734585
.Lambda : 0.00057663966145 Mu : 0.01501173183668 & Score: -157884.734519
.Lambda : 0.00057755490121 Mu : 0.01501058981472 & Score: -157884.736144
.Lambda : 0.00057712431373 Mu : 0.01501160484937 & Score: -157884.735006
.Lambda : 0.00057669372625 Mu : 0.01501261988402 & Score: -157884.734366
.Lambda : 0.00057629017117 Mu : 0.01501407894233 & Score: -157884.734225
.Lambda : 0.00057634423596 Mu : 0.01501496698967 & Score: -157884.734300
.Lambda : 0.00057588661609 Mu : 0.01501553800065 & Score: -157884.734681
.Lambda : 0.00057610190983 Mu : 0.01501503048332 & Score: -157884.734403
.Lambda : 0.00057631720357 Mu : 0.01501452296600 & Score: -157884.734249
.Lambda : 0.00057651898111 Mu : 0.01501379343684 & Score: -157884.734214
.Lambda : 0.00057649194871 Mu : 0.01501334941317 & Score: -157884.734221
.Lambda : 0.00057672075865 Mu : 0.01501306390768 & Score: -157884.734329
.Lambda : 0.00057661311178 Mu : 0.01501331766635 & Score: -157884.734256
.Lambda : 0.00057650546491 Mu : 0.01501357142501 & Score: -157884.734214
.Lambda : 0.00057640457614 Mu : 0.01501393618959 & Score: -157884.734205
.Lambda : 0.00057641809234 Mu : 0.01501415820142 & Score: -157884.734213
.Lambda : 0.00057630368737 Mu : 0.01501430095417 & Score: -157884.734234
.Lambda : 0.00057635751080 Mu : 0.01501417407483 & Score: -157884.734217
.Lambda : 0.00057641133424 Mu : 0.01501404719550 & Score: -157884.734209
.Lambda : 0.00057646177862 Mu : 0.01501386481321 & Score: -157884.734206
.Lambda : 0.00057645502052 Mu : 0.01501375380730 & Score: -157884.734205
.Lambda : 0.00057647686366 Mu : 0.01501360711319 & Score: -157884.734209
.Lambda : 0.00057639781804 Mu : 0.01501382518367 & Score: -157884.734204
.Lambda : 0.00057636583775 Mu : 0.01501380536890 & Score: -157884.734206
.Lambda : 0.00057644826242 Mu : 0.01501364280138 & Score: -157884.734206
.Lambda : 0.00057643734085 Mu : 0.01501371614843 & Score: -157884.734204
.Lambda : 0.00057638013837 Mu : 0.01501378752480 & Score: -157884.734205
.DONE: Lamda,Mu Search or setting, for command:
lambdamu -s 

Lambda Search Result: 54
Lambda : 0.00057639781804 & Score: 157885Mu : 0.01501382518367 & Score: 157885
