-----------------------------------------------------------
Family information: homeolog_counts.txt
Log: reports/15_loss.log
The number of families is 8484
Root Family size : 1 ~ 30
Family size : 0 ~ 63
P-value: 0.01
Num of Threads: 2
Num of Random: 1000
-----------------------------------------------------------
Family information: homeolog_counts.txt
Log: reports/15_loss.log
The number of families is 8484
Root Family size : 1 ~ 30
Family size : 0 ~ 63
P-value: 0.01
Num of Threads: 2
Num of Random: 1000
Empirical Prior Estimation Result: (30 iterations)
Poisson lambda: 0.100378 & Score: 61254.735402
DONE: Lamda,Mu Search or setting, for command:
lambdamu -l 0.00097453463320 -m 0.01009630581505 
Empirical Prior Estimation Result: (18 iterations)
Poisson lambda: 0.100378 & Score: 61254.735402
Lambda : 0.01206973007518 Mu : 0.01060246725360 & Score: -175049.778386
.Lambda : 0.01267321657894 Mu : 0.01060246725360 & Score: -175912.602652
.Lambda : 0.01267321657894 Mu : 0.01113259061628 & Score: -175534.377822
.Lambda : 0.01206973007518 Mu : 0.01113259061628 & Score: -174676.875904
.Lambda : 0.01176798682330 Mu : 0.01139765229762 & Score: -174083.318977
.Lambda : 0.01116450031954 Mu : 0.01086752893494 & Score: -173578.122284
.Lambda : 0.01041014218984 Mu : 0.01073499809427 & Score: -172616.032328
.Lambda : 0.01010839893796 Mu : 0.01153018313829 & Score: -171700.793978
.Lambda : 0.00912773336935 Mu : 0.01199404108063 & Score: -170135.217476
.Lambda : 0.00776988873590 Mu : 0.01133138687728 & Score: -168678.440426
.Lambda : 0.00577083969220 Mu : 0.01129825416711 & Score: -166156.298300
.Lambda : 0.00448843087171 Mu : 0.01255729715348 & Score: -164081.559513
.Lambda : 0.00152757521264 Mu : 0.01346844668309 & Score: -160930.466991
.Lambda : -0.00182931846452 Mu : 0.01277265976957 & Score: -inf
.Lambda : 0.00090994449395 Mu : 0.01257800509733 & Score: -160760.620488
.Lambda : -0.00333331998561 Mu : 0.01474819761330 & Score: -inf
.Lambda : -0.00105728006616 Mu : 0.01388571175176 & Score: -inf
.Lambda : 0.00121875985329 Mu : 0.01302322589021 & Score: -160808.200716
.Lambda : 0.00334039209307 Mu : 0.01193812963222 & Score: -163019.052277
.Lambda : -0.00121168774583 Mu : 0.01366310135532 & Score: -inf
.Lambda : -0.00007366778610 Mu : 0.01323185842455 & Score: -inf
.Lambda : 0.00106435217362 Mu : 0.01280061549377 & Score: -160773.325455
.Lambda : 0.00212516829351 Mu : 0.01225806736478 & Score: -161709.422386
.Lambda : -0.00015087162594 Mu : 0.01312055322633 & Score: -inf
.Lambda : 0.00041813835392 Mu : 0.01290493176094 & Score: -160607.990944
.Lambda : 0.00026373067425 Mu : 0.01268232136450 & Score: -160753.082915
.Lambda : -0.00022807546578 Mu : 0.01300924802811 & Score: -inf
.Lambda : 0.00005642952416 Mu : 0.01290143729541 & Score: -161175.772324
.Lambda : 0.00034093451409 Mu : 0.01279362656272 & Score: -160666.875721
.Lambda : 0.00066404142394 Mu : 0.01274146842914 & Score: -160647.542224
.Lambda : 0.00074124526377 Mu : 0.01285277362736 & Score: -160635.460507
.Lambda : 0.00049534219376 Mu : 0.01301623695916 & Score: -160567.638598
.Lambda : 0.00041099257867 Mu : 0.01315362122417 & Score: -160553.307840
.Lambda : 0.00008788566882 Mu : 0.01320577935775 & Score: -160949.169092
.Lambda : 0.00025122556756 Mu : 0.01311752792515 & Score: -160655.040986
.Lambda : 0.00041456546630 Mu : 0.01302927649255 & Score: -160579.635978
.Lambda : 0.00057611892122 Mu : 0.01300319742576 & Score: -160570.962226
.Lambda : 0.00057254603360 Mu : 0.01312754215738 & Score: -160543.272964
.Lambda : 0.00065153631724 Mu : 0.01317667498979 & Score: -160543.689255
.Lambda : 0.00040741969104 Mu : 0.01327796595578 & Score: -160529.019936
.Lambda : 0.00032307007596 Mu : 0.01341535022080 & Score: -160538.667008
.Lambda : 0.00056897314597 Mu : 0.01325188688899 & Score: -160517.667574
.Lambda : 0.00064796342962 Mu : 0.01330101972140 & Score: -160518.591970
.Lambda : 0.00040384680342 Mu : 0.01340231068740 & Score: -160506.744553
.Lambda : 0.00031949718833 Mu : 0.01353969495241 & Score: -160519.111102
.Lambda : 0.00056540025834 Mu : 0.01337623162061 & Score: -160494.073991
.Lambda : 0.00064439054199 Mu : 0.01342536445302 & Score: -160495.520955
.Lambda : 0.00040027391579 Mu : 0.01352665541901 & Score: -160486.449018
.Lambda : 0.00031592430070 Mu : 0.01366403968403 & Score: -160501.567037
.Lambda : 0.00056182737072 Mu : 0.01350057635222 & Score: -160472.356213
.Lambda : 0.00064081765437 Mu : 0.01354970918463 & Score: -160474.412605
.Lambda : 0.00039670102817 Mu : 0.01365100015063 & Score: -160468.011353
.Lambda : 0.00031235141308 Mu : 0.01378838441564 & Score: -160486.027331
.Lambda : 0.00055825448309 Mu : 0.01362492108384 & Score: -160452.561681
.Lambda : 0.00063724476674 Mu : 0.01367405391625 & Score: -160455.238655
.Lambda : 0.00039312814054 Mu : 0.01377534488224 & Score: -160451.418069
.Lambda : 0.00030877852545 Mu : 0.01391272914726 & Score: -160472.375349
.Lambda : 0.00055468159547 Mu : 0.01374926581545 & Score: -160434.782864
.Lambda : 0.00063367187911 Mu : 0.01379839864786 & Score: -160437.955219
.Lambda : 0.00038955525291 Mu : 0.01389968961386 & Score: -160436.699579
.Lambda : 0.00055110870784 Mu : 0.01387361054707 & Score: -160418.989079
.Lambda : 0.00063009899149 Mu : 0.01392274337948 & Score: -160422.533756
.Lambda : 0.00071623505039 Mu : 0.01372318674866 & Score: -160466.500245
.Lambda : 0.00063456510102 Mu : 0.01376731246496 & Score: -160442.097352
.Lambda : 0.00055289515165 Mu : 0.01381143818126 & Score: -160426.639966
.Lambda : 0.00047033198038 Mu : 0.01388665008046 & Score: -160421.056628
.Lambda : 0.00046854553656 Mu : 0.01394882244627 & Score: -160414.224392
.Lambda : 0.00042637072902 Mu : 0.01401751457878 & Score: -160414.059664
.Lambda : 0.00050714745648 Mu : 0.01400447504538 & Score: -160404.723622
.Lambda : 0.00052555519453 Mu : 0.01406338752784 & Score: -160398.310506
.Lambda : 0.00040081721572 Mu : 0.01420729155955 & Score: -160402.266023
.Lambda : 0.00050000168123 Mu : 0.01425316450861 & Score: -160383.188697
.Lambda : 0.00053681715734 Mu : 0.01437098947353 & Score: -160374.453226
.Lambda : 0.00066155513615 Mu : 0.01422708544182 & Score: -160400.171804
.Lambda : 0.00040081721572 Mu : 0.01420729155955 & Score: -160402.266023
.Lambda : 0.00046600169583 Mu : 0.01421224003011 & Score: -160389.630390
.Lambda : 0.00047726365863 Mu : 0.01451984197580 & Score: -160369.206461
.Lambda : 0.00045311789067 Mu : 0.01474806919979 & Score: -160364.040202
.Lambda : 0.00052393335218 Mu : 0.01490681864320 & Score: -160357.705110
.Lambda : 0.00055289918036 Mu : 0.01525410794974 & Score: -160363.732758
.Lambda : 0.00044023408552 Mu : 0.01528389836946 & Score: -160368.794550
.Lambda : 0.00053681715734 Mu : 0.01437098947353 & Score: -160374.453226
.Lambda : 0.00051267138938 Mu : 0.01459921669751 & Score: -160363.732009
.Lambda : 0.00058348685089 Mu : 0.01475796614092 & Score: -160362.275330
.Lambda : 0.00059474881369 Mu : 0.01506556808661 & Score: -160363.180550
.Lambda : 0.00051267138938 Mu : 0.01459921669751 & Score: -160363.732009
.Lambda : 0.00053319074546 Mu : 0.01471580454478 & Score: -160360.216253
.Lambda : 0.00047363724675 Mu : 0.01486465704706 & Score: -160360.135331
.Lambda : 0.00046437985347 Mu : 0.01505567114547 & Score: -160361.060188
.Lambda : 0.00048158257647 Mu : 0.01497070449530 & Score: -160359.206788
.Lambda : 0.00053187868190 Mu : 0.01501286609144 & Score: -160358.030110
.Lambda : 0.00057422945761 Mu : 0.01494898023933 & Score: -160360.040060
.Lambda : 0.00055106773733 Mu : 0.01495441130333 & Score: -160358.369949
.Lambda : 0.00050474429675 Mu : 0.01496527343131 & Score: -160358.143626
.Lambda : 0.00055106773733 Mu : 0.01495441130333 & Score: -160358.369949
.Lambda : 0.00053948687718 Mu : 0.01495712683532 & Score: -160357.905621
.Lambda : 0.00053154154746 Mu : 0.01485107938708 & Score: -160358.078716
.Lambda : 0.00053162583107 Mu : 0.01489152606317 & Score: -160357.806201
.Lambda : 0.00051607230607 Mu : 0.01484121787105 & Score: -160358.211226
.Lambda : 0.00052192594885 Mu : 0.01487019511211 & Score: -160357.893556
.Lambda : 0.00053363323441 Mu : 0.01492814959425 & Score: -160357.741885
.Lambda : 0.00052594075551 Mu : 0.01494344217428 & Score: -160357.666620
.Lambda : 0.00052309821773 Mu : 0.01496940022983 & Score: -160357.730614
.Lambda : 0.00051624087329 Mu : 0.01492211122322 & Score: -160357.755241
.Lambda : 0.00052058896357 Mu : 0.01492362081598 & Score: -160357.689826
.Lambda : 0.00052259636690 Mu : 0.01496024434706 & Score: -160357.703678
.Lambda : 0.00052393335218 Mu : 0.01490681864320 & Score: -160357.705110
.Lambda : 0.00052359910586 Mu : 0.01492017506916 & Score: -160357.675420
.Lambda : 0.00052895089781 Mu : 0.01493999642746 & Score: -160357.680419
.Lambda : 0.00052058896357 Mu : 0.01492362081598 & Score: -160357.689826
.Lambda : 0.00052267944713 Mu : 0.01492771471885 & Score: -160357.670430
.Lambda : 0.00052502109678 Mu : 0.01495098182397 & Score: -160357.675657
.Lambda : 0.00052466559905 Mu : 0.01494328013527 & Score: -160357.665770
.Lambda : 0.00052792690744 Mu : 0.01495900759069 & Score: -160357.701337
.Lambda : 0.00052661504236 Mu : 0.01495118437273 & Score: -160357.678515
.Lambda : 0.00052530317728 Mu : 0.01494336115477 & Score: -160357.665739
.Lambda : 0.00052367252309 Mu : 0.01493549742706 & Score: -160357.663870
.Lambda : 0.00052431010132 Mu : 0.01493557844657 & Score: -160357.662431
.Lambda : 0.00052413235246 Mu : 0.01493172760222 & Score: -160357.663218
.Lambda : 0.00052267944713 Mu : 0.01492771471885 & Score: -160357.670430
.Lambda : 0.00052333537967 Mu : 0.01493162632783 & Score: -160357.665469
.Lambda : 0.00052464724474 Mu : 0.01493944954579 & Score: -160357.663127
.Lambda : 0.00052528482298 Mu : 0.01493953056530 & Score: -160357.663078
.Lambda : 0.00052494767955 Mu : 0.01493565946607 & Score: -160357.661907
.Lambda : 0.00052509789696 Mu : 0.01493376442621 & Score: -160357.661965
.Lambda : 0.00052397295790 Mu : 0.01493170734734 & Score: -160357.663554
.Lambda : 0.00052430092417 Mu : 0.01493366315183 & Score: -160357.662489
.Lambda : 0.00052495685671 Mu : 0.01493757476081 & Score: -160357.662251
.Lambda : 0.00052559443494 Mu : 0.01493765578032 & Score: -160357.662649
.Lambda : 0.00052527335153 Mu : 0.01493713644688 & Score: -160357.662212
.Lambda : 0.00052526417438 Mu : 0.01493522115214 & Score: -160357.661962
.Lambda : 0.00052493850240 Mu : 0.01493374417134 & Score: -160357.661956
.Lambda : 0.00052462200757 Mu : 0.01493418248527 & Score: -160357.662058
.Lambda : 0.00052478254927 Mu : 0.01493444215199 & Score: -160357.661938
.Lambda : 0.00052479172643 Mu : 0.01493635744672 & Score: -160357.662035
.Lambda : 0.00052482842042 Mu : 0.01493570412788 & Score: -160357.661940
.Lambda : 0.00052490180841 Mu : 0.01493439749018 & Score: -160357.661901
.Lambda : 0.00052493850240 Mu : 0.01493374417134 & Score: -160357.661956
.Lambda : 0.00052506693868 Mu : 0.01493561480427 & Score: -160357.661906
.Lambda : 0.00052502106754 Mu : 0.01493435282838 & Score: -160357.661896
.Lambda : 0.00052505776153 Mu : 0.01493369950953 & Score: -160357.661966
.Lambda : 0.00052485593726 Mu : 0.01493313551429 & Score: -160357.662069
.Lambda : 0.00052490868762 Mu : 0.01493375533679 & Score: -160357.661959
.Lambda : 0.00052496143797 Mu : 0.01493437515928 & Score: -160357.661895
.Lambda : 0.00052504400311 Mu : 0.01493498381632 & Score: -160357.661880
.Lambda : 0.00052498437355 Mu : 0.01493500614723 & Score: -160357.661877
.Lambda : 0.00052496602655 Mu : 0.01493533280665 & Score: -160357.661886
.Lambda : 0.00052506693868 Mu : 0.01493561480427 & Score: -160357.661906
.Lambda : 0.00052504056351 Mu : 0.01493530489302 & Score: -160357.661886
.Lambda : 0.00052498781315 Mu : 0.01493468507053 & Score: -160357.661880
.Lambda : 0.00052504056351 Mu : 0.01493530489302 & Score: -160357.661886
.Lambda : 0.00052502737592 Mu : 0.01493514993740 & Score: -160357.661880
.Lambda : 0.00052500100074 Mu : 0.01493484002615 & Score: -160357.661877
.Lambda : 0.00052494137117 Mu : 0.01493486235705 & Score: -160357.661880
.Lambda : 0.00052496702916 Mu : 0.01493489272187 & Score: -160357.661878
.DONE: Lamda,Mu Search or setting, for command:
lambdamu -s 

Lambda Search Result: 80
Lambda : 0.00052498437355 & Score: 160358Mu : 0.01493500614723 & Score: 160358
Running Viterbi algorithm....
Report Done
Empirical Prior Estimation Result: (29 iterations)
Poisson lambda: 0.100377 & Score: 61254.735402
Lambda : 0.02481718578686 Mu : 0.00888704927638 & Score: -196221.900073
.Lambda : 0.02605804507621 Mu : 0.00888704927638 & Score: -198202.260128
.Lambda : 0.02605804507621 Mu : 0.00933140174020 & Score: -197629.317886
.Lambda : 0.02481718578686 Mu : 0.00933140174020 & Score: -195657.115393
.Lambda : 0.02419675614219 Mu : 0.00955357797211 & Score: -194411.369099
.Lambda : 0.02295589685285 Mu : 0.00910922550829 & Score: -192986.808340
.Lambda : 0.02140482274117 Mu : 0.00899813739234 & Score: -190686.470322
.Lambda : 0.02078439309650 Mu : 0.00966466608807 & Score: -188943.803601
.Lambda : 0.01876799675132 Mu : 0.01005347449391 & Score: -185440.559172
.Lambda : 0.01597606335029 Mu : 0.00949803391413 & Score: -181765.208431
.Lambda : 0.01186571695434 Mu : 0.00947026188514 & Score: -175734.205655
.Lambda : 0.00922889096449 Mu : 0.01052559898671 & Score: -171137.494296
.Lambda : 0.00314092507615 Mu : 0.01128932978390 & Score: -163094.677987
.Lambda : -0.00376135472082 Mu : 0.01070611717514 & Score: -inf
.Lambda : 0.00187098314721 Mu : 0.01054295650483 & Score: -162292.308915
.Lambda : -0.00685380873098 Mu : 0.01236202440359 & Score: -inf
.Lambda : -0.00217392730965 Mu : 0.01163908377398 & Score: -inf
.Lambda : 0.00250595411168 Mu : 0.01091614314437 & Score: -162647.017094
.Lambda : 0.00686835005078 Mu : 0.01000660919499 & Score: -168385.731224
.Lambda : -0.00249141279188 Mu : 0.01145249045421 & Score: -inf
.Lambda : -0.00015147208122 Mu : 0.01109102013941 & Score: -inf
.Lambda : 0.00218846862945 Mu : 0.01072954982460 & Score: -162455.445832
.Lambda : 0.00436966659900 Mu : 0.01027478284991 & Score: -165079.082675
.Lambda : -0.00031021482234 Mu : 0.01099772347952 & Score: -inf
.Lambda : 0.00085975553300 Mu : 0.01081698832212 & Score: -161478.954999
.Lambda : 0.00054227005076 Mu : 0.01063039500235 & Score: -161543.216317
.Lambda : -0.00046895756345 Mu : 0.01090442681964 & Score: -inf
.Lambda : 0.00011602761421 Mu : 0.01081405924094 & Score: -161839.241918
.Lambda : 0.00128599796955 Mu : 0.01063332408353 & Score: -161802.222026
.Lambda : 0.00011602761421 Mu : 0.01081405924094 & Score: -161839.241918
.Lambda : 0.00040852020305 Mu : 0.01076887545159 & Score: -161488.352674
.Lambda : 0.00072600568528 Mu : 0.01095546877135 & Score: -161364.416611
.Lambda : 0.00081787350254 Mu : 0.01111800565586 & Score: -161301.471190
.Lambda : 0.00126910883249 Mu : 0.01116611852639 & Score: -161497.711519
.Lambda : 0.00105396167513 Mu : 0.01106680775769 & Score: -161427.036523
.Lambda : 0.00101207964467 Mu : 0.01136782509142 & Score: -161256.668522
.Lambda : 0.00108824170051 Mu : 0.01164324347608 & Score: -161172.317775
.Lambda : 0.00085215352792 Mu : 0.01169444137424 & Score: -161044.856089
.Lambda : 0.00075124945432 Mu : 0.01200825818252 & Score: -160892.243743
.Lambda : 0.00102161765229 Mu : 0.01253349600274 & Score: -160823.195744
.Lambda : 0.00112348972716 Mu : 0.01324124117618 & Score: -160708.574421
.Lambda : 0.00078649748097 Mu : 0.01360625588263 & Score: -160503.304718
.Lambda : 0.00063562537119 Mu : 0.01458776208591 & Score: -160374.395111
.Lambda : 0.00100786564404 Mu : 0.01582074507957 & Score: -160545.836806
.Lambda : 0.00052000128807 Mu : 0.01716726598929 & Score: -160589.993107
.Lambda : 0.00112348972716 Mu : 0.01324124117618 & Score: -160708.574421
.Lambda : 0.00097261761739 Mu : 0.01422274737946 & Score: -160507.234599
.Lambda : 0.00060037734454 Mu : 0.01298976438580 & Score: -160576.410493
.Lambda : 0.00070224941942 Mu : 0.01369750955924 & Score: -160466.271170
.Lambda : 0.00036525717322 Mu : 0.01406252426569 & Score: -160427.275212
.Lambda : 0.00029863312500 Mu : 0.01495277679235 & Score: -160412.166960
.Lambda : 0.00056900132297 Mu : 0.01547801461257 & Score: -160374.729918
.Lambda : 0.00090599356916 Mu : 0.01511299990613 & Score: -160459.666836
.Lambda : 0.00075415345812 Mu : 0.01507294412768 & Score: -160400.665070
.Lambda : 0.00045047323604 Mu : 0.01499283257080 & Score: -160362.116879
.Lambda : 0.00029863312500 Mu : 0.01495277679235 & Score: -160412.166960
.Lambda : 0.00051709728427 Mu : 0.01410258004413 & Score: -160394.828188
.Lambda : 0.00053007329394 Mu : 0.01444643868624 & Score: -160370.208251
.Lambda : 0.00034492115879 Mu : 0.01485150917113 & Score: -160390.396790
.Lambda : 0.00041759721189 Mu : 0.01478557239982 & Score: -160369.094164
.Lambda : 0.00033799715399 Mu : 0.01533196628438 & Score: -160396.886379
.Lambda : 0.00038601618898 Mu : 0.01511058438484 & Score: -160375.953310
.Lambda : 0.00043403522397 Mu : 0.01488920248531 & Score: -160364.672649
.Lambda : 0.00049027326499 Mu : 0.01471963562852 & Score: -160361.392725
.Lambda : 0.00050671127707 Mu : 0.01482326571400 & Score: -160358.682303
.Lambda : 0.00054304930362 Mu : 0.01479029732835 & Score: -160359.059597
.Lambda : 0.00054651130602 Mu : 0.01455006877173 & Score: -160365.756191
.Lambda : 0.00052250178852 Mu : 0.01466075972149 & Score: -160361.584168
.Lambda : 0.00047448275354 Mu : 0.01488214162103 & Score: -160359.924622
.Lambda : 0.00049092076561 Mu : 0.01498577170651 & Score: -160358.751963
.Lambda : 0.00052314928914 Mu : 0.01492689579949 & Score: -160357.667496
.Lambda : 0.00054748255695 Mu : 0.01494927288872 & Score: -160358.189541
.Lambda : 0.00053893980060 Mu : 0.01476438980698 & Score: -160359.352526
.Lambda : 0.00052693504185 Mu : 0.01481973528186 & Score: -160358.363610
.Lambda : 0.00054337305393 Mu : 0.01492336536735 & Score: -160358.018535
.Lambda : 0.00053958730122 Mu : 0.01503052588498 & Score: -160358.359743
.Lambda : 0.00052693504185 Mu : 0.01481973528186 & Score: -160358.363610
.Lambda : 0.00053009810669 Mu : 0.01487243293264 & Score: -160357.892592
.Lambda : 0.00050987434191 Mu : 0.01487596336478 & Score: -160358.092227
.Lambda : 0.00051824901991 Mu : 0.01488781386542 & Score: -160357.825968
.Lambda : 0.00051130020236 Mu : 0.01494227673227 & Score: -160357.863699
.Lambda : 0.00053009810669 Mu : 0.01487243293264 & Score: -160357.892592
.Lambda : 0.00052539863061 Mu : 0.01488989388255 & Score: -160357.767813
.Lambda : 0.00053029889984 Mu : 0.01492897581662 & Score: -160357.692826
.Lambda : 0.00052804955837 Mu : 0.01496597773356 & Score: -160357.720871
.Lambda : 0.00052539863061 Mu : 0.01488989388255 & Score: -160357.767813
.Lambda : 0.00052606136255 Mu : 0.01490891484530 & Score: -160357.698570
.Lambda : 0.00052738682643 Mu : 0.01494695677080 & Score: -160357.674108
.Lambda : 0.00052023721573 Mu : 0.01494487675368 & Score: -160357.692102
.Lambda : 0.00053029889984 Mu : 0.01492897581662 & Score: -160357.692826
.Lambda : 0.00052778347881 Mu : 0.01493295105088 & Score: -160357.669467
.Lambda : 0.00052354594153 Mu : 0.01491289007957 & Score: -160357.688369
.Lambda : 0.00052450616275 Mu : 0.01492140675238 & Score: -160357.670431
.Lambda : 0.00052642660521 Mu : 0.01493844009799 & Score: -160357.663317
.Lambda : 0.00052738682643 Mu : 0.01494695677080 & Score: -160357.674108
.Lambda : 0.00052179241553 Mu : 0.01493238484660 & Score: -160357.672214
.Lambda : 0.00052329018135 Mu : 0.01493252639767 & Score: -160357.663953
.Lambda : 0.00052656749742 Mu : 0.01494407069618 & Score: -160357.667443
.Lambda : 0.00052314928914 Mu : 0.01492689579949 & Score: -160357.667496
.Lambda : 0.00052400384121 Mu : 0.01493118952366 & Score: -160357.662237
.Lambda : 0.00052714026506 Mu : 0.01493710322398 & Score: -160357.665779
.Lambda : 0.00052617774414 Mu : 0.01493595901741 & Score: -160357.662051
.Lambda : 0.00052375498014 Mu : 0.01492870844307 & Score: -160357.664123
.Lambda : 0.00052442288641 Mu : 0.01493114135680 & Score: -160357.661547
.Lambda : 0.00052659678933 Mu : 0.01493591085055 & Score: -160357.663349
.Lambda : 0.00052594855230 Mu : 0.01493473051883 & Score: -160357.661472
.Lambda : 0.00052419369457 Mu : 0.01492991285822 & Score: -160357.662451
.Lambda : 0.00052468970696 Mu : 0.01493142439802 & Score: -160357.661192
.Lambda : 0.00052621537286 Mu : 0.01493501356004 & Score: -160357.662116
.Lambda : 0.00052576725125 Mu : 0.01493404550923 & Score: -160357.661170
.Lambda : 0.00052450840591 Mu : 0.01493073938843 & Score: -160357.661621
.Lambda : 0.00052486844251 Mu : 0.01493173717103 & Score: -160357.661005
.Lambda : 0.00052594598679 Mu : 0.01493435828224 & Score: -160357.661489
.Lambda : 0.00052563191683 Mu : 0.01493362481118 & Score: -160357.661008
.Lambda : 0.00052473310809 Mu : 0.01493131647298 & Score: -160357.661208
.Lambda : 0.00052499164388 Mu : 0.01493199873204 & Score: -160357.660908
.Lambda : 0.00052422816956 Mu : 0.01493011109188 & Score: -160357.662291
.Lambda : 0.00052457910637 Mu : 0.01493098952171 & Score: -160357.661446
.Lambda : 0.00052493004319 Mu : 0.01493186795153 & Score: -160357.660951
.Lambda : 0.00052531178036 Mu : 0.01493281177161 & Score: -160357.660812
.Lambda : 0.00052537338104 Mu : 0.01493294255212 & Score: -160357.660832
.Lambda : 0.00052569351752 Mu : 0.01493375559169 & Score: -160357.661083
.Lambda : 0.00052551804911 Mu : 0.01493331637678 & Score: -160357.660908
.Lambda : 0.00052534258070 Mu : 0.01493287716187 & Score: -160357.660821
.Lambda : 0.00052515171212 Mu : 0.01493240525183 & Score: -160357.660823
.Lambda : 0.00052550264894 Mu : 0.01493328368165 & Score: -160357.660896
.Lambda : 0.00052541491473 Mu : 0.01493306407420 & Score: -160357.660845
.Lambda : 0.00052532718053 Mu : 0.01493284446674 & Score: -160357.660816
.Lambda : 0.00052523174624 Mu : 0.01493260851172 & Score: -160357.660808
.Lambda : 0.00052521634607 Mu : 0.01493257581659 & Score: -160357.660808
.Lambda : 0.00052516092883 Mu : 0.01493244149152 & Score: -160357.660817
.Lambda : 0.00052513631195 Mu : 0.01493237255670 & Score: -160357.660826
.Lambda : 0.00052518017905 Mu : 0.01493248236043 & Score: -160357.660814
.Lambda : 0.00052522404615 Mu : 0.01493259216416 & Score: -160357.660808
.Lambda : 0.00052526406321 Mu : 0.01493269379410 & Score: -160357.660807
.Lambda : 0.00052525636313 Mu : 0.01493267744654 & Score: -160357.660806
.Lambda : 0.00052527252161 Mu : 0.01493272008773 & Score: -160357.660806
.Lambda : 0.00052532023876 Mu : 0.01493283806524 & Score: -160357.660812
.Lambda : 0.00052529426558 Mu : 0.01493277250308 & Score: -160357.660808
.Lambda : 0.00052526829241 Mu : 0.01493270694092 & Score: -160357.660806
.Lambda : 0.00052524443384 Mu : 0.01493264795216 & Score: -160357.660806
.DONE: Lamda,Mu Search or setting, for command:
lambdamu -s 

Lambda Search Result: 70
Lambda : 0.00052527252161 & Score: 160358Mu : 0.01493272008773 & Score: 160358
