-----------------------------------------------------------
Family information: homeolog_counts.txt
Log: reports/5_loss.log
The number of families is 8484
Root Family size : 1 ~ 30
Family size : 0 ~ 63
P-value: 0.01
Num of Threads: 2
Num of Random: 1000
Empirical Prior Estimation Result: (32 iterations)
Poisson lambda: 0.100378 & Score: 61254.735402
DONE: Lamda,Mu Search or setting, for command:
lambdamu -l 0.00097453463320 -m 0.01009630581505 
Running Viterbi algorithm....
Report Done
Empirical Prior Estimation Result: (29 iterations)
Poisson lambda: 0.100378 & Score: 61254.735402
Lambda : 0.01360928357786 Mu : 0.02255470635525 & Score: -167202.665622
.Lambda : 0.01428974775675 Mu : 0.02255470635525 & Score: -168044.871221
.Lambda : 0.01428974775675 Mu : 0.02368244167301 & Score: -168510.176635
.Lambda : 0.01360928357786 Mu : 0.02142697103748 & Score: -166791.568264
.Lambda : 0.01326905148841 Mu : 0.02029923571972 & Score: -166024.904544
.Lambda : 0.01258858730952 Mu : 0.02029923571972 & Score: -165171.316352
.Lambda : 0.01173800708590 Mu : 0.01917150040196 & Score: -163831.501629
.Lambda : 0.01139777499646 Mu : 0.01691602976643 & Score: -163106.532970
.Lambda : 0.01029202070575 Mu : 0.01409669147203 & Score: -161970.081681
.Lambda : 0.00876097630325 Mu : 0.01296895615427 & Score: -160394.568450
.Lambda : 0.00650693871066 Mu : 0.00930381637154 & Score: -160291.383629
.Lambda : 0.00506095233052 Mu : 0.00422900744161 & Score: -170297.544454
.Lambda : 0.00673021601936 Mu : 0.00796463068170 & Score: -162365.573001
.Lambda : 0.01006874339706 Mu : 0.01543587716187 & Score: -161461.218130
.Lambda : 0.00628366140196 Mu : 0.01064300206138 & Score: -158741.614789
.Lambda : 0.00427948175007 Mu : 0.00891615735606 & Score: -158293.155811
.Lambda : 0.00071767706368 Mu : 0.00278409656573 & Score: -175892.796454
.Empirical Prior Estimation Result: (26 iterations)
Poisson lambda: 0.100378 & Score: 61254.735402
DONE: Lamda,Mu Search or setting, for command:
lambdamu -l 0.00097453463320 -m 0.01009630581505 
Empirical Prior Estimation Result: (31 iterations)
Poisson lambda: 0.100378 & Score: 61254.735402
Lambda : 0.02302019285142 Mu : 0.01126286352519 & Score: -182203.475835
.Lambda : 0.02417120249399 Mu : 0.01126286352519 & Score: -184038.616528
.Lambda : 0.02417120249399 Mu : 0.01182600670145 & Score: -183540.686955
.Lambda : 0.02302019285142 Mu : 0.01182600670145 & Score: -181715.628687
.Lambda : 0.02244468803013 Mu : 0.01210757828958 & Score: -180588.535048
.Lambda : 0.02129367838756 Mu : 0.01154443511332 & Score: -179235.221663
.Lambda : 0.01985491633435 Mu : 0.01140364931925 & Score: -177116.368997
.Lambda : 0.01927941151306 Mu : 0.01224836408364 & Score: -175590.400886
.Lambda : 0.01740902084388 Mu : 0.01274111436287 & Score: -172466.785870
.Lambda : 0.01481924914810 Mu : 0.01203718539255 & Score: -169095.147449
.Lambda : 0.01100652970708 Mu : 0.01200198894403 & Score: -163773.603503
.Lambda : 0.00856063421662 Mu : 0.01333945398765 & Score: -160014.862329
.Lambda : 0.00291349315776 Mu : 0.01430735632184 & Score: -153893.870653
.Lambda : -0.00348899797904 Mu : 0.01356823090300 & Score: -inf
.Lambda : 0.00173550672669 Mu : 0.01336145176797 & Score: -153369.216518
.Lambda : -0.00635752982264 Mu : 0.01566681914578 & Score: -inf
.Lambda : -0.00201651494021 Mu : 0.01475061159534 & Score: -inf
.Lambda : 0.00232449994222 Mu : 0.01383440404491 & Score: -153569.896125
.Lambda : 0.00637101821689 Mu : 0.01268172035600 & Score: -157642.074839
.Lambda : -0.00231101154797 Mu : 0.01451413545688 & Score: -inf
.Lambda : -0.00014050410676 Mu : 0.01405603168166 & Score: -inf
.Lambda : 0.00203000333446 Mu : 0.01359792790644 & Score: -153451.327735
.Lambda : 0.00405326247179 Mu : 0.01302158606198 & Score: -155108.298335
.Lambda : -0.00028775241064 Mu : 0.01393779361242 & Score: -inf
.Lambda : 0.00079750130996 Mu : 0.01370874172481 & Score: -153139.011229
.Lambda : 0.00050300470220 Mu : 0.01347226558634 & Score: -153311.000101
.Lambda : -0.00043500071453 Mu : 0.01381955554319 & Score: -inf
.Lambda : 0.00010762614578 Mu : 0.01370502959938 & Score: -153864.332753
.Lambda : 0.00065025300608 Mu : 0.01359050365558 & Score: -153205.954065
.Lambda : 0.00126650401833 Mu : 0.01353509674639 & Score: -153183.532314
.Lambda : 0.00141375232221 Mu : 0.01365333481562 & Score: -153191.475950
.Lambda : 0.00065025300608 Mu : 0.01359050365558 & Score: -153205.954065
.Lambda : 0.00084112783511 Mu : 0.01360621144559 & Score: -153154.259568
.Lambda : 0.00037212512675 Mu : 0.01377985642401 & Score: -153348.215022
.Lambda : 0.00059571984965 Mu : 0.01371866650461 & Score: -153200.367648
.Lambda : 0.00081931457254 Mu : 0.01365747658520 & Score: -153146.149471
.Lambda : 0.00103200266415 Mu : 0.01362191923560 & Score: -153140.251125
.Lambda : 0.00101018940157 Mu : 0.01367318437521 & Score: -153129.174251
.Lambda : 0.00110562681609 Mu : 0.01368103827022 & Score: -153130.626302
.Lambda : 0.00077568804739 Mu : 0.01376000686442 & Score: -153132.698856
.Lambda : 0.00098837613900 Mu : 0.01372444951482 & Score: -153118.844513
.Lambda : 0.00108381355351 Mu : 0.01373230340983 & Score: -153118.890362
.Lambda : 0.00122287749318 Mu : 0.01363762702561 & Score: -153153.368227
.Lambda : 0.00111108013173 Mu : 0.01366822198532 & Score: -153133.692957
.Lambda : 0.00099928277028 Mu : 0.01369881694502 & Score: -153123.901580
.Lambda : 0.00088203209319 Mu : 0.01374222818962 & Score: -153120.338902
.Lambda : 0.00087112546191 Mu : 0.01376786075943 & Score: -153116.164224
.Lambda : 0.00080704680772 Mu : 0.01380238266664 & Score: -153118.227828
.Lambda : 0.00097746950771 Mu : 0.01375008208463 & Score: -153114.018816
.Lambda : 0.00102518821497 Mu : 0.01375400903213 & Score: -153112.683203
.Lambda : 0.00090793753788 Mu : 0.01379742027674 & Score: -153107.284684
.Lambda : 0.00086771823732 Mu : 0.01383390565770 & Score: -153103.538394
.Lambda : 0.00102178099038 Mu : 0.01382005393040 & Score: -153099.838109
.Lambda : 0.00109710875462 Mu : 0.01384615051588 & Score: -153097.821439
.Lambda : 0.00093963877697 Mu : 0.01392604714145 & Score: -153081.740299
.Lambda : 0.00089686405796 Mu : 0.01401206619610 & Score: -153069.091693
.Lambda : 0.00112625457526 Mu : 0.01402431105429 & Score: -153069.579419
.Lambda : 0.00092600987861 Mu : 0.01419022673451 & Score: -153040.109906
.Lambda : 0.00084046044061 Mu : 0.01436226484382 & Score: -153025.591274
.Lambda : 0.00061106992331 Mu : 0.01435001998563 & Score: -153086.773073
.Lambda : 0.00073986608630 Mu : 0.01426859275280 & Score: -153055.234422
.Lambda : 0.00068346246894 Mu : 0.01461879140051 & Score: -153031.582479
.Lambda : 0.00078405682325 Mu : 0.01471246349154 & Score: -153000.323399
.Lambda : 0.00080615219173 Mu : 0.01493439886091 & Score: -152983.477496
.Lambda : 0.00096315016339 Mu : 0.01467787230421 & Score: -152986.952244
.Lambda : 0.00092884191451 Mu : 0.01525000632130 & Score: -152965.716887
.Lambda : 0.00097303265146 Mu : 0.01569387706004 & Score: -152974.936990
.Lambda : 0.00077184394284 Mu : 0.01550653287800 & Score: -152982.825514
.Lambda : 0.00089453366563 Mu : 0.01582214033839 & Score: -152982.575681
.Lambda : 0.00105153163730 Mu : 0.01556561378170 & Score: -152973.025058
.Lambda : 0.00108583988618 Mu : 0.01499347976461 & Score: -152975.409810
.Lambda : 0.00089453366563 Mu : 0.01582214033839 & Score: -152982.575681
.Lambda : 0.00094236022077 Mu : 0.01561497519495 & Score: -152971.391332
.Lambda : 0.00081967049798 Mu : 0.01529936773455 & Score: -152973.128284
.Lambda : 0.00087763578281 Mu : 0.01536592924634 & Score: -152967.917202
.Lambda : 0.00086411747655 Mu : 0.01500096037269 & Score: -152974.305659
.Lambda : 0.00088367816261 Mu : 0.01515446407826 & Score: -152968.715828
.Lambda : 0.00092279953471 Mu : 0.01546147148938 & Score: -152967.316332
.Lambda : 0.00097400566641 Mu : 0.01534554856435 & Score: -152965.374656
.Lambda : 0.00102219060822 Mu : 0.01533535822335 & Score: -152966.486790
.Lambda : 0.00098004804621 Mu : 0.01513408339627 & Score: -152966.293360
.Lambda : 0.00092279953471 Mu : 0.01546147148938 & Score: -152967.316332
.Lambda : 0.00093711166259 Mu : 0.01537962446610 & Score: -152965.904167
.Lambda : 0.00096573591834 Mu : 0.01521593041955 & Score: -152965.281328
.Lambda : 0.00098004804621 Mu : 0.01513408339627 & Score: -152966.293360
.Lambda : 0.00101089967024 Mu : 0.01531147266259 & Score: -152965.897346
.Lambda : 0.00099038523131 Mu : 0.01529610607727 & Score: -152965.289118
.Lambda : 0.00098211548323 Mu : 0.01516648793247 & Score: -152965.830865
.Lambda : 0.00098008802903 Mu : 0.01521125309044 & Score: -152965.354565
.Lambda : 0.00097603312062 Mu : 0.01530078340638 & Score: -152965.125589
.Lambda : 0.00097400566641 Mu : 0.01534554856435 & Score: -152965.374656
.Lambda : 0.00095138380765 Mu : 0.01522060774865 & Score: -152965.386470
.Lambda : 0.00096113416356 Mu : 0.01523948233081 & Score: -152965.176533
.Lambda : 0.00097143136584 Mu : 0.01532433531764 & Score: -152965.214269
.Lambda : 0.00096573591834 Mu : 0.01521593041955 & Score: -152965.281328
.Lambda : 0.00096715978021 Mu : 0.01524303164407 & Score: -152965.133750
.Lambda : 0.00098205873727 Mu : 0.01530433271964 & Score: -152965.188593
.Lambda : 0.00097682759384 Mu : 0.01528812012243 & Score: -152965.100848
.Lambda : 0.00098570093425 Mu : 0.01534587188474 & Score: -152965.484439
.Lambda : 0.00098106564574 Mu : 0.01532016182457 & Score: -152965.248144
.Lambda : 0.00097643035723 Mu : 0.01529445176440 & Score: -152965.110638
.Lambda : 0.00097199368703 Mu : 0.01526557588325 & Score: -152965.075790
.Lambda : 0.00097239092364 Mu : 0.01525924424128 & Score: -152965.086534
.Lambda : 0.00096755701683 Mu : 0.01523670000210 & Score: -152965.157568
.Lambda : 0.00096987466108 Mu : 0.01524955503218 & Score: -152965.107168
.Lambda : 0.00097219230534 Mu : 0.01526241006226 & Score: -152965.080514
.Lambda : 0.00097441064044 Mu : 0.01527684800284 & Score: -152965.077965
.Lambda : 0.00097421202213 Mu : 0.01528001382383 & Score: -152965.078377
.Lambda : 0.00097219230534 Mu : 0.01526241006226 & Score: -152965.080514
.Lambda : 0.00097269723453 Mu : 0.01526681100265 & Score: -152965.076109
.Lambda : 0.00097028028113 Mu : 0.01525553888306 & Score: -152965.091419
.Lambda : 0.00097131287095 Mu : 0.01526086616301 & Score: -152965.081435
.Lambda : 0.00097234546078 Mu : 0.01526619344295 & Score: -152965.075867
.Lambda : 0.00097320216373 Mu : 0.01527121194305 & Score: -152965.074286
.Lambda : 0.00097285038998 Mu : 0.01527059438334 & Score: -152965.073557
.Lambda : 0.00097310285458 Mu : 0.01527279485354 & Score: -152965.073370
.Lambda : 0.00097431133128 Mu : 0.01527843091333 & Score: -152965.078010
.Lambda : 0.00097373192022 Mu : 0.01527521715581 & Score: -152965.075121
.Lambda : 0.00097257309809 Mu : 0.01526878964077 & Score: -152965.074010
.Lambda : 0.00097247378894 Mu : 0.01527037255126 & Score: -152965.072695
.Lambda : 0.00097210960154 Mu : 0.01526995285537 & Score: -152965.072125
.Lambda : 0.00097263935803 Mu : 0.01527395806814 & Score: -152965.071831
.Lambda : 0.00097267248800 Mu : 0.01527654228183 & Score: -152965.071975
.Lambda : 0.00097164610499 Mu : 0.01527111606998 & Score: -152965.070637
.Lambda : 0.00097091773020 Mu : 0.01527027667820 & Score: -152965.070173
.Lambda : 0.00097144748669 Mu : 0.01527428189096 & Score: -152965.069473
.Lambda : 0.00097111642926 Mu : 0.01527644640876 & Score: -152965.069210
.Lambda : 0.00096939480143 Mu : 0.01527276501881 & Score: -152965.069037
.Lambda : 0.00096777252313 Mu : 0.01527216849415 & Score: -152965.070287
.Lambda : 0.00096959350049 Mu : 0.01527893474937 & Score: -152965.069617
.Lambda : 0.00097091773020 Mu : 0.01527027667820 & Score: -152965.070173
.Lambda : 0.00097058667277 Mu : 0.01527244119599 & Score: -152965.069015
.Lambda : 0.00096886504494 Mu : 0.01526875980605 & Score: -152965.071450
.Lambda : 0.00096942789102 Mu : 0.01527068145672 & Score: -152965.069776
.Lambda : 0.00096999073710 Mu : 0.01527260310740 & Score: -152965.068844
.Lambda : 0.00097085155102 Mu : 0.01527444380237 & Score: -152965.068838
.Lambda : 0.00097025561534 Mu : 0.01527460571379 & Score: -152965.068565
.Lambda : 0.00097009008663 Mu : 0.01527568797268 & Score: -152965.068606
.Lambda : 0.00097111642926 Mu : 0.01527644640876 & Score: -152965.069210
.Lambda : 0.00097083500622 Mu : 0.01527548558342 & Score: -152965.068840
.Lambda : 0.00097027216014 Mu : 0.01527356393274 & Score: -152965.068657
.Lambda : 0.00096967622447 Mu : 0.01527372584415 & Score: -152965.068708
.Lambda : 0.00097085155102 Mu : 0.01527444380237 & Score: -152965.068838
.Lambda : 0.00097055771938 Mu : 0.01527426431282 & Score: -152965.068671
.Lambda : 0.00096997005611 Mu : 0.01527390533371 & Score: -152965.068607
.Lambda : 0.00096995351131 Mu : 0.01527494711475 & Score: -152965.068568
.Lambda : 0.00097023907055 Mu : 0.01527564749483 & Score: -152965.068607
.Lambda : 0.00097017181694 Mu : 0.01527521195455 & Score: -152965.068567
.Lambda : 0.00097047392097 Mu : 0.01527487055358 & Score: -152965.068619
.Lambda : 0.00097034381856 Mu : 0.01527488969388 & Score: -152965.068580
.Lambda : 0.00097021371614 Mu : 0.01527490883417 & Score: -152965.068559
.Lambda : 0.00097010456333 Mu : 0.01527477641427 & Score: -152965.068553
.Lambda : 0.00097006266412 Mu : 0.01527507953465 & Score: -152965.068560
.Lambda : 0.00097025561534 Mu : 0.01527460571379 & Score: -152965.068565
.Lambda : 0.00097020737754 Mu : 0.01527472416900 & Score: -152965.068558
.Lambda : 0.00097009822473 Mu : 0.01527459174910 & Score: -152965.068555
.Lambda : 0.00096999541051 Mu : 0.01527464399437 & Score: -152965.068560
.Lambda : 0.00097004840227 Mu : 0.01527466403803 & Score: -152965.068555
.Lambda : 0.00097015438578 Mu : 0.01527470412534 & Score: -152965.068554
.Lambda : 0.00097016072438 Mu : 0.01527488879051 & Score: -152965.068555
.Lambda : 0.00097014509947 Mu : 0.01527481453016 & Score: -152965.068553
.Lambda : 0.00097009527701 Mu : 0.01527488681908 & Score: -152965.068554
.Lambda : 0.00097015438578 Mu : 0.01527470412534 & Score: -152965.068554
.Lambda : 0.00097013960859 Mu : 0.01527474979878 & Score: -152965.068553
.DONE: Lamda,Mu Search or setting, for command:
lambdamu -s 

Lambda Search Result: 83
Lambda : 0.00097010456333 & Score: 152965Mu : 0.01527477641427 & Score: 152965
Empirical Prior Estimation Result: (28 iterations)
Poisson lambda: 0.100378 & Score: 61254.735402
Lambda : 0.00243804229993 Mu : 0.02173709980626 & Score: -155452.815231
.Lambda : 0.00255994441492 Mu : 0.02173709980626 & Score: -155522.776997
.Lambda : 0.00255994441492 Mu : 0.02282395479657 & Score: -156143.418368
.Lambda : 0.00243804229993 Mu : 0.02065024481595 & Score: -154901.394486
.Lambda : 0.00237709124243 Mu : 0.01956338982563 & Score: -154392.419440
.Lambda : 0.00225518912743 Mu : 0.01956338982563 & Score: -154324.827087
.Lambda : 0.00210281148369 Mu : 0.01847653483532 & Score: -153854.784709
.Lambda : 0.00204186042619 Mu : 0.01630282485470 & Score: -153345.508146
.Lambda : 0.00184376948932 Mu : 0.01358568737891 & Score: -153363.393548
.Lambda : 0.00176758066745 Mu : 0.01521596986438 & Score: -153154.600799
.Lambda : 0.00146282537996 Mu : 0.01304225988376 & Score: -153361.569440
.Lambda : 0.00170662960995 Mu : 0.01304225988376 & Score: -153445.655114
.Lambda : 0.00210281148369 Mu : 0.01847653483532 & Score: -153854.784709
.Lambda : 0.00200376601525 Mu : 0.01711796609743 & Score: -153454.139052
.Lambda : 0.00190472054682 Mu : 0.01575939735954 & Score: -153230.824546
.Lambda : 0.00173710513870 Mu : 0.01412911487407 & Score: -153219.442993
.Lambda : 0.00159996525933 Mu : 0.01358568737891 & Score: -153264.351535
.Lambda : 0.00167615408120 Mu : 0.01412911487407 & Score: -153194.897546
.Lambda : 0.00170662960995 Mu : 0.01521596986438 & Score: -153129.338184
.Lambda : 0.00169139184557 Mu : 0.01575939735954 & Score: -153138.140764
.Lambda : 0.00179805619620 Mu : 0.01630282485470 & Score: -153230.172375
.Lambda : 0.00176758066745 Mu : 0.01575939735954 & Score: -153169.389988
.Lambda : 0.00170662960995 Mu : 0.01467254236923 & Score: -153149.467243
.Lambda : 0.00164567855245 Mu : 0.01467254236923 & Score: -153125.731440
.Lambda : 0.00158472749495 Mu : 0.01440082862165 & Score: -153127.438868
.Lambda : 0.00164567855245 Mu : 0.01521596986438 & Score: -153105.432352
.Lambda : 0.00161520302370 Mu : 0.01548768361196 & Score: -153097.320665
.Lambda : 0.00155425196620 Mu : 0.01494425611680 & Score: -153078.046195
.Lambda : 0.00147806314433 Mu : 0.01480839924302 & Score: -153059.456120
.Lambda : 0.00144758761558 Mu : 0.01562354048575 & Score: -153047.125088
.Lambda : 0.00134854214715 Mu : 0.01609903954401 & Score: -153054.423097
.Lambda : 0.00131044773621 Mu : 0.01494425611680 & Score: -153009.584814
.Lambda : 0.00115807009246 Mu : 0.01467254236923 & Score: -152998.578289
.Lambda : 0.00112759456372 Mu : 0.01548768361196 & Score: -152978.013614
.Lambda : 0.00095236027341 Mu : 0.01582732579643 & Score: -152981.869273
.Lambda : 0.00083807704060 Mu : 0.01453668549544 & Score: -153007.362992
.Lambda : 0.00144758761558 Mu : 0.01562354048575 & Score: -153047.125088
.Lambda : 0.00129520997184 Mu : 0.01535182673817 & Score: -153001.426724
.Lambda : 0.00099045468434 Mu : 0.01480839924302 & Score: -152978.446099
.Lambda : 0.00095997915560 Mu : 0.01562354048575 & Score: -152971.768613
.Lambda : 0.00086093368716 Mu : 0.01609903954401 & Score: -153005.857874
.Lambda : 0.00109711903497 Mu : 0.01630282485470 & Score: -153032.663499
.Lambda : 0.00107045294731 Mu : 0.01592921845178 & Score: -152994.531044
.Lambda : 0.00104378685966 Mu : 0.01555561204886 & Score: -152972.177927
.Lambda : 0.00097521691997 Mu : 0.01521596986438 & Score: -152965.283847
.Lambda : 0.00089140921591 Mu : 0.01528389830128 & Score: -152966.952528
.Lambda : 0.00090664698028 Mu : 0.01487632767991 & Score: -152976.656807
.Lambda : 0.00091998002411 Mu : 0.01506313088137 & Score: -152968.909446
.Lambda : 0.00094664611177 Mu : 0.01543673728429 & Score: -152966.576954
.Lambda : 0.00103045381583 Mu : 0.01536880884740 & Score: -152967.196382
.Lambda : 0.00099569266585 Mu : 0.01534758121087 & Score: -152965.692390
.Lambda : 0.00102426347405 Mu : 0.01512681379096 & Score: -152967.601095
.Lambda : 0.00100485913348 Mu : 0.01520429466429 & Score: -152965.882004
.Lambda : 0.00096605045234 Mu : 0.01535925641096 & Score: -152965.480753
.Lambda : 0.00094557470646 Mu : 0.01522764506447 & Score: -152965.438234
.Lambda : 0.00095474117409 Mu : 0.01508435851790 & Score: -152967.361745
.Lambda : 0.00095756849365 Mu : 0.01515308299116 & Score: -152966.024548
.Lambda : 0.00096039581322 Mu : 0.01522180746443 & Score: -152965.278403
.Lambda : 0.00097063368615 Mu : 0.01528761313767 & Score: -152965.079176
.Lambda : 0.00095581257940 Mu : 0.01529345073772 & Score: -152965.149039
.Lambda : 0.00096605045234 Mu : 0.01535925641096 & Score: -152965.480753
.Lambda : 0.00096463679256 Mu : 0.01532489417432 & Score: -152965.219821
.Lambda : 0.00096180947300 Mu : 0.01525616970106 & Score: -152965.115030
.Lambda : 0.00097663057975 Mu : 0.01525033210101 & Score: -152965.122622
.Lambda : 0.00095581257940 Mu : 0.01529345073772 & Score: -152965.149039
.Lambda : 0.00096101707949 Mu : 0.01528267107854 & Score: -152965.097196
.Lambda : 0.00096984129265 Mu : 0.01531411451515 & Score: -152965.158402
.Lambda : 0.00096783333773 Mu : 0.01529962831163 & Score: -152965.103969
.Lambda : 0.00096381742791 Mu : 0.01527065590458 & Score: -152965.082221
.Lambda : 0.00097343403458 Mu : 0.01527559796371 & Score: -152965.074507
.Lambda : 0.00097964251212 Mu : 0.01527206140630 & Score: -152965.112337
.Lambda : 0.00098025029282 Mu : 0.01529255519680 & Score: -152965.137269
.Lambda : 0.00097614207659 Mu : 0.01528708037375 & Score: -152965.095465
.Lambda : 0.00097203386036 Mu : 0.01528160555069 & Score: -152965.073513
.Lambda : 0.00096862573124 Mu : 0.01527312693415 & Score: -152965.069603
.Lambda : 0.00096722555703 Mu : 0.01527913452113 & Score: -152965.071916
.Lambda : 0.00096381742791 Mu : 0.01527065590458 & Score: -152965.082221
.Lambda : 0.00096587153602 Mu : 0.01527339331611 & Score: -152965.074145
.Lambda : 0.00096792564414 Mu : 0.01527613072764 & Score: -152965.069968
.Lambda : 0.00097032979580 Mu : 0.01527736624242 & Score: -152965.069396
.Lambda : 0.00097102988291 Mu : 0.01527436244893 & Score: -152965.069402
.Lambda : 0.00097273394747 Mu : 0.01527860175720 & Score: -152965.073178
.Lambda : 0.00097170689341 Mu : 0.01527723305144 & Score: -152965.070560
.Lambda : 0.00097067983936 Mu : 0.01527586434567 & Score: -152965.069191
.Lambda : 0.00096947776352 Mu : 0.01527524658828 & Score: -152965.069184
.Lambda : 0.00096982780708 Mu : 0.01527374469154 & Score: -152965.069063
.Lambda : 0.00096957681271 Mu : 0.01527193391610 & Score: -152965.069579
.Lambda : 0.00096862573124 Mu : 0.01527312693415 & Score: -152965.069603
.Lambda : 0.00096913925827 Mu : 0.01527381128703 & Score: -152965.069322
.Lambda : 0.00096965278530 Mu : 0.01527449563991 & Score: -152965.069072
.Lambda : 0.00097025382322 Mu : 0.01527480451861 & Score: -152965.068973
.Lambda : 0.00097042884499 Mu : 0.01527405357023 & Score: -152965.069048
.Lambda : 0.00097085486113 Mu : 0.01527511339730 & Score: -152965.069244
.Lambda : 0.00097059809762 Mu : 0.01527477122086 & Score: -152965.069082
.Lambda : 0.00097034133410 Mu : 0.01527442904442 & Score: -152965.068997
.Lambda : 0.00097004081515 Mu : 0.01527427460507 & Score: -152965.068980
.Lambda : 0.00096995330426 Mu : 0.01527465007926 & Score: -152965.068976
.Lambda : 0.00097016631233 Mu : 0.01527517999279 & Score: -152965.068975
.Lambda : 0.00097046683129 Mu : 0.01527533443214 & Score: -152965.069043
.Lambda : 0.00097033844953 Mu : 0.01527516334392 & Score: -152965.068997
.Lambda : 0.00097021006777 Mu : 0.01527499225570 & Score: -152965.068971
.Lambda : 0.00097010356374 Mu : 0.01527472729893 & Score: -152965.068963
.Lambda : 0.00097005980829 Mu : 0.01527491503603 & Score: -152965.068966
.Lambda : 0.00096995330426 Mu : 0.01527465007926 & Score: -152965.068976
.Lambda : 0.00097001749514 Mu : 0.01527473562337 & Score: -152965.068967
.Lambda : 0.00097014587689 Mu : 0.01527490671159 & Score: -152965.068965
.Lambda : 0.00097018963234 Mu : 0.01527471897450 & Score: -152965.068966
.Lambda : 0.00097015717633 Mu : 0.01527476798988 & Score: -152965.068964
.Lambda : 0.00097011486317 Mu : 0.01527458857722 & Score: -152965.068965
.Lambda : 0.00097012261660 Mu : 0.01527466811081 & Score: -152965.068963
.DONE: Lamda,Mu Search or setting, for command:
lambdamu -s 

Lambda Search Result: 54
Lambda : 0.00097010356374 & Score: 152965Mu : 0.01527472729893 & Score: 152965
