-----------------------------------------------------------
Family information: homeolog_counts.txt
Log: reports/oleaceae_homeologs_one_rate.log
The number of families is 8484
Root Family size : 1 ~ 30
Family size : 0 ~ 63
P-value: 0.01
Num of Threads: 8
Num of Random: 1000
Empirical Prior Estimation Result: (27 iterations)
Poisson lambda: 0.100377 & Score: 61254.735403
Lambda : 0.01106842591738 Mu : 0.00033768770906 & Score: -293436.646069
.Lambda : 0.01162184721325 Mu : 0.00033768770906 & Score: -294196.258224
.Lambda : 0.01162184721325 Mu : 0.00035457209451 & Score: -292382.222207
.Lambda : 0.01106842591738 Mu : 0.00035457209451 & Score: -291621.802886
.Lambda : 0.01079171526944 Mu : 0.00036301428724 & Score: -290375.174089
.Lambda : 0.01134513656531 Mu : 0.00037989867269 & Score: -289435.167248
.Lambda : 0.01148349188928 Mu : 0.00040100415451 & Score: -287618.657767
.Lambda : 0.01065335994548 Mu : 0.00040944634723 & Score: -285718.414555
.Lambda : 0.01016911631159 Mu : 0.00043688347359 & Score: -282676.993127
.Lambda : 0.01086089293143 Mu : 0.00047487334086 & Score: -280496.909275
.Lambda : 0.01089548176242 Mu : 0.00053080286768 & Score: -276422.257142
.Lambda : 0.00958110618473 Mu : 0.00056668218676 & Score: -272292.241433
.Lambda : 0.00862991333245 Mu : 0.00064952120289 & Score: -266108.712142
.Lambda : 0.00935627878328 Mu : 0.00074344059697 & Score: -262000.793397
.Lambda : 0.00894986001913 Mu : 0.00089671915866 & Score: -254631.766543
.Lambda : 0.00668429158917 Mu : 0.00101543749388 & Score: -247690.893004
.Lambda : 0.00457869650254 Mu : 0.00125775480698 & Score: -238532.612524
.Lambda : 0.00489864318921 Mu : 0.00150495276275 & Score: -232185.862284
.Lambda : 0.00303300811759 Mu : 0.00193266854268 & Score: -223079.251713
.Lambda : -0.00133815539900 Mu : 0.00229370419100 & Score: -inf
.Lambda : 0.00123384845554 Mu : 0.00194445793292 & Score: -225583.211868
.Lambda : -0.00031183992941 Mu : 0.00261937166862 & Score: -inf
.Lambda : 0.00091079417858 Mu : 0.00227896745321 & Score: -221260.544390
.Lambda : 0.00270995384064 Mu : 0.00226717806298 & Score: -217588.483306
.Lambda : 0.00344800653318 Mu : 0.00242853812801 & Score: -214971.779009
.Lambda : 0.00132579259417 Mu : 0.00277483703853 & Score: -212636.904101
.Lambda : 0.00047218483246 Mu : 0.00319592128646 & Score: -212623.793838
.Lambda : 0.00300939718706 Mu : 0.00334549196125 & Score: -204161.701084
.Lambda : 0.00405869869131 Mu : 0.00387875421527 & Score: -199418.179772
.Lambda : 0.00108287699058 Mu : 0.00464613737372 & Score: -196316.338028
.Lambda : -0.00009968778073 Mu : 0.00575493699658 & Score: -inf
.Lambda : 0.00466939084943 Mu : 0.00532897030254 & Score: -189963.001437
.Lambda : 0.00676799385791 Mu : 0.00639549481058 & Score: -186526.252317
.Lambda : 0.00379217215718 Mu : 0.00716287796903 & Score: -181413.973616
.Lambda : 0.00365890889012 Mu : 0.00880493984591 & Score: -176385.938077
.Lambda : 0.00934402575746 Mu : 0.01055429728278 & Score: -177619.945224
.Lambda : 0.00623494078967 Mu : 0.01296374231811 & Score: -170814.974101
.Lambda : 0.00596841425555 Mu : 0.01624786607187 & Score: -168086.345261
.Lambda : 0.00028329738821 Mu : 0.01449850863501 & Score: -173407.132056
.Lambda : 0.00259280275364 Mu : 0.02194143486096 & Score: -166355.460324
.Lambda : 0.00205974968539 Mu : 0.02850968236848 & Score: -169603.103372
.Lambda : 0.00827791962097 Mu : 0.02369079229782 & Score: -169802.680996
.Lambda : 0.00028329738821 Mu : 0.01449850863501 & Score: -173407.132056
.Lambda : 0.00228195294640 Mu : 0.01679657955071 & Score: -166718.508745
.Lambda : -0.00109365855551 Mu : 0.02249014833980 & Score: -inf
.Lambda : 0.00067185964725 Mu : 0.02092957777282 & Score: -168665.181497
.Lambda : 0.00243737785002 Mu : 0.01936900720583 & Score: -166156.914145
.Lambda : 0.00428060850459 Mu : 0.01909465046641 & Score: -166306.286347
.Lambda : 0.00412518360098 Mu : 0.01652222281129 & Score: -166833.116028
.Lambda : 0.00374208838914 Mu : 0.01787702582371 & Score: -166293.648402
.Lambda : 0.00189885773457 Mu : 0.01815138256313 & Score: -166631.129350
.Lambda : 0.00249429542707 Mu : 0.01838719953895 & Score: -166221.709345
.Lambda : 0.00118958488795 Mu : 0.01987918092108 & Score: -167494.127371
.Lambda : 0.00182771076325 Mu : 0.01937864214673 & Score: -166561.505615
.Lambda : 0.00246583663855 Mu : 0.01887810337239 & Score: -166175.246503
.Lambda : 0.00308973311958 Mu : 0.01862301651477 & Score: -166081.884486
.Lambda : 0.00306127433105 Mu : 0.01911392034821 & Score: -166038.439806
.Lambda : 0.00335899317731 Mu : 0.01923182883612 & Score: -166043.654577
.Lambda : 0.00371362960061 Mu : 0.01836792965715 & Score: -166195.499844
.Lambda : 0.00339456666297 Mu : 0.01861819904432 & Score: -166100.092177
.Lambda : 0.00275644078767 Mu : 0.01911873781866 & Score: -166071.945712
.Lambda : 0.00272798199914 Mu : 0.01960964165211 & Score: -166061.951379
.Lambda : 0.00303281554253 Mu : 0.01960482418166 & Score: -166022.988192
.Lambda : 0.00317100291995 Mu : 0.01984786736315 & Score: -166022.605283
.Lambda : 0.00350429525187 Mu : 0.01935214605926 & Score: -166058.297468
.Lambda : 0.00272798199914 Mu : 0.01960964165211 & Score: -166061.951379
.Lambda : 0.00292206031232 Mu : 0.01954526775389 & Score: -166031.670159
.Lambda : 0.00303178890122 Mu : 0.02027921476883 & Score: -166042.105824
.Lambda : 0.00303916025868 Mu : 0.01998789116368 & Score: -166027.720115
.Lambda : 0.00328810286631 Mu : 0.02029049077294 & Score: -166045.879198
.Lambda : 0.00319659222782 Mu : 0.02010418501817 & Score: -166031.378197
.Lambda : 0.00301357095082 Mu : 0.01973157350865 & Score: -166023.877385
.Lambda : 0.00314541361209 Mu : 0.01959154970813 & Score: -166020.966126
.Lambda : 0.00319854028880 Mu : 0.01939337898035 & Score: -166025.882766
.Lambda : 0.00330284558123 Mu : 0.01970784356263 & Score: -166027.445125
.Lambda : 0.00323052692363 Mu : 0.01971377604913 & Score: -166022.905541
.Lambda : 0.00308588960842 Mu : 0.01972564102215 & Score: -166021.170329
.Lambda : 0.00306030030056 Mu : 0.01946932336712 & Score: -166023.847059
.Lambda : 0.00308797595541 Mu : 0.01956395936613 & Score: -166021.572159
.Lambda : 0.00314332726511 Mu : 0.01975323136414 & Score: -166020.978286
.Lambda : 0.00320285126878 Mu : 0.01961914005013 & Score: -166021.893008
.Lambda : 0.00317361085369 Mu : 0.01964576529313 & Score: -166021.009595
.Lambda : 0.00311513002351 Mu : 0.01969901577914 & Score: -166020.666901
.Lambda : 0.00308588960842 Mu : 0.01972564102215 & Score: -166021.170329
.Lambda : 0.00311721637050 Mu : 0.01953733412312 & Score: -166021.559978
.Lambda : 0.00312374409415 Mu : 0.01959130843338 & Score: -166020.920105
.Lambda : 0.00309346050557 Mu : 0.01969877450439 & Score: -166020.917099
.Lambda : 0.00308484643493 Mu : 0.01980648185016 & Score: -166022.006617
.Lambda : 0.00309457084973 Mu : 0.01975268849596 & Score: -166021.209167
.Lambda : 0.00310429526454 Mu : 0.01969889514177 & Score: -166020.769160
.Lambda : 0.00311943705883 Mu : 0.01964516210626 & Score: -166020.630924
.Lambda : 0.00313027181780 Mu : 0.01964528274363 & Score: -166020.611822
.Lambda : 0.00314326009443 Mu : 0.01961847654457 & Score: -166020.769208
.Lambda : 0.00313457885312 Mu : 0.01959142907075 & Score: -166020.921141
.Lambda : 0.00312971664572 Mu : 0.01961832574785 & Score: -166020.723586
.Lambda : 0.00312485443832 Mu : 0.01964522242495 & Score: -166020.615418
.Lambda : 0.00312270092066 Mu : 0.01967214926139 & Score: -166020.584423
.Lambda : 0.00312811830014 Mu : 0.01967220958008 & Score: -166020.575567
.Lambda : 0.00312975023106 Mu : 0.01968570315764 & Score: -166020.586658
.Lambda : 0.00312054740300 Mu : 0.01969907609783 & Score: -166020.636036
.Lambda : 0.00312297850670 Mu : 0.01968562775928 & Score: -166020.595522
.Lambda : 0.00312784071410 Mu : 0.01965873108218 & Score: -166020.584150
.Lambda : 0.00313325809359 Mu : 0.01965879140087 & Score: -166020.588300
.Lambda : 0.00313061880035 Mu : 0.01966213086600 & Score: -166020.581016
.Lambda : 0.00313089638640 Mu : 0.01967560936389 & Score: -166020.577289
.Lambda : 0.00312839588618 Mu : 0.01968568807797 & Score: -166020.586790
.Lambda : 0.00312895161473 Mu : 0.01967979877498 & Score: -166020.579269
.Lambda : 0.00313006307181 Mu : 0.01966802016899 & Score: -166020.576381
.Lambda : 0.00312728498556 Mu : 0.01966462038517 & Score: -166020.578344
.Lambda : 0.00312818783577 Mu : 0.01966736762985 & Score: -166020.576310
.Lambda : 0.00312624306410 Mu : 0.01967155704094 & Score: -166020.577206
.Lambda : 0.00312719806603 Mu : 0.01967067282295 & Score: -166020.576117
.Lambda : 0.00312712853040 Mu : 0.01967551477317 & Score: -166020.577235
.Lambda : 0.00312739335674 Mu : 0.01967347798734 & Score: -166020.576244
.Lambda : 0.00312792300943 Mu : 0.01966940441568 & Score: -166020.575781
.Lambda : 0.00312884324354 Mu : 0.01967094117281 & Score: -166020.575369
.Lambda : 0.00312966583230 Mu : 0.01967107534774 & Score: -166020.575525
.Lambda : 0.00312903853426 Mu : 0.01967374633720 & Score: -166020.575678
.Lambda : 0.00312792300943 Mu : 0.01966940441568 & Score: -166020.575781
.Lambda : 0.00312820189063 Mu : 0.01967048989606 & Score: -166020.575514
.Lambda : 0.00312892683403 Mu : 0.01966922148879 & Score: -166020.575606
.Lambda : 0.00312872470056 Mu : 0.01966996851161 & Score: -166020.575466
.Lambda : 0.00312936605347 Mu : 0.01967041978836 & Score: -166020.575472
.Lambda : 0.00312820189063 Mu : 0.01967048989606 & Score: -166020.575514
.Lambda : 0.00312849293134 Mu : 0.01967047236914 & Score: -166020.575437
.Lambda : 0.00312861147432 Mu : 0.01967144503033 & Score: -166020.575381
.Lambda : 0.00312896178652 Mu : 0.01967191383400 & Score: -166020.575379
.Lambda : 0.00312919355574 Mu : 0.01967140997648 & Score: -166020.575384
.Lambda : 0.00312904803539 Mu : 0.01967141873994 & Score: -166020.575367
.Lambda : 0.00312892949241 Mu : 0.01967044607875 & Score: -166020.575404
.Lambda : 0.00312893756593 Mu : 0.01967081301756 & Score: -166020.575376
.Lambda : 0.00312895371299 Mu : 0.01967154689519 & Score: -166020.575363
.Lambda : 0.00312896178652 Mu : 0.01967191383400 & Score: -166020.575379
.Lambda : 0.00312915850484 Mu : 0.01967202446232 & Score: -166020.575402
.Lambda : 0.00312907968951 Mu : 0.01967175363994 & Score: -166020.575378
.Lambda : 0.00312900087419 Mu : 0.01967148281756 & Score: -166020.575364
.Lambda : 0.00312889847827 Mu : 0.01967124403400 & Score: -166020.575361
.Lambda : 0.00312885131707 Mu : 0.01967130811162 & Score: -166020.575360
.Lambda : 0.00312877653851 Mu : 0.01967122075865 & Score: -166020.575364
.Lambda : 0.00312879608235 Mu : 0.01967100525043 & Score: -166020.575368
.Lambda : 0.00312883549001 Mu : 0.01967114066162 & Score: -166020.575363
.Lambda : 0.00312891430533 Mu : 0.01967141148400 & Score: -166020.575360
.DONE: Lamda,Mu Search or setting, for command:
lambdamu -s 

Lambda Search Result: 74
Lambda : 0.00312885131707 & Score: 166021Mu : 0.01967130811162 & Score: 166021
Running Viterbi algorithm....
Report Done
