-----------------------------------------------------------
Family information: homeolog_counts.txt
Log: reports/oleaceae_homeologs_0.1_error.log
The number of families is 8484
Root Family size : 1 ~ 30
Family size : 0 ~ 63
P-value: 0.01
Num of Threads: 8
Num of Random: 1000
Empirical Prior Estimation Result: (29 iterations)
Poisson lambda: 0.100377 & Score: 61254.735402
DONE: Lamda,Mu Search or setting, for command:
lambdamu -l 0.00312885131707 -m 0.010000 
Empirical Prior Estimation Result: (29 iterations)
Poisson lambda: 0.100378 & Score: 61254.735402
Lambda : 0.01596715334906 Mu : 0.01412674447056 & Score: -166398.953106
.Lambda : 0.01676551101652 Mu : 0.01412674447056 & Score: -167546.953024
.Lambda : 0.01676551101652 Mu : 0.01483308169409 & Score: -167671.228249
.Lambda : 0.01596715334906 Mu : 0.01342040724703 & Score: -166301.341630
.Lambda : 0.01556797451534 Mu : 0.01271407002350 & Score: -165664.337847
.Lambda : 0.01476961684788 Mu : 0.01271407002350 & Score: -164512.969741
.Lambda : 0.01377166976357 Mu : 0.01200773279998 & Score: -163048.408047
.Lambda : 0.01337249092984 Mu : 0.01059505835292 & Score: -162534.923775
.Lambda : 0.01207515972023 Mu : 0.00882921529410 & Score: -161041.476137
.Lambda : 0.01027885496846 Mu : 0.00812287807057 & Score: -158739.134988
.Lambda : 0.00763429519502 Mu : 0.00582728209411 & Score: -156554.614987
.Lambda : 0.00593778515168 Mu : 0.00264876458823 & Score: -159200.266098
.Lambda : 0.00149692062647 Mu : -0.00035316861176 & Score: -inf
.Lambda : 0.00414148039991 Mu : 0.00194242736470 & Score: -159144.322458
.Lambda : 0.00583799044325 Mu : 0.00512094487058 & Score: -154966.966840
.Lambda : 0.00578809308904 Mu : 0.00635703501175 & Score: -153812.626779
.Lambda : 0.00928090788414 Mu : 0.01024188974116 & Score: -156878.263860
.Lambda : 0.00414148039991 Mu : 0.00194242736470 & Score: -159144.322458
.Lambda : 0.00542633727097 Mu : 0.00401729295882 & Score: -155901.810516
.Lambda : 0.00358013516499 Mu : 0.00454704587646 & Score: -153128.717073
.Lambda : 0.00155305514997 Mu : 0.00390692776764 & Score: -152598.528989
.Lambda : 0.00191481096803 Mu : 0.00624666982058 & Score: -150173.533859
.Lambda : 0.00015904781656 Mu : 0.00736135825146 & Score: -150069.099936
.Lambda : -0.00407599012251 Mu : 0.00491125100734 & Score: -inf
.Lambda : -0.00160996931962 Mu : 0.00527269700844 & Score: -inf
.Lambda : 0.00085605148327 Mu : 0.00563414300955 & Score: -150465.445719
.Lambda : 0.00297357045280 Mu : 0.00685919663160 & Score: -150516.528389
.Lambda : -0.00195847115297 Mu : 0.00613630462940 & Score: -inf
.Lambda : -0.00072546075153 Mu : 0.00631702762995 & Score: -inf
.Lambda : 0.00050754964991 Mu : 0.00649775063050 & Score: -149977.183164
.Lambda : 0.00156630913468 Mu : 0.00711027744153 & Score: -149503.650293
.Lambda : 0.00191481096803 Mu : 0.00624666982058 & Score: -150173.533859
.Lambda : 0.00147587018016 Mu : 0.00652534192830 & Score: -149806.375453
.Lambda : 0.00253462966493 Mu : 0.00713786873932 & Score: -150028.461008
.Lambda : 0.00202785966118 Mu : 0.00697783921212 & Score: -149784.555314
.Lambda : 0.00211829861569 Mu : 0.00756277472535 & Score: -149565.968529
.Lambda : 0.00165674808920 Mu : 0.00769521295476 & Score: -149282.704949
.Lambda : 0.00147119230321 Mu : 0.00805389982609 & Score: -149093.351493
.Lambda : 0.00091920282219 Mu : 0.00760140254226 & Score: -149187.096037
.Lambda : 0.00082408599072 Mu : 0.00854502492682 & Score: -148899.657860
.Lambda : 0.00045297441874 Mu : 0.00926239866947 & Score: -148953.605706
.Lambda : 0.00137607547173 Mu : 0.00899752221064 & Score: -148846.952404
.Lambda : 0.00160451179650 Mu : 0.00969558204483 & Score: -148856.209921
.Lambda : 0.00072896915925 Mu : 0.00948864731138 & Score: -148770.263429
.Lambda : 0.00035785758727 Mu : 0.01020602105402 & Score: -148979.340670
.Lambda : 0.00128095864026 Mu : 0.00994114459520 & Score: -148745.121723
.Lambda : 0.00150939496503 Mu : 0.01063920442939 & Score: -148834.350629
.Lambda : 0.00063385232777 Mu : 0.01043226969593 & Score: -148783.832669
.Lambda : 0.00137607547173 Mu : 0.00899752221064 & Score: -148846.952404
.Lambda : 0.00119051968574 Mu : 0.00935620908197 & Score: -148761.131294
.Lambda : 0.00174250916676 Mu : 0.00980870636579 & Score: -148911.823639
.Lambda : 0.00148912416488 Mu : 0.00972869160219 & Score: -148811.288726
.Lambda : 0.00123573916300 Mu : 0.00964867683858 & Score: -148746.215760
.Lambda : 0.00100496389975 Mu : 0.00971489595329 & Score: -148717.920389
.Lambda : 0.00105018337701 Mu : 0.01000736370991 & Score: -148710.722690
.Lambda : 0.00095740548402 Mu : 0.01018670714557 & Score: -148708.455294
.Lambda : 0.00068141074351 Mu : 0.00996045850366 & Score: -148760.466552
.Lambda : 0.00083129771770 Mu : 0.00995563002654 & Score: -148720.426324
.Lambda : 0.00113107166607 Mu : 0.00994597307231 & Score: -148719.165045
.Lambda : 0.00083129771770 Mu : 0.00995563002654 & Score: -148720.426324
.Lambda : 0.00090624120479 Mu : 0.00995321578798 & Score: -148711.648098
.Lambda : 0.00085868278905 Mu : 0.01042502698026 & Score: -148721.458631
.Lambda : 0.00089525306673 Mu : 0.01024749422352 & Score: -148712.421986
.Lambda : 0.00096839362208 Mu : 0.00989242871003 & Score: -148710.638568
.Lambda : 0.00101955790130 Mu : 0.01012592006761 & Score: -148708.797623
.Lambda : 0.00100856976324 Mu : 0.01042019850315 & Score: -148715.441933
.Lambda : 0.00099852572795 Mu : 0.01028825605487 & Score: -148710.588996
.Lambda : 0.00097843765737 Mu : 0.01002437115831 & Score: -148708.157323
.Lambda : 0.00096839362208 Mu : 0.00989242871003 & Score: -148710.638568
.Lambda : 0.00091628524008 Mu : 0.01008515823626 & Score: -148709.513467
.Lambda : 0.00094210340539 Mu : 0.01009534869410 & Score: -148708.291665
.Lambda : 0.00096313557874 Mu : 0.00993301270685 & Score: -148709.699561
.Lambda : 0.00096170305506 Mu : 0.00999643631653 & Score: -148708.573396
.Lambda : 0.00096027053138 Mu : 0.01005985992621 & Score: -148707.984658
.Lambda : 0.00096792157069 Mu : 0.01010553915194 & Score: -148707.821111
.Lambda : 0.00094975444470 Mu : 0.01014102791983 & Score: -148708.199819
.Lambda : 0.00095692524787 Mu : 0.01011186372945 & Score: -148707.943604
.Lambda : 0.00096457628718 Mu : 0.01015754295519 & Score: -148708.075920
.Lambda : 0.00096349984823 Mu : 0.01013312219794 & Score: -148707.930802
.Lambda : 0.00097449617106 Mu : 0.01012679762043 & Score: -148707.858876
.Lambda : 0.00097891789352 Mu : 0.01009921457443 & Score: -148707.808695
.Lambda : 0.00098662691616 Mu : 0.01008226076267 & Score: -148707.883118
.Lambda : 0.00097234329315 Mu : 0.01007795610594 & Score: -148707.823457
.Lambda : 0.00097449617106 Mu : 0.01012679762043 & Score: -148707.858876
.Lambda : 0.00097395795158 Mu : 0.01011458724180 & Score: -148707.819348
.Lambda : 0.00098495427440 Mu : 0.01010826266429 & Score: -148707.864857
.Lambda : 0.00098069609848 Mu : 0.01010758178620 & Score: -148707.826563
.Lambda : 0.00097643792255 Mu : 0.01010690090811 & Score: -148707.807222
.Lambda : 0.00097341973210 Mu : 0.01010237686318 & Score: -148707.800876
.Lambda : 0.00097093976114 Mu : 0.01011006319687 & Score: -148707.814472
.Lambda : 0.00097293429423 Mu : 0.01010735104126 & Score: -148707.806190
.Lambda : 0.00096991610379 Mu : 0.01010282699633 & Score: -148707.808964
.Lambda : 0.00097154655848 Mu : 0.01010384547427 & Score: -148707.804467
.Lambda : 0.00097203199635 Mu : 0.01009887129620 & Score: -148707.800766
.Lambda : 0.00097158084741 Mu : 0.01009463142366 & Score: -148707.802101
.Lambda : 0.00097390516998 Mu : 0.01009740268510 & Score: -148707.797980
.Lambda : 0.00097508447573 Mu : 0.01009418129052 & Score: -148707.798141
.Lambda : 0.00097251743422 Mu : 0.01009389711812 & Score: -148707.800301
.Lambda : 0.00097439060785 Mu : 0.01009242850703 & Score: -148707.798709
.Lambda : 0.00097577834360 Mu : 0.01009593407401 & Score: -148707.798506
.Lambda : 0.00097529290573 Mu : 0.01010090825209 & Score: -148707.799394
.Lambda : 0.00097506733126 Mu : 0.01009878831582 & Score: -148707.798211
.Lambda : 0.00097319415763 Mu : 0.01010025692692 & Score: -148707.799869
.Lambda : 0.00097384020413 Mu : 0.01009917621369 & Score: -148707.798548
.Lambda : 0.00097448625062 Mu : 0.01009809550046 & Score: -148707.797879
.Lambda : 0.00097484175679 Mu : 0.01009666837956 & Score: -148707.797703
.Lambda : 0.00097542283743 Mu : 0.01009736119492 & Score: -148707.798136
.Lambda : 0.00097504342057 Mu : 0.01009737156746 & Score: -148707.797855
.Lambda : 0.00097539892674 Mu : 0.01009594444656 & Score: -148707.798063
.Lambda : 0.00097517075771 Mu : 0.01009648221003 & Score: -148707.797862
.Lambda : 0.00097471441965 Mu : 0.01009755773699 & Score: -148707.797770
.Lambda : 0.00097451275587 Mu : 0.01009685454908 & Score: -148707.797671
.Lambda : 0.00097424742352 Mu : 0.01009659603989 & Score: -148707.797708
.Lambda : 0.00097464009301 Mu : 0.01009596519165 & Score: -148707.797661
.Lambda : 0.00097460292969 Mu : 0.01009516891898 & Score: -148707.797741
.Lambda : 0.00097431109209 Mu : 0.01009615136117 & Score: -148707.797682
.Lambda : 0.00097484175679 Mu : 0.01009666837956 & Score: -148707.797703
.Lambda : 0.00097470909062 Mu : 0.01009653912496 & Score: -148707.797665
.Lambda : 0.00097483642776 Mu : 0.01009564976753 & Score: -148707.797726
.Lambda : 0.00097475550979 Mu : 0.01009595096292 & Score: -148707.797681
.Lambda : 0.00097467459181 Mu : 0.01009625215831 & Score: -148707.797657
.Lambda : 0.00097457642444 Mu : 0.01009640987037 & Score: -148707.797649
.Lambda : 0.00097461092324 Mu : 0.01009669683702 & Score: -148707.797660
.Lambda : 0.00097464009301 Mu : 0.01009596519165 & Score: -148707.797661
.Lambda : 0.00097463280057 Mu : 0.01009614810299 & Score: -148707.797653
.Lambda : 0.00097453463320 Mu : 0.01009630581505 & Score: -148707.797648
.Lambda : 0.00097446465389 Mu : 0.01009633264343 & Score: -148707.797652
.Lambda : 0.00097447825707 Mu : 0.01009656758243 & Score: -148707.797656
.Lambda : 0.00097451689295 Mu : 0.01009646271257 & Score: -148707.797651
.Lambda : 0.00097459416470 Mu : 0.01009625297285 & Score: -148707.797649
.DONE: Lamda,Mu Search or setting, for command:
lambdamu -s 

Lambda Search Result: 65
Lambda : 0.00097453463320 & Score: 148708Mu : 0.01009630581505 & Score: 148708
Running Viterbi algorithm....
Report Done
