-----------------------------------------------------------
Family information: 2020_Feb08_homeolog_filtered_empty_WGD.txt
Log: two_rate_replication/two_rate_replication_0.1_error.log
The number of families is 8134
Root Family size : 1 ~ 30
Family size : 0 ~ 63
P-value: 0.01
Num of Threads: 8
Num of Random: 1000
Lambda Tree: (((((((((((1,1)1,1)1,1)1,(1,1)1)1,1)1,(((((1,1)1,1)1,1)1,(1,1)1)1,1)1)1,1)1,(((1,1)1,((1,1)1,1)1)1,(((((1,1)1,1)1,(1,1)1)1,1)1,1)1)1)1,1)1,1)1,2)
Empirical Prior Estimation Result: (31 iterations)
Poisson lambda: 0.085513 & Score: 55345.048482
Lambda : 0.00731402640231,0.01410394244983 Mu : 0.00427922784196,0.01230275171498 & Score: -160878.490413
.Lambda : 0.00767972772243,0.01410394244983 Mu : 0.00427922784196,0.01230275171498 & Score: -161421.231548
.Lambda : 0.00767972772243,0.01480913957232 Mu : 0.00427922784196,0.01230275171498 & Score: -161613.204647
.Lambda : 0.00767972772243,0.01410394244983 Mu : 0.00449318923405,0.01230275171498 & Score: -161186.802786
.Lambda : 0.00767972772243,0.01410394244983 Mu : 0.00427922784196,0.01291788930073 & Score: -161547.707478
.Lambda : 0.00749687706237,0.01339874532733 Mu : 0.00438620853800,0.01261032050786 & Score: -160906.750039
.Lambda : 0.00740545173234,0.01375134388858 Mu : 0.00443969888603,0.01184139852567 & Score: -160645.643100
.Lambda : 0.00726831373730,0.01357504460796 Mu : 0.00451993440807,0.01130315313814 & Score: -160198.691283
.Lambda : 0.00719974473977,0.01348689496765 Mu : 0.00456005216908,0.01195673682300 & Score: -160169.903241
.Lambda : 0.00695975324845,0.01317837122656 Mu : 0.00470046433265,0.01178372937701 & Score: -159561.542089
.Lambda : 0.00683975750278,0.01302410935601 Mu : 0.00444972832628,0.01169722565401 & Score: -159580.020965
.Lambda : 0.00669404838305,0.01354198849284 Mu : 0.00458846891647,0.01093310943421 & Score: -159212.479717
.Lambda : 0.00629263404339,0.01361361007559 Mu : 0.00468959910571,0.01009450389739 & Score: -158397.850764
.Lambda : 0.00636620286365,0.01259162518323 Mu : 0.00490063524440,0.01013655431829 & Score: -158010.793675
.Lambda : 0.00589229109432,0.01183546654994 Mu : 0.00521133894562,0.00905345561995 & Score: -156635.215352
.Lambda : 0.00572390420718,0.01225073399609 Mu : 0.00500563094706,0.01001130413604 & Score: -156913.209979
.Lambda : 0.00559453379389,0.01241498156808 Mu : 0.00535378833923,0.00877427086118 & Score: -156251.968618
.Lambda : 0.00497192193944,0.01211041767411 Mu : 0.00580581834571,0.00731279346477 & Score: -154747.204163
.Lambda : 0.00448062239372,0.01172674292131 Mu : 0.00565572933940,0.00645229918206 & Score: -153918.984179
.Lambda : 0.00324105696635,0.01100092876869 Mu : 0.00613336184277,0.00378658408459 & Score: -151467.749912
.Lambda : 0.00362195306025,0.00998516341882 Mu : 0.00638847593487,0.00498756475528 & Score: -151621.290293
.Lambda : 0.00313970732300,0.01021525420969 Mu : 0.00676386658742,0.00255889482625 & Score: -150539.583557
.Lambda : 0.00184760888091,0.00919751431648 Mu : 0.00764298440760,-0.00116730982864 & Score: -inf
.Lambda : 0.00159502855020,0.00982041548572 Mu : 0.00733442240977,0.00026946294550 & Score: -148669.725234
.Lambda : -0.00055360272186,0.00881288995361 Mu : 0.00839596414184,-0.00412253339173 & Score: -inf
.Lambda : 0.00082695101047,0.00840046326734 Mu : 0.00750424504171,-0.00151154015896 & Score: -inf
.Lambda : 0.00186319374271,0.00932795186904 Mu : 0.00707963836771,0.00069454324697 & Score: -148695.242023
.Lambda : 0.00129754023088,0.01019711174774 Mu : 0.00726716866896,-0.00133282220362 & Score: -inf
.Lambda : 0.00187864343822,0.01014412466551 Mu : 0.00704749548544,0.00024727453610 & Score: -148989.112074
.Lambda : 0.00099722956071,0.00875294434629 Mu : 0.00797934958240,-0.00190149630718 & Score: -inf
.Lambda : 0.00155818641212,0.00931494045189 Mu : 0.00751785264749,-0.00047947620923 & Score: -inf
.Lambda : 0.00172911114645,0.00957418367738 Mu : 0.00720703038874,0.00048200309624 & Score: -148673.906064
.Lambda : 0.00173683599421,0.00998227007561 Mu : 0.00719095894760,0.00025836874080 & Score: -148820.953768
.Lambda : 0.00236736793660,0.01001783484770 Mu : 0.00704914449859,0.00141417888588 & Score: -149481.081833
.Lambda : 0.00241804275828,0.01041067212720 Mu : 0.00673389212627,0.00202802351504 & Score: -149908.219816
.Lambda : 0.00129612905546,0.00928667991600 Mu : 0.00765688599608,-0.00081601668084 & Score: -inf
.Lambda : 0.00157660748116,0.00956767796880 Mu : 0.00742613752863,-0.00010500663187 & Score: -inf
.Lambda : 0.00166206984833,0.00969729958155 Mu : 0.00727072639925,0.00037573302087 & Score: -148669.589939
.Lambda : 0.00166593227220,0.00990134278066 Mu : 0.00726269067869,0.00026391584315 & Score: -148743.128581
.Lambda : 0.00198119824340,0.00991912516671 Mu : 0.00719178345418,0.00084182091569 & Score: -149036.267077
.Lambda : 0.00200653565424,0.01011554380646 Mu : 0.00703415726802,0.00114874323027 & Score: -149240.083297
.Lambda : 0.00144557880283,0.00955354770086 Mu : 0.00749565420293,-0.00027327686767 & Score: -inf
.Lambda : 0.00158581801568,0.00969404672726 Mu : 0.00738027996920,0.00008222815681 & Score: -148559.101944
.Lambda : 0.00127322609980,0.00963742712088 Mu : 0.00743227627427,-0.00034615093252 & Score: -inf
.Lambda : 0.00145021913570,0.00970785163234 Mu : 0.00737215306925,-0.00004915797047 & Score: -inf
.Lambda : 0.00162394393200,0.00969567315440 Mu : 0.00732550318423,0.00022898058884 & Score: -148613.480247
.Lambda : 0.00159042328294,0.00975723110649 Mu : 0.00735735118948,0.00017584555116 & Score: -148614.451299
.Lambda : 0.00162587514394,0.00979769475396 Mu : 0.00732148532394,0.00017307199998 & Score: -148650.374933
.Lambda : 0.00178350812954,0.00980658594698 Mu : 0.00728603171169,0.00046202453625 & Score: -148785.773148
.Lambda : 0.00142952205774,0.00966573692407 Mu : 0.00740627812174,-0.00013196138785 & Score: -inf
.Lambda : 0.00151801857569,0.00970094917980 Mu : 0.00737621651922,0.00001653509317 & Score: -148528.861515
.Lambda : 0.00153322675921,0.00962625533001 Mu : 0.00739819010712,0.00007872269501 & Score: -148508.100402
.Lambda : 0.00148690256685,0.00954053561804 Mu : 0.00743654249871,0.00003154804252 & Score: -148439.566075
.Lambda : 0.00151691826217,0.00955837123326 Mu : 0.00740191989620,0.00000380038952 & Score: -148454.430653
.Lambda : 0.00142988477819,0.00955127822478 Mu : 0.00747197625744,-0.00016192474783 & Score: -inf
.Lambda : 0.00147839956665,0.00958737695718 Mu : 0.00743535798914,-0.00006419841366 & Score: -inf
.Lambda : 0.00150191041451,0.00954945342565 Mu : 0.00741923119746,0.00001767421602 & Score: -148446.877065
.Lambda : 0.00150246057127,0.00962074239892 Mu : 0.00740637950897,0.00002404156785 & Score: -148484.011586
.Lambda : 0.00153636029127,0.00961729117265 Mu : 0.00740841123396,0.00005688809967 & Score: -148498.380666
.Lambda : 0.00155542324943,0.00961810438622 Mu : 0.00738102284147,0.00013026431568 & Score: -148524.617402
.Lambda : 0.00145839367252,0.00954590692141 Mu : 0.00745425937808,-0.00006518835265 & Score: -inf
.Lambda : 0.00148265106675,0.00956395628761 Mu : 0.00743595024393,-0.00001632518557 & Score: -inf
.Lambda : 0.00149440649068,0.00954499452184 Mu : 0.00742788684809,0.00002461112927 & Score: -148443.191082
.Lambda : 0.00149468156906,0.00958063900848 Mu : 0.00742146100384,0.00002779480519 & Score: -148461.738140
.Lambda : 0.00151163142906,0.00957891339534 Mu : 0.00742247686634,0.00004421807110 & Score: -148468.729170
.Lambda : 0.00152116290814,0.00957932000213 Mu : 0.00740878267009,0.00008090617910 & Score: -148481.600504
.Lambda : 0.00147264811969,0.00954322126972 Mu : 0.00744540093840,-0.00001682015506 & Score: -inf
.Lambda : 0.00148477681680,0.00955224595282 Mu : 0.00743624637132,0.00000761142848 & Score: -148439.295496
.Lambda : 0.00146875229264,0.00953029415525 Mu : 0.00743859149465,0.00000156463163 & Score: -148423.493510
.Lambda : 0.00144731272443,0.00950598453520 Mu : 0.00744664880880,-0.00001976208810 & Score: -inf
.Lambda : 0.00147273751442,0.00950339611550 Mu : 0.00744817260254,0.00000487281077 & Score: -148411.078329
.Lambda : 0.00146176548711,0.00946477466901 Mu : 0.00746152840189,-0.00000658818644 & Score: -inf
.Lambda : 0.00146217810468,0.00951824139896 Mu : 0.00745188963553,-0.00000181267257 & Score: -inf
.Lambda : 0.00147023520118,0.00952492967968 Mu : 0.00744588893867,0.00000479327789 & Score: -148420.990666
.Lambda : 0.00146134834567,0.00951489733359 Mu : 0.00744790720487,-0.00002212696814 & Score: -inf
.Lambda : 0.00146773690096,0.00952130690470 Mu : 0.00744506602833,-0.00000870821547 & Score: -inf
.Lambda : 0.00147148635780,0.00951416289759 Mu : 0.00744703077060,0.00000483304433 & Score: -148416.033726
.Lambda : 0.00147074490353,0.00951684513537 Mu : 0.00744338204859,0.00000321872120 & Score: -148417.281803
.Lambda : 0.00147875716561,0.00952782103416 Mu : 0.00744220948693,0.00000624211962 & Score: -148425.169308
.Lambda : 0.00147982004064,0.00952196586677 Mu : 0.00744235755063,0.00001821042665 & Score: -148425.303469
.Lambda : 0.00146704293005,0.00950914672454 Mu : 0.00744803990371,-0.00000862707869 & Score: -inf
.Lambda : 0.00147023720769,0.00951235151010 Mu : 0.00744661931544,-0.00000191770235 & Score: -inf
.Lambda : 0.00147211193611,0.00950877950654 Mu : 0.00744760168657,0.00000485292755 & Score: -148413.555834
.Lambda : 0.00147174120898,0.00951012062544 Mu : 0.00744577732557,0.00000404576598 & Score: -148414.179038
.Lambda : 0.00147574734002,0.00951560857483 Mu : 0.00744519104474,0.00000555746520 & Score: -148418.119406
.Lambda : 0.00147627877753,0.00951268099113 Mu : 0.00744526507658,0.00001154161871 & Score: -148418.186198
.Lambda : 0.00146989022224,0.00950627142002 Mu : 0.00744810625312,-0.00000187713396 & Score: -inf
.Lambda : 0.00147148736106,0.00950787381280 Mu : 0.00744739595899,0.00000147755421 & Score: -148412.257883
.Lambda : 0.00146829167027,0.00949947645531 Mu : 0.00744928274210,0.00000206706406 & Score: -148407.427155
.Lambda : 0.00146456383539,0.00949141039555 Mu : 0.00745132859078,0.00000032186349 & Score: -148402.098150
.Lambda : 0.00146870911452,0.00949560928976 Mu : 0.00745147209387,0.00000171681202 & Score: -148405.310376
.Lambda : 0.00146663697658,0.00949036530026 Mu : 0.00745158293652,-0.00000065840730 & Score: -inf
.Lambda : 0.00146800571647,0.00949496885183 Mu : 0.00745058762403,0.00000071942641 & Score: -148404.747303
.Lambda : 0.00146552072934,0.00948481851352 Mu : 0.00745338449663,0.00000233790214 & Score: -148399.361749
.Lambda : 0.00146253741348,0.00947329086388 Mu : 0.00745637876544,0.00000276807610 & Score: -148392.927680
.Lambda : 0.00145917052551,0.00947424358501 Mu : 0.00745671093452,-0.00000210972176 & Score: -inf
.Lambda : 0.00146256227274,0.00948153171763 Mu : 0.00745457635153,-0.00000036408862 & Score: -inf
.Lambda : 0.00146355062444,0.00948235062971 Mu : 0.00745385367811,0.00000154496980 & Score: -148397.511586
.Lambda : 0.00146527156497,0.00948412985785 Mu : 0.00745348319474,0.00000174375126 & Score: -148398.833328
.Lambda : 0.00146562326400,0.00948445007682 Mu : 0.00745392542966,0.00000224244406 & Score: -148399.114401
.Lambda : 0.00146763746395,0.00948834348969 Mu : 0.00745227568399,0.00000382044344 & Score: -148401.991075
.Lambda : 0.00146085396949,0.00947376722444 Mu : 0.00745654484998,0.00000032917717 & Score: -148392.210490
.Lambda : 0.00145746222227,0.00946647909182 Mu : 0.00745867943298,-0.00000141645596 & Score: -inf
.Lambda : 0.00146048352220,0.00947231921113 Mu : 0.00745620481448,0.00000095054310 & Score: -148391.630076
.Lambda : 0.00145791365129,0.00946625377828 Mu : 0.00745734450689,0.00000030459262 & Score: -148387.896065
.Lambda : 0.00145715626438,0.00946370139030 Mu : 0.00745857770548,0.00000072965659 & Score: -148386.450107
.Lambda : 0.00145309861408,0.00945348715653 Mu : 0.00746112496085,0.00000022260926 & Score: -148380.280262
.Lambda : 0.00145365119974,0.00945104888185 Mu : 0.00746184286347,0.00000026725778 & Score: -148379.157598
.Lambda : 0.00144870148739,0.00943539800792 Mu : 0.00746583745615,-0.00000037159823 & Score: -inf
.Lambda : 0.00145022130382,0.00944898765668 Mu : 0.00746204982515,-0.00000220625769 & Score: -inf
.Lambda : 0.00145330033124,0.00945506345848 Mu : 0.00746063206022,-0.00000096267424 & Score: -inf
.Lambda : 0.00145337490691,0.00945226801919 Mu : 0.00746148391216,0.00000024493352 & Score: -148379.718888
.Lambda : 0.00145578242552,0.00945865133007 Mu : 0.00745959368518,0.00000028592520 & Score: -148383.524441
.Lambda : 0.00145725258462,0.00946240805315 Mu : 0.00745919385673,0.00000029821748 & Score: -148385.678016
.Lambda : 0.00145809430661,0.00946216987287 Mu : 0.00745911081446,0.00000151766694 & Score: -148386.034131
.Lambda : 0.00145193625178,0.00945001826926 Mu : 0.00746194634431,-0.00000096949995 & Score: -inf
.Lambda : 0.00145347576549,0.00945305617016 Mu : 0.00746123746185,-0.00000034770823 & Score: -inf
.Lambda : 0.00145351305332,0.00945165845052 Mu : 0.00746166338781,0.00000025609565 & Score: -148379.438232
.Lambda : 0.00145471681263,0.00945485010596 Mu : 0.00746071827433,0.00000027659149 & Score: -148381.340421
.Lambda : 0.00145545189218,0.00945672846750 Mu : 0.00746051836010,0.00000028273763 & Score: -148382.416297
.Lambda : 0.00145587275317,0.00945660937736 Mu : 0.00746047683896,0.00000089246236 & Score: -148382.593732
.Lambda : 0.00145279372576,0.00945053357556 Mu : 0.00746189460389,-0.00000035112109 & Score: -inf
.Lambda : 0.00145356348261,0.00945205252601 Mu : 0.00746154016266,-0.00000004022522 & Score: -inf
.Lambda : 0.00145358212653,0.00945135366619 Mu : 0.00746175312564,0.00000026167672 & Score: -148379.297912
.Lambda : 0.00145418400618,0.00945294949391 Mu : 0.00746128056890,0.00000027192464 & Score: -148380.248860
.Lambda : 0.00145455154596,0.00945388867468 Mu : 0.00746118061178,0.00000027499771 & Score: -148380.786570
.Lambda : 0.00145476197646,0.00945382912961 Mu : 0.00746115985122,0.00000057986007 & Score: -148380.875131
.Lambda : 0.00145322246275,0.00945079122871 Mu : 0.00746186873368,-0.00000004193165 & Score: -inf
.Lambda : 0.00145360734118,0.00945155070393 Mu : 0.00746169151306,0.00000011351628 & Score: -148379.371609
.Lambda : 0.00145296079086,0.00944956269826 Mu : 0.00746210342375,0.00000018219000 & Score: -148378.251917
.Lambda : 0.00145216541331,0.00944739971005 Mu : 0.00746256482974,0.00000013578615 & Score: -148376.985427
.Lambda : 0.00145231903419,0.00944772698711 Mu : 0.00746264559706,0.00000011719383 & Score: -148377.157869
.Lambda : 0.00145225154571,0.00944721391867 Mu : 0.00746271169489,0.00000027744096 & Score: -148376.927815
.Lambda : 0.00145157364797,0.00944504552604 Mu : 0.00746322178580,0.00000035940330 & Score: -148375.706577
.Lambda : 0.00145127252107,0.00944425688634 Mu : 0.00746338441239,0.00000017814381 & Score: -148375.206526
.Lambda : 0.00145011771834,0.00944070849642 Mu : 0.00746420005577,0.00000013637736 & Score: -148373.162676
.Lambda : 0.00144943670717,0.00943939147796 Mu : 0.00746447327071,0.00000010712253 & Score: -148372.351946
.Lambda : 0.00144732946089,0.00943356277601 Mu : 0.00746578847433,0.00000002705491 & Score: -148368.955101
.Lambda : 0.00144827408606,0.00943563126715 Mu : 0.00746524197576,0.00000021211703 & Score: -148370.247592
.Lambda : 0.00144648204333,0.00943007432275 Mu : 0.00746666131610,0.00000023169015 & Score: -148367.055699
.Lambda : 0.00144364035834,0.00942141162910 Mu : 0.00746870955927,0.00000027964215 & Score: -148362.102178
.Lambda : 0.00144310716384,0.00942061155830 Mu : 0.00746874824677,-0.00000003180758 & Score: -inf
.Lambda : 0.00144522378488,0.00942672005023 Mu : 0.00746736663153,0.00000006599514 & Score: -148365.074238
.Lambda : 0.00144211612674,0.00941795436483 Mu : 0.00746935326468,0.00000015602726 & Score: -148360.038379
.Lambda : 0.00143811533093,0.00940657729904 Mu : 0.00747192986914,0.00000016585221 & Score: -148353.498189
.Lambda : 0.00143888038146,0.00940850461004 Mu : 0.00747165529137,0.00000005715517 & Score: -148354.576882
.Lambda : 0.00143560046692,0.00939804401820 Mu : 0.00747404220132,0.00000025726742 & Score: -148348.694462
.Lambda : 0.00142973596993,0.00938028463929 Mu : 0.00747816906482,0.00000037237368 & Score: -148338.612659
.Lambda : 0.00142996223546,0.00938166903850 Mu : 0.00747786526078,0.00000037151646 & Score: -148339.351739
.Lambda : 0.00142470660055,0.00936710616433 Mu : 0.00748110018378,0.00000020380661 & Score: -148330.982650
.Lambda : 0.00141523972165,0.00933995343195 Mu : 0.00748729549603,0.00000016588885 & Score: -148315.548076
.Lambda : 0.00141764624753,0.00934573759435 Mu : 0.00748597455400,0.00000048066043 & Score: -148318.970823
.Lambda : 0.00140817675635,0.00931724505301 Mu : 0.00749272231867,0.00000052936750 & Score: -148302.913772
.Lambda : 0.00139320746906,0.00927257892999 Mu : 0.00750311854344,0.00000071112515 & Score: -148277.944081
.Lambda : 0.00139795246863,0.00928760825929 Mu : 0.00749941356837,0.00000049350759 & Score: -148286.263248
.Lambda : 0.00138228698351,0.00924265446850 Mu : 0.00750973201611,0.00000055321733 & Score: -148261.179899
.Lambda : 0.00135856249029,0.00917383938311 Mu : 0.00752551349175,0.00000064363915 & Score: -148223.284461
.Lambda : 0.00136483482729,0.00919125240782 Mu : 0.00752169599579,0.00000052641995 & Score: -148232.814592
.Lambda : 0.00134203890599,0.00912268605816 Mu : 0.00753757530365,0.00000102145707 & Score: -148195.644318
.Lambda : 0.00130543849815,0.00901405237126 Mu : 0.00756271520746,0.00000144924118 & Score: -148137.738130
.Lambda : 0.00131306917377,0.00903825328680 Mu : 0.00755710805085,0.00000117170512 & Score: -148150.426086
.Lambda : 0.00127774502569,0.00893611979450 Mu : 0.00758039782949,0.00000118437755 & Score: -148096.901105
.Lambda : 0.00122001380400,0.00876789022675 Mu : 0.00761903747251,0.00000142100375 & Score: -148011.774375
.Lambda : 0.00123370715582,0.00880576522614 Mu : 0.00761049111550,0.00000181637466 & Score: -148030.705011
.Lambda : 0.00117755182558,0.00863914117237 Mu : 0.00764916243141,0.00000228552321 & Score: -147949.293834
.Lambda : 0.00108704649322,0.00837179206700 Mu : 0.00771098690124,0.00000310646523 & Score: -147827.152247
.Lambda : 0.00111003380183,0.00844149665878 Mu : 0.00769450729750,0.00000272483729 & Score: -147858.008819
.Lambda : 0.00101996212928,0.00817941971808 Mu : 0.00775479618591,0.00000308509928 & Score: -147746.746320
.Lambda : 0.00087722394485,0.00776210339148 Mu : 0.00785083667513,0.00000390302833 & Score: -147596.256654
.Lambda : 0.00091345186613,0.00786587594587 Mu : 0.00782719305769,0.00000376129264 & Score: -147629.961368
.Lambda : 0.00077386424901,0.00745274380482 Mu : 0.00792272449327,0.00000532680800 & Score: -147508.877397
.Lambda : 0.00055078947151,0.00679517059385 Mu : 0.00807456800365,0.00000727971012 & Score: -147424.501297
.Lambda : 0.00060422208602,0.00695597434032 Mu : 0.00803728502136,0.00000630041087 & Score: -147430.789674
.Lambda : 0.00038579719104,0.00631777006876 Mu : 0.00818395447768,0.00000751575575 & Score: -147504.703705
.Lambda : 0.00029556448058,0.00604963325134 Mu : 0.00824612903122,0.00000873815990 & Score: -147635.235267
.Lambda : 0.00045003632697,0.00650369392497 Mu : 0.00814139503784,0.00000749394308 & Score: -147453.860349
.Lambda : 0.00011819859292,0.00552420107247 Mu : 0.00836776459513,0.00001039188159 & Score: -148339.247969
.Lambda : 0.00030795493091,0.00608367665222 Mu : 0.00823853261513,0.00000876966827 & Score: -147610.625383
.Lambda : 0.00057750577877,0.00687557246709 Mu : 0.00805592651250,0.00000679006050 & Score: -147426.196810
.Lambda : 0.00050041289924,0.00664943225941 Mu : 0.00810798152074,0.00000738682660 & Score: -147432.534982
.Lambda : 0.00046829333128,0.00655647033130 Mu : 0.00812926124066,0.00000739773294 & Score: -147444.401461
.Lambda : 0.00071400670818,0.00727863699267 Mu : 0.00796270233939,0.00000559136923 & Score: -147472.224259
.Lambda : 0.00033449403222,0.00615968583316 Mu : 0.00822116629939,0.00000883579586 & Score: -147565.744940
.Lambda : 0.00042937220121,0.00643942362304 Mu : 0.00815655030939,0.00000802468920 & Score: -147465.081644
.Lambda : 0.00061912853919,0.00699889920279 Mu : 0.00802731832939,0.00000640247588 & Score: -147433.698895
.Lambda : 0.00065562501308,0.00710306693026 Mu : 0.00800363594248,0.00000653180362 & Score: -147443.590317
.Lambda : 0.00046829333128,0.00655647033130 Mu : 0.00812926124066,0.00000739773294 & Score: -147444.401461
.Lambda : 0.00051512625173,0.00669311948104 Mu : 0.00809785491612,0.00000718125061 & Score: -147429.400784
.Lambda : 0.00045278866143,0.00650774819791 Mu : 0.00814084714712,0.00000791644803 & Score: -147450.594308
.Lambda : 0.00049437363087,0.00663053594913 Mu : 0.00811246494268,0.00000753795500 & Score: -147433.709279
.Lambda : 0.00056414762514,0.00683537153047 Mu : 0.00806524725808,0.00000703488531 & Score: -147424.971903
.Lambda : 0.00053295786162,0.00674414503745 Mu : 0.00808621145988,0.00000723048037 & Score: -147426.210779
.Lambda : 0.00052560118538,0.00672230142663 Mu : 0.00809127476220,0.00000733326836 & Score: -147427.001914
.Lambda : 0.00058495900535,0.00689703489832 Mu : 0.00805094316652,0.00000684109300 & Score: -147426.790207
.Lambda : 0.00059082579644,0.00691355960341 Mu : 0.00804721018187,0.00000685981604 & Score: -147427.228989
.Lambda : 0.00057451964367,0.00686574505922 Mu : 0.00805822632695,0.00000697817912 & Score: -147425.497699
.Lambda : 0.00052624829562,0.00672318121217 Mu : 0.00809118335776,0.00000742053446 & Score: -147426.456020
.Lambda : 0.00058495900535,0.00689703489832 Mu : 0.00805094316652,0.00000684109300 & Score: -147426.790207
.Lambda : 0.00057028132792,0.00685357147678 Mu : 0.00806100321433,0.00000698595337 & Score: -147425.337898
.Lambda : 0.00059691117250,0.00693078429271 Mu : 0.00804331094162,0.00000690888360 & Score: -147427.873469
.Lambda : 0.00058092284478,0.00688412447890 Mu : 0.00805403607119,0.00000698928279 & Score: -147425.878295
.Lambda : 0.00054894618934,0.00679080485126 Mu : 0.00807548633032,0.00000715008117 & Score: -147425.008371
.Lambda : 0.00054256266329,0.00677171416697 Mu : 0.00807992607624,0.00000724713587 & Score: -147425.149000
.Lambda : 0.00053294164672,0.00674295909449 Mu : 0.00808661061981,0.00000736995287 & Score: -147425.712311
.Lambda : 0.00054227656702,0.00677061219006 Mu : 0.00808020876844,0.00000727395300 & Score: -147425.049070
.Lambda : 0.00056051726322,0.00682426541586 Mu : 0.00806782910401,0.00000712217893 & Score: -147424.688246
.Lambda : 0.00056992370759,0.00685219400566 Mu : 0.00806135657958,0.00000701947478 & Score: -147425.170503
.Lambda : 0.00056301192245,0.00683179855176 Mu : 0.00806606962680,0.00000708309433 & Score: -147424.836429
.Lambda : 0.00057028695182,0.00685249819470 Mu : 0.00806137066595,0.00000710985318 & Score: -147424.854912
.Lambda : 0.00055815517936,0.00681649484762 Mu : 0.00806967144212,0.00000726253297 & Score: -147424.299244
.Lambda : 0.00055515895647,0.00680705650619 Mu : 0.00807188353415,0.00000737635680 & Score: -147424.020927
.Lambda : 0.00054445185501,0.00677664733913 Mu : 0.00807880446835,0.00000732081692 & Score: -147424.777696
.Lambda : 0.00054244685066,0.00676977137575 Mu : 0.00808047292828,0.00000746643706 & Score: -147424.458043
.Lambda : 0.00056000441593,0.00682148460670 Mu : 0.00806857231669,0.00000730152454 & Score: -147424.124607
.Lambda : 0.00054368258406,0.00677247612539 Mu : 0.00807991928738,0.00000758983533 & Score: -147423.986098
.Lambda : 0.00053526524448,0.00674658148016 Mu : 0.00808596437906,0.00000782366353 & Score: -147424.100318
.Lambda : 0.00054985693205,0.00679022371317 Mu : 0.00807585602960,0.00000758736674 & Score: -147423.562535
.Lambda : 0.00054939066231,0.00678775027283 Mu : 0.00807650004257,0.00000774119505 & Score: -147423.094531
.Lambda : 0.00056167145873,0.00682461237980 Mu : 0.00806796466211,0.00000753801880 & Score: -147423.386514
.Lambda : 0.00054494741486,0.00677446303540 Mu : 0.00807956144642,0.00000782117845 & Score: -147423.169493
.Lambda : 0.00054468710351,0.00677259440052 Mu : 0.00808008918509,0.00000796875701 & Score: -147422.699934
.Lambda : 0.00053945117703,0.00675536334768 Mu : 0.00808419201056,0.00000826495712 & Score: -147422.219991
.Lambda : 0.00055404777240,0.00679861839247 Mu : 0.00807418979345,0.00000809283938 & Score: -147421.776842
.Lambda : 0.00055923036657,0.00681168952600 Mu : 0.00807132504649,0.00000834434141 & Score: -147420.839486
.Lambda : 0.00053483835166,0.00674002071116 Mu : 0.00808782461091,0.00000854781721 & Score: -147421.831362
.Lambda : 0.00054650786393,0.00677294889343 Mu : 0.00808035940885,0.00000862797694 & Score: -147420.438532
.Lambda : 0.00054728808846,0.00677219182245 Mu : 0.00808075839006,0.00000903137619 & Score: -147419.077085
.Lambda : 0.00054101332955,0.00675188243082 Mu : 0.00808554998644,0.00000935305091 & Score: -147418.597920
.Lambda : 0.00053682466317,0.00673394850982 Mu : 0.00809007495837,0.00001015897884 & Score: -147416.473291
.Lambda : 0.00054963955790,0.00677356193703 Mu : 0.00808079949235,0.00000977629971 & Score: -147416.588514
.Lambda : 0.00056165298639,0.00680567518649 Mu : 0.00807365433273,0.00001010768086 & Score: -147415.154869
.Lambda : 0.00057506030376,0.00683850242416 Mu : 0.00806656919365,0.00001088761269 & Score: -147412.949538
.Lambda : 0.00054517594008,0.00674741282073 Mu : 0.00808777597073,0.00001158279231 & Score: -147411.086835
.Lambda : 0.00053814872683,0.00671527446809 Mu : 0.00809600143285,0.00001320201776 & Score: -147406.549700
.Lambda : 0.00055254853737,0.00675845184710 Mu : 0.00808596414855,0.00001298107831 & Score: -147406.224855
.Lambda : 0.00055517876182,0.00675158185942 Mu : 0.00808856702780,0.00001495592937 & Score: -147399.845728
.Lambda : 0.00055296666989,0.00674609169371 Mu : 0.00808980681398,0.00001482596962 & Score: -147400.305952
.Lambda : 0.00057385256798,0.00679177671287 Mu : 0.00808039727577,0.00001677678588 & Score: -147394.049656
.Lambda : 0.00059236652038,0.00682069081440 Mu : 0.00807555843446,0.00002008568939 & Score: -147384.916087
.Lambda : 0.00054427003569,0.00667831699365 Mu : 0.00810839766090,0.00002064719038 & Score: -147382.290602
.Lambda : 0.00052887490166,0.00659822427840 Mu : 0.00812931189452,0.00002552697923 & Score: -147368.638515
.Lambda : 0.00057654470004,0.00674301985488 Mu : 0.00809562065253,0.00002449526605 & Score: -147369.628952
.Lambda : 0.00057351577206,0.00671066670984 Mu : 0.00810472219067,0.00002770596240 & Score: -147359.226758
.Lambda : 0.00058379032315,0.00669295421790 Mu : 0.00811217987902,0.00003414595878 & Score: -147339.346201
.Lambda : 0.00058560946080,0.00667586272337 Mu : 0.00811776840247,0.00003717101736 & Score: -147329.825192
.Lambda : 0.00060082481029,0.00663800315534 Mu : 0.00813236908980,0.00004827856135 & Score: -147296.249924
.Lambda : 0.00055265084720,0.00651540993886 Mu : 0.00815918232347,0.00004613769332 & Score: -147301.022425
.Lambda : 0.00055652574111,0.00647927594036 Mu : 0.00817090094088,0.00005254933029 & Score: -147280.540014
.Lambda : 0.00054651626164,0.00634740398310 Mu : 0.00820854108506,0.00006657636241 & Score: -147237.157317
.Lambda : 0.00061301621948,0.00649866136920 Mu : 0.00817682429416,0.00007204230870 & Score: -147223.196250
.Lambda : 0.00065508687839,0.00644887991461 Mu : 0.00820058049397,0.00009529997344 & Score: -147160.504686
.Lambda : 0.00059374907561,0.00628189427805 Mu : 0.00823815661713,0.00009400033647 & Score: -147151.875949
.Lambda : 0.00059872845184,0.00607636430813 Mu : 0.00830114498619,0.00012392752532 & Score: -147059.780666
.Lambda : 0.00064792735389,0.00623991574173 Mu : 0.00826213550404,0.00012090351794 & Score: -147078.510182
.Lambda : 0.00062330466259,0.00591827881845 Mu : 0.00835383194483,0.00015507512820 & Score: -146967.943792
.Lambda : 0.00063454458873,0.00555841665000 Mu : 0.00846456337234,0.00020847341163 & Score: -146808.977263
.Lambda : 0.00072162737478,0.00581438432413 Mu : 0.00840567109322,0.00020772585176 & Score: -146840.848651
.Lambda : 0.00064632700623,0.00539566059739 Mu : 0.00851617698392,0.00023521517988 & Score: -146731.929694
.Lambda : 0.00064194707015,0.00486905093878 Mu : 0.00867397522889,0.00030517278311 & Score: -146526.878976
.Lambda : 0.00065049638887,0.00491919236878 Mu : 0.00866054183628,0.00030174626796 & Score: -146538.676187
.Lambda : 0.00072557925943,0.00450415783272 Mu : 0.00880123077917,0.00038763163191 & Score: -146318.617990
.Lambda : 0.00078900466322,0.00371805459501 Mu : 0.00905127367567,0.00051948368520 & Score: -145987.457121
.Lambda : 0.00063636898070,0.00371797295216 Mu : 0.00901950596337,0.00045971222219 & Score: -146096.255063
.Lambda : 0.00072436396273,0.00305371877737 Mu : 0.00923808497977,0.00058458406760 & Score: -145788.399771
.Lambda : 0.00076927364973,0.00180136984105 Mu : 0.00962484578348,0.00077263939559 & Score: -145339.691824
.Lambda : 0.00076780079303,0.00213403179472 Mu : 0.00952425848943,0.00072675777508 & Score: -145449.159012
.Lambda : 0.00083927697319,0.00081666365269 Mu : 0.00993596672708,0.00093412375593 & Score: -145000.589541
.Lambda : 0.00093794192472,-0.00120952999035 Mu : 0.01056696247617,0.00124859924234 & Score: -inf
.Lambda : 0.00094630905889,0.00051708698958 Mu : 0.01004866637445,0.00101679008371 & Score: -144882.632046
.Lambda : 0.00110127909798,-0.00108335599171 Mu : 0.01056324657999,0.00129532901446 & Score: -inf
.Lambda : 0.00087232557420,-0.00108347845599 Mu : 0.01051559501155,0.00120567181995 & Score: -inf
.Lambda : 0.00085149534646,0.00011690480676 Mu : 0.01014951467758,0.00103412478626 & Score: -144790.629795
.Lambda : 0.00093537672110,-0.00050801914967 Mu : 0.01035523829187,0.00115208123566 & Score: -inf
.Lambda : 0.00089348273908,0.00015249358642 Mu : 0.01014749334126,0.00104575037051 & Score: -144788.324103
.Lambda : 0.00099600840908,-0.00099979532333 Mu : 0.01051597477670,0.00124275510262 & Score: -inf
.Lambda : 0.00093932471924,-0.00029950403223 Mu : 0.01029319252840,0.00112522617586 & Score: -inf
.Lambda : 0.00087248904277,0.00013469919659 Mu : 0.01014850400942,0.00103993757839 & Score: -144789.075877
.Lambda : 0.00091989589899,0.00033479028800 Mu : 0.01009807985785,0.00103127022711 & Score: -144834.614222
.Lambda : 0.00086637985614,0.00048457861956 Mu : 0.01004173003417,0.00098993706322 & Score: -144892.475753
.Lambda : 0.00083137819441,0.00097693171374 Mu : 0.00988616956237,0.00090919488305 & Score: -145052.199115
.Lambda : 0.00094474557408,-0.00042365086845 Mu : 0.01033173405898,0.00114425273657 & Score: -inf
.Lambda : 0.00091640372916,-0.00007350522290 Mu : 0.01022034293483,0.00108548827319 & Score: -inf
.Lambda : 0.00088298589093,0.00014359639151 Mu : 0.01014799867534,0.00104284397445 & Score: -144788.599542
.Lambda : 0.00090668931903,0.00024364193721 Mu : 0.01012278659956,0.00103851029881 & Score: -144811.243867
.Lambda : 0.00087993129761,0.00031853610299 Mu : 0.01009461168771,0.00101784371687 & Score: -144839.909816
.Lambda : 0.00086243046674,0.00056471265008 Mu : 0.01001683145181,0.00097747262678 & Score: -144917.373847
.Lambda : 0.00091911415658,-0.00013557864101 Mu : 0.01023961370012,0.00109500155354 & Score: -inf
.Lambda : 0.00090494323412,0.00003949418176 Mu : 0.01018391813804,0.00106561932185 & Score: -144753.228142
.Lambda : 0.00091411929397,-0.00002892305454 Mu : 0.01020648668939,0.00107851826595 & Score: -inf
.Lambda : 0.00090557229488,0.00005794173484 Mu : 0.01017851793897,0.00106334962868 & Score: -144758.327720
.Lambda : 0.00088680276047,-0.00004687898995 Mu : 0.01020617744725,0.00107027134893 & Score: -inf
.Lambda : 0.00089177440011,0.00002575124184 Mu : 0.01018532973532,0.00106233108640 & Score: -144752.614532
.Lambda : 0.00091490044317,-0.00000575601907 Mu : 0.01019963090146,0.00107568122927 & Score: -inf
.Lambda : 0.00090692180511,0.00003158208357 Mu : 0.01018672284493,0.00106747191557 & Score: -144750.516851
.Lambda : 0.00091112312803,-0.00007510896541 Mu : 0.01021975098737,0.00108363560573 & Score: -inf
.Lambda : 0.00090671303080,-0.00001820832745 Mu : 0.01020168657584,0.00107416429693 & Score: -inf
.Lambda : 0.00089934810261,0.00002866666271 Mu : 0.01018602629013,0.00106490150099 & Score: -144751.515074
.Lambda : 0.00090593251962,0.00003553813267 Mu : 0.01018532049149,0.00106654561871 & Score: -144751.871425
.Lambda : 0.00090624705000,0.00004476190921 Mu : 0.01018262039195,0.00106541077212 & Score: -144754.419939
.Lambda : 0.00090020227210,0.00009203783500 Mu : 0.01016710809309,0.00105661114304 & Score: -144769.336726
.Lambda : 0.00090902246657,-0.00002176344092 Mu : 0.01020323691615,0.00107555376065 & Score: -inf
.Lambda : 0.00090681741795,0.00000668687806 Mu : 0.01019420471039,0.00107081810625 & Score: -144743.481032
.Lambda : 0.00090326287265,0.00000647496929 Mu : 0.01019351677652,0.00106945779863 & Score: -144744.262963
.Lambda : 0.00090224257955,0.00000116716415 Mu : 0.01019491481949,0.00106977904201 & Score: -144743.007844
.Lambda : 0.00090039760951,-0.00001601832011 Mu : 0.01019971198350,0.00107139575366 & Score: -inf
.Lambda : 0.00091027423502,-0.00000571111517 Mu : 0.01019865328554,0.00107386193024 & Score: -inf
.Lambda : 0.00090754270192,0.00000288332930 Mu : 0.01019549653668,0.00107162182293 & Score: -144742.233452
.Lambda : 0.00090301098092,-0.00002297591317 Mu : 0.01020234357661,0.00107336646934 & Score: -inf
.Lambda : 0.00090398868697,-0.00000933641398 Mu : 0.01019843839369,0.00107189283090 & Score: -inf
.Lambda : 0.00090489264073,0.00000202524673 Mu : 0.01019520567809,0.00107070043247 & Score: -144742.614515
.Lambda : 0.00090718005994,0.00000478510368 Mu : 0.01019485062353,0.00107121996459 & Score: -144742.857080
.Lambda : 0.00090540278728,0.00000467914930 Mu : 0.01019450665660,0.00107053981078 & Score: -144743.244117
.Lambda : 0.00090723225352,0.00001723270644 Mu : 0.01019110969081,0.00106954686925 & Score: -144746.372831
.Lambda : 0.00090527684142,-0.00001004629194 Mu : 0.01019892005665,0.00107249414613 & Score: -inf
.Lambda : 0.00090576569444,-0.00000322654234 Mu : 0.01019696746519,0.00107175732691 & Score: -inf
.Lambda : 0.00090621767133,0.00000245428801 Mu : 0.01019535110739,0.00107116112770 & Score: -144742.422454
.Lambda : 0.00090736138093,0.00000383421649 Mu : 0.01019517358011,0.00107142089376 & Score: -144742.545226
.Lambda : 0.00090647274460,0.00000378123930 Mu : 0.01019500159664,0.00107108081685 & Score: -144742.737764
.Lambda : 0.00090738747772,0.00001005801787 Mu : 0.01019330311374,0.00107058434609 & Score: -144744.302562
.Lambda : 0.00090640977167,-0.00000358148132 Mu : 0.01019720829666,0.00107205798453 & Score: -inf
.Lambda : 0.00090665419818,-0.00000017160652 Mu : 0.01019623200093,0.00107168957492 & Score: -inf
.Lambda : 0.00090688018662,0.00000266880866 Mu : 0.01019542382203,0.00107139147531 & Score: -144742.327571
.Lambda : 0.00090745204142,0.00000335877289 Mu : 0.01019533505840,0.00107152135834 & Score: -144742.389329
.Lambda : 0.00090700772326,0.00000333228430 Mu : 0.01019524906666,0.00107135131989 & Score: -144742.485353
.Lambda : 0.00090746508982,0.00000647067358 Mu : 0.01019439982521,0.00107110308451 & Score: -144743.267862
.Lambda : 0.00090697623679,-0.00000034907601 Mu : 0.01019635241667,0.00107183990373 & Score: -inf
.Lambda : 0.00090709845005,0.00000135586139 Mu : 0.01019586426881,0.00107165569892 & Score: -144741.904477
.Lambda : 0.00090747896675,0.00000180110182 Mu : 0.01019581077630,0.00107174385786 & Score: -144741.942042
.Lambda : 0.00090704811125,0.00000099577769 Mu : 0.01019596264352,0.00107168506917 & Score: -144741.814399
.Lambda : 0.00090684614616,-0.00000018571991 Mu : 0.01019627643608,0.00107176692458 & Score: -inf
.Lambda : 0.00090770392836,0.00000084922644 Mu : 0.01019614329062,0.00107196174913 & Score: -144741.619844
.Lambda : 0.00090811579923,-0.00000006056466 Mu : 0.01019650302491,0.00107224688604 & Score: -inf
.Lambda : 0.00090712202628,-0.00000038234563 Mu : 0.01019639395294,0.00107190136462 & Score: -inf
.Lambda : 0.00090722719519,0.00000043407310 Mu : 0.01019616959887,0.00107183147919 & Score: -144741.613508
.Lambda : 0.00090705987568,0.00000001636749 Mu : 0.01019625912461,0.00107182314035 & Score: -144741.534041
.Lambda : 0.00090685033014,-0.00000087599967 Mu : 0.01019648329877,0.00107186278159 & Score: -inf
.Lambda : 0.00090742110519,-0.00000020813903 Mu : 0.01019640306000,0.00107199502000 & Score: -inf
.Lambda : 0.00090734044140,0.00000018286108 Mu : 0.01019626836220,0.00107191018973 & Score: -144741.515863
.Lambda : 0.00090761760907,-0.00000025451363 Mu : 0.01019645754464,0.00107207821003 & Score: -inf
.Lambda : 0.00090747523461,0.00000005805920 Mu : 0.01019633381936,0.00107197992481 & Score: -144741.449006
.Lambda : 0.00090684744508,-0.00000050354601 Mu : 0.01019637216190,0.00107181061791 & Score: -inf
.Lambda : 0.00090706156590,-0.00000016535290 Mu : 0.01019631494408,0.00107184840072 & Score: -inf
.Lambda : 0.00090740783801,0.00000012046014 Mu : 0.01019630109078,0.00107194505727 & Score: -144741.482430
.Lambda : 0.00090726755514,0.00000003721334 Mu : 0.01019629647198,0.00107190153258 & Score: -144741.491486
.Lambda : 0.00090735121490,0.00000024606615 Mu : 0.01019625170912,0.00107190570200 & Score: -144741.531243
.Lambda : 0.00090758958148,0.00000045364282 Mu : 0.01019623855499,0.00107197083697 & Score: -144741.534413
.Lambda : 0.00090716133985,-0.00000022274340 Mu : 0.01019635299063,0.00107189527136 & Score: -inf
.Lambda : 0.00090726840026,-0.00000005364685 Mu : 0.01019632438172,0.00107191416277 & Score: -inf
.Lambda : 0.00090744153631,0.00000008925967 Mu : 0.01019631745507,0.00107196249104 & Score: -144741.465717
.Lambda : 0.00090737139488,0.00000004763627 Mu : 0.01019631514567,0.00107194072870 & Score: -144741.470236
.Lambda : 0.00090741322476,0.00000015206267 Mu : 0.01019629276424,0.00107194281341 & Score: -144741.490121
.Lambda : 0.00090753240805,0.00000025585101 Mu : 0.01019628618717,0.00107197538089 & Score: -144741.491706
.Lambda : 0.00090731828723,-0.00000008234210 Mu : 0.01019634340499,0.00107193759809 & Score: -inf
.Lambda : 0.00090737181743,0.00000000220618 Mu : 0.01019632910054,0.00107194704379 & Score: -144741.457308
.Lambda : 0.00090741676686,-0.00000005348202 Mu : 0.01019635499608,0.00107197228076 & Score: -inf
.Lambda : 0.00090741588133,-0.00000000209584 Mu : 0.01019633943812,0.00107196491392 & Score: -inf
.Lambda : 0.00090742352602,0.00000003013269 Mu : 0.01019633145995,0.00107196348430 & Score: -144741.453154
.Lambda : 0.00090745838546,0.00000007365943 Mu : 0.01019632563721,0.00107197120793 & Score: -144741.457361
.Lambda : 0.00090742331474,0.00000005284774 Mu : 0.01019632448251,0.00107196032676 & Score: -144741.459619
.Lambda : 0.00090744422968,0.00000010506094 Mu : 0.01019631329180,0.00107196136911 & Score: -144741.469562
.Lambda : 0.00090744600074,0.00000000228859 Mu : 0.01019634440772,0.00107197610279 & Score: -144741.440007
.Lambda : 0.00090744688626,-0.00000004909758 Mu : 0.01019635996568,0.00107198346963 & Score: -inf
.Lambda : 0.00090747825867,0.00000002922222 Mu : 0.01019634317961,0.00107198503316 & Score: -144741.440146
.Lambda : 0.00090745312456,-0.00000001380809 Mu : 0.01019635079610,0.00107198106460 & Score: -inf
.Lambda : 0.00090745443979,0.00000000805879 Mu : 0.01019634450638,0.00107197860044 & Score: -144741.439686
.Lambda : 0.00090750344088,0.00000001868171 Mu : 0.01019635149658,0.00107199634630 & Score: -144741.431270
.Lambda : 0.00090754339831,0.00000001295623 Mu : 0.01019636151490,0.00107201277730 & Score: -144741.420333
.Lambda : 0.00090748581414,-0.00000003179628 Mu : 0.01019636298494,0.00107199633203 & Score: -inf
.Lambda : 0.00090748316926,-0.00000000933241 Mu : 0.01019635569355,0.00107199223022 & Score: -inf
.Lambda : 0.00090749891905,0.00000001050751 Mu : 0.01019635301064,0.00107199568887 & Score: -144741.430008
.Lambda : 0.00090749469952,0.00000000762241 Mu : 0.01019635296131,0.00107199444004 & Score: -144741.430168
.Lambda : 0.00090751082849,0.00000002108922 Mu : 0.01019635234725,0.00107199890523 & Score: -144741.430238
.Lambda : 0.00090750931646,0.00000003550771 Mu : 0.01019634766713,0.00107199635105 & Score: -144741.434668
.Lambda : 0.00090751460622,-0.00000000942003 Mu : 0.01019636224992,0.00107200455466 & Score: -inf
.Lambda : 0.00090751328378,0.00000000181191 Mu : 0.01019635860422,0.00107200250376 & Score: -144741.424195
.Lambda : 0.00090751432184,-0.00000000464020 Mu : 0.01019636069828,0.00107200379975 & Score: -inf
.Lambda : 0.00090751344850,0.00000000179216 Mu : 0.01019635861053,0.00107200257612 & Score: -144741.424144
.Lambda : 0.00090753982530,0.00000000591149 Mu : 0.01019636290884,0.00107201233298 & Score: -144741.419173
.Lambda : 0.00090756238818,0.00000000505604 Mu : 0.01019636788260,0.00107202127945 & Score: -144741.413676
.Lambda : 0.00090756734034,0.00000000030065 Mu : 0.01019637029548,0.00107202387945 & Score: -144741.411168
.Lambda : 0.00090760155099,-0.00000000480277 Mu : 0.01019637893791,0.00107203797474 & Score: -inf
.Lambda : 0.00090758000389,0.00000000824063 Mu : 0.01019637054753,0.00107202775240 & Score: -144741.410466
.Lambda : 0.00090761336394,0.00000001145499 Mu : 0.01019637651918,0.00107204037671 & Score: -144741.403605
.Lambda : 0.00090762979688,0.00000001309180 Mu : 0.01019637949556,0.00107204658033 & Score: -144741.400252
.Lambda : 0.00090768797107,0.00000001874162 Mu : 0.01019638993807,0.00107206858243 & Score: -144741.388314
.Lambda : 0.00090767213346,0.00000000482042 Mu : 0.01019639080277,0.00107206428173 & Score: -144741.388052
.Lambda : 0.00090773650104,0.00000000075252 Mu : 0.01019640544670,0.00107209003394 & Score: -144741.371922
.Lambda : 0.00090774020001,0.00000001056885 Mu : 0.01019640321712,0.00107209015682 & Score: -144741.373834
.Lambda : 0.00090782167769,0.00000002045834 Mu : 0.01019641726506,0.00107212069551 & Score: -144741.357693
.Lambda : 0.00090794884636,0.00000003053718 Mu : 0.01019644074984,0.00107216910354 & Score: -144741.330998
.Lambda : 0.00090794339531,0.00000001884509 Mu : 0.01019644315669,0.00107216856165 & Score: -144741.328960
.Lambda : 0.00090810841099,0.00000002254014 Mu : 0.01019647647544,0.00107223265412 & Score: -144741.291708
.Lambda : 0.00090807900813,0.00000001345773 Mu : 0.01019647300648,0.00107222239178 & Score: -144741.295942
.Lambda : 0.00090819618325,0.00000002307493 Mu : 0.01019649462211,0.00107226693487 & Score: -144741.271504
.Lambda : 0.00090842417487,0.00000002932796 Mu : 0.01019654032460,0.00107235532390 & Score: -144741.220475
.Lambda : 0.00090854371914,0.00000004717898 Mu : 0.01019655983148,0.00107239970273 & Score: -144741.197870
.Lambda : 0.00090894732819,0.00000007039222 Mu : 0.01019663702387,0.00107255453712 & Score: -144741.111268
.Lambda : 0.00090883061472,0.00000003732185 Mu : 0.01019662266535,0.00107251334992 & Score: -144741.128824
.Lambda : 0.00090907625626,0.00000006633335 Mu : 0.01019666523815,0.00107260554075 & Score: -144741.080435
.Lambda : 0.00090957488032,0.00000009277117 Mu : 0.01019676135398,0.00107279711524 & Score: -144740.973330
.Lambda : 0.00090978008806,0.00000009236646 Mu : 0.01019680420847,0.00107287750896 & Score: -144740.926159
.Lambda : 0.00091061592659,0.00000012727962 Mu : 0.01019696807498,0.00107319993638 & Score: -144740.745203
.Lambda : 0.00091056020005,0.00000013455446 Mu : 0.01019695423449,0.00107317714543 & Score: -144740.759948
.Lambda : 0.00091101855285,0.00000017517688 Mu : 0.01019703767831,0.00107335101717 & Score: -144740.667276
.Lambda : 0.00091211252191,0.00000024410440 Mu : 0.01019724518479,0.00107376985079 & Score: -144740.439610
.Lambda : 0.00091248443625,0.00000022896260 Mu : 0.01019732740025,0.00107391748680 & Score: -144740.351771
.Lambda : 0.00091425299028,0.00000030824780 Mu : 0.01019767258845,0.00107459896164 & Score: -144739.980130
.Lambda : 0.00091419593910,0.00000031432197 Mu : 0.01019765868737,0.00107457583189 & Score: -144739.994444
.Lambda : 0.00091502848890,0.00000036242243 Mu : 0.01019781803330,0.00107489514492 & Score: -144739.824342
.Lambda : 0.00091726263332,0.00000047635642 Mu : 0.01019824993270,0.00107575414467 & Score: -144739.369416
.Lambda : 0.00091829611571,0.00000054423568 Mu : 0.01019844512167,0.00107614945811 & Score: -144739.166159
.Lambda : 0.00092213621027,0.00000075271372 Mu : 0.01019918364501,0.00107762421898 & Score: -144738.414483
.Lambda : 0.00092181136457,0.00000068171555 Mu : 0.01019913724198,0.00107750672780 & Score: -144738.461995
.Lambda : 0.00092353566013,0.00000079519477 Mu : 0.01019946301670,0.00107816619465 & Score: -144738.137316
.Lambda : 0.00092820552065,0.00000103563117 Mu : 0.01020036518137,0.00107996137603 & Score: -144737.264199
.Lambda : 0.00093045487413,0.00000116496063 Mu : 0.01020079541209,0.00108082427209 & Score: -144736.860471
.Lambda : 0.00093855581605,0.00000159331705 Mu : 0.01020235682391,0.00108393692732 & Score: -144735.465701
.Lambda : 0.00093809182245,0.00000155533232 Mu : 0.01020227151343,0.00108376048040 & Score: -144735.538879
.Lambda : 0.00094168332013,0.00000178678157 Mu : 0.01020295133989,0.00108513477357 & Score: -144734.964150
.Lambda : 0.00095161929791,0.00000233931459 Mu : 0.01020485838884,0.00108894879646 & Score: -144733.458670
.Lambda : 0.00095610001826,0.00000250908385 Mu : 0.01020574230876,0.00109067957112 & Score: -144732.809303
.Lambda : 0.00097308192225,0.00000338726891 Mu : 0.01020902164064,0.00109720724719 & Score: -144730.697868
.Lambda : 0.00097246890868,0.00000340198526 Mu : 0.01020888900204,0.00109696534965 & Score: -144730.779699
.Lambda : 0.00097977115000,0.00000380561059 Mu : 0.01021029141428,0.00109976867991 & Score: -144730.005346
.Lambda : 0.00100061081377,0.00000493074972 Mu : 0.01021430136470,0.00110777277967 & Score: -144728.231842
.Lambda : 0.00101033465526,0.00000543634219 Mu : 0.01021617837420,0.00111151015916 & Score: -144727.618994
.Lambda : 0.00104622407486,0.00000735785476 Mu : 0.01022308914934,0.00112529677509 & Score: -144726.540025
.Lambda : 0.00104457356187,0.00000719961474 Mu : 0.01022279218952,0.00112467227934 & Score: -144726.530612
.Lambda : 0.00109105069385,0.00000962976482 Mu : 0.01023175908986,0.00114253402079 & Score: -144727.611148
.Lambda : 0.00105977627770,0.00000803575881 Mu : 0.01022571317006,0.00113050919099 & Score: -144726.581506
.Lambda : 0.00110251044186,0.00001037472010 Mu : 0.01023392629617,0.00114691826535 & Score: -144728.347488
.Lambda : 0.00097308192225,0.00000338726891 Mu : 0.01020902164064,0.00109720724719 & Score: -144730.697868
.Lambda : 0.00100543905215,0.00000513413171 Mu : 0.01021524780452,0.00110963500173 & Score: -144727.896870
.Lambda : 0.00107739566952,0.00000893293030 Mu : 0.01022911979202,0.00113728384391 & Score: -144727.005175
.Lambda : 0.00110854573983,0.00001062894759 Mu : 0.01023510934595,0.00114924604294 & Score: -144728.762456
.Lambda : 0.00108276906791,0.00000925524362 Mu : 0.01023014396059,0.00113934328264 & Score: -144727.228624
.Lambda : 0.00103121572407,0.00000650783568 Mu : 0.01022021318988,0.00111953776203 & Score: -144726.758474
.Lambda : 0.00101349914973,0.00000561760170 Mu : 0.01021678405738,0.00111272415982 & Score: -144727.453851
.Lambda : 0.00102947327968,0.00000644643385 Mu : 0.01021986799104,0.00111886408084 & Score: -144726.814560
.Lambda : 0.00106142153957,0.00000810409815 Mu : 0.01022603585836,0.00113114392289 & Score: -144726.599382
.Lambda : 0.00107478200293,0.00000884082755 Mu : 0.01022860199376,0.00113627332212 & Score: -144726.928140
.Lambda : 0.00106389043322,0.00000825757958 Mu : 0.01022650479279,0.00113208943210 & Score: -144726.647279
.Lambda : 0.00104210729378,0.00000709108365 Mu : 0.01022231039085,0.00112372165206 & Score: -144726.559602
.Lambda : 0.00103491906454,0.00000673805783 Mu : 0.01022091659152,0.00112095602585 & Score: -144726.681376
.Lambda : 0.00104154468330,0.00000707956791 Mu : 0.01022219640823,0.00112350300011 & Score: -144726.571093
.Lambda : 0.00102744852921,0.00000632830173 Mu : 0.01021948089891,0.00111808766230 & Score: -144726.871901
.Lambda : 0.00103553046633,0.00000675516600 Mu : 0.01022103896670,0.00112119304448 & Score: -144726.664593
.Lambda : 0.00104539881837,0.00000727873475 Mu : 0.01022294066943,0.00112498452722 & Score: -144726.534854
.Lambda : 0.00104334042783,0.00000714534920 Mu : 0.01022255129018,0.00112419696570 & Score: -144726.544066
.Lambda : 0.00104305912258,0.00000713959133 Mu : 0.01022249429888,0.00112408763973 & Score: -144726.549281
.Lambda : 0.00105217491978,0.00000761768678 Mu : 0.01022425267979,0.00112759073517 & Score: -144726.517071
.Lambda : 0.00104968474134,0.00000748110141 Mu : 0.01022377411558,0.00112663461399 & Score: -144726.512979
.Lambda : 0.00105299755072,0.00000765185645 Mu : 0.01022441402394,0.00112790810112 & Score: -144726.517176
.Lambda : 0.00105257559285,0.00000764321964 Mu : 0.01022432853698,0.00112774411216 & Score: -144726.519501
.Lambda : 0.00105410558956,0.00000769207653 Mu : 0.01022463309150,0.00112833634311 & Score: -144726.517115
.Lambda : 0.00105969685990,0.00000801742743 Mu : 0.01022570202241,0.00113048062287 & Score: -144726.576488
.Lambda : 0.00105591603539,0.00000781297426 Mu : 0.01022497456419,0.00112902853699 & Score: -144726.536139
.Lambda : 0.00105092983056,0.00000754939409 Mu : 0.01022401339769,0.00112711267458 & Score: -144726.513977
.Lambda : 0.00105189516545,0.00000758658897 Mu : 0.01022420360354,0.00112748547855 & Score: -144726.511748
.Lambda : 0.00105113016710,0.00000756216053 Mu : 0.01022405132628,0.00112718936307 & Score: -144726.514828
.Lambda : 0.00104712915161,0.00000734035808 Mu : 0.01022328315255,0.00112565344666 & Score: -144726.517352
.Lambda : 0.00105469080062,0.00000774926442 Mu : 0.01022473806900,0.00112855761843 & Score: -144726.527892
.Lambda : 0.00105280038837,0.00000764703783 Mu : 0.01022437433989,0.00112783157549 & Score: -144726.518015
.Lambda : 0.00105078995340,0.00000753384519 Mu : 0.01022398885956,0.00112706004627 & Score: -144726.511537
.Lambda : 0.00105141249801,0.00000756799153 Mu : 0.01022410850062,0.00112729907656 & Score: -144726.512705
.Lambda : 0.00105151266627,0.00000757437475 Mu : 0.01022412746491,0.00112733742081 & Score: -144726.513189
.Lambda : 0.00104951215853,0.00000746347352 Mu : 0.01022374337805,0.00112656946261 & Score: -144726.510701
.Lambda : 0.00105029222142,0.00000750157486 Mu : 0.01022389470597,0.00112686961118 & Score: -144726.509581
.Lambda : 0.00104968199899,0.00000746517491 Mu : 0.01022377832650,0.00112663570637 & Score: -144726.508533
.Lambda : 0.00104952714017,0.00000745654977 Mu : 0.01022374858321,0.00112657627033 & Score: -144726.508516
.Lambda : 0.00104858446126,0.00000740082888 Mu : 0.01022356862451,0.00112621486722 & Score: -144726.508227
.Lambda : 0.00104738912063,0.00000734507228 Mu : 0.01022333599077,0.00112575456268 & Score: -144726.513799
.Lambda : 0.00104851563184,0.00000740545146 Mu : 0.01022355289396,0.00112618729165 & Score: -144726.510705
.Lambda : 0.00104735717191,0.00000733361920 Mu : 0.01022333275195,0.00112574361765 & Score: -144726.511164
.Lambda : 0.00105078995340,0.00000753384519 Mu : 0.01022398885956,0.00112706004627 & Score: -144726.511537
.Lambda : 0.00104993175802,0.00000748378869 Mu : 0.01022382483266,0.00112673093911 & Score: -144726.509946
.Lambda : 0.00105033955656,0.00000750118155 Mu : 0.01022390468690,0.00112688819601 & Score: -144726.508775
.Lambda : 0.00104975672889,0.00000746201350 Mu : 0.01022379485724,0.00112666539175 & Score: -144726.506487
.Lambda : 0.00104987901407,0.00000746128348 Mu : 0.01022382059684,0.00112671335632 & Score: -144726.504410
.Lambda : 0.00104931075741,0.00000743044572 Mu : 0.01022371128472,0.00112649512384 & Score: -144726.504594
.Lambda : 0.00104838855930,0.00000737768495 Mu : 0.01022353472939,0.00112614133087 & Score: -144726.505065
.Lambda : 0.00104839939703,0.00000736994661 Mu : 0.01022353929122,0.00112614663275 & Score: -144726.502694
.Lambda : 0.00104775809605,0.00000732233246 Mu : 0.01022341977359,0.00112590209594 & Score: -144726.500612
.Lambda : 0.00104908375216,0.00000739504442 Mu : 0.01022367456775,0.00112641108627 & Score: -144726.498291
.Lambda : 0.00104933339761,0.00000739215219 Mu : 0.01022372753937,0.00112650919579 & Score: -144726.493450
.Lambda : 0.00104975207327,0.00000742542197 Mu : 0.01022380486787,0.00112666855508 & Score: -144726.496249
.Lambda : 0.00104905053308,0.00000737014933 Mu : 0.01022367510411,0.00112640147772 & Score: -144726.491819
.Lambda : 0.00104892042092,0.00000734000113 Mu : 0.01022365701381,0.00112635465467 & Score: -144726.485466
.Lambda : 0.00104800297986,0.00000727867040 Mu : 0.01022348400048,0.00112600389442 & Score: -144726.483921
.Lambda : 0.00104706496275,0.00000718736385 Mu : 0.01022331570229,0.00112564916348 & Score: -144726.475469
.Lambda : 0.00104977733122,0.00000735013712 Mu : 0.01022383278808,0.00112668868856 & Score: -144726.474660
.Lambda : 0.00105078694881,0.00000736403945 Mu : 0.01022403929533,0.00112708198487 & Score: -144726.463759
.Lambda : 0.00104830079178,0.00000721635634 Mu : 0.01022356490754,0.00112612894432 & Score: -144726.461144
.Lambda : 0.00104757515104,0.00000711182352 Mu : 0.01022344492737,0.00112585913894 & Score: -144726.444662
.Lambda : 0.00104784034415,0.00000710946179 Mu : 0.01022350093004,0.00112596327519 & Score: -144726.439171
.Lambda : 0.00104709381743,0.00000696811658 Mu : 0.01022338762537,0.00112569031489 & Score: -144726.413164
.Lambda : 0.00104734001909,0.00000697567057 Mu : 0.01022343676137,0.00112578564642 & Score: -144726.410659
.Lambda : 0.00104654981818,0.00000679350529 Mu : 0.01022332663516,0.00112550114230 & Score: -144726.374526
.Lambda : 0.00104893790497,0.00000693137857 Mu : 0.01022378353932,0.00112641712702 & Score: -144726.370097
.Lambda : 0.00104987437608,0.00000680338594 Mu : 0.01022401745783,0.00112680110880 & Score: -144726.319203
.Lambda : 0.00104475963255,0.00000647437621 Mu : 0.01022304902753,0.00112484386759 & Score: -144726.322166
.Lambda : 0.00104656367108,0.00000640786849 Mu : 0.01022344544558,0.00112555907785 & Score: -144726.265632
.Lambda : 0.00104605793110,0.00000605589098 Mu : 0.01022344570468,0.00112540904730 & Score: -144726.176637
.Lambda : 0.00104652706153,0.00000609546263 Mu : 0.01022353178723,0.00112558726811 & Score: -144726.178374
.Lambda : 0.00104705968245,0.00000592105258 Mu : 0.01022369535348,0.00112581950360 & Score: -144726.118919
.Lambda : 0.00104731461459,0.00000548482623 Mu : 0.01022387971264,0.00112597868425 & Score: -144725.991258
.Lambda : 0.00105012735910,0.00000574540667 Mu : 0.01022438830366,0.00112704418663 & Score: -144726.017455
.Lambda : 0.00104513910708,0.00000488740732 Mu : 0.01022360529627,0.00112520848434 & Score: -144725.866860
.Lambda : 0.00104277147258,0.00000392941801 Mu : 0.01022339921549,0.00112441217211 & Score: -144725.652110
.Lambda : 0.00104660862716,0.00000451230831 Mu : 0.01022402468101,0.00112583477704 & Score: -144725.730887
.Lambda : 0.00104735310561,0.00000378008863 Mu : 0.01022440025172,0.00112622586272 & Score: -144725.510470
.Lambda : 0.00104800069286,0.00000264218746 Mu : 0.01022487752524,0.00112663427043 & Score: -144725.178311
.Lambda : 0.00104222034450,0.00000253896334 Mu : 0.01022370226353,0.00112438576528 & Score: -144725.274425
.Lambda : 0.00104248595396,0.00000132661233 Mu : 0.01022412213000,0.00112465480819 & Score: -144724.926250
.Lambda : 0.00104007162365,-0.00000075249462 Mu : 0.01022424333867,0.00112399287015 & Score: -inf
.Lambda : 0.00104113060479,0.00000070628225 Mu : 0.01022402588613,0.00112420873097 & Score: -144724.787039
.Lambda : 0.00103839159361,-0.00000119673078 Mu : 0.01022402648868,0.00112339570794 & Score: -inf
.Lambda : 0.00104414732548,-0.00000032239532 Mu : 0.01022496468695,0.00112552961532 & Score: -inf
.Lambda : 0.00104380336225,0.00000074055801 Mu : 0.01022457331909,0.00112525025452 & Score: -144724.729195
.Lambda : 0.00104548996244,0.00000016885669 Mu : 0.01022509716669,0.00112598826677 & Score: -144724.530681
.Lambda : 0.00104712477141,-0.00000101619663 Mu : 0.01022579461828,0.00112678951751 & Score: -inf
.Lambda : 0.00103845424886,-0.00000117103282 Mu : 0.01022403172571,0.00112341675979 & Score: -inf
.Lambda : 0.00104084085986,-0.00000021772775 Mu : 0.01022424317559,0.00112422113745 & Score: -inf
.Lambda : 0.00104464666235,0.00000045470735 Mu : 0.01022483524289,0.00112561926064 & Score: -144724.629448
.Lambda : 0.00104331028362,0.00000043756947 Mu : 0.01022456152641,0.00112509849887 & Score: -144724.655597
.Lambda : 0.00104398795820,0.00000074773451 Mu : 0.01022460964834,0.00112532153748 & Score: -144724.726907
.Lambda : 0.00104674532765,0.00000140552207 Mu : 0.01022498734597,0.00112631126860 & Score: -144724.853425
.Lambda : 0.00104197210565,-0.00000050108807 Mu : 0.01022456444620,0.00112470251328 & Score: -inf
.Lambda : 0.00104316541115,-0.00000002443553 Mu : 0.01022467017114,0.00112510470211 & Score: -inf
.Lambda : 0.00104506831239,0.00000031178202 Mu : 0.01022496620479,0.00112580376371 & Score: -144724.579942
.Lambda : 0.00104440012303,0.00000030321308 Mu : 0.01022482934655,0.00112554338282 & Score: -144724.592325
.Lambda : 0.00104473896032,0.00000045829560 Mu : 0.01022485340752,0.00112565490212 & Score: -144724.628405
.Lambda : 0.00104611764504,0.00000078718938 Mu : 0.01022504225633,0.00112614976769 & Score: -144724.691785
.Lambda : 0.00104373103404,-0.00000016611569 Mu : 0.01022483080645,0.00112534539003 & Score: -inf
.Lambda : 0.00104432768679,0.00000007221058 Mu : 0.01022488366892,0.00112554648444 & Score: -144724.528924
.Lambda : 0.00104490408201,-0.00000003026442 Mu : 0.01022503478596,0.00112578604675 & Score: -inf
.Lambda : 0.00104486280158,0.00000009187559 Mu : 0.01022498944135,0.00112575326059 & Score: -144724.522515
.Lambda : 0.00104547425858,0.00000001914936 Mu : 0.01022513889433,0.00112600250493 & Score: -144724.488865
.Lambda : 0.00104601132635,-0.00000012288250 Mu : 0.01022529366821,0.00112623206599 & Score: -inf
.Lambda : 0.00104500904230,-0.00000013573591 Mu : 0.01022508838085,0.00112584149466 & Score: -inf
.Lambda : 0.00104502385983,-0.00000002385643 Mu : 0.01022505783684,0.00112583206192 & Score: -inf
.Lambda : 0.00104516853008,0.00000005551247 Mu : 0.01022506416784,0.00112587788276 & Score: -144724.505626
.Lambda : 0.00104490097269,0.00000004567997 Mu : 0.01022501128162,0.00112577449469 & Score: -144724.508670
.Lambda : 0.00104548211051,0.00000009400302 Mu : 0.01022511803051,0.00112599538585 & Score: -144724.509773
.Lambda : 0.00104527128548,0.00000016546569 Mu : 0.01022505254956,0.00112590313432 & Score: -144724.534375
.Lambda : 0.00104524165044,-0.00000005829328 Mu : 0.01022511363759,0.00112592199980 & Score: -inf
.Lambda : 0.00104524905920,-0.00000000235353 Mu : 0.01022509836558,0.00112591728343 & Score: -inf
.Lambda : 0.00104532139433,0.00000003733092 Mu : 0.01022510153108,0.00112594019385 & Score: -144724.497229
.Lambda : 0.00104518761563,0.00000003241466 Mu : 0.01022507508797,0.00112588849981 & Score: -144724.498711
.Lambda : 0.00104547818454,0.00000005657619 Mu : 0.01022512846242,0.00112599894539 & Score: -144724.499319
.Lambda : 0.00104537277203,0.00000009230752 Mu : 0.01022509572194,0.00112595281963 & Score: -144724.511613
.Lambda : 0.00104535795451,-0.00000001957196 Mu : 0.01022512626596,0.00112596225237 & Score: -inf
.Lambda : 0.00104536165889,0.00000000839791 Mu : 0.01022511862995,0.00112595989418 & Score: -144724.488225
.Lambda : 0.00104519427917,-0.00000000792977 Mu : 0.01022508860925,0.00112589660099 & Score: -inf
.Lambda : 0.00104526525551,0.00000000819672 Mu : 0.01022509857254,0.00112592218709 & Score: -144724.490227
.Lambda : 0.00104552366802,0.00000000412279 Mu : 0.01022515372598,0.00112602389022 & Score: -144724.483593
.Lambda : 0.00104569169422,-0.00000001002314 Mu : 0.01022519304498,0.00112609158542 & Score: -inf
.Lambda : 0.00104549102617,-0.00000001739752 Mu : 0.01022515338032,0.00112601404436 & Score: -inf
.Lambda : 0.00104544861821,-0.00000000371541 Mu : 0.01022514041801,0.00112599558174 & Score: -inf
.Lambda : 0.00104544266346,0.00000000626035 Mu : 0.01022513617797,0.00112599189220 & Score: -144724.485905
.Lambda : 0.00104549896330,0.00000001163608 Mu : 0.01022514631015,0.00112601319758 & Score: -144724.486228
.Lambda : 0.00104539446177,0.00000000615976 Mu : 0.01022512614926,0.00112597303866 & Score: -144724.486898
.Lambda : 0.00104542253118,0.00000002072685 Mu : 0.01022512762853,0.00112598204203 & Score: -144724.490404
.Lambda : 0.00104550734710,-0.00000000663737 Mu : 0.01022515355315,0.00112601896729 & Score: -inf
.Lambda : 0.00104548614312,0.00000000020369 Mu : 0.01022514707199,0.00112600973598 & Score: -144724.483280
.Lambda : 0.00104558125718,0.00000000495170 Mu : 0.01022516549378,0.00112604631933 & Score: -144724.482615
.Lambda : 0.00104567465489,0.00000000434767 Mu : 0.01022518516605,0.00112608295967 & Score: -144724.480492
.Lambda : 0.00104556460144,-0.00000000416883 Mu : 0.01022516476084,0.00112604104145 & Score: -inf
.Lambda : 0.00104554819191,-0.00000000021760 Mu : 0.01022516014817,0.00112603408048 & Score: -inf
.Lambda : 0.00104558039900,0.00000000227568 Mu : 0.01022516611902,0.00112604634782 & Score: -144724.481880
.Lambda : 0.00104559916146,0.00000000423523 Mu : 0.01022516944601,0.00112605342494 & Score: -144724.482038
.Lambda : 0.00104555865917,0.00000000530401 Mu : 0.01022516067201,0.00112603742593 & Score: -144724.483189
.Lambda : 0.00104558680909,0.00000000799187 Mu : 0.01022516573810,0.00112604807862 & Score: -144724.483355
.Lambda : 0.00104561962816,0.00000000008942 Mu : 0.01022517496344,0.00112606200056 & Score: -144724.480443
.Lambda : 0.00104563603770,-0.00000000386181 Mu : 0.01022517957611,0.00112606896153 & Score: -inf
.Lambda : 0.00104567826258,0.00000000016999 Mu : 0.01022518717525,0.00112608494056 & Score: -144724.479241
.Lambda : 0.00104573806429,-0.00000000239702 Mu : 0.01022520042688,0.00112610869788 & Score: -inf
.Lambda : 0.00104567731086,-0.00000000079385 Mu : 0.01022518726587,0.00112608469936 & Score: -inf
.Lambda : 0.00104565777351,0.00000000046342 Mu : 0.01022518281091,0.00112607688076 & Score: -144724.479751
.Lambda : 0.00104573476057,0.00000000025957 Mu : 0.01022519893880,0.00112610704295 & Score: -144724.478090
.Lambda : 0.00104581194135,-0.00000000074849 Mu : 0.01022521534870,0.00112613739052 & Score: -inf
.Lambda : 0.00104567055753,-0.00000000385647 Mu : 0.01022518677816,0.00112608247275 & Score: -inf
.Lambda : 0.00104567158187,-0.00000000180544 Mu : 0.01022518637513,0.00112608259448 & Score: -inf
.Lambda : 0.00104570651158,0.00000000021478 Mu : 0.01022519305703,0.00112609599176 & Score: -144724.478665
.Lambda : 0.00104569626704,0.00000000036149 Mu : 0.01022519087486,0.00112609196185 & Score: -144724.478919
.Lambda : 0.00104567719437,0.00000000017449 Mu : 0.01022518695112,0.00112608452176 & Score: -144724.479264
.Lambda : 0.00104570470773,0.00000000230362 Mu : 0.01022519205243,0.00112609500131 & Score: -144724.479290
.Lambda : 0.00104570265905,-0.00000000179845 Mu : 0.01022519285848,0.00112609475785 & Score: -inf
.Lambda : 0.00104570317122,-0.00000000077293 Mu : 0.01022519265697,0.00112609481871 & Score: -inf
.Lambda : 0.00104572063607,0.00000000023717 Mu : 0.01022519599792,0.00112610151735 & Score: -144724.478377
.Lambda : 0.00104571551380,0.00000000031053 Mu : 0.01022519490683,0.00112609950240 & Score: -144724.478505
.Lambda : 0.00104570597747,0.00000000021703 Mu : 0.01022519294496,0.00112609578235 & Score: -144724.478677
.Lambda : 0.00104571973415,0.00000000128159 Mu : 0.01022519549562,0.00112610102213 & Score: -144724.478690
.Lambda : 0.00104571870981,-0.00000000076944 Mu : 0.01022519589864,0.00112610090040 & Score: -inf
.Lambda : 0.00104571896589,-0.00000000025668 Mu : 0.01022519579789,0.00112610093083 & Score: -inf
.Lambda : 0.00104572769832,0.00000000024837 Mu : 0.01022519746836,0.00112610428015 & Score: -144724.478234
.Lambda : 0.00104572513719,0.00000000028505 Mu : 0.01022519692282,0.00112610327268 & Score: -144724.478297
.Lambda : 0.00104572036902,0.00000000023830 Mu : 0.01022519594188,0.00112610141265 & Score: -144724.478383
.Lambda : 0.00104572724736,0.00000000077058 Mu : 0.01022519721721,0.00112610403254 & Score: -144724.478390
.Lambda : 0.00104572673519,-0.00000000025494 Mu : 0.01022519741872,0.00112610397168 & Score: -inf
.Lambda : 0.00104572686323,0.00000000000144 Mu : 0.01022519736835,0.00112610398689 & Score: -144724.478182
.Lambda : 0.00104573686064,0.00000000015891 Mu : 0.01022519940728,0.00112610787868 & Score: -144724.478018
.Lambda : 0.00104574510644,0.00000000011922 Mu : 0.01022520113998,0.00112611111170 & Score: -144724.477836
.Lambda : 0.00104574207710,0.00000000002925 Mu : 0.01022520053493,0.00112610993817 & Score: -144724.477873
.Lambda : 0.00104574670535,-0.00000000004363 Mu : 0.01022520152267,0.00112611175970 & Score: -inf
.Lambda : 0.00104574195359,0.00000000002937 Mu : 0.01022520050909,0.00112610988982 & Score: -144724.477876
.Lambda : 0.00104575508562,0.00000000021727 Mu : 0.01022520319305,0.00112611500443 & Score: -144724.477656
.Lambda : 0.00104576919681,0.00000000032518 Mu : 0.01022520610541,0.00112612051319 & Score: -144724.477394
.Lambda : 0.00104576440640,-0.00000000000806 Mu : 0.01022520520590,0.00112611868349 & Score: -inf
.Lambda : 0.00104575699495,0.00000000005885 Mu : 0.01022520363912,0.00112611577336 & Score: -144724.477572
.Lambda : 0.00104576473406,0.00000000023688 Mu : 0.01022520520063,0.00112611877839 & Score: -144724.477462
.Lambda : 0.00104577593903,0.00000000034081 Mu : 0.01022520750764,0.00112612315015 & Score: -144724.477259
.Lambda : 0.00104579287000,0.00000000049659 Mu : 0.01022521099400,0.00112612975614 & Score: -144724.476952
.Lambda : 0.00104579679147,0.00000000043953 Mu : 0.01022521182960,0.00112613129884 & Score: -144724.476855
.Lambda : 0.00104582263398,0.00000000059968 Mu : 0.01022521717442,0.00112614139241 & Score: -144724.476366
.Lambda : 0.00104581772248,0.00000000077031 Mu : 0.01022521609810,0.00112613944672 & Score: -144724.476516
.Lambda : 0.00104583647758,0.00000000085900 Mu : 0.01022521998533,0.00112614677584 & Score: -144724.476153
.Lambda : 0.00104587234934,0.00000000117006 Mu : 0.01022522737769,0.00112616077456 & Score: -144724.475502
.Lambda : 0.00104588359109,0.00000000119315 Mu : 0.01022522971669,0.00112616517172 & Score: -144724.475277
.Lambda : 0.00104594078822,0.00000000162713 Mu : 0.01022524152234,0.00112618750099 & Score: -144724.474225
.Lambda : 0.00104593387700,0.00000000158700 Mu : 0.01022524009227,0.00112618480120 & Score: -144724.474355
.Lambda : 0.00104596710179,0.00000000172162 Mu : 0.01022524698525,0.00112619778786 & Score: -144724.473713
.Lambda : 0.00104604179145,0.00000000219728 Mu : 0.01022526242883,0.00112622695844 & Score: -144724.472323
.Lambda : 0.00104607176903,0.00000000269106 Mu : 0.01022526853615,0.00112623862518 & Score: -144724.471853
.Lambda : 0.00104619633656,0.00000000373675 Mu : 0.01022529421701,0.00112628724156 & Score: -144724.469628
.Lambda : 0.00104618404728,0.00000000340402 Mu : 0.01022529175253,0.00112628247653 & Score: -144724.469782
.Lambda : 0.00104624760475,0.00000000389559 Mu : 0.01022530486808,0.00112630728756 & Score: -144724.468642
.Lambda : 0.00104640446862,0.00000000504988 Mu : 0.01022533725599,0.00112636853074 & Score: -144724.465835
.Lambda : 0.00104647253373,0.00000000556683 Mu : 0.01022535130485,0.00112639510264 & Score: -144724.464632
.Lambda : 0.00104673840648,0.00000000753668 Mu : 0.01022540619610,0.00112649890347 & Score: -144724.459980
.Lambda : 0.00104671983802,0.00000000766638 Mu : 0.01022540228199,0.00112649161771 & Score: -144724.460377
.Lambda : 0.00104684547756,0.00000000859082 Mu : 0.01022542822301,0.00112654067021 & Score: -144724.458208
.Lambda : 0.00104717619270,0.00000001118423 Mu : 0.01022549645825,0.00112666976705 & Score: -144724.452644
.Lambda : 0.00104732311635,0.00000001198183 Mu : 0.01022552687915,0.00112672716793 & Score: -144724.450121
.Lambda : 0.00104788650625,0.00000001610438 Mu : 0.01022564321023,0.00112694713111 & Score: -144724.441016
.Lambda : 0.00104785600311,0.00000001619595 Mu : 0.01022563681729,0.00112693517894 & Score: -144724.441586
.Lambda : 0.00104810871625,0.00000001784424 Mu : 0.01022568905894,0.00112703387258 & Score: -144724.437575
.Lambda : 0.00104880315537,0.00000002293317 Mu : 0.01022583244742,0.00112730500001 & Score: -144724.427158
.Lambda : 0.00104912252224,0.00000002567219 Mu : 0.01022589827049,0.00112742963509 & Score: -144724.422699
.Lambda : 0.00105031458011,0.00000003473994 Mu : 0.01022614430769,0.00112789500089 & Score: -144724.406954
.Lambda : 0.00105025392972,0.00000003380249 Mu : 0.01022613193306,0.00112787138842 & Score: -144724.407574
.Lambda : 0.00105077308261,0.00000003759404 Mu : 0.01022623913191,0.00112807408128 & Score: -144724.401232
.Lambda : 0.00105223162237,0.00000004829308 Mu : 0.01022654028921,0.00112864353245 & Score: -144724.385378
.Lambda : 0.00105291513753,0.00000005377996 Mu : 0.01022668127847,0.00112891032978 & Score: -144724.379071
.Lambda : 0.00105542945318,0.00000007261775 Mu : 0.01022720031259,0.00112989192911 & Score: -144724.360907
.Lambda : 0.00105531163732,0.00000007179347 Mu : 0.01022717597386,0.00112984592543 & Score: -144724.361585
.Lambda : 0.00105638971677,0.00000007991963 Mu : 0.01022739850861,0.00113026680552 & Score: -144724.356244
.Lambda : 0.00105945761030,0.00000010297820 Mu : 0.01022803179638,0.00113146451406 & Score: -144724.349547
.Lambda : 0.00106090058147,0.00000011310130 Mu : 0.01022832987834,0.00113202794963 & Score: -144724.350542
.Lambda : 0.00106331801876,0.00000013195228 Mu : 0.01022882869137,0.00113297162666 & Score: -144724.358950
.Lambda : 0.00106424119453,0.00000013853130 Mu : 0.01022901936548,0.00113333208431 & Score: -144724.364034
.Lambda : 0.00106200880523,0.00000012184684 Mu : 0.01022855851757,0.00113246054459 & Score: -144724.353462
.Lambda : 0.00106741305470,0.00000016232156 Mu : 0.01022967412924,0.00113457038836 & Score: -144724.390425
.Lambda : 0.00106441715432,0.00000013989561 Mu : 0.01022905567508,0.00113340077355 & Score: -144724.365162
.Lambda : 0.00106017909588,0.00000010803975 Mu : 0.01022818083736,0.00113174623185 & Score: -144724.349698
.Lambda : 0.00106073320776,0.00000011241252 Mu : 0.01022829515698,0.00113196252932 & Score: -144724.350421
.Lambda : 0.00106138781453,0.00000011746524 Mu : 0.01022843024388,0.00113221807036 & Score: -144724.351770
.Lambda : 0.00105744353174,0.00000008779798 Mu : 0.01022761605449,0.00113067822159 & Score: -144724.352511
.Lambda : 0.00106343533250,0.00000013264988 Mu : 0.01022885296281,0.00113301745121 & Score: -144724.359495
.Lambda : 0.00106193738231,0.00000012143690 Mu : 0.01022854373573,0.00113243264381 & Score: -144724.353267
.Lambda : 0.00105981835309,0.00000010550897 Mu : 0.01022810631687,0.00113160537295 & Score: -144724.349536
.Lambda : 0.00106009540903,0.00000010769536 Mu : 0.01022816347668,0.00113171352169 & Score: -144724.349713
.Lambda : 0.00106042271241,0.00000011022172 Mu : 0.01022823102013,0.00113184129221 & Score: -144724.350038
.Lambda : 0.00105845057102,0.00000009538809 Mu : 0.01022782392544,0.00113107136782 & Score: -144724.350351
.Lambda : 0.00106144647140,0.00000011781404 Mu : 0.01022844237960,0.00113224098264 & Score: -144724.351890
.Lambda : 0.00106069749630,0.00000011220755 Mu : 0.01022828776606,0.00113194857893 & Score: -144724.350383
.Lambda : 0.00105963798169,0.00000010424359 Mu : 0.01022806905663,0.00113153494351 & Score: -144724.349520
.Lambda : 0.00105995688106,0.00000010660217 Mu : 0.01022813489678,0.00113165944732 & Score: -144724.349611
.Lambda : 0.00106012053275,0.00000010786535 Mu : 0.01022816866850,0.00113172333258 & Score: -144724.349726
.Lambda : 0.00105913446205,0.00000010044853 Mu : 0.01022796512115,0.00113133837039 & Score: -144724.349631
.Lambda : 0.00105915330620,0.00000010053628 Mu : 0.01022796902721,0.00113134573450 & Score: -144724.349606
.Lambda : 0.00106014879897,0.00000010799697 Mu : 0.01022817452759,0.00113173437876 & Score: -144724.349725
.Lambda : 0.00105989521474,0.00000010610986 Mu : 0.01022812217598,0.00113163537666 & Score: -144724.349573
.Lambda : 0.00105929554680,0.00000010159719 Mu : 0.01022799839157,0.00113140126649 & Score: -144724.349540
.Lambda : 0.00106017024196,0.00000010819352 Mu : 0.01022817894331,0.00113174274531 & Score: -144724.349752
.Lambda : 0.00105991600802,0.00000010627921 Mu : 0.01022812646429,0.00113164349261 & Score: -144724.349586
.Lambda : 0.00105940754014,0.00000010245059 Mu : 0.01022802150624,0.00113144498720 & Score: -144724.349513
.Lambda : 0.00105915330620,0.00000010053628 Mu : 0.01022796902721,0.00113134573450 & Score: -144724.349606
.Lambda : 0.00105918449612,0.00000010079031 Mu : 0.01022797545967,0.00113135790842 & Score: -144724.349595
.Lambda : 0.00105936217578,0.00000010212020 Mu : 0.01022801213875,0.00113142727548 & Score: -144724.349526
.Lambda : 0.00105981747855,0.00000010556449 Mu : 0.01022810611767,0.00113160502308 & Score: -144724.349553
.Lambda : 0.00105968699561,0.00000010457266 Mu : 0.01022807918615,0.00113155408393 & Score: -144724.349515
.Lambda : 0.00105922899352,0.00000010118454 Mu : 0.01022798462701,0.00113137527211 & Score: -144724.349591
.Lambda : 0.00105937633341,0.00000010226565 Mu : 0.01022801504948,0.00113143279732 & Score: -144724.349534
.Lambda : 0.00105967101320,0.00000010442787 Mu : 0.01022807589441,0.00113154784774 & Score: -144724.349506
.Lambda : 0.00105981835309,0.00000010550897 Mu : 0.01022810631687,0.00113160537295 & Score: -144724.349536
.Lambda : 0.00105983958954,0.00000010572716 Mu : 0.01022811068296,0.00113161365572 & Score: -144724.349560
.Lambda : 0.00105972023610,0.00000010482542 Mu : 0.01022808604691,0.00113156706066 & Score: -144724.349523
.Lambda : 0.00105948152922,0.00000010302194 Mu : 0.01022803677480,0.00113147387054 & Score: -144724.349506
.Lambda : 0.00105948555739,0.00000010299294 Mu : 0.01022803762417,0.00113147545120 & Score: -144724.349489
.Lambda : 0.00105940934524,0.00000010236762 Mu : 0.01022802190794,0.00113144570505 & Score: -144724.349485
.Lambda : 0.00105929771828,0.00000010156135 Mu : 0.01022799885555,0.00113140212133 & Score: -144724.349525
.Lambda : 0.00105939503761,0.00000010231417 Mu : 0.01022801893820,0.00113144011198 & Score: -144724.349504
.Lambda : 0.00105957092249,0.00000010361521 Mu : 0.01022805525143,0.00113150878045 & Score: -144724.349480
.Lambda : 0.00105965261367,0.00000010419751 Mu : 0.01022807212403,0.00113154067707 & Score: -144724.349477
.Lambda : 0.00105958247564,0.00000010363165 Mu : 0.01022805765749,0.00113151330039 & Score: -144724.349461
.Lambda : 0.00105963294886,0.00000010393651 Mu : 0.01022806809883,0.00113153301531 & Score: -144724.349443
.Lambda : 0.00105937395949,0.00000010198004 Mu : 0.01022801464009,0.00113143190696 & Score: -144724.349459
.Lambda : 0.00105963939602,0.00000010392667 Mu : 0.01022806944725,0.00113153554021 & Score: -144724.349428
.Lambda : 0.00105976157522,0.00000010473292 Mu : 0.01022809470178,0.00113158325433 & Score: -144724.349420
.Lambda : 0.00105980120338,0.00000010505587 Mu : 0.01022810287442,0.00113159872179 & Score: -144724.349439
.Lambda : 0.00105963222980,0.00000010365516 Mu : 0.01022806803353,0.00113153277212 & Score: -144724.349366
.Lambda : 0.00105962203787,0.00000010338398 Mu : 0.01022806598827,0.00113152881965 & Score: -144724.349310
.Lambda : 0.00106003492317,0.00000010657460 Mu : 0.01022815119156,0.00113168999858 & Score: -144724.349484
.Lambda : 0.00105986968225,0.00000010542596 Mu : 0.01022811705369,0.00113162547567 & Score: -144724.349423
.Lambda : 0.00105989430050,0.00000010536285 Mu : 0.01022812221025,0.00113163512041 & Score: -144724.349364
.Lambda : 0.00105977259453,0.00000010439698 Mu : 0.01022809710257,0.00113158761324 & Score: -144724.349305
.Lambda : 0.00105975829011,0.00000010406754 Mu : 0.01022809421665,0.00113158205897 & Score: -144724.349239
.Lambda : 0.00105964841960,0.00000010334769 Mu : 0.01022807150478,0.00113153915100 & Score: -144724.349247
.Lambda : 0.00105969994882,0.00000010334811 Mu : 0.01022808225820,0.00113155932069 & Score: -144724.349146
.Lambda : 0.00105966913562,0.00000010265571 Mu : 0.01022807603642,0.00113154735386 & Score: -144724.349011
.Lambda : 0.00105945464109,0.00000010136460 Mu : 0.01022803166281,0.00113146357133 & Score: -144724.349100
.Lambda : 0.00105964320534,0.00000010233379 Mu : 0.01022807072206,0.00113153724793 & Score: -144724.348972
.Lambda : 0.00105965378908,0.00000010180869 Mu : 0.01022807308895,0.00113154146207 & Score: -144724.348803
.Lambda : 0.00105961950836,0.00000010160058 Mu : 0.01022806599763,0.00113152807211 & Score: -144724.348814
.Lambda : 0.00105944024697,0.00000009964725 Mu : 0.01022802917625,0.00113145817072 & Score: -144724.348649
.Lambda : 0.00105928122540,0.00000009743711 Mu : 0.01022799665606,0.00113139622660 & Score: -144724.348406
.Lambda : 0.00105965718814,0.00000010038645 Mu : 0.01022807422672,0.00113154298600 & Score: -144724.348397
.Lambda : 0.00105975846166,0.00000009989737 Mu : 0.01022809550867,0.00113158269333 & Score: -144724.348065
.Lambda : 0.00105948735663,0.00000009771617 Mu : 0.01022803958924,0.00113147687320 & Score: -144724.348001
.Lambda : 0.00105939646713,0.00000009524640 Mu : 0.01022802136564,0.00113144163287 & Score: -144724.347512
.Lambda : 0.00105942546328,0.00000009559420 Mu : 0.01022802731203,0.00113145293533 & Score: -144724.347543
.Lambda : 0.00105927701965,0.00000009227885 Mu : 0.01022799733225,0.00113139528199 & Score: -144724.346965
.Lambda : 0.00105908863493,0.00000008751393 Mu : 0.01022795945391,0.00113132219195 & Score: -144724.346117
.Lambda : 0.00105955328810,0.00000009168884 Mu : 0.01022805516407,0.00113150350013 & Score: -144724.346163
.Lambda : 0.00105897346506,0.00000008512432 Mu : 0.01022793613916,0.00113127743680 & Score: -144724.345769
.Lambda : 0.00105858096676,0.00000007773779 Mu : 0.01022785645440,0.00113112480854 & Score: -144724.344930
.Lambda : 0.00105888421518,0.00000008049928 Mu : 0.01022791890698,0.00113124313141 & Score: -144724.344732
.Lambda : 0.00105861359114,0.00000007295181 Mu : 0.01022786470445,0.00113113822946 & Score: -144724.343473
.Lambda : 0.00105852177334,0.00000006969978 Mu : 0.01022784652277,0.00113110273217 & Score: -144724.342874
.Lambda : 0.00105808442644,0.00000005692647 Mu : 0.01022775910133,0.00113093328182 & Score: -144724.340938
.Lambda : 0.00105763052154,0.00000005587617 Mu : 0.01022766469297,0.00113075575575 & Score: -144724.342632
.Lambda : 0.00105736611801,0.00000004423219 Mu : 0.01022761302266,0.00113065384583 & Score: -144724.340643
.Lambda : 0.00105650485955,0.00000002259133 Mu : 0.01022743980704,0.00113031967278 & Score: -144724.339395
.Lambda : 0.00105683573257,0.00000002643510 Mu : 0.01022750769849,0.00113044866137 & Score: -144724.338500
.Lambda : 0.00105596311547,0.00000000078375 Mu : 0.01022733332054,0.00113011058778 & Score: -144724.336814
.Lambda : 0.00105547787036,-0.00000000486295 Mu : 0.01022723375649,0.00112992141961 & Score: -inf
.Lambda : 0.00105626180056,0.00000001459074 Mu : 0.01022739149348,0.00113022562207 & Score: -144724.338690
.Lambda : 0.00105577657947,-0.00000000843002 Mu : 0.01022729716823,0.00113003882648 & Score: -inf
.Lambda : 0.00105624006498,0.00000000764653 Mu : 0.01022738904941,0.00113021805879 & Score: -144724.336879
.Lambda : 0.00105440049384,-0.00000003412030 Mu : 0.01022701773391,0.00112950368889 & Score: -inf
.Lambda : 0.00105532147699,-0.00000001135861 Mu : 0.01022720307576,0.00112986108712 & Score: -inf
.Lambda : 0.00105610159023,0.00000000421514 Mu : 0.01022736118498,0.00113016432329 & Score: -144724.336834
.Lambda : 0.00105611245801,0.00000000768725 Mu : 0.01022736240701,0.00113016810493 & Score: -144724.337737
.Lambda : 0.00105623398751,0.00000001168754 Mu : 0.01022738656379,0.00113021513028 & Score: -144724.338056
.Lambda : 0.00105702377096,0.00000002885511 Mu : 0.01022754621094,0.00113052193480 & Score: -144724.338122
.Lambda : 0.00105518180465,-0.00000001666827 Mu : 0.01022717552723,0.00112980713834 & Score: -inf
.Lambda : 0.00105564229623,-0.00000000528743 Mu : 0.01022726819815,0.00112998583745 & Score: -inf
.Lambda : 0.00105603235285,0.00000000249945 Mu : 0.01022734725276,0.00113013745553 & Score: -144724.336821
.Lambda : 0.00105603778674,0.00000000423550 Mu : 0.01022734786378,0.00113013934635 & Score: -144724.337272
.Lambda : 0.00105609855149,0.00000000623565 Mu : 0.01022735994217,0.00113016285903 & Score: -144724.337423
.Lambda : 0.00105649344321,0.00000001481943 Mu : 0.01022743976574,0.00113031626129 & Score: -144724.337280
.Lambda : 0.00105616479765,0.00000000493342 Mu : 0.01022737415924,0.00113018896645 & Score: -144724.336613
.Lambda : 0.00105619792073,0.00000000428231 Mu : 0.01022738126778,0.00113020202016 & Score: -144724.336210
.Lambda : 0.00105562214468,-0.00000000891893 Mu : 0.01022726508669,0.00112997844362 & Score: -inf
.Lambda : 0.00105583996931,-0.00000000298434 Mu : 0.01022730875645,0.00113006289804 & Score: -inf
.Lambda : 0.00105608051810,0.00000000253303 Mu : 0.01022735729416,0.00113015630397 & Score: -144724.336503
.Lambda : 0.00105611513679,0.00000000339088 Mu : 0.01022736426027,0.00113016973785 & Score: -144724.336511
.Lambda : 0.00105611785373,0.00000000425890 Mu : 0.01022736456578,0.00113017068326 & Score: -144724.336737
.Lambda : 0.00105634568197,0.00000000955087 Mu : 0.01022741051676,0.00113025914072 & Score: -144724.336730
.Lambda : 0.00105625177506,0.00000000561964 Mu : 0.01022739210371,0.00113022291809 & Score: -144724.336232
.Lambda : 0.00105597699336,-0.00000000163794 Mu : 0.01022733694620,0.00113011634931 & Score: -inf
.Lambda : 0.00105606916552,0.00000000115926 Mu : 0.01022735533884,0.00113015204716 & Score: -144724.336193
.Lambda : 0.00105618455291,0.00000000340624 Mu : 0.01022737874198,0.00113019690685 & Score: -144724.336052
.Lambda : 0.00105621926097,0.00000000341392 Mu : 0.01022738598283,0.00113021049135 & Score: -144724.335825
.Lambda : 0.00105628854304,0.00000000470453 Mu : 0.01022740005242,0.00113023743441 & Score: -144724.335735
.Lambda : 0.00105639255551,0.00000000579029 Mu : 0.01022742143154,0.00113027799963 & Score: -144724.335373
.Lambda : 0.00105618767631,0.00000000170325 Mu : 0.01022737990679,0.00113019836106 & Score: -144724.335552
.Lambda : 0.00105623640842,0.00000000175105 Mu : 0.01022739006222,0.00113021742944 & Score: -144724.335245
.Lambda : 0.00105625565227,0.00000000048542 Mu : 0.01022739445944,0.00113022513408 & Score: -144724.334763
.Lambda : 0.00105645840701,0.00000000453718 Mu : 0.01022743555146,0.00113030394589 & Score: -144724.334606
.Lambda : 0.00105665302776,0.00000000622614 Mu : 0.01022747565777,0.00113037989526 & Score: -144724.333888
.Lambda : 0.00105652519495,0.00000000368863 Mu : 0.01022744974494,0.00113033020367 & Score: -144724.333952
.Lambda : 0.00105672553894,0.00000000639199 Mu : 0.01022749074006,0.00113040825526 & Score: -144724.333504
.Lambda : 0.00105699447026,0.00000000873636 Mu : 0.01022754615669,0.00113051320237 & Score: -144724.332625
.Lambda : 0.00105682161712,0.00000000377799 Mu : 0.01022751157787,0.00113044621806 & Score: -144724.332208
.Lambda : 0.00105703614792,0.00000000277185 Mu : 0.01022755665104,0.00113053032727 & Score: -144724.330718
.Lambda : 0.00105734876818,0.00000001022607 Mu : 0.01022761964578,0.00113065168020 & Score: -144724.331166
.Lambda : 0.00105749101211,0.00000001029158 Mu : 0.01022764931070,0.00113070734888 & Score: -144724.330477
.Lambda : 0.00105797392069,0.00000001359306 Mu : 0.01022774909357,0.00113089592148 & Score: -144724.329208
.Lambda : 0.00105802362576,0.00000001143753 Mu : 0.01022776011577,0.00113091567040 & Score: -144724.328393
.Lambda : 0.00105870892477,0.00000001404322 Mu : 0.01022790234478,0.00113118355797 & Score: -144724.326588
.Lambda : 0.00105853941052,0.00000001158073 Mu : 0.01022786771089,0.00113111754109 & Score: -144724.326465
.Lambda : 0.00105931188064,0.00000001300291 Mu : 0.01022802848800,0.00113141971046 & Score: -144724.324582
.Lambda : 0.00105916666883,0.00000001147945 Mu : 0.01022799864291,0.00113136307839 & Score: -144724.324522
.Lambda : 0.00106007561916,0.00000001210614 Mu : 0.01022818814148,0.00113171877749 & Score: -144724.322856
.Lambda : 0.00106099902471,0.00000002360082 Mu : 0.01022837738288,0.00113207865643 & Score: -144724.325345
.Lambda : 0.00106157380395,0.00000001778349 Mu : 0.01022849908499,0.00113230442969 & Score: -144724.323820
.Lambda : 0.00106227123946,0.00000001920347 Mu : 0.01022864420390,0.00113257722906 & Score: -144724.324944
.Lambda : 0.00106061724690,0.00000000744719 Mu : 0.01022830257631,0.00113193141692 & Score: -144724.320972
.Lambda : 0.00106042635799,-0.00000000062963 Mu : 0.01022826517302,0.00113185779716 & Score: -inf
.Lambda : 0.00105851803586,0.00000000596640 Mu : 0.01022786494149,0.00113110993821 & Score: -144724.324960
.Lambda : 0.00105945633676,0.00000000927567 Mu : 0.01022805975709,0.00113147676093 & Score: -144724.323195
.Lambda : 0.00106154962274,0.00000001030333 Mu : 0.01022849629194,0.00113229598205 & Score: -144724.321703
.Lambda : 0.00105927560884,0.00000000178268 Mu : 0.01022802429842,0.00113140703900 & Score: -144724.321516
.Lambda : 0.00106130271206,0.00000000654400 Mu : 0.01022844589698,0.00113219984680 & Score: -144724.320552
.Lambda : 0.00106222589971,0.00000000517817 Mu : 0.01022863896692,0.00113256138974 & Score: -144724.320933
.Lambda : 0.00106129697611,0.00000000093245 Mu : 0.01022844639034,0.00113219836490 & Score: -144724.318973
.Lambda : 0.00106190765458,-0.00000000465439 Mu : 0.01022857551477,0.00113243815860 & Score: -inf
.Lambda : 0.00105969664921,-0.00000000195017 Mu : 0.01022811328908,0.00113157235176 & Score: -inf
.Lambda : 0.00106015989259,0.00000000111320 Mu : 0.01022820903980,0.00113175325933 & Score: -144724.319649
.Lambda : 0.00106241280499,0.00000000623575 Mu : 0.01022867765329,0.00113263440497 & Score: -144724.321523
.Lambda : 0.00106162850595,0.00000000512248 Mu : 0.01022851431457,0.00113232756348 & Score: -144724.320293
.Lambda : 0.00106157679645,-0.00000000059112 Mu : 0.01022850524454,0.00113230810034 & Score: -inf
.Lambda : 0.00106133690907,0.00000000141846 Mu : 0.01022845457748,0.00113221392948 & Score: -144724.319119
.Lambda : 0.00106090842980,-0.00000000225070 Mu : 0.01022836626412,0.00113204671179 & Score: -inf
.Lambda : 0.00106100700036,-0.00000000005203 Mu : 0.01022838617233,0.00113208499555 & Score: -inf
.Lambda : 0.00106131694259,0.00000000117545 Mu : 0.01022845048391,0.00113220614719 & Score: -144724.319045
.Lambda : 0.00106072843435,0.00000000102283 Mu : 0.01022832771507,0.00113197581211 & Score: -144724.319096
.Lambda : 0.00106146274103,0.00000000302747 Mu : 0.01022848035246,0.00113226296419 & Score: -144724.319614
.Lambda : 0.00106129984408,0.00000000373823 Mu : 0.01022844614366,0.00113219910585 & Score: -144724.319762
.Lambda : 0.00106110270295,-0.00000000065913 Mu : 0.01022840632723,0.00113212253835 & Score: -inf
.Lambda : 0.00106115198824,0.00000000044021 Mu : 0.01022841628134,0.00113214168022 & Score: -144724.318818
.Lambda : 0.00106078442961,-0.00000000124199 Mu : 0.01022834008287,0.00113199803802 & Score: -inf
.Lambda : 0.00106095400746,-0.00000000017463 Mu : 0.01022837515027,0.00113206426956 & Score: -inf
.Lambda : 0.00106122448217,0.00000000068633 Mu : 0.01022843133584,0.00113217002256 & Score: -144724.318892
.Lambda : 0.00106123446541,0.00000000080783 Mu : 0.01022843338262,0.00113217391371 & Score: -144724.318927
.Lambda : 0.00106094021129,0.00000000073152 Mu : 0.01022837199820,0.00113205874617 & Score: -144724.318927
.Lambda : 0.00106130736463,0.00000000173384 Mu : 0.01022844831690,0.00113220232221 & Score: -144724.319200
.Lambda : 0.00106096820892,-0.00000000040089 Mu : 0.01022837818210,0.00113206985912 & Score: -inf
.Lambda : 0.00106105299785,0.00000000013279 Mu : 0.01022839571580,0.00113210297489 & Score: -144724.318737
.Lambda : 0.00106095037436,0.00000000018759 Mu : 0.01022837428297,0.00113206279822 & Score: -144724.318771
.Lambda : 0.00106124971002,-0.00000000000805 Mu : 0.01022843680977,0.00113217999178 & Score: -inf
.Lambda : 0.00106117233534,0.00000000017684 Mu : 0.01022842060688,0.00113214968037 & Score: -144724.318745
.Lambda : 0.00106093936572,-0.00000000021761 Mu : 0.01022837210765,0.00113205854429 & Score: -inf
.Lambda : 0.00106101064483,0.00000000000837 Mu : 0.01022838691470,0.00113208641386 & Score: -144724.318708
.Lambda : 0.00106094118796,-0.00000000018741 Mu : 0.01022837247884,0.00113205925345 & Score: -inf
.Lambda : 0.00106099388803,-0.00000000003051 Mu : 0.01022838342946,0.00113207986014 & Score: -inf
.Lambda : 0.00106103182134,0.00000000007058 Mu : 0.01022839131525,0.00113209469438 & Score: -144724.318722
.Lambda : 0.00106109149008,0.00000000009261 Mu : 0.01022840376079,0.00113211804712 & Score: -144724.318722
.Lambda : 0.00106098050960,0.00000000009798 Mu : 0.01022838059883,0.00113207460604 & Score: -144724.318739
.Lambda : 0.00106108131653,0.00000000022429 Mu : 0.01022840159802,0.00113211404704 & Score: -144724.318760
.Lambda : 0.00106097591639,-0.00000000008952 Mu : 0.01022837969677,0.00113207283365 & Score: -inf
.Lambda : 0.00106100226643,-0.00000000001107 Mu : 0.01022838517208,0.00113208313700 & Score: -inf
.Lambda : 0.00106105106746,0.00000000005049 Mu : 0.01022839533774,0.00113210223049 & Score: -144724.318714
.Lambda : 0.00106102123309,0.00000000003948 Mu : 0.01022838911497,0.00113209055412 & Score: -144724.318715
.Lambda : 0.00106099557722,0.00000000005318 Mu : 0.01022838375677,0.00113208050995 & Score: -144724.318724
.Lambda : 0.00106104598068,0.00000000011633 Mu : 0.01022839425636,0.00113210023045 & Score: -144724.318733
.Lambda : 0.00106099328061,-0.00000000004057 Mu : 0.01022838330573,0.00113207962376 & Score: -inf
.Lambda : 0.00106100645563,-0.00000000000135 Mu : 0.01022838604339,0.00113208477543 & Score: -inf
.Lambda : 0.00106103085615,0.00000000002943 Mu : 0.01022839112622,0.00113209432217 & Score: -144724.318711
.Lambda : 0.00106101593896,0.00000000002393 Mu : 0.01022838801484,0.00113208848399 & Score: -144724.318712
.Lambda : 0.00106100311102,0.00000000003078 Mu : 0.01022838533573,0.00113208346190 & Score: -144724.318716
.Lambda : 0.00106102831276,0.00000000006235 Mu : 0.01022839058553,0.00113209332215 & Score: -144724.318720
.Lambda : 0.00106100196272,-0.00000000001610 Mu : 0.01022838511022,0.00113208301881 & Score: -inf
.Lambda : 0.00106100855023,0.00000000000351 Mu : 0.01022838647904,0.00113208559465 & Score: -144724.318707
.Lambda : 0.00106102988406,0.00000000000185 Mu : 0.01022839093167,0.00113209394543 & Score: -144724.318703
.Lambda : 0.00106104327058,-0.00000000001262 Mu : 0.01022839372964,0.00113209918719 & Score: -inf
.Lambda : 0.00106102402868,-0.00000000000234 Mu : 0.01022838971098,0.00113209165407 & Score: -inf
.Lambda : 0.00106102200625,0.00000000000422 Mu : 0.01022838928694,0.00113209086155 & Score: -144724.318705
.Lambda : 0.00106100468654,-0.00000000002045 Mu : 0.01022838567996,0.00113208408557 & Score: -inf
.Lambda : 0.00106101122894,-0.00000000000798 Mu : 0.01022838704152,0.00113208664472 & Score: -inf
.Lambda : 0.00106102594515,0.00000000000303 Mu : 0.01022839010931,0.00113209240349 & Score: -144724.318704
.Lambda : 0.00106101921715,0.00000000000268 Mu : 0.01022838870536,0.00113208977004 & Score: -144724.318705
.Lambda : 0.00106102026445,0.00000000000511 Mu : 0.01022838892318,0.00113209017964 & Score: -144724.318706
.Lambda : 0.00106103037010,0.00000000001564 Mu : 0.01022839102894,0.00113209413380 & Score: -144724.318707
.Lambda : 0.00106101728530,-0.00000000000930 Mu : 0.01022838830581,0.00113208901550 & Score: -inf
.Lambda : 0.00106102055650,-0.00000000000307 Mu : 0.01022838898660,0.00113209029507 & Score: -inf
.Lambda : 0.00106102791461,0.00000000000244 Mu : 0.01022839052049,0.00113209317446 & Score: -144724.318704
.Lambda : 0.00106102455060,0.00000000000226 Mu : 0.01022838981851,0.00113209185773 & Score: -144724.318704
.Lambda : 0.00106102507425,0.00000000000348 Mu : 0.01022838992743,0.00113209206254 & Score: -144724.318704
.Lambda : 0.00106103012708,0.00000000000874 Mu : 0.01022839098031,0.00113209403962 & Score: -144724.318705
.Lambda : 0.00106102358468,-0.00000000000373 Mu : 0.01022838961874,0.00113209148046 & Score: -inf
.Lambda : 0.00106102522028,-0.00000000000061 Mu : 0.01022838995913,0.00113209212025 & Score: -inf
.Lambda : 0.00106102889933,0.00000000000214 Mu : 0.01022839072608,0.00113209355994 & Score: -144724.318703
.Lambda : 0.00106102721733,0.00000000000205 Mu : 0.01022839037509,0.00113209290158 & Score: -144724.318704
.Lambda : 0.00106102747916,0.00000000000266 Mu : 0.01022839042955,0.00113209300398 & Score: -144724.318704
.Lambda : 0.00106103000557,0.00000000000529 Mu : 0.01022839095599,0.00113209399252 & Score: -144724.318704
.DONE: Lamda,Mu Search or setting, for command:
lambdamu -l 0.00077023476245 0.0 -m 0.00856975728757 0.0 -s -t (((((((((((1,1)1,1)1,1)1,(1,1)1)1,1)1,(((((1,1)1,1)1,1)1,(1,1)1)1,1)1)1,1)1,(((1,1)1,((1,1)1,1)1)1,(((((1,1)1,1)1,(1,1)1)1,1)1,1)1)1)1,1)1,1)1,2) 

Lambda Search Result: 385
Lambda : 0.00106102988406,0.00000000000185 & Score: 144724Mu : 0.01022839093167,0.00113209394543 & Score: 144724
Running Viterbi algorithm....
Report Done
