-----------------------------------------------------------
Family information: filtered_JSG_GeneCounts.txt
Log: reports/simple_JSG_all_species.log
The number of families is 16191
Root Family size : 1 ~ 112
Family size : 0 ~ 140
P-value: 0.01
Num of Threads: 1
Num of Random: 1000
-----------------------------------------------------------
Family information: filtered_JSG_GeneCounts.txt
Log: reports/simple_JSG_all_species.log
The number of families is 16191
Root Family size : 1 ~ 112
Family size : 0 ~ 140
P-value: 0.01
Num of Threads: 1
Num of Random: 1000
Lambda Tree: (((((((((((1,1)1,1)1,1)1,(1,1)1)1,1)1,(((((1,1)1,1)1,1)1,(1,1)1)1,1)1)1,1)1,(((1,1)1,((1,1)1,1)1)1,(((((1,1)1,1)1,(1,1)1)1,1)1,1)1)1)1,1)1,1)1,(1,1)1)
-----------------------------------------------------------
Family information: filtered_JSG_GeneCounts.txt
Log: reports/simple_JSG_all_species.log
The number of families is 16191
Root Family size : 1 ~ 112
Family size : 0 ~ 140
P-value: 0.01
Num of Threads: 1
Num of Random: 1000
Lambda Tree: (((((((((((1,1)1,1)1,1)1,(1,1)1)1,1)1,(((((1,1)1,1)1,1)1,(1,1)1)1,1)1)1,1)1,(((1,1)1,((1,1)1,1)1)1,(((((1,1)1,1)1,(1,1)1)1,1)1,1)1)1)1,1)1,1)1,(1,1)1)
Empirical Prior Estimation Result: (57 iterations)
Poisson lambda: 1.481974 & Score: 948593.292700
DONE: Lamda,Mu Search or setting, for command:
lambdamu -l 0.00838787136466 -m 0.02151446469673 -t (((((((((((1,1)1,1)1,1)1,(1,1)1)1,1)1,(((((1,1)1,1)1,1)1,(1,1)1)1,1)1)1,1)1,(((1,1)1,((1,1)1,1)1)1,(((((1,1)1,1)1,(1,1)1)1,1)1,1)1)1)1,1)1,1)1,(1,1)1); 
Running Viterbi algorithm....
Report Done
-----------------------------------------------------------
Family information: filtered_JSG_GeneCounts.txt
Log: reports/simple_JSG_all_species.log
The number of families is 16191
Root Family size : 1 ~ 112
Family size : 0 ~ 140
P-value: 0.01
Num of Threads: 1
Num of Random: 1000
Lambda Tree: (((((((((((1,1)1,1)1,1)1,(1,1)1)1,1)1,(((((1,1)1,1)1,1)1,(1,1)1)1,1)1)1,1)1,(((1,1)1,((1,1)1,1)1)1,(((((1,1)1,1)1,(1,1)1)1,1)1,1)1)1)1,1)1,1)1,(1,1)1)
Empirical Prior Estimation Result: (54 iterations)
Poisson lambda: 1.481988 & Score: 948593.292707
DONE: Lamda,Mu Search or setting, for command:
lambdamu -l 0.00838787136466 -m 0.02151446469673 -t (((((((((((1,1)1,1)1,1)1,(1,1)1)1,1)1,(((((1,1)1,1)1,1)1,(1,1)1)1,1)1)1,1)1,(((1,1)1,((1,1)1,1)1)1,(((((1,1)1,1)1,(1,1)1)1,1)1,1)1)1)1,1)1,1)1,(1,1)1); 
Running Viterbi algorithm....
Report Done
