-----------------------------------------------------------
Family information: filtered_JSG_GeneCounts.txt
Log: reports/WGD_manual_all_species.log
The number of families is 16191
Root Family size : 1 ~ 112
Family size : 0 ~ 140
P-value: 0.01
Num of Threads: 8
Num of Random: 1000
-----------------------------------------------------------
Family information: filtered_JSG_GeneCounts.txt
Log: reports/WGD_manual_all_species.log
The number of families is 16191
Root Family size : 1 ~ 112
Family size : 0 ~ 140
P-value: 0.01
Num of Threads: 8
Num of Random: 1000
-----------------------------------------------------------
Family information: filtered_JSG_GeneCounts.txt
Log: reports/WGD_manual_all_species.log
The number of families is 16191
Root Family size : 1 ~ 112
Family size : 0 ~ 140
P-value: 0.01
Num of Threads: 8
Num of Random: 1000
Lambda Tree: ((((((((((((1,1)1,1)1,1)1,(1,1)1)1,1)1,(((((1,1)1,1)1,1)1,(1,1)1)1,1)1)1,1)1,(((1,1)1,((1,1)1,1)1)1,(((((1,1)1,1)1,(1,1)1)1,1)1,1)1)1)1,1)1,3)2,1)1,(4,4)4)
Empirical Prior Estimation Result: (32 iterations)
Poisson lambda: 1.481979 & Score: 948593.292707
DONE: Lamda,Mu Search or setting, for command:
lambdamu -l 0.001211 0.3 0.001211 0.00242439476197 -m 0.02151446469673 0.00000000000000 0.00382259606791 0.00281548974321 -t ((((((((((((1,1)1,1)1,1)1,(1,1)1)1,1)1,(((((1,1)1,1)1,1)1,(1,1)1)1,1)1)1,1)1,(((1,1)1,((1,1)1,1)1)1,(((((1,1)1,1)1,(1,1)1)1,1)1,1)1)1)1,1)1,3)2,1)1,(4,4)4); 
Running Viterbi algorithm....
Report Done
