-----------------------------------------------------------
Family information: 2020_Feb08_homeolog_filtered_empty_WGD.txt
Log: simulated/simulated_tworate.log
The number of families is 8134
Root Family size : 1 ~ 30
Family size : 0 ~ 63
P-value: 0.01
Num of Threads: 8
Num of Random: 1000
Lambda Tree: (((((((((((1,1)1,1)1,1)1,(1,1)1)1,1)1,(((((1,1)1,1)1,1)1,(1,1)1)1,1)1)1,1)1,(((1,1)1,((1,1)1,1)1)1,(((((1,1)1,1)1,(1,1)1)1,1)1,1)1)1)1,1)1,1)1,2)
Empirical Prior Estimation Result: (27 iterations)
Poisson lambda: 0.085513 & Score: 55345.048482
-----------------------------------------------------------
Family information: 2020_Feb08_homeolog_filtered_empty_WGD.txt
Log: simulated/simulated_tworate.log
The number of families is 8134
Root Family size : 1 ~ 30
Family size : 0 ~ 63
P-value: 0.01
Num of Threads: 8
Num of Random: 1000
Lambda Tree: (((((((((((1,1)1,1)1,1)1,(1,1)1)1,1)1,(((((1,1)1,1)1,1)1,(1,1)1)1,1)1)1,1)1,(((1,1)1,((1,1)1,1)1)1,(((((1,1)1,1)1,(1,1)1)1,1)1,1)1)1)1,1)1,1)1,2)
Empirical Prior Estimation Result: (24 iterations)
Poisson lambda: 0.085513 & Score: 55345.048482
Lambda : 0.00041568150433,0.00824366860713 Mu : 0.01112778369182,0.01318331279326 & Score: -151938.719967
.Lambda : 0.00043646557955,0.00824366860713 Mu : 0.01112778369182,0.01318331279326 & Score: -151919.866005
.Lambda : 0.00043646557955,0.00865585203748 Mu : 0.01112778369182,0.01318331279326 & Score: -152015.569988
.Lambda : 0.00043646557955,0.00824366860713 Mu : 0.01168417287641,0.01318331279326 & Score: -152144.317570
.Lambda : 0.00043646557955,0.00824366860713 Mu : 0.01112778369182,0.01384247843293 & Score: -152099.945628
.Lambda : 0.00042607354194,0.00844976032230 Mu : 0.01057139450723,0.01351289561309 & Score: -151874.555997
.Lambda : 0.00042087752314,0.00855280617989 Mu : 0.01001500532264,0.01367768702301 & Score: -151792.288110
.Lambda : 0.00041827951374,0.00860432910869 Mu : 0.01057139450723,0.01277133426847 & Score: -151719.746450
.Lambda : 0.00040918648083,0.00878465935947 Mu : 0.01029319991493,0.01223576218625 & Score: -151550.500119
.Lambda : 0.00040463996438,0.00825654933932 Mu : 0.01015410261879,0.01295672460463 & Score: -151580.449164
.Lambda : 0.00041990326961,0.00867517313578 Mu : 0.00966726208227,0.01284343051031 & Score: -151521.654336
.Lambda : 0.00042201415225,0.00889092540011 Mu : 0.00893700127749,0.01267348936884 & Score: -151417.920380
.Lambda : 0.00039189348075,0.00899880153227 Mu : 0.00857187087511,0.01258851879810 & Score: -151428.192679
.Lambda : 0.00039298951596,0.00891266163569 Mu : 0.00896308202052,0.01154956045589 & Score: -151167.186246
.Lambda : 0.00037904551237,0.00909258936359 Mu : 0.00843712036946,0.01048549717234 & Score: -150934.477201
.Lambda : 0.00039642984873,0.00962693848839 Mu : 0.00796549359971,0.01103490915813 & Score: -151203.668033
.Lambda : 0.00038550501622,0.00951996803271 Mu : 0.00666254314595,0.01115544506245 & Score: -151454.405416
.Lambda : 0.00040918648083,0.00878465935947 Mu : 0.01029319991493,0.01223576218625 & Score: -151550.500119
.Lambda : 0.00040326611468,0.00896848652778 Mu : 0.00938553572269,0.01196568290530 & Score: -151332.081343
.Lambda : 0.00040848433327,0.00929066835767 Mu : 0.00879070460957,0.01049127050420 & Score: -150975.562258
.Lambda : 0.00037159875227,0.00959841596861 Mu : 0.00835242587322,0.00931519050115 & Score: -150813.701005
.Lambda : 0.00034639105228,0.00995216125286 Mu : 0.00806013817109,0.00763604106730 & Score: -150599.005899
.Lambda : 0.00036190925865,0.01001269220348 Mu : 0.00724119265223,0.00785817604569 & Score: -150733.026538
.Lambda : 0.00035148522956,0.00954711710040 Mu : 0.00829908430147,0.00720058323664 & Score: -150359.769269
.Lambda : 0.00032901291998,0.00950720640641 Mu : 0.00846587965234,0.00528342027589 & Score: -150001.420432
.Lambda : 0.00029969503837,0.00999165625550 Mu : 0.00731146081299,0.00514029677641 & Score: -150285.066276
.Lambda : 0.00028945862226,0.01063926869553 Mu : 0.00710221527486,0.00247346991031 & Score: -150199.962423
.Lambda : 0.00027036955780,0.01003245410167 Mu : 0.00822865430341,0.00240843796927 & Score: -149874.092888
.Lambda : 0.00022459970738,0.01004233505077 Mu : 0.00872238512900,-0.00031643106895 & Score: -inf
.Lambda : 0.00024787701693,0.01013313147670 Mu : 0.00749396685071,0.00001677139863 & Score: -149773.993054
.Lambda : 0.00019861999925,0.01022361658861 Mu : 0.00721088119053,-0.00379286343571 & Score: -inf
.Lambda : 0.00026866402011,0.01016437408465 Mu : 0.00833389722768,-0.00004924699936 & Score: -inf
.Lambda : 0.00027642177468,0.01012119462736 Mu : 0.00807828812400,0.00124813894458 & Score: -149795.196620
.Lambda : 0.00027238201243,0.00925772461054 Mu : 0.00903117919037,0.00200491438388 & Score: -149542.554147
.Lambda : 0.00026384370751,0.00856695256804 Mu : 0.00999566114813,0.00177063662066 & Score: -149427.218910
.Lambda : 0.00020024310848,0.00991965998048 Mu : 0.00843240556079,-0.00256142780932 & Score: -inf
.Lambda : 0.00023243556135,0.00981654658696 Mu : 0.00844077408368,-0.00060021578802 & Score: -inf
.Lambda : 0.00025586036222,0.00935004202237 Mu : 0.00874481399942,0.00089370400964 & Score: -149513.317211
.Lambda : 0.00027013274109,0.00934407359770 Mu : 0.00903697463607,0.00150938778262 & Score: -149539.081373
.Lambda : 0.00026710663265,0.00929970333486 Mu : 0.00911215772577,0.00208953729496 & Score: -149595.521359
.Lambda : 0.00029642831374,0.00903707948723 Mu : 0.00923077040024,0.00352702844827 & Score: -149641.990762
.Lambda : 0.00023204340799,0.00924330627426 Mu : 0.00921403335446,-0.00039539559433 & Score: -inf
.Lambda : 0.00024813963443,0.00919174957750 Mu : 0.00921821761590,0.00058521041632 & Score: -149501.797980
.Lambda : 0.00025188158997,0.00892670554795 Mu : 0.00938567597399,0.00028993211966 & Score: -149336.366343
.Lambda : 0.00024426906863,0.00874020665450 Mu : 0.00952243509810,-0.00060987046799 & Score: -inf
.Lambda : 0.00023972990597,0.00867365126023 Mu : 0.00963520973266,0.00026035380052 & Score: -149313.364684
.Lambda : 0.00022452848841,0.00833844009149 Mu : 0.00993432728095,-0.00036416319053 & Score: -inf
.Lambda : 0.00024593705672,0.00832948745449 Mu : 0.01037256823592,0.00055936246894 & Score: -149386.809432
.Lambda : 0.00025255649565,0.00805664883786 Mu : 0.01047633992944,0.00085493208857 & Score: -149298.125609
.Lambda : 0.00025476492627,0.00748909846803 Mu : 0.01110540108621,0.00098979292469 & Score: -149263.848809
.Lambda : 0.00023231303196,0.00814251879731 Mu : 0.01025376636626,-0.00072091596375 & Score: -inf
.Lambda : 0.00024019570084,0.00824862723999 Mu : 0.01018924006173,-0.00009802781765 & Score: -inf
.Lambda : 0.00024724741612,0.00808137486413 Mu : 0.01037030540943,0.00062507336261 & Score: -149276.298880
.Lambda : 0.00025332325812,0.00820790200799 Mu : 0.01024553853010,0.00063986252218 & Score: -149276.553914
.Lambda : 0.00025035099149,0.00790929296126 Mu : 0.01073898466106,0.00077457769681 & Score: -149323.134261
.Lambda : 0.00025930431689,0.00802802551804 Mu : 0.01055053111717,0.00138021477268 & Score: -149324.397477
.Lambda : 0.00024353897911,0.00781580863267 Mu : 0.01067958372624,0.00013443848047 & Score: -149167.660973
.Lambda : 0.00023565631022,0.00770970018999 Mu : 0.01074411003077,-0.00048844966564 & Score: -inf
.Lambda : 0.00024908629831,0.00788779902515 Mu : 0.01046142971493,0.00042000594816 & Score: -149171.788492
.Lambda : 0.00024399555179,0.00742913848700 Mu : 0.01106282143830,0.00044479283579 & Score: -149200.737751
.Lambda : 0.00024844546162,0.00722954744230 Mu : 0.01128431257340,0.00036944173194 & Score: -149162.148568
.Lambda : 0.00024904448437,0.00680363373138 Mu : 0.01174131615539,0.00024162591661 & Score: -149130.219157
.Lambda : 0.00023806773052,0.00747909147007 Mu : 0.01086717443121,-0.00036936133418 & Score: -inf
.Lambda : 0.00024224202946,0.00748159321956 Mu : 0.01092673109496,-0.00002957276946 & Score: -inf
.Lambda : 0.00024629173174,0.00730972118203 Mu : 0.01121044994081,0.00018803219854 & Score: -149133.665431
.Lambda : 0.00024906539134,0.00734571637827 Mu : 0.01110137293516,0.00033081593239 & Score: -149130.118142
.Lambda : 0.00024652001808,0.00711638610919 Mu : 0.01140206879685,0.00034320937620 & Score: -149160.574849
.Lambda : 0.00025190470532,0.00714636609971 Mu : 0.01142335862080,0.00061570942065 & Score: -149218.683259
.Lambda : 0.00024355610745,0.00714136260073 Mu : 0.01130424529330,-0.00006386770878 & Score: -inf
.Lambda : 0.00024564325691,0.00714261347547 Mu : 0.01133402362518,0.00010602657358 & Score: -149088.295550
.Lambda : 0.00024850241411,0.00718445627438 Mu : 0.01129151253142,0.00009004093436 & Score: -149074.155137
.Lambda : 0.00024949361212,0.00721849135698 Mu : 0.01123623439871,-0.00003654328656 & Score: -inf
.Lambda : 0.00024983604163,0.00692848874772 Mu : 0.01152366268276,0.00019622247993 & Score: -149075.777274
.Lambda : 0.00024747906762,0.00749700370654 Mu : 0.01088396973187,0.00011992704351 & Score: -149071.982824
.Lambda : 0.00024669635925,0.00784368869412 Mu : 0.01045529652011,0.00005907760696 & Score: -149073.329211
.Lambda : 0.00024666499879,0.00703056472379 Mu : 0.01141521135046,-0.00007470741670 & Score: -inf
.Lambda : 0.00024726509693,0.00710935263741 Mu : 0.01133675174663,0.00002667342057 & Score: -149046.118815
.Lambda : 0.00025089805323,0.00721703720756 Mu : 0.01118392472117,0.00011040536561 & Score: -149040.828975
.Lambda : 0.00025352545138,0.00725424907360 Mu : 0.01110887526916,0.00011259476162 & Score: -149018.172730
.Lambda : 0.00024854997340,0.00759404209824 Mu : 0.01078689195678,-0.00002160439990 & Score: -inf
.Lambda : 0.00024887149045,0.00742765376061 Mu : 0.01097108463828,0.00003285232006 & Score: -149044.144069
.Lambda : 0.00025006813909,0.00745967331470 Mu : 0.01085882816155,0.00005598283852 & Score: -149018.149889
.Lambda : 0.00025085100158,0.00759728183486 Mu : 0.01064248597661,0.00003895379060 & Score: -148997.891563
.Lambda : 0.00025277745255,0.00719726494670 Mu : 0.01114562908347,-0.00001438989708 & Score: -inf
.Lambda : 0.00025145285632,0.00727219963666 Mu : 0.01108021424557,0.00001918933807 & Score: -148999.130181
.Lambda : 0.00025508530294,0.00766633951545 Mu : 0.01056457831817,0.00007512168460 & Score: -148995.968856
.Lambda : 0.00025899540594,0.00794483295447 Mu : 0.01017849160395,0.00009934581662 & Score: -148996.055521
.Lambda : 0.00025658581566,0.00746738126967 Mu : 0.01072699226648,0.00009007746739 & Score: -148956.563584
.Lambda : 0.00026044297826,0.00748724502420 Mu : 0.01060494608058,0.00011869004105 & Score: -148915.597776
.Lambda : 0.00025539061817,0.00775728393199 Mu : 0.01033723704131,0.00001338266554 & Score: -148948.235420
.Lambda : 0.00025943209416,0.00798187551659 Mu : 0.00999440946277,0.00010388475284 & Score: -148961.279226
.Lambda : 0.00026432449518,0.00784909015926 Mu : 0.01010809947481,0.00011658578141 & Score: -148914.553305
.Lambda : 0.00027106124198,0.00797499432146 Mu : 0.00984090622391,0.00015540177682 & Score: -148886.642293
.Lambda : 0.00026807816334,0.00793435988167 Mu : 0.00982417108611,0.00012055793352 & Score: -148865.971613
.Lambda : 0.00027457459354,0.00806837006477 Mu : 0.00945396747007,0.00014327605798 & Score: -148827.567975
.Lambda : 0.00027130262182,0.00766207115462 Mu : 0.01012411894517,0.00011149051786 & Score: -148803.783508
.Lambda : 0.00027723788565,0.00750216897364 Mu : 0.01018897368637,0.00011529340037 & Score: -148726.734569
.Lambda : 0.00028626773155,0.00775910526005 Mu : 0.00970715968916,0.00025294797257 & Score: -148723.131185
.Lambda : 0.00030170628824,0.00776001592408 Mu : 0.00939212101308,0.00037273062608 & Score: -148634.495028
.Lambda : 0.00030184702645,0.00816552961777 Mu : 0.00883303811613,0.00027466088957 & Score: -148714.208541
.Lambda : 0.00030662165496,0.00777304796867 Mu : 0.00909314391892,0.00029757871018 & Score: -148555.591985
.Lambda : 0.00032440186146,0.00767207479228 Mu : 0.00871926276643,0.00036866717687 & Score: -148426.289070
.Lambda : 0.00032802193736,0.00748152458911 Mu : 0.00911273032093,0.00042239998847 & Score: -148389.224494
.Lambda : 0.00035474560926,0.00718810185127 Mu : 0.00894211174636,0.00056196195371 & Score: -148192.115611
.Lambda : 0.00036411250705,0.00789069211906 Mu : 0.00775429313464,0.00067371692274 & Score: -148478.117882
.Lambda : 0.00037063610656,0.00708991272557 Mu : 0.00857085621412,0.00071387745013 & Score: -148109.859105
.Lambda : 0.00040503064662,0.00655210427948 Mu : 0.00843976526312,0.00093348573041 & Score: -147837.366093
.Lambda : 0.00042243902395,0.00689147059697 Mu : 0.00753559544219,0.00089618526578 & Score: -147967.558838
.Lambda : 0.00038919606359,0.00626118364093 Mu : 0.00906407447441,0.00070643314064 & Score: -147739.576928
.Lambda : 0.00040173784186,0.00544642940186 Mu : 0.00971896514430,0.00072279124959 & Score: -147470.198118
.Lambda : 0.00046757469939,0.00536697827252 Mu : 0.00859895603156,0.00118854492288 & Score: -147266.927238
.Lambda : 0.00053916111835,0.00421443001264 Mu : 0.00853880266412,0.00159848379589 & Score: -146771.878036
.Lambda : 0.00052943870613,0.00436411529420 Mu : 0.00817445251050,0.00151351106713 & Score: -146811.394549
.Lambda : 0.00051524513253,0.00339706889712 Mu : 0.00990039734883,0.00148795065573 & Score: -146637.247231
.Lambda : 0.00056164818682,0.00164986804720 Mu : 0.01108279830215,0.00178383335070 & Score: -146307.432809
.Lambda : 0.00061096227997,0.00128531709847 Mu : 0.01031774404742,0.00187582400125 & Score: -145874.425797
.Lambda : 0.00071392809664,-0.00134807649203 Mu : 0.01125673343957,0.00234699313666 & Score: -inf
.Lambda : 0.00071886730377,0.00031043582438 Mu : 0.00933793361780,0.00266303485789 & Score: -145446.052071
.Lambda : 0.00087743203473,-0.00225756096436 Mu : 0.00914741785454,0.00363315666204 & Score: -inf
.Lambda : 0.00068588073833,-0.00063408980285 Mu : 0.01146418680524,0.00244707693574 & Score: -inf
.Lambda : 0.00064677023028,0.00061546147141 Mu : 0.01064175323156,0.00221368546858 & Score: -145787.542878
.Lambda : 0.00072996288206,-0.00228388879191 Mu : 0.01215131193534,0.00266970504331 & Score: -inf
.Lambda : 0.00068226244114,-0.00065930909077 Mu : 0.01124818461754,0.00240189973146 & Score: -inf
.Lambda : 0.00068281876703,0.00046294864790 Mu : 0.00998984342468,0.00243836016324 & Score: -145586.734854
.Lambda : 0.00066491479187,0.00079787646143 Mu : 0.00982783883261,0.00226942942957 & Score: -145632.863535
.Lambda : 0.00064025774530,0.00098015193579 Mu : 0.01021036595997,0.00222343410429 & Score: -145809.418667
.Lambda : 0.00062901421106,0.00226243291851 Mu : 0.00893836814096,0.00213075932689 & Score: -146053.527811
.Lambda : 0.00072441509292,-0.00098672648376 Mu : 0.01074462277657,0.00266636995060 & Score: -inf
.Lambda : 0.00070056487246,-0.00017443663319 Mu : 0.01029305911767,0.00253246729467 & Score: -inf
.Lambda : 0.00070084303540,0.00038669223614 Mu : 0.00966388852124,0.00255069751056 & Score: -145508.572989
.Lambda : 0.00069189104782,0.00055415614291 Mu : 0.00958288622520,0.00246623214373 & Score: -145532.571097
.Lambda : 0.00067956252454,0.00064529388009 Mu : 0.00977414978888,0.00244323448109 & Score: -145610.478401
.Lambda : 0.00067394075742,0.00128643437145 Mu : 0.00913815087938,0.00239689709239 & Score: -145735.264295
.Lambda : 0.00072164119835,-0.00033814532969 Mu : 0.01004127819718,0.00266470240425 & Score: -inf
.Lambda : 0.00070971608811,0.00006799959559 Mu : 0.00981549636773,0.00259775107628 & Score: -145429.133327
.Lambda : 0.00073109621302,0.00001434801943 Mu : 0.00942595257710,0.00269562331314 & Score: -145351.374027
.Lambda : 0.00075686305726,-0.00030112491091 Mu : 0.00925185397120,0.00282181772916 & Score: -inf
.Lambda : 0.00073837027233,-0.00016441830513 Mu : 0.00953874931673,0.00278732123521 & Score: -inf
.Lambda : 0.00072675046620,0.00001522530688 Mu : 0.00954978354385,0.00270704896234 & Score: -145382.328691
.Lambda : 0.00074237200016,-0.00018268786300 Mu : 0.00940069453200,0.00278103159426 & Score: -inf
.Lambda : 0.00073198975897,-0.00004034283821 Mu : 0.00946649302931,0.00272344807334 & Score: -inf
.Lambda : 0.00072892333961,0.00001478666315 Mu : 0.00948786806047,0.00270133613774 & Score: -145366.586370
.Lambda : 0.00072040615057,0.00004117380751 Mu : 0.00962072447241,0.00264668719471 & Score: -145387.533601
.Lambda : 0.00072498175840,0.00016239192190 Mu : 0.00938194309745,0.00267932908551 & Score: -145398.436462
.Lambda : 0.00071596962421,0.00020052012778 Mu : 0.00954492054917,0.00262316041185 & Score: -145428.254231
.Lambda : 0.00073673410659,-0.00008416992179 Mu : 0.00941332355455,0.00273832745370 & Score: -inf
.Lambda : 0.00073154298599,-0.00001299740939 Mu : 0.00944622280320,0.00270953569324 & Score: -inf
.Lambda : 0.00073000977632,0.00001456734129 Mu : 0.00945691031878,0.00269847972544 & Score: -145358.913636
.Lambda : 0.00072575118179,0.00002776091347 Mu : 0.00952333852476,0.00267115525392 & Score: -145368.764444
.Lambda : 0.00072803898571,0.00008836997066 Mu : 0.00940394783727,0.00268747619933 & Score: -145374.836525
.Lambda : 0.00072353291861,0.00010743407360 Mu : 0.00948543656313,0.00265939186250 & Score: -145389.383431
.Lambda : 0.00073391515980,-0.00003491095118 Mu : 0.00941963806582,0.00271697538342 & Score: -inf
.Lambda : 0.00073131959951,0.00000067530502 Mu : 0.00943608769015,0.00270257950319 & Score: -145350.430968
.Lambda : 0.00073104939961,-0.00005969418107 Mu : 0.00951719671812,0.00269644269852 & Score: -inf
.Lambda : 0.00073029679613,-0.00002267814313 Mu : 0.00948888449791,0.00269420107372 & Score: -inf
.Lambda : 0.00073120790626,0.00000751166222 Mu : 0.00943102013362,0.00269910140816 & Score: -145350.899877
.Lambda : 0.00073066468791,0.00000762132315 Mu : 0.00944649900447,0.00270052961431 & Score: -145354.663877
.Lambda : 0.00072853539065,0.00001421810924 Mu : 0.00947971310745,0.00268686737856 & Score: -145359.450291
.Lambda : 0.00072967929261,0.00004452263784 Mu : 0.00942001776371,0.00269502785126 & Score: -145362.600671
.Lambda : 0.00073118449956,-0.00002950943803 Mu : 0.00947664220414,0.00269951110085 & Score: -inf
.Lambda : 0.00073080819782,-0.00001100141906 Mu : 0.00946248609403,0.00269839028846 & Score: -inf
.Lambda : 0.00073126375289,0.00000409348362 Mu : 0.00943355391189,0.00270084045568 & Score: -145350.664768
.Lambda : 0.00073099214371,0.00000414831408 Mu : 0.00944129334731,0.00270155455875 & Score: -145352.545315
.Lambda : 0.00072992749508,0.00000744670713 Mu : 0.00945790039880,0.00269472344087 & Score: -145354.903675
.Lambda : 0.00073049944606,0.00002259897143 Mu : 0.00942805272693,0.00269880367722 & Score: -145356.507531
.Lambda : 0.00073125204953,-0.00001441706651 Mu : 0.00945636494714,0.00270104530202 & Score: -inf
.Lambda : 0.00073106389866,-0.00000516305702 Mu : 0.00944928689209,0.00270048489582 & Score: -inf
.Lambda : 0.00073129167620,0.00000238439432 Mu : 0.00943482080102,0.00270170997943 & Score: -145350.547704
.Lambda : 0.00073115587161,0.00000241180955 Mu : 0.00943869051873,0.00270206703097 & Score: -145351.487614
.Lambda : 0.00073062354729,0.00000406100607 Mu : 0.00944699404448,0.00269865147203 & Score: -145352.658071
.Lambda : 0.00073090952278,0.00001163713822 Mu : 0.00943207020854,0.00270069159021 & Score: -145353.467178
.Lambda : 0.00073128582452,-0.00000687088074 Mu : 0.00944622631865,0.00270181240261 & Score: -inf
.Lambda : 0.00073119174909,-0.00000224387600 Mu : 0.00944268729112,0.00270153219951 & Score: -inf
.Lambda : 0.00073130563785,0.00000152984967 Mu : 0.00943545424558,0.00270214474131 & Score: -145350.489295
.Lambda : 0.00073123773556,0.00000154355728 Mu : 0.00943738910444,0.00270232326708 & Score: -145350.959160
.Lambda : 0.00073097157340,0.00000236815554 Mu : 0.00944154086731,0.00270061548761 & Score: -145351.542205
.Lambda : 0.00073111456114,0.00000615622162 Mu : 0.00943407894934,0.00270163554670 & Score: -145351.948556
.Lambda : 0.00073130271201,-0.00000309778786 Mu : 0.00944115700440,0.00270219595290 & Score: -inf
.Lambda : 0.00073125567430,-0.00000078428549 Mu : 0.00943938749063,0.00270205585135 & Score: -inf
.Lambda : 0.00073131261868,0.00000110257734 Mu : 0.00943577096787,0.00270236212225 & Score: -145350.460122
.Lambda : 0.00073127866753,0.00000110943115 Mu : 0.00943673839729,0.00270245138513 & Score: -145350.695031
.Lambda : 0.00073114558645,0.00000152173028 Mu : 0.00943881427873,0.00270159749540 & Score: -145350.986008
.Lambda : 0.00073121708033,0.00000341576332 Mu : 0.00943508331975,0.00270210752494 & Score: -145351.189633
.Lambda : 0.00073131115576,-0.00000121124142 Mu : 0.00943862234727,0.00270238772804 & Score: -inf
.Lambda : 0.00073128763690,-0.00000005449024 Mu : 0.00943773759039,0.00270231767727 & Score: -inf
.Lambda : 0.00073131610909,0.00000088894118 Mu : 0.00943592932901,0.00270247081272 & Score: -145350.445542
.Lambda : 0.00073129913352,0.00000089236808 Mu : 0.00943641304372,0.00270251544416 & Score: -145350.562991
.Lambda : 0.00073123259298,0.00000109851765 Mu : 0.00943745098444,0.00270208849929 & Score: -145350.708343
.Lambda : 0.00073126833992,0.00000204553417 Mu : 0.00943558550495,0.00270234351407 & Score: -145350.810268
.Lambda : 0.00073131537763,-0.00000026796820 Mu : 0.00943735501871,0.00270248361562 & Score: -inf
.Lambda : 0.00073130361820,0.00000031040739 Mu : 0.00943691264027,0.00270244859023 & Score: -145350.400312
.Lambda : 0.00073138663718,0.00000028499318 Mu : 0.00943522036714,0.00270291867585 & Score: -145350.211742
.Lambda : 0.00073146365928,-0.00000012176905 Mu : 0.00943410505848,0.00270333376414 & Score: -inf
.Lambda : 0.00073136384847,0.00000018745530 Mu : 0.00943566196956,0.00270269334683 & Score: -145350.181261
.Lambda : 0.00073139620595,-0.00000016500109 Mu : 0.00943528643248,0.00270278229817 & Score: -inf
.Lambda : 0.00073137074259,-0.00000015986073 Mu : 0.00943601200455,0.00270284924533 & Score: -inf
.Lambda : 0.00073135708422,0.00000010233974 Mu : 0.00943599133566,0.00270275463718 & Score: -145350.236295
.Lambda : 0.00073138599453,-0.00000023270721 Mu : 0.00943580546617,0.00270282812186 & Score: -inf
.Lambda : 0.00073136939577,-0.00000000570415 Mu : 0.00943587602216,0.00270276596719 & Score: -inf
.Lambda : 0.00073137524283,0.00000023622424 Mu : 0.00943544116835,0.00270280601134 & Score: -145350.196498
.Lambda : 0.00073136046634,0.00000014489752 Mu : 0.00943582665261,0.00270272399201 & Score: -145350.208776
.Lambda : 0.00073133373334,0.00000024893134 Mu : 0.00943628730492,0.00270257096853 & Score: -145350.290758
.Lambda : 0.00073134172399,0.00000043138016 Mu : 0.00943587482985,0.00270263642501 & Score: -145350.306110
.Lambda : 0.00073137492150,-0.00000002262595 Mu : 0.00943573371786,0.00270276073435 & Score: -inf
.Lambda : 0.00073136662212,0.00000009087557 Mu : 0.00943576899586,0.00270272965701 & Score: -145350.175920
.Lambda : 0.00073139935655,0.00000008079498 Mu : 0.00943506208827,0.00270290553507 & Score: -145350.090521
.Lambda : 0.00073143216815,-0.00000000327321 Mu : 0.00943444947995,0.00270307281834 & Score: -inf
.Lambda : 0.00073139206864,0.00000015277752 Mu : 0.00943514045841,0.00270284328312 & Score: -145350.113330
.Lambda : 0.00073138570506,0.00000001972745 Mu : 0.00943537558770,0.00270277989967 & Score: -145350.084004
.Lambda : 0.00073139093618,-0.00000008852095 Mu : 0.00943534279738,0.00270276684384 & Score: -inf
.Lambda : 0.00073140802771,-0.00000001536754 Mu : 0.00943501159556,0.00270293584061 & Score: -inf
.Lambda : 0.00073139698290,0.00000003533817 Mu : 0.00943517418906,0.00270287521716 & Score: -145350.083284
.Lambda : 0.00073142043445,0.00000005344348 Mu : 0.00943460716587,0.00270297231050 & Score: -145350.009696
.Lambda : 0.00073144734062,0.00000003472744 Mu : 0.00943402625087,0.00270309363725 & Score: -145349.926657
.Lambda : 0.00073142262393,-0.00000006748351 Mu : 0.00943467859955,0.00270298386145 & Score: -inf
.Lambda : 0.00073141498510,-0.00000001241825 Mu : 0.00943479406426,0.00270294871687 & Score: -inf
.Lambda : 0.00073142216176,0.00000003503280 Mu : 0.00943460021997,0.00270298442720 & Score: -145350.004947
.Lambda : 0.00073141652284,0.00000002722744 Mu : 0.00943470091929,0.00270293676846 & Score: -145350.005298
.Lambda : 0.00073142334858,0.00000005776121 Mu : 0.00943454416957,0.00270299958616 & Score: -145350.008570
.Lambda : 0.00073141970463,0.00000009375248 Mu : 0.00943458335464,0.00270296846018 & Score: -145350.019971
.Lambda : 0.00073143498227,-0.00000001637804 Mu : 0.00943435242521,0.00270303874935 & Score: -inf
.Lambda : 0.00073143116286,0.00000001115459 Mu : 0.00943441015756,0.00270302117706 & Score: -145349.969560
.Lambda : 0.00073143524546,-0.00000000369007 Mu : 0.00943432460427,0.00270301841883 & Score: -inf
.Lambda : 0.00073143227124,0.00000001167275 Mu : 0.00943437949560,0.00270301371066 & Score: -145349.960632
.Lambda : 0.00073144994540,0.00000001906635 Mu : 0.00943400714271,0.00270311970762 & Score: -145349.925611
.Lambda : 0.00073146665668,0.00000001498580 Mu : 0.00943366025442,0.00270321117720 & Score: -145349.885793
.Lambda : 0.00073146655394,0.00000000123749 Mu : 0.00943363785926,0.00270318542388 & Score: -145349.866393
.Lambda : 0.00073148875003,-0.00000001566017 Mu : 0.00943315667891,0.00270328592222 & Score: -inf
.Lambda : 0.00073147524838,0.00000002015715 Mu : 0.00943344177251,0.00270323079744 & Score: -145349.850197
.Lambda : 0.00073149729113,0.00000002465842 Mu : 0.00943295757998,0.00270333560763 & Score: -145349.790566
.Lambda : 0.00073150664994,0.00000002613183 Mu : 0.00943276147667,0.00270339921232 & Score: -145349.774145
.Lambda : 0.00073154383930,0.00000003336137 Mu : 0.00943195246721,0.00270359196315 & Score: -145349.681042
.Lambda : 0.00073153982990,0.00000000239411 Mu : 0.00943207782957,0.00270356844868 & Score: -145349.685308
.Lambda : 0.00073155710046,0.00000001583989 Mu : 0.00943165261359,0.00270362954446 & Score: -145349.625938
.Lambda : 0.00073160232235,0.00000001626693 Mu : 0.00943064879317,0.00270383872809 & Score: -145349.496226
.Lambda : 0.00073162508740,0.00000003710293 Mu : 0.00943018047570,0.00270398194990 & Score: -145349.460507
.Lambda : 0.00073170435413,0.00000005503564 Mu : 0.00942845178392,0.00270438021290 & Score: -145349.258204
.Lambda : 0.00073169788171,0.00000002887060 Mu : 0.00942860785695,0.00270435406879 & Score: -145349.270197
.Lambda : 0.00073173436884,0.00000006437316 Mu : 0.00942775262105,0.00270451403778 & Score: -145349.167887
.Lambda : 0.00073183163830,0.00000009536269 Mu : 0.00942559001680,0.00270498683233 & Score: -145348.910176
.Lambda : 0.00073187425895,0.00000006440657 Mu : 0.00942469675821,0.00270518795791 & Score: -145348.787774
.Lambda : 0.00073203946877,0.00000007992916 Mu : 0.00942106890371,0.00270598595529 & Score: -145348.343957
.Lambda : 0.00073203434911,0.00000011333212 Mu : 0.00942121048752,0.00270601480657 & Score: -145348.396892
.Lambda : 0.00073210702345,0.00000014295921 Mu : 0.00941955273903,0.00270632983476 & Score: -145348.185958
.Lambda : 0.00073231159433,0.00000020000352 Mu : 0.00941502518006,0.00270731771774 & Score: -145347.648223
.Lambda : 0.00073240417112,0.00000018927810 Mu : 0.00941299551013,0.00270777244306 & Score: -145347.397924
.Lambda : 0.00073275407962,0.00000025639933 Mu : 0.00940526737323,0.00270946855814 & Score: -145346.480576
.Lambda : 0.00073273810761,0.00000022946938 Mu : 0.00940569595547,0.00270940668654 & Score: -145346.532774
.Lambda : 0.00073288727606,0.00000026956858 Mu : 0.00940231821871,0.00271007465230 & Score: -145346.112319
.Lambda : 0.00073331373953,0.00000034768681 Mu : 0.00939287208431,0.00271210457516 & Score: -145344.989162
.Lambda : 0.00073351929177,0.00000043685035 Mu : 0.00938836139282,0.00271316281350 & Score: -145344.510789
.Lambda : 0.00073425920328,0.00000061531095 Mu : 0.00937200763738,0.00271675124261 & Score: -145342.651040
.Lambda : 0.00073422097069,0.00000052442971 Mu : 0.00937289634513,0.00271654781348 & Score: -145342.715051
.Lambda : 0.00073453588895,0.00000064244402 Mu : 0.00936582576455,0.00271802940816 & Score: -145341.913498
.Lambda : 0.00073543477961,0.00000084893135 Mu : 0.00934589066909,0.00272234076896 & Score: -145339.688691
.Lambda : 0.00073586026693,0.00000091178007 Mu : 0.00933656599472,0.00272440364196 & Score: -145338.669779
.Lambda : 0.00073741336059,0.00000123947044 Mu : 0.00930221530547,0.00273187118387 & Score: -145335.016614
.Lambda : 0.00073735041755,0.00000126638442 Mu : 0.00930363289423,0.00273165092930 & Score: -145335.213022
.Lambda : 0.00073800790982,0.00000146061887 Mu : 0.00928897690796,0.00273475924889 & Score: -145333.696935
.Lambda : 0.00073990137939,0.00000192871344 Mu : 0.00924701718938,0.00274386496659 & Score: -145329.568641
.Lambda : 0.00074079076530,0.00000202643888 Mu : 0.00922737039171,0.00274811268176 & Score: -145327.669031
.Lambda : 0.00074405654631,0.00000273200285 Mu : 0.00915505176887,0.00276379340133 & Score: -145321.313512
.Lambda : 0.00074392607231,0.00000273435423 Mu : 0.00915806790988,0.00276324947159 & Score: -145321.615298
.Lambda : 0.00074529826174,0.00000305088606 Mu : 0.00912754319257,0.00276973858239 & Score: -145319.111573
.Lambda : 0.00074927218384,0.00000394313688 Mu : 0.00903949834174,0.00278878240894 & Score: -145312.779358
.Lambda : 0.00075116473033,0.00000442963326 Mu : 0.00899760229946,0.00279797394036 & Score: -145310.249326
.Lambda : 0.00075804041520,0.00000602471466 Mu : 0.00884529579646,0.00283102531860 & Score: -145303.097361
.Lambda : 0.00075774622944,0.00000578839086 Mu : 0.00885193971910,0.00282956033363 & Score: -145303.258376
.Lambda : 0.00076063161509,0.00000650976840 Mu : 0.00878782490321,0.00284333125966 & Score: -145301.222973
.Lambda : 0.00076898438647,0.00000839747549 Mu : 0.00860270339987,0.00288337215370 & Score: -145299.014696
.Lambda : 0.00077296506117,0.00000934485610 Mu : 0.00851466685971,0.00290257670610 & Score: -145299.978183
.Lambda : 0.00077959586230,0.00001083458168 Mu : 0.00836780454583,0.00293448484708 & Score: -145304.329053
.Lambda : 0.00074927218384,0.00000394313688 Mu : 0.00903949834174,0.00278878240894 & Score: -145312.779358
.Lambda : 0.00075685310346,0.00000566599808 Mu : 0.00887157489276,0.00282520801847 & Score: -145304.000195
.Lambda : 0.00077201494269,0.00000911172048 Mu : 0.00853572799481,0.00289805923754 & Score: -145299.659566
.Lambda : 0.00077825617332,0.00001065099250 Mu : 0.00839725730633,0.00292795637434 & Score: -145303.168175
.Lambda : 0.00075774622944,0.00000578839086 Mu : 0.00885193971910,0.00282956033363 & Score: -145303.258376
.Lambda : 0.00076287371541,0.00000700404127 Mu : 0.00873826911591,0.00285415934381 & Score: -145300.133143
.Lambda : 0.00078037863767,0.00001090433201 Mu : 0.00835038788869,0.00293805840198 & Score: -145304.960313
.Lambda : 0.00077479408205,0.00000968442767 Mu : 0.00847411486563,0.00291130013114 & Score: -145300.763471
.Lambda : 0.00076362497082,0.00000724461900 Mu : 0.00872156881952,0.00285778358944 & Score: -145299.874293
.Lambda : 0.00077592096516,0.00001004529426 Mu : 0.00844906442105,0.00291673649959 & Score: -145301.462439
.Lambda : 0.00077265915272,0.00000928498101 Mu : 0.00852136559477,0.00290109221064 & Score: -145299.857607
.Lambda : 0.00076567666518,0.00000767454189 Mu : 0.00867601604477,0.00286757688956 & Score: -145299.268708
.Lambda : 0.00077604260272,0.00000998974043 Mu : 0.00844633769759,0.00291726665628 & Score: -145301.484505
.Lambda : 0.00077293819474,0.00000930346007 Mu : 0.00851514547807,0.00290239588957 & Score: -145299.927842
.Lambda : 0.00076733052583,0.00000803600869 Mu : 0.00863935972232,0.00287547452163 & Score: -145299.033644
.Lambda : 0.00077049966458,0.00000875459798 Mu : 0.00856921569734,0.00289071569562 & Score: -145299.245871
.Lambda : 0.00077082176960,0.00000884122825 Mu : 0.00856203449732,0.00289223218217 & Score: -145299.301641
.Lambda : 0.00076630467865,0.00000782104724 Mu : 0.00866213610970,0.00287057787157 & Score: -145299.161499
.Lambda : 0.00076573785817,0.00000766333645 Mu : 0.00867467296730,0.00286783793909 & Score: -145299.235620
.Lambda : 0.00076367905998,0.00000720433595 Mu : 0.00872022040225,0.00285791554738 & Score: -145299.772670
.Lambda : 0.00076538421113,0.00000759190146 Mu : 0.00868246922602,0.00286611558444 & Score: -145299.298098
.Lambda : 0.00076815745615,0.00000821674209 Mu : 0.00862103156110,0.00287942333767 & Score: -145298.997074
.Lambda : 0.00076764453256,0.00000810926136 Mu : 0.00863241975478,0.00287697501264 & Score: -145299.017005
.Lambda : 0.00076736112232,0.00000803040597 Mu : 0.00863868818358,0.00287560504640 & Score: -145299.021013
.Lambda : 0.00076974202553,0.00000857603673 Mu : 0.00858595954861,0.00288704392466 & Score: -145299.107531
.Lambda : 0.00076633172323,0.00000780090572 Mu : 0.00866146190106,0.00287064385054 & Score: -145299.117009
.Lambda : 0.00076718429880,0.00000799468847 Mu : 0.00864258631295,0.00287474386907 & Score: -145299.028539
.Lambda : 0.00076888944995,0.00000838225398 Mu : 0.00860483513672,0.00288294390613 & Score: -145299.023622
.Lambda : 0.00076718429880,0.00000799468847 Mu : 0.00864258631295,0.00287474386907 & Score: -145299.028539
.Lambda : 0.00076761058659,0.00000809157985 Mu : 0.00863314851889,0.00287679387834 & Score: -145299.005774
.Lambda : 0.00076883735857,0.00000837712343 Mu : 0.00860596343374,0.00288267714477 & Score: -145299.015006
.Lambda : 0.00076915036133,0.00000843219906 Mu : 0.00859900370202,0.00288415824460 & Score: -145299.020263
.Lambda : 0.00076877390414,0.00000835146464 Mu : 0.00860735771521,0.00288236243661 & Score: -145299.002539
.Lambda : 0.00076792580811,0.00000815150760 Mu : 0.00862615716380,0.00287829875839 & Score: -145298.988458
.Lambda : 0.00076747003288,0.00000803869969 Mu : 0.00863625402883,0.00287610956519 & Score: -145298.999847
.Lambda : 0.00076724949102,0.00000800817160 Mu : 0.00864114407962,0.00287506705180 & Score: -145299.027421
.Lambda : 0.00076768321488,0.00000810549757 Mu : 0.00863153390969,0.00287714332727 & Score: -145299.001906
.Lambda : 0.00076865960505,0.00000832102610 Mu : 0.00860989165600,0.00288182005163 & Score: -145298.998015
.Lambda : 0.00076743913796,0.00000804592205 Mu : 0.00863694943008,0.00287598030087 & Score: -145299.015185
.Lambda : 0.00076777282950,0.00000812230769 Mu : 0.00862955150136,0.00287757583480 & Score: -145298.998788
.Lambda : 0.00076857463453,0.00000830029417 Mu : 0.00861178203144,0.00288141566397 & Score: -145298.996065
.Lambda : 0.00076888592241,0.00000837247729 Mu : 0.00860487970481,0.00288290307102 & Score: -145299.008412
.Lambda : 0.00076860764919,0.00000830993489 Mu : 0.00861104765395,0.00288157126197 & Score: -145298.996792
.Lambda : 0.00076797316893,0.00000816821327 Mu : 0.00862511754914,0.00287853445936 & Score: -145298.994008
.Lambda : 0.00076838317423,0.00000824823288 Mu : 0.00861602063807,0.00288048673418 & Score: -145298.983406
.Lambda : 0.00076849603326,0.00000826397828 Mu : 0.00861351517655,0.00288101843243 & Score: -145298.978092
.Lambda : 0.00076787717323,0.00000813206177 Mu : 0.00862723830652,0.00287806239511 & Score: -145298.985207
.Lambda : 0.00076756145724,0.00000805758630 Mu : 0.00863423206656,0.00287654135867 & Score: -145298.992203
.Lambda : 0.00076795706699,0.00000813435370 Mu : 0.00862545380757,0.00287842601293 & Score: -145298.968981
.Lambda : 0.00076794901601,0.00000811742392 Mu : 0.00862562193679,0.00287837178972 & Score: -145298.956474
.Lambda : 0.00076856255807,0.00000827489949 Mu : 0.00861203422527,0.00288133432915 & Score: -145298.976750
.Lambda : 0.00076851658218,0.00000824267413 Mu : 0.00861304765877,0.00288109471482 & Score: -145298.959117
.Lambda : 0.00076888492153,0.00000831742613 Mu : 0.00860487119217,0.00288284723795 & Score: -145298.965231
.Lambda : 0.00076846050563,0.00000821223355 Mu : 0.00861427232995,0.00288080560339 & Score: -145298.941709
.Lambda : 0.00076844274181,0.00000818636119 Mu : 0.00861465090665,0.00288069918886 & Score: -145298.923553
.Lambda : 0.00076833407270,0.00000815704319 Mu : 0.00861706162192,0.00288017213653 & Score: -145298.917636
.Lambda : 0.00076821983002,0.00000809811504 Mu : 0.00861957532024,0.00287959104022 & Score: -145298.889610
.Lambda : 0.00076767916348,0.00000800486101 Mu : 0.00863157671905,0.00287703112886 & Score: -145298.924046
.Lambda : 0.00076762879349,0.00000796070645 Mu : 0.00863266478260,0.00287675185901 & Score: -145298.896720
.Lambda : 0.00076803624839,0.00000800759793 Mu : 0.00862361192748,0.00287866481876 & Score: -145298.851061
.Lambda : 0.00076807986458,0.00000795268494 Mu : 0.00862260692283,0.00287881133327 & Score: -145298.798598
.Lambda : 0.00076850645147,0.00000809407280 Mu : 0.00861317224710,0.00288089558183 & Score: -145298.836858
.Lambda : 0.00076777472796,0.00000786642843 Mu : 0.00862935872974,0.00287732571830 & Score: -145298.788087
.Lambda : 0.00076744072104,0.00000770646205 Mu : 0.00863671264128,0.00287563898302 & Score: -145298.733431
.Lambda : 0.00076849464006,0.00000796496096 Mu : 0.00861336878313,0.00288071661015 & Score: -145298.735584
.Lambda : 0.00076804100855,0.00000776097533 Mu : 0.00862335497693,0.00287844021392 & Score: -145298.648361
.Lambda : 0.00076795159782,0.00000759240548 Mu : 0.00862524480527,0.00287786480077 & Score: -145298.528601
.Lambda : 0.00076747696028,0.00000751418391 Mu : 0.00863579432915,0.00287562028178 & Score: -145298.570711
.Lambda : 0.00076760209502,0.00000743632126 Mu : 0.00863295335659,0.00287610900459 & Score: -145298.475449
.Lambda : 0.00076736321025,0.00000717813942 Mu : 0.00863812657347,0.00287475784024 & Score: -145298.320345
.Lambda : 0.00076662160463,0.00000703063446 Mu : 0.00865457039146,0.00287122434275 & Score: -145298.405104
.Lambda : 0.00076726596545,0.00000695121959 Mu : 0.00864015540839,0.00287409464976 & Score: -145298.161673
.Lambda : 0.00076717858765,0.00000657359836 Mu : 0.00864187679195,0.00287332248313 & Score: -145297.876508
.Lambda : 0.00076708053989,0.00000667320495 Mu : 0.00864411495192,0.00287296445167 & Score: -145297.979780
.Lambda : 0.00076617037339,0.00000613538312 Mu : 0.00866409954913,0.00286826975812 & Score: -145297.816976
.Lambda : 0.00076527976118,0.00000540687194 Mu : 0.00868352692106,0.00286347223680 & Score: -145297.552003
.Lambda : 0.00076682944486,0.00000588527287 Mu : 0.00864925222774,0.00287103416317 & Score: -145297.406150
.Lambda : 0.00076693336497,0.00000531259207 Mu : 0.00864659314589,0.00287093907338 & Score: -145296.908352
.Lambda : 0.00076587291660,0.00000480499424 Mu : 0.00866992933194,0.00286559128224 & Score: -145296.831642
.Lambda : 0.00076512776978,0.00000361842165 Mu : 0.00868583071118,0.00286100800324 & Score: -145296.148104
.Lambda : 0.00076517920190,0.00000378253706 Mu : 0.00868479883311,0.00286140644661 & Score: -145296.262964
.Lambda : 0.00076408146126,0.00000248661300 Mu : 0.00870849801367,0.00285509039689 & Score: -145295.693055
.Lambda : 0.00076253289807,0.00000044312032 Mu : 0.00874180862453,0.00284597435377 & Score: -145294.866761
.Lambda : 0.00076460685618,0.00000117146362 Mu : 0.00869598873629,0.00285619170170 & Score: -145294.363248
.Lambda : 0.00076427040368,-0.00000094624054 Mu : 0.00870221964390,0.00285255143414 & Score: -inf
.Lambda : 0.00076178999799,-0.00000080482075 Mu : 0.00875762030667,0.00284135117928 & Score: -inf
.Lambda : 0.00076307583974,0.00000072453246 Mu : 0.00872986351647,0.00284874815280 & Score: -145294.780675
.Lambda : 0.00076249247998,-0.00000080376803 Mu : 0.00874194696112,0.00284455465914 & Score: -inf
.Lambda : 0.00076316416046,0.00000034280824 Mu : 0.00872765992912,0.00284876760601 & Score: -145294.412972
.Lambda : 0.00076156210744,-0.00000227745933 Mu : 0.00876182969203,0.00283883290390 & Score: -inf
.Lambda : 0.00076245352303,-0.00000080348909 Mu : 0.00874282994682,0.00284437667873 & Score: -inf
.Lambda : 0.00076388550832,0.00000075713593 Mu : 0.00871182433271,0.00285247965385 & Score: -145294.368171
.Lambda : 0.00076384134796,0.00000094799804 Mu : 0.00871292612638,0.00285246992725 & Score: -145294.549163
.Lambda : 0.00076356987712,0.00000080729197 Mu : 0.00871889868041,0.00285108302773 & Score: -145294.573330
.Lambda : 0.00076486731298,0.00000239494263 Mu : 0.00869090972373,0.00285859985247 & Score: -145295.253624
.Lambda : 0.00076308448181,-0.00000055299786 Mu : 0.00872890921416,0.00284751230280 & Score: -inf
.Lambda : 0.00076353018960,0.00000018398727 Mu : 0.00871940934155,0.00285028419021 & Score: -145294.081391
.Lambda : 0.00076436207391,0.00000072300045 Mu : 0.00870117558805,0.00285462970877 & Score: -145294.108332
.Lambda : 0.00076435096605,0.00000046979559 Mu : 0.00870127287292,0.00285432270002 & Score: -145293.903573
.Lambda : 0.00076460577509,0.00000023069437 Mu : 0.00869544624619,0.00285524908640 & Score: -145293.588870
.Lambda : 0.00076466693907,0.00000039743693 Mu : 0.00869418562334,0.00285569768969 & Score: -145293.700050
.Lambda : 0.00076397563266,-0.00000040390411 Mu : 0.00870911966328,0.00285173863585 & Score: -inf
.Lambda : 0.00076413343854,-0.00000001006218 Mu : 0.00870583693153,0.00285285190231 & Score: -inf
.Lambda : 0.00076463635708,0.00000031406565 Mu : 0.00869481593476,0.00285547338805 & Score: -145293.644428
.Lambda : 0.00076406798235,0.00000020734082 Mu : 0.00870742779387,0.00285276663831 & Score: -145293.823715
.Lambda : 0.00076448392450,0.00000047684741 Mu : 0.00869831091712,0.00285493939759 & Score: -145293.847950
.Lambda : 0.00076460631564,0.00000070107900 Mu : 0.00869571749124,0.00285572039405 & Score: -145293.976056
.Lambda : 0.00076429070387,-0.00000008660487 Mu : 0.00870228295473,0.00285349386113 & Score: -inf
.Lambda : 0.00076436960681,0.00000011031610 Mu : 0.00870064158886,0.00285405049436 & Score: -145293.598943
.Lambda : 0.00076435593617,-0.00000004563894 Mu : 0.00870085486472,0.00285383040597 & Score: -inf
.Lambda : 0.00076438793325,0.00000008498265 Mu : 0.00870021887782,0.00285410765387 & Score: -145293.569045
.Lambda : 0.00076493185377,0.00000016268857 Mu : 0.00868813352995,0.00285667367303 & Score: -145293.390620
.Lambda : 0.00076536378948,0.00000014036244 Mu : 0.00867848639798,0.00285862719039 & Score: -145293.196328
.Lambda : 0.00076472719524,-0.00000003088787 Mu : 0.00869258062066,0.00285554382447 & Score: -inf
.Lambda : 0.00076470448570,0.00000005535051 Mu : 0.00869313944919,0.00285552621536 & Score: -145293.400582
.Lambda : 0.00076516138495,0.00000014537889 Mu : 0.00868300389673,0.00285770457866 & Score: -145293.280374
.Lambda : 0.00076520302160,-0.00000001765713 Mu : 0.00868197806467,0.00285773373274 & Score: -inf
.Lambda : 0.00076505370997,0.00000004443074 Mu : 0.00868534511005,0.00285711257116 & Score: -145293.242001
.Lambda : 0.00076575375180,0.00000010777864 Mu : 0.00866976854916,0.00286037762391 & Score: -145293.023096
.Lambda : 0.00076643666108,0.00000011917664 Mu : 0.00865454338482,0.00286351260893 & Score: -145292.805711
.Lambda : 0.00076630328704,0.00000016932384 Mu : 0.00865754994561,0.00286295225921 & Score: -145292.888205
.Lambda : 0.00076641733884,0.00000009126795 Mu : 0.00865495852250,0.00286339773619 & Score: -145292.789319
.Lambda : 0.00076704531578,0.00000006421248 Mu : 0.00864093583539,0.00286624431495 & Score: -145292.591060
.Lambda : 0.00076752081672,0.00000020210695 Mu : 0.00863041267185,0.00286855561559 & Score: -145292.590637
.Lambda : 0.00076875437009,0.00000028094506 Mu : 0.00860294645275,0.00287427713780 & Score: -145292.446928
.Lambda : 0.00076890602751,0.00000017646657 Mu : 0.00859950141130,0.00287486597005 & Score: -145292.344398
.Lambda : 0.00077067714653,0.00000019451864 Mu : 0.00856000891795,0.00288298535988 & Score: -145292.296233
.Lambda : 0.00077015345970,0.00000016010256 Mu : 0.00857166734985,0.00288055745157 & Score: -145292.261149
.Lambda : 0.00077207854603,0.00000015549192 Mu : 0.00852872605197,0.00288936004775 & Score: -145292.394260
.Lambda : 0.00077187848498,0.00000023071273 Mu : 0.00853323589314,0.00288851952317 & Score: -145292.426943
.Lambda : 0.00077368641486,0.00000036892702 Mu : 0.00849299347146,0.00289692542126 & Score: -145292.909842
.Lambda : 0.00077202614009,0.00000029274838 Mu : 0.00852997906244,0.00288925514468 & Score: -145292.496822
.Lambda : 0.00076870559055,0.00000014039111 Mu : 0.00860395024440,0.00287391459153 & Score: -145292.338580
.Lambda : 0.00077195297079,0.00000008191746 Mu : 0.00853148474993,0.00288871132527 & Score: -145292.316496
.Lambda : 0.00076886609881,0.00000005775216 Mu : 0.00860031973792,0.00287456484096 & Score: -145292.251902
.Lambda : 0.00076735990572,-0.00000002872813 Mu : 0.00863386166031,0.00286758749985 & Score: -inf
.Lambda : 0.00077211924736,0.00000010675430 Mu : 0.00852779013342,0.00288949489731 & Score: -145292.360007
.Lambda : 0.00077126583316,0.00000011516350 Mu : 0.00854683016117,0.00288559982087 & Score: -145292.266737
.Lambda : 0.00076852829831,0.00000018185097 Mu : 0.00860792833352,0.00287314241136 & Score: -145292.394383
.Lambda : 0.00076938446643,0.00000015686759 Mu : 0.00858881743762,0.00287703463984 & Score: -145292.286372
.Lambda : 0.00076915778252,0.00000005042427 Mu : 0.00859380842533,0.00287589301674 & Score: -145292.217737
.Lambda : 0.00076839810051,-0.00000002162292 Mu : 0.00861070817901,0.00287234684517 & Score: -inf
.Lambda : 0.00077033712066,0.00000003485365 Mu : 0.00856749539951,0.00288127292522 & Score: -145292.159811
.Lambda : 0.00077081344778,-0.00000002615332 Mu : 0.00855683438046,0.00288339206791 & Score: -inf
.Lambda : 0.00076799139769,0.00000003640282 Mu : 0.00861981529514,0.00287054429638 & Score: -145292.361926
.Lambda : 0.00076881000655,0.00000005609299 Mu : 0.00860156901165,0.00287430817750 & Score: -145292.257388
.Lambda : 0.00076843204457,-0.00000006054103 Mu : 0.00860992893736,0.00287246202864 & Score: -inf
.Lambda : 0.00076886239835,-0.00000000538013 Mu : 0.00860036354048,0.00287448588437 & Score: -inf
.Lambda : 0.00076974745159,0.00000004263896 Mu : 0.00858065191242,0.00287858297098 & Score: -145292.174722
.Lambda : 0.00076960160973,0.00000004630290 Mu : 0.00858390756872,0.00287791888309 & Score: -145292.184002
.Lambda : 0.00076957356361,0.00000004547332 Mu : 0.00858453220558,0.00287779055136 & Score: -145292.185051
.Lambda : 0.00077024529018,0.00000009747811 Mu : 0.00856958137468,0.00288091518840 & Score: -145292.210126
.Lambda : 0.00076938458262,-0.00000001284369 Mu : 0.00858871216843,0.00287686747693 & Score: -inf
.Lambda : 0.00076959975951,0.00000001473676 Mu : 0.00858392947000,0.00287787940480 & Score: -145292.158578
.Lambda : 0.00077006940714,0.00000002379282 Mu : 0.00857345996974,0.00288003654068 & Score: -145292.151030
.Lambda : 0.00077031732890,0.00000001295257 Mu : 0.00856792385183,0.00288115953535 & Score: -145292.141490
.Lambda : 0.00077039922060,0.00000000628806 Mu : 0.00856609274816,0.00288152853508 & Score: -145292.137333
.Lambda : 0.00077079802603,-0.00000001371935 Mu : 0.00855718533788,0.00288333336108 & Score: -inf
.Lambda : 0.00077057926325,-0.00000000822344 Mu : 0.00856206882233,0.00288233722924 & Score: -inf
.Lambda : 0.00077037131033,0.00000000449216 Mu : 0.00856671459485,0.00288139866468 & Score: -145292.135381
.Lambda : 0.00077000668901,-0.00000001561888 Mu : 0.00857483493290,0.00287971014473 & Score: -inf
.Lambda : 0.00077008929692,-0.00000000300074 Mu : 0.00857300004956,0.00288010083985 & Score: -inf
.Lambda : 0.00077038526546,0.00000000539011 Mu : 0.00856640367151,0.00288146359988 & Score: -145292.136349
.Lambda : 0.00077034431962,0.00000000872236 Mu : 0.00856731922334,0.00288127910001 & Score: -145292.138406
.Lambda : 0.00076998553492,0.00000000961446 Mu : 0.00857532203242,0.00287963903474 & Score: -145292.140960
.Lambda : 0.00077035421550,0.00000001967291 Mu : 0.00856710499718,0.00288133579495 & Score: -145292.147583
.Lambda : 0.00077018899967,-0.00000000556336 Mu : 0.00857077476388,0.00288055440470 & Score: -inf
.Lambda : 0.00077023030363,0.00000000074571 Mu : 0.00856985732220,0.00288074975227 & Score: -145292.131405
.Lambda : 0.00077068006460,0.00000000006071 Mu : 0.00855982537353,0.00288280652368 & Score: -145292.139163
.Lambda : 0.00076998553492,0.00000000961446 Mu : 0.00857532203242,0.00287963903474 & Score: -145292.140960
.Lambda : 0.00077015916734,0.00000000722602 Mu : 0.00857144786770,0.00288043090697 & Score: -145292.136877
.Lambda : 0.00077022870376,0.00000000020464 Mu : 0.00856989250479,0.00288074236189 & Score: -145292.131134
.Lambda : 0.00077017089584,-0.00000000405422 Mu : 0.00857117914552,0.00288047399283 & Score: -inf
.Lambda : 0.00077044862425,-0.00000000180971 Mu : 0.00856498617898,0.00288174628238 & Score: -inf
.Lambda : 0.00077037626002,0.00000000044922 Mu : 0.00856660160116,0.00288141743853 & Score: -145292.132212
.Lambda : 0.00077021802341,-0.00000000244425 Mu : 0.00857012934000,0.00288069050880 & Score: -inf
.Lambda : 0.00077025983392,-0.00000000048566 Mu : 0.00856919792287,0.00288088378157 & Score: -inf
.Lambda : 0.00077022950369,0.00000000047517 Mu : 0.00856987491350,0.00288074605708 & Score: -145292.131270
.Lambda : 0.00077030248189,0.00000000032693 Mu : 0.00856824705297,0.00288107990021 & Score: -145292.131453
.Lambda : 0.00077030000705,0.00000000234840 Mu : 0.00856830354982,0.00288107051328 & Score: -145292.133052
.Lambda : 0.00077030698461,0.00000000279738 Mu : 0.00856814808815,0.00288110298088 & Score: -145292.133494
.Lambda : 0.00077022336359,-0.00000000111980 Mu : 0.00857001092239,0.00288071643534 & Score: -inf
.Lambda : 0.00077024426884,-0.00000000014051 Mu : 0.00856954521383,0.00288081307173 & Score: -inf
.Lambda : 0.00077022910373,0.00000000033991 Mu : 0.00856988370914,0.00288074420948 & Score: -145292.131202
.Lambda : 0.00077026559283,0.00000000026578 Mu : 0.00856906977888,0.00288091113105 & Score: -145292.131239
.Lambda : 0.00077026435541,0.00000000127652 Mu : 0.00856909802731,0.00288090643759 & Score: -145292.132042
.Lambda : 0.00077026784419,0.00000000150101 Mu : 0.00856902029647,0.00288092267139 & Score: -145292.132252
.Lambda : 0.00077022603367,-0.00000000045758 Mu : 0.00856995171359,0.00288072939862 & Score: -inf
.Lambda : 0.00077023648630,0.00000000003207 Mu : 0.00856971885931,0.00288077771681 & Score: -145292.130974
.Lambda : 0.00077021558791,-0.00000000085532 Mu : 0.00857018439876,0.00288068127203 & Score: -inf
.Lambda : 0.00077022777978,-0.00000000032236 Mu : 0.00856991280590,0.00288073756342 & Score: -inf
.Lambda : 0.00077023259503,0.00000000011835 Mu : 0.00856980568205,0.00288076003935 & Score: -145292.131053
.Lambda : 0.00077023279502,0.00000000018599 Mu : 0.00856980128423,0.00288076096314 & Score: -145292.131087
.Lambda : 0.00077025103957,0.00000000014892 Mu : 0.00856939431910,0.00288084442393 & Score: -145292.131098
.Lambda : 0.00077025042085,0.00000000065429 Mu : 0.00856940844331,0.00288084207720 & Score: -145292.131500
.Lambda : 0.00077022603710,-0.00000000041163 Mu : 0.00856995162903,0.00288072949442 & Score: -inf
.Lambda : 0.00077023213304,-0.00000000014515 Mu : 0.00856981583260,0.00288075764011 & Score: -inf
.Lambda : 0.00077023454067,0.00000000007521 Mu : 0.00856976227068,0.00288076887808 & Score: -145292.131013
.Lambda : 0.00077023464066,0.00000000010903 Mu : 0.00856976007177,0.00288076933998 & Score: -145292.131030
.Lambda : 0.00077024376293,0.00000000009050 Mu : 0.00856955658920,0.00288081107037 & Score: -145292.131034
.Lambda : 0.00077024345358,0.00000000034318 Mu : 0.00856956365131,0.00288080989700 & Score: -145292.131235
.Lambda : 0.00077023126170,-0.00000000018978 Mu : 0.00856983524417,0.00288075360561 & Score: -inf
.Lambda : 0.00077023430967,-0.00000000005654 Mu : 0.00856976734596,0.00288076767846 & Score: -inf
.Lambda : 0.00077023551349,0.00000000005364 Mu : 0.00856974056500,0.00288077329744 & Score: -145292.130994
.Lambda : 0.00077023556348,0.00000000007055 Mu : 0.00856973946554,0.00288077352839 & Score: -145292.131002
.Lambda : 0.00077024012462,0.00000000006128 Mu : 0.00856963772426,0.00288079439359 & Score: -145292.131003
.Lambda : 0.00077023996994,0.00000000018762 Mu : 0.00856964125531,0.00288079380691 & Score: -145292.131104
.Lambda : 0.00077023387400,-0.00000000007886 Mu : 0.00856977705174,0.00288076566121 & Score: -inf
.Lambda : 0.00077023539799,-0.00000000001224 Mu : 0.00856974310263,0.00288077269763 & Score: -inf
.Lambda : 0.00077023599989,0.00000000004285 Mu : 0.00856972971215,0.00288077550713 & Score: -145292.130984
.Lambda : 0.00077023602489,0.00000000005131 Mu : 0.00856972916243,0.00288077562260 & Score: -145292.130988
.Lambda : 0.00077023830546,0.00000000004667 Mu : 0.00856967829178,0.00288078605520 & Score: -145292.130988
.Lambda : 0.00077023822812,0.00000000010984 Mu : 0.00856968005731,0.00288078576186 & Score: -145292.131039
.Lambda : 0.00077023518015,-0.00000000002340 Mu : 0.00856974795553,0.00288077168901 & Score: -inf
.Lambda : 0.00077023594215,0.00000000000991 Mu : 0.00856973098097,0.00288077520722 & Score: -145292.130956
.Lambda : 0.00077023392116,0.00000000002139 Mu : 0.00856977606565,0.00288076597168 & Score: -145292.130963
.Lambda : 0.00077023514986,0.00000000000181 Mu : 0.00856974864662,0.00288077157882 & Score: -145292.130950
.Lambda : 0.00077023471234,-0.00000000002294 Mu : 0.00856975838871,0.00288076955693 & Score: -inf
.Lambda : 0.00077023474984,-0.00000000001026 Mu : 0.00856975756412,0.00288076973014 & Score: -inf
.Lambda : 0.00077023506235,0.00000000000302 Mu : 0.00856975060113,0.00288077117438 & Score: -145292.130949
.Lambda : 0.00077023355145,-0.00000000001400 Mu : 0.00856978428787,0.00288076424924 & Score: -inf
.Lambda : 0.00077023428517,-0.00000000000248 Mu : 0.00856976793073,0.00288076761613 & Score: -inf
.Lambda : 0.00077023510610,0.00000000000241 Mu : 0.00856974962387,0.00288077137660 & Score: -145292.130949
.Lambda : 0.00077023550225,0.00000000000647 Mu : 0.00856974079105,0.00288077319080 & Score: -145292.130952
.Lambda : 0.00077023449175,0.00000000001221 Mu : 0.00856976333339,0.00288076857303 & Score: -145292.130956
.Lambda : 0.00077023577433,0.00000000001754 Mu : 0.00856973473022,0.00288077444560 & Score: -145292.130961
.Lambda : 0.00077023430690,-0.00000000000549 Mu : 0.00856976744450,0.00288076771181 & Score: -inf
.Lambda : 0.00077023467376,0.00000000000027 Mu : 0.00856975926593,0.00288076939526 & Score: -145292.130947
.Lambda : 0.00077023568048,-0.00000000000613 Mu : 0.00856973680760,0.00288077399549 & Score: -inf
.Lambda : 0.00077023538330,-0.00000000000154 Mu : 0.00856974343905,0.00288077263988 & Score: -inf
.Lambda : 0.00077023486805,0.00000000000164 Mu : 0.00856975493353,0.00288077028482 & Score: -145292.130948
.Lambda : 0.00077023488993,0.00000000000134 Mu : 0.00856975444490,0.00288077038593 & Score: -145292.130948
.Lambda : 0.00077023508800,0.00000000000337 Mu : 0.00856975002849,0.00288077129303 & Score: -145292.130949
.Lambda : 0.00077023458276,0.00000000000624 Mu : 0.00856976129966,0.00288076898415 & Score: -145292.130951
.Lambda : 0.00077023517712,-0.00000000000293 Mu : 0.00856974803677,0.00288077169538 & Score: -inf
.Lambda : 0.00077023502853,-0.00000000000064 Mu : 0.00856975135249,0.00288077101757 & Score: -inf
.Lambda : 0.00077023477091,0.00000000000095 Mu : 0.00856975709973,0.00288076984004 & Score: -145292.130947
.Lambda : 0.00077023478184,0.00000000000080 Mu : 0.00856975685542,0.00288076989059 & Score: -145292.130947
.Lambda : 0.00077023488088,0.00000000000182 Mu : 0.00856975464721,0.00288077034415 & Score: -145292.130948
.Lambda : 0.00077023462826,0.00000000000325 Mu : 0.00856976028279,0.00288076918970 & Score: -145292.130949
.Lambda : 0.00077023492544,-0.00000000000133 Mu : 0.00856975365135,0.00288077054532 & Score: -inf
.Lambda : 0.00077023485114,-0.00000000000019 Mu : 0.00856975530921,0.00288077020641 & Score: -inf
.Lambda : 0.00077023472233,0.00000000000061 Mu : 0.00856975818283,0.00288076961765 & Score: -145292.130947
.Lambda : 0.00077023472780,0.00000000000054 Mu : 0.00856975806067,0.00288076964293 & Score: -145292.130947
.Lambda : 0.00077023477732,0.00000000000104 Mu : 0.00856975695657,0.00288076986970 & Score: -145292.130947
.Lambda : 0.00077023465101,0.00000000000176 Mu : 0.00856975977436,0.00288076929248 & Score: -145292.130948
.Lambda : 0.00077023479960,-0.00000000000053 Mu : 0.00856975645864,0.00288076997029 & Score: -inf
.Lambda : 0.00077023476245,0.00000000000004 Mu : 0.00856975728757,0.00288076980084 & Score: -145292.130947
.DONE: Lamda,Mu Search or setting, for command:
lambdamu -s -t (((((((((((1,1)1,1)1,1)1,(1,1)1)1,1)1,(((((1,1)1,1)1,1)1,(1,1)1)1,1)1)1,1)1,(((1,1)1,((1,1)1,1)1)1,(((((1,1)1,1)1,(1,1)1)1,1)1,1)1)1)1,1)1,1)1,2) 

Lambda Search Result: 226
Lambda : 0.00077023476245,0.00000000000004 & Score: 145292Mu : 0.00856975728757,0.00288076980084 & Score: 145292
Running Viterbi algorithm....
Report Done
