-----------------------------------------------------------
Family information: ../all_species/filtered_JSG_GeneCounts.txt
Log: reports/corrected_root_JSG_single_rate.log
The number of families is 16191
Root Family size : 1 ~ 112
Family size : 0 ~ 140
P-value: 0.01
Num of Threads: 1
Num of Random: 1000
Empirical Prior Estimation Result: (30 iterations)
Poisson lambda: 1.481978 & Score: 948593.292702
Lambda : 0.01066524943313 Mu : 0.00291950945283 & Score: -650453.860830
.Lambda : 0.01119851190479 Mu : 0.00291950945283 & Score: -650752.234831
.Lambda : 0.01119851190479 Mu : 0.00306548492547 & Score: -647870.535152
.Lambda : 0.01066524943313 Mu : 0.00306548492547 & Score: -647545.759374
.Lambda : 0.01039861819730 Mu : 0.00313847266179 & Score: -646046.071103
.Lambda : 0.01093188066896 Mu : 0.00328444813443 & Score: -643635.847120
.Lambda : 0.01106519628688 Mu : 0.00346691747523 & Score: -640601.339106
.Lambda : 0.01026530257939 Mu : 0.00353990521155 & Score: -638868.818249
.Lambda : 0.00979869791669 Mu : 0.00377711535459 & Score: -634926.223129
.Lambda : 0.01046527600626 Mu : 0.00410556016804 & Score: -630463.266294
.Lambda : 0.01049860491074 Mu : 0.00458910392116 & Score: -624333.430783
.Lambda : 0.00923210654056 Mu : 0.00489930180052 & Score: -620169.113759
.Lambda : 0.00831556166740 Mu : 0.00561549396317 & Score: -612935.908304
.Lambda : 0.00901546866144 Mu : 0.00642748252974 & Score: -605982.221989
.Lambda : 0.00862385403382 Mu : 0.00775266611731 & Score: -597187.774044
.Lambda : 0.00644081079048 Mu : 0.00877905615932 & Score: -593677.145171
.Lambda : 0.00441191373035 Mu : 0.01087403227840 & Score: -592940.539420
.Lambda : 0.00472020609677 Mu : 0.01301120443254 & Score: -588125.777760
.Lambda : 0.00292252831146 Mu : 0.01670905966722 & Score: -601221.485491
.Lambda : 0.00050826579330 Mu : 0.01613257059363 & Score: -644046.571328
.Lambda : 0.00253716285343 Mu : 0.01403759447455 & Score: -602942.624066
.Lambda : 0.00456605991356 Mu : 0.01194261835547 & Score: -590037.162046
.Lambda : 0.00667203006530 Mu : 0.01038193527492 & Score: -587638.818527
.Lambda : 0.00682617624851 Mu : 0.01145052135199 & Score: -584730.383979
.Lambda : 0.00795623441599 Mu : 0.01120447285026 & Score: -584453.076329
.Lambda : 0.00990805838451 Mu : 0.00857520369264 & Score: -593880.059077
.Lambda : 0.00861109531258 Mu : 0.00968420387762 & Score: -588669.234508
.Lambda : 0.00731413224064 Mu : 0.01079320406259 & Score: -585830.930860
.Lambda : 0.00633822025638 Mu : 0.01210783864140 & Score: -584288.238899
.Lambda : 0.00698032243172 Mu : 0.01251910742906 & Score: -582701.803355
.Lambda : 0.00681341752727 Mu : 0.01338205911230 & Score: -582065.362039
.Lambda : 0.00519540336766 Mu : 0.01428542490344 & Score: -585759.657688
.Lambda : 0.00588561112974 Mu : 0.01351518689015 & Score: -583855.487801
.Lambda : 0.00636080840063 Mu : 0.01478940736105 & Score: -582480.149283
.Lambda : 0.00728861479815 Mu : 0.01465627958320 & Score: -580933.860198
.Lambda : 0.00799011663236 Mu : 0.01522682592973 & Score: -580285.692341
.Lambda : 0.00844272575899 Mu : 0.01381947768099 & Score: -580463.998821
.Lambda : 0.00961942486409 Mu : 0.01566424449842 & Score: -580080.407444
.Lambda : 0.01102242853250 Mu : 0.01680533719148 & Score: -inf
.Lambda : 0.00916681573745 Mu : 0.01707159274716 & Score: -inf
.Lambda : 0.00898579324283 Mu : 0.01625856398062 & Score: -580160.267985
.Lambda : 0.01061510147456 Mu : 0.01669598254930 & Score: -inf
.Lambda : 0.00995885526401 Mu : 0.01632869339441 & Score: -inf
.Lambda : 0.00930260905346 Mu : 0.01596140423952 & Score: -580054.728913
.Lambda : 0.00880477074822 Mu : 0.01544553521407 & Score: -579974.519816
.Lambda : 0.00848795493759 Mu : 0.01574269495518 & Score: -580113.568144
.Lambda : 0.00877082241922 Mu : 0.01572308234099 & Score: -580023.366079
.Lambda : 0.00827298411398 Mu : 0.01520721331554 & Score: -580119.554805
.Lambda : 0.00853039034885 Mu : 0.01539576104654 & Score: -580032.000218
.Lambda : 0.00904520281859 Mu : 0.01577285650852 & Score: -580002.417324
.Lambda : 0.00907915114759 Mu : 0.01549530938161 & Score: -579965.444737
.Lambda : 0.00923331551178 Mu : 0.01538142290193 & Score: -579974.447458
.Lambda : 0.00883871907722 Mu : 0.01516798808716 & Score: -579963.865521
.Lambda : 0.00873547720654 Mu : 0.01486555387648 & Score: -580004.264910
.Lambda : 0.00911309947660 Mu : 0.01521776225470 & Score: -579963.602343
.Lambda : 0.00926726384078 Mu : 0.01510387577501 & Score: -579996.627280
.-----------------------------------------------------------
Family information: ../all_species/filtered_JSG_GeneCounts.txt
Log: reports/corrected_root_JSG_single_rate.log
The number of families is 16191
Root Family size : 1 ~ 112
Family size : 0 ~ 140
P-value: 0.01
Num of Threads: 1
Num of Random: 1000
Empirical Prior Estimation Result: (40 iterations)
Poisson lambda: 1.481976 & Score: 948593.292706
DONE: Lamda,Mu Search or setting, for command:
lambdamu -l 0.00926726384078 -m 0.01510387577501 
Running Viterbi algorithm....
Report Done
