-----------------------------------------------------------
Family information: ../all_species/filtered_JSG_GeneCounts.txt
Log: reports/corrected_root_JSG_two_rate_shifted.log
The number of families is 16191
Root Family size : 1 ~ 112
Family size : 0 ~ 140
P-value: 0.01
Num of Threads: 8
Num of Random: 1000
Lambda Tree: ((((((((((((1,1)1,1)1,1)1,(1,1)1)1,1)1,(((((1,1)1,1)1,1)1,(1,1)1)1,1)1)1,1)1,(((1,1)1,((1,1)1,1)1)1,(((((1,1)1,1)1,(1,1)1)1,1)1,1)1)1)1,1)1,2)2,2)2,2)
Empirical Prior Estimation Result: (50 iterations)
Poisson lambda: 1.481971 & Score: 948593.292704
Lambda : 0.00844142173382,0.00041214528765 Mu : 0.00893172337025,0.00858782466996 & Score: -613080.125500
.Lambda : 0.00886349282051,0.00041214528765 Mu : 0.00893172337025,0.00858782466996 & Score: -613181.273612
.Lambda : 0.00886349282051,0.00043275255203 Mu : 0.00893172337025,0.00858782466996 & Score: -612839.497409
.Lambda : 0.00886349282051,0.00041214528765 Mu : 0.00937830953876,0.00858782466996 & Score: -610787.029387
.Lambda : 0.00886349282051,0.00041214528765 Mu : 0.00893172337025,0.00901721590346 & Score: -614086.864469
.Lambda : 0.00865245727716,0.00042244891984 Mu : 0.00915501645451,0.00815843343646 & Score: -610919.494784
.Lambda : 0.00854693950549,0.00042760073593 Mu : 0.00926666299664,0.00837312905321 & Score: -610608.900673
.Lambda : 0.00838866284798,0.00043532846008 Mu : 0.00943413280983,0.00826578124484 & Score: -609394.312395
.Lambda : 0.00894263114926,0.00043919232215 Mu : 0.00951786771642,0.00821210734065 & Score: -608965.814458
.Lambda : 0.00919323585698,0.00045271583940 Mu : 0.00981093988951,0.00802424867600 & Score: -607128.892390
.Lambda : 0.00868543158081,0.00042856670145 Mu : 0.00995747597605,0.00793031934367 & Score: -606463.295695
.Lambda : 0.00859640096096,0.00042647377616 Mu : 0.01047035227896,0.00760156668052 & Score: -603734.026172
.Lambda : 0.00886843896605,0.00044088276181 Mu : 0.01039185080402,0.00808127719919 & Score: -604669.112129
.Lambda : 0.00865987649548,0.00046555513108 Mu : 0.01067532835239,0.00739861223031 & Score: -602059.707423
.Lambda : 0.00855806833297,0.00049226005279 Mu : 0.01132383775921,0.00680400601049 & Score: -598610.512564
.Lambda : 0.00921940921050,0.00047083775500 Mu : 0.01156435755602,0.00698976803826 & Score: -598530.038042
.Lambda : 0.00963478239177,0.00048859240246 Mu : 0.01262946992912,0.00635176143497 & Score: -594911.823337
.Lambda : 0.00863560946889,0.00047138865721 Mu : 0.01259681549614,0.00639505698659 & Score: -594756.435142
.Lambda : 0.00835679627484,0.00048072506612 Mu : 0.01398975329945,0.00558046114189 & Score: -591361.002583
.Lambda : 0.00870458501422,0.00050314288696 Mu : 0.01381485582935,0.00508762043474 & Score: -591819.821085
.Lambda : 0.00903071504594,0.00055588642800 Mu : 0.01540860612961,0.00431035783053 & Score: -589812.332807
.Lambda : 0.00924787208843,0.00062059275392 Mu : 0.01787773305493,0.00266475340553 & Score: -593042.427531
.Lambda : 0.00930537103041,0.00052191333898 Mu : 0.01659750483455,0.00386109441058 & Score: -590298.570477
.Lambda : 0.00806395129094,0.00054224145757 Mu : 0.01727589011736,0.00306800547390 & Score: -592469.168724
.Lambda : 0.00963478239177,0.00048859240246 Mu : 0.01262946992912,0.00635176143497 & Score: -594911.823337
.Lambda : 0.00924207461656,0.00050200466624 Mu : 0.01379107497618,0.00553082244470 & Score: -591777.099063
.Lambda : 0.00926289346966,0.00052712186271 Mu : 0.01607861379055,0.00455374747911 & Score: -589041.810770
.Lambda : 0.00954204769738,0.00053911135058 Mu : 0.01721049277115,0.00428681100129 & Score: -588582.172789
.Lambda : 0.00887539040773,0.00054681342560 Mu : 0.01781210354120,0.00348853974744 & Score: -590321.088474
.Lambda : 0.01001996581589,0.00060113720547 Mu : 0.01952460033880,0.00239294035303 & Score: -595064.051905
.Lambda : 0.00960417343063,0.00057103417063 Mu : 0.01814088857897,0.00318982055024 & Score: -591186.547746
.Lambda : 0.00877258866011,0.00051082810096 Mu : 0.01537346505929,0.00478358094467 & Score: -589556.732028
.Lambda : 0.00944997080919,0.00051705618366 Mu : 0.01448293085610,0.00513238234610 & Score: -590664.243413
.Lambda : 0.00930632570883,0.00052449549415 Mu : 0.01531522402737,0.00472142169643 & Score: -589725.818344
.Lambda : 0.00902046752571,0.00054324734786 Mu : 0.01505638915916,0.00518999132588 & Score: -589171.429499
.Lambda : 0.00928999975008,0.00050295471877 Mu : 0.01606917937888,0.00518054465361 & Score: -588540.366140
.Lambda : 0.00941964210214,0.00047648886415 Mu : 0.01639946600352,0.00561563806516 & Score: -588305.079175
.Lambda : 0.00907104728385,0.00051034233763 Mu : 0.01670468246919,0.00521658897207 & Score: -587701.505215
.Lambda : 0.00895340807136,0.00050326575937 Mu : 0.01739941169009,0.00546417260989 & Score: -587024.815645
.Lambda : 0.00969519403820,0.00052022856003 Mu : 0.01765941475267,0.00549472555644 & Score: -586973.853141
.Lambda : 0.01015649672724,0.00052492878957 Mu : 0.01880238959936,0.00585029786232 & Score: -586565.824159
.Lambda : 0.01001532977335,0.00047865003398 Mu : 0.01984949087290,0.00541846844344 & Score: -587090.617358
.Lambda : 0.00973039063966,0.00045255537295 Mu : 0.01901488631179,0.00688747748911 & Score: -587305.543283
.Lambda : 0.01000817050366,0.00050321111379 Mu : 0.02113362323355,0.00619457013723 & Score: -586634.078461
.Lambda : 0.00983631189814,0.00055247247540 Mu : 0.01957757138617,0.00457627703733 & Score: -587168.092091
.Lambda : 0.00973039063966,0.00045255537295 Mu : 0.01901488631179,0.00688747748911 & Score: -587305.543283
.Lambda : 0.00975687095428,0.00047753464857 Mu : 0.01915555758038,0.00630967737617 & Score: -586760.373845
.Lambda : 0.00942214335492,0.00052582012167 Mu : 0.01839600017879,0.00649089054936 & Score: -586288.231489
.Lambda : 0.00912555014571,0.00054940516551 Mu : 0.01766925483174,0.00702710160231 & Score: -586545.835727
.Lambda : 0.01071843269870,0.00051248157742 Mu : 0.02134437360595,0.00695854535264 & Score: -587333.538589
.Lambda : 0.01027717654186,0.00051017762291 Mu : 0.02035813312699,0.00658495216695 & Score: -586691.073397
.Lambda : 0.01017512260956,0.00055453417540 Mu : 0.02018951548896,0.00625067798176 & Score: -586040.721860
.Lambda : 0.01038424843720,0.00059303393882 Mu : 0.02070649444325,0.00622117828456 & Score: -585815.832794
.Lambda : 0.00970835296965,0.00056331935901 Mu : 0.01916112060049,0.00579351624977 & Score: -585773.177151
.Lambda : 0.00942394118355,0.00058989022706 Mu : 0.01856261433725,0.00539779829118 & Score: -585683.243993
.Lambda : 0.00968524434779,0.00061362542477 Mu : 0.01710012604577,0.00578551235648 & Score: -586144.925681
.Lambda : 0.00930129193449,0.00063625606659 Mu : 0.01858022790317,0.00609739187847 & Score: -584899.749661
.Lambda : 0.00887368953811,0.00069191970510 Mu : 0.01846914705508,0.00622093888655 & Score: -584247.076872
.Lambda : 0.00976141839840,0.00071841452621 Mu : 0.01902319076189,0.00532182336003 & Score: -584460.213337
.Lambda : 0.00953640443084,0.00068300377382 Mu : 0.02128059725296,0.00579535705468 & Score: -584651.120820
.Lambda : 0.00841347833825,0.00074858017728 Mu : 0.01796128026033,0.00514678051166 & Score: -584221.915232
.Lambda : 0.00742809328877,0.00082635329652 Mu : 0.01658867316887,0.00460958162521 & Score: -585129.439680
.Lambda : 0.00886855416925,0.00083106886415 Mu : 0.01980449332788,0.00584465161527 & Score: -582853.226894
.Lambda : 0.00859086066211,0.00095165818269 Mu : 0.02042543282320,0.00606807827732 & Score: -581945.578354
.Lambda : 0.00828331903760,0.00087228252182 Mu : 0.01665892819729,0.00558345346310 & Score: -583622.033372
.Lambda : 0.00731925538963,0.00091380576724 Mu : 0.01773420340607,0.00618780220929 & Score: -582716.549984
.Lambda : 0.00742976717568,0.00105124361941 Mu : 0.01792077528836,0.00527211834414 & Score: -581851.097826
.Lambda : 0.00670780599447,0.00123090557656 Mu : 0.01764658940501,0.00479770807293 & Score: -581674.141377
.Lambda : 0.00703714220365,0.00123574584687 Mu : 0.01827129665545,0.00617174049966 & Score: -580514.199720
.Lambda : 0.00634897413635,0.00147932868166 Mu : 0.01842630485300,0.00668422049366 & Score: -579837.139578
.Lambda : 0.00620012905368,0.00141556658226 Mu : 0.02045733704635,0.00628545106350 & Score: -580333.311961
.Lambda : 0.00660462953367,0.00162492374435 Mu : 0.02074362865771,0.00572992674442 & Score: -579115.026717
.Lambda : 0.00624731660569,0.00198048273291 Mu : 0.02224834128354,0.00550098901198 & Score: -579140.187428
.Lambda : 0.00433990869698,0.00192370410973 Mu : 0.01821149715783,0.00568057490993 & Score: -581688.027623
.Lambda : 0.00859086066211,0.00095165818269 Mu : 0.02042543282320,0.00606807827732 & Score: -581945.578354
.Lambda : 0.00752812267083,0.00119466966445 Mu : 0.01987194890686,0.00597120243547 & Score: -580422.357172
.Lambda : 0.00663312170280,0.00162633875980 Mu : 0.02210302032696,0.00753769229559 & Score: -580222.827971
.Lambda : 0.00536530454243,0.00187840921958 Mu : 0.02099319653515,0.00714744286311 & Score: -579913.781711
.Lambda : 0.00627588590394,0.00188893362044 Mu : 0.02067573814006,0.00726419013489 & Score: -578601.429445
.Lambda : 0.00631376432907,0.00212561713953 Mu : 0.02078493868692,0.00775355967058 & Score: -578113.101856
.Lambda : 0.00568321456796,0.00192780063277 Mu : 0.01837101403944,0.00611988259029 & Score: -578636.932584
.Lambda : 0.00710998674110,0.00170042587957 Mu : 0.01816974658339,0.00599635188637 & Score: -578129.634054
.Lambda : 0.00650682344955,0.00221005501645 Mu : 0.02060835913073,0.00611563995217 & Score: -576940.150626
.Lambda : 0.00658574810615,0.00257541818384 Mu : 0.02169938626959,0.00583134968143 & Score: -576526.091767
.Lambda : 0.00624172733848,0.00253970717351 Mu : 0.01876891413195,0.00712064516992 & Score: -576227.201137
.Lambda : 0.00606027624088,0.00299709888809 Mu : 0.01778155686907,0.00781600438267 & Score: -576019.031806
.Lambda : 0.00735167314064,0.00277147941275 Mu : 0.02084680016505,0.00757875022023 & Score: -575433.441166
.Lambda : 0.00818590242698,0.00319331880274 Mu : 0.02208469322785,0.00830818403520 & Score: -575490.627751
.Lambda : 0.00604574416727,0.00353438093253 Mu : 0.02238659441193,0.00849348009109 & Score: -576369.928859
.Lambda : 0.00670795649840,0.00381357156907 Mu : 0.02057223017090,0.00710623251712 & Score: -573684.093676
.Lambda : 0.00690505258306,0.00465754878384 Mu : 0.02046587591289,0.00678256894039 & Score: -572753.139239
.Lambda : 0.00659562495977,0.00440483582476 Mu : 0.01904102740988,0.00950405213576 & Score: -574444.298373
.Lambda : 0.00741056929490,0.00388110052219 Mu : 0.01668103576652,0.00734720774844 & Score: -573817.571646
.Lambda : 0.00807118374831,0.00486038338368 Mu : 0.02073581275809,0.00779028513975 & Score: -572437.049071
.Lambda : 0.00907663750203,0.00579202563148 Mu : 0.02221294070260,0.00777742551828 & Score: -572857.108194
.Lambda : 0.00713954215238,0.00613045484449 Mu : 0.01761507575864,0.00813330676194 & Score: -572432.410804
.Lambda : 0.00703347665825,0.00780994256036 Mu : 0.01599921355544,0.00841058503280 & Score: -573945.652593
.Lambda : 0.00816754892956,0.00535990794234 Mu : 0.01870787268818,0.00552263215950 & Score: -572161.041473
.Lambda : 0.00895351091445,0.00583744400112 Mu : 0.01854129532734,0.00353192217136 & Score: -574388.182957
.Lambda : 0.00773109441175,0.00662304695499 Mu : 0.02208128279238,0.00676718875235 & Score: -573126.373620
.Lambda : 0.00741056929490,0.00388110052219 Mu : 0.01668103576652,0.00734720774844 & Score: -573817.571646
.Lambda : 0.00749070057412,0.00456658713039 Mu : 0.01803109752298,0.00720220299942 & Score: -572421.917672
.Lambda : 0.00852943511912,0.00580111786661 Mu : 0.01707905345106,0.00754164458991 & Score: -572291.844030
.Lambda : 0.00759242963928,0.00606865050823 Mu : 0.01498073695234,0.00640960811564 & Score: -574089.635687
.Lambda : 0.00771211816653,0.00576658372709 Mu : 0.01641950590378,0.00675477737166 & Score: -572678.376402
.Lambda : 0.00834849202434,0.00558051290447 Mu : 0.01789346306962,0.00653213837470 & Score: -571901.715046
.Lambda : 0.00782912475184,0.00496324753636 Mu : 0.01836948510558,0.00636241757946 & Score: -572018.860240
.Lambda : 0.00765354554097,0.00574518139341 Mu : 0.01816147422341,0.00682796946072 & Score: -571922.174700
.Lambda : 0.00811936633893,0.00511014566301 Mu : 0.01972184272314,0.00665645864962 & Score: -571895.375494
.Lambda : 0.00780771539848,0.00533963580629 Mu : 0.01836525987269,0.00766685987275 & Score: -571997.719810
.Lambda : 0.00813543489953,0.00592449034723 Mu : 0.01870153483885,0.00747929559944 & Score: -571753.936214
.Lambda : 0.00828858997337,0.00640511175266 Mu : 0.01886755970548,0.00803773460943 & Score: -571852.276567
.Lambda : 0.00832070400340,0.00584052934777 Mu : 0.01887389755482,0.00608107116949 & Score: -571893.810963
.Lambda : 0.00880845309213,0.00548265773783 Mu : 0.01943389486980,0.00654651243591 & Score: -571802.531020
.Lambda : 0.00834348714266,0.00559839864345 Mu : 0.02047212192368,0.00684953055253 & Score: -571959.526916
.Lambda : 0.00834473836308,0.00559392720870 Mu : 0.01982745721017,0.00677018250807 & Score: -571802.733434
.Lambda : 0.00868529884013,0.00631065665776 Mu : 0.01869654951368,0.00678207220683 & Score: -571807.057784
.Lambda : 0.00866625859403,0.00581533662799 Mu : 0.01945582066143,0.00770796020564 & Score: -571813.678458
.Lambda : 0.00832070400340,0.00584052934777 Mu : 0.01887389755482,0.00608107116949 & Score: -571893.810963
.Lambda : 0.00840709265106,0.00583423116783 Mu : 0.01901937833147,0.00648779342853 & Score: -571773.615547
.Lambda : 0.00816256066276,0.00510699657304 Mu : 0.01979458311146,0.00685981977914 & Score: -571891.451678
.Lambda : 0.00829324520710,0.00540791159422 Mu : 0.01952007471202,0.00684038288606 & Score: -571772.099935
.Lambda : 0.00847737456183,0.00573071821485 Mu : 0.01850998416590,0.00690680966690 & Score: -571742.953007
.Lambda : 0.00854369266121,0.00579911371792 Mu : 0.01785124764377,0.00697512324631 & Score: -571887.011805
.Lambda : 0.00784812056763,0.00596601792423 Mu : 0.01844159115432,0.00731062835456 & Score: -571808.781784
.Lambda : 0.00808820369876,0.00584517787763 Mu : 0.01868966708319,0.00711959937489 & Score: -571734.534332
.Lambda : 0.00809003653255,0.00561991784914 Mu : 0.01869125206851,0.00768525033512 & Score: -571839.507896
.Lambda : 0.00816930056218,0.00567349617881 Mu : 0.01877328363425,0.00738588610847 & Score: -571753.377488
.Lambda : 0.00814191165404,0.00617902971504 Mu : 0.01781716014908,0.00760541248879 & Score: -571959.712086
.Lambda : 0.00817974504231,0.00598625018483 Mu : 0.01824288878981,0.00741415508811 & Score: -571811.674167
.Lambda : 0.00828278913029,0.00578794804624 Mu : 0.01859982562455,0.00701320452090 & Score: -571729.383513
.Lambda : 0.00812875213047,0.00575933702822 Mu : 0.01873147535872,0.00725274274168 & Score: -571736.634754
.Lambda : 0.00811181929914,0.00588483411243 Mu : 0.01869560096102,0.00729944748717 & Score: -571738.574683
.Lambda : 0.00819072445293,0.00562654473592 Mu : 0.01910487089760,0.00697999113048 & Score: -571720.600268
.Lambda : 0.00823341540708,0.00562466973158 Mu : 0.01886731852101,0.00688332139681 & Score: -571723.309436
.Lambda : 0.00826881421406,0.00568283316746 Mu : 0.01889936570446,0.00674531546986 & Score: -571731.197217
.Lambda : 0.00839966790343,0.00551581996297 Mu : 0.01904602329062,0.00669131688413 & Score: -571737.531687
.Lambda : 0.00832180185226,0.00559815944164 Mu : 0.01895693423876,0.00679838750682 & Score: -571723.494601
.Lambda : 0.00824555120722,0.00563582781022 Mu : 0.01886510893651,0.00709213680765 & Score: -571720.587924
.Lambda : 0.00823391970380,0.00561232513160 Mu : 0.01884798055253,0.00726554747654 & Score: -571737.517853
.Lambda : 0.00821295732945,0.00545465281344 Mu : 0.01929729067239,0.00686371389998 & Score: -571749.719035
.Lambda : 0.00823041527966,0.00553797662164 Mu : 0.01912292441043,0.00690108655521 & Score: -571728.576772
.Lambda : 0.00826533118008,0.00570462423804 Mu : 0.01877419188651,0.00697583186567 & Score: -571718.347327
.Lambda : 0.00828278913029,0.00578794804624 Mu : 0.01859982562455,0.00701320452090 & Score: -571729.383513
.Lambda : 0.00814570927140,0.00569767381624 Mu : 0.01884881088205,0.00716725309348 & Score: -571726.318570
.Lambda : 0.00818973241661,0.00567279522259 Mu : 0.01887584172123,0.00707503669682 & Score: -571719.771676
.Lambda : 0.00821225422134,0.00569522627181 Mu : 0.01894268819991,0.00717817685350 & Score: -571718.346792
.Lambda : 0.00820167362847,0.00573050454193 Mu : 0.01898037303936,0.00732560458184 & Score: -571726.430180
.Lambda : 0.00826571005970,0.00572769203541 Mu : 0.01862404447448,0.00718059998133 & Score: -571734.887945
.Lambda : 0.00824696365801,0.00570240521054 Mu : 0.01874425108026,0.00713044776862 & Score: -571723.533493
.Lambda : 0.00823879270071,0.00569992525493 Mu : 0.01885844004321,0.00707700435958 & Score: -571715.232628
.Lambda : 0.00820099331898,0.00568401074720 Mu : 0.01890926496057,0.00712660677516 & Score: -571718.418732
.Lambda : 0.00822890271428,0.00566552704102 Mu : 0.01890389856821,0.00713515683057 & Score: -571718.938757
.Lambda : 0.00820148933714,0.00566088550387 Mu : 0.01902377954876,0.00707908399199 & Score: -571716.470389
.Lambda : 0.00819786207480,0.00570449684789 Mu : 0.01896318780802,0.00709527915954 & Score: -571714.508513
.Lambda : 0.00818234175506,0.00572398175132 Mu : 0.01899283242792,0.00707534032402 & Score: -571713.742897
.Lambda : 0.00821644568815,0.00570599864376 Mu : 0.01899960514933,0.00707819598939 & Score: -571712.182241
.Lambda : 0.00822417187274,0.00571699259204 Mu : 0.01904477524371,0.00705399059650 & Score: -571710.604391
.Lambda : 0.00821114361148,0.00570566627927 Mu : 0.01901722543189,0.00696453278255 & Score: -571714.021400
.Lambda : 0.00822673563286,0.00576239743491 Mu : 0.01893285702461,0.00700635003934 & Score: -571710.940528
.Lambda : 0.00818340373536,0.00575459377384 Mu : 0.01913540502085,0.00697310251163 & Score: -571716.000218
.Lambda : 0.00819725097670,0.00574092664411 Mu : 0.01906616377644,0.00699907797362 & Score: -571712.773894
.Lambda : 0.00820410650720,0.00576648293193 Mu : 0.01900108880445,0.00710284668419 & Score: -571710.195270
.Lambda : 0.00820058795505,0.00579689125826 Mu : 0.01899302049074,0.00717200363501 & Score: -571710.982003
.Lambda : 0.00824379073968,0.00576941805017 Mu : 0.01902960999668,0.00700579232280 & Score: -571708.427017
.Lambda : 0.00827451523199,0.00579213619960 Mu : 0.01904799878107,0.00697101832220 & Score: -571707.876825
.Lambda : 0.00826751364569,0.00577807793513 Mu : 0.01894719615048,0.00706802484750 & Score: -571706.819426
.Lambda : 0.00830264498019,0.00579665358063 Mu : 0.01888771233749,0.00710249828444 & Score: -571707.003455
.Lambda : 0.00825841799595,0.00576444739444 Mu : 0.01908767246525,0.00709159018585 & Score: -571706.670256
.Lambda : 0.00827425917749,0.00576547237420 Mu : 0.01916508018556,0.00713421025911 & Score: -571707.824075
.Lambda : 0.00827810481768,0.00583357963850 Mu : 0.01899720285691,0.00706274942337 & Score: -571704.776108
.Lambda : 0.00830507129015,0.00589187316174 Mu : 0.01897341666351,0.00706712883680 & Score: -571704.782448
.Lambda : 0.00833516933846,0.00581763765191 Mu : 0.01903894632239,0.00699384470526 & Score: -571704.353934
.Lambda : 0.00840070075409,0.00584321501190 Mu : 0.01905787508137,0.00693934371580 & Score: -571707.089374
.Lambda : 0.00829508766690,0.00580473511039 Mu : 0.01898751011645,0.00713708625879 & Score: -571704.796992
.Lambda : 0.00831587626380,0.00583212196249 Mu : 0.01910846973002,0.00707461043914 & Score: -571703.261094
.Lambda : 0.00834005757285,0.00585914397618 Mu : 0.01918910651980,0.00707790323496 & Score: -571704.560866
.Lambda : 0.00835370104747,0.00587958978721 Mu : 0.01897839204764,0.00704255522743 & Score: -571703.733226
.Lambda : 0.00834633806680,0.00587672940967 Mu : 0.01907399536204,0.00694979363880 & Score: -571708.810728
.Lambda : 0.00833352546683,0.00585873083485 Mu : 0.01905237405064,0.00699661679380 & Score: -571705.097262
.Lambda : 0.00833478865563,0.00585585587485 Mu : 0.01904343088883,0.00705858283328 & Score: -571702.704364
.Lambda : 0.00832552280113,0.00582487980720 Mu : 0.01907370802621,0.00703422757220 & Score: -571703.420662
.Lambda : 0.00829699054074,0.00583285080050 Mu : 0.01905283629347,0.00706867993125 & Score: -571703.587860
.Lambda : 0.00830548196535,0.00581842853644 Mu : 0.01904798992323,0.00710584834897 & Score: -571703.171293
.Lambda : 0.00834384430222,0.00583279228999 Mu : 0.01908396299068,0.00706795466554 & Score: -571702.339025
.Lambda : 0.00836727118295,0.00583276303474 Mu : 0.01909952633929,0.00706759203269 & Score: -571702.104451
.Lambda : 0.00833618623274,0.00584470489706 Mu : 0.01907600041448,0.00711908925484 & Score: -571702.181805
.Lambda : 0.00835598775454,0.00584375420905 Mu : 0.01902500405290,0.00710094579575 & Score: -571701.870350
.Lambda : 0.00837604349991,0.00584957033233 Mu : 0.01898327121434,0.00711411347406 & Score: -571702.268740
.Lambda : 0.00839163494759,0.00587011047141 Mu : 0.01907399092452,0.00706725660931 & Score: -571701.969066
.Lambda : 0.00839075140328,0.00583981043128 Mu : 0.01909382997676,0.00711885901301 & Score: -571701.763765
.Lambda : 0.00841873277710,0.00583178770950 Mu : 0.01911902952073,0.00714899710287 & Score: -571702.792646
.Lambda : 0.00841663641144,0.00584851417618 Mu : 0.01907017523225,0.00705823747054 & Score: -571701.860687
.Lambda : 0.00841023407547,0.00586833160922 Mu : 0.01903197375392,0.00710505741162 & Score: -571701.710337
.Lambda : 0.00843171552172,0.00588611589647 Mu : 0.01899819746124,0.00712379010109 & Score: -571702.600714
.Lambda : 0.00839516987478,0.00583009474146 Mu : 0.01903650058340,0.00712429323615 & Score: -571701.896425
.Lambda : 0.00839163494759,0.00587011047141 Mu : 0.01907399092452,0.00706725660931 & Score: -571701.969066
.Lambda : 0.00839251867938,0.00586010653892 Mu : 0.01906461833924,0.00708151576602 & Score: -571701.634664
.Lambda : 0.00844908253024,0.00586462716875 Mu : 0.01910529459819,0.00708088903485 & Score: -571702.426064
.Lambda : 0.00842580883632,0.00585940892883 Mu : 0.01908522196187,0.00708590322507 & Score: -571701.837038
.Lambda : 0.00839302008578,0.00586531457795 Mu : 0.01906764678364,0.00713743023732 & Score: -571701.750773
.Lambda : 0.00836745328564,0.00585737264986 Mu : 0.01904381246492,0.00713552798891 & Score: -571701.837346
.Lambda : 0.00838204217331,0.00585788171960 Mu : 0.01905416483915,0.00712312179795 & Score: -571701.607324
.Lambda : 0.00839815610369,0.00588600679157 Mu : 0.01901537188122,0.00710470359345 & Score: -571702.016892
.Lambda : 0.00839630492859,0.00587445770149 Mu : 0.01903498640510,0.00710824244834 & Score: -571701.680970
.Lambda : 0.00839752984259,0.00586507420667 Mu : 0.01902522488507,0.00707153847465 & Score: -571701.864546
.Lambda : 0.00839640240339,0.00586513429949 Mu : 0.01903583035971,0.00708801141532 & Score: -571701.665153
.Lambda : 0.00837340001687,0.00586045852053 Mu : 0.01906282621768,0.00709538830219 & Score: -571701.612169
.Lambda : 0.00837587670788,0.00584733283778 Mu : 0.01907373347279,0.00708577619240 & Score: -571701.632320
.Lambda : 0.00836551638533,0.00584775550893 Mu : 0.01909184107472,0.00710488961397 & Score: -571701.783516
.Lambda : 0.00837323788985,0.00585210020657 Mu : 0.01907783839597,0.00710067006431 & Score: -571701.616848
.Lambda : 0.00835975971457,0.00584878010332 Mu : 0.01906966312356,0.00712096241241 & Score: -571701.771420
.Lambda : 0.00836794945577,0.00585161171222 Mu : 0.01906840192748,0.00711110075081 & Score: -571701.635246
.Lambda : 0.00837772109509,0.00585917012007 Mu : 0.01905849552842,0.00710925505007 & Score: -571701.550192
.Lambda : 0.00837764003158,0.00585499096308 Mu : 0.01906600161756,0.00711189593113 & Score: -571701.563992
.Lambda : 0.00837895944060,0.00585260727869 Mu : 0.01906394915597,0.00710444899518 & Score: -571701.533763
.Lambda : 0.00838728042634,0.00585899412926 Mu : 0.01905939158920,0.00710231878199 & Score: -571701.509612
.Lambda : 0.00837875832350,0.00585499952595 Mu : 0.01906975410642,0.00709083758123 & Score: -571701.588330
.Lambda : 0.00838204217331,0.00585788171960 Mu : 0.01905416483915,0.00712312179795 & Score: -571701.607324
.Lambda : 0.00838122121085,0.00585716117119 Mu : 0.01905806215597,0.00711505074377 & Score: -571701.555748
.Lambda : 0.00838495105486,0.00585897538652 Mu : 0.01905394759722,0.00710364085438 & Score: -571701.515542
.Lambda : 0.00838323479759,0.00585771228608 Mu : 0.01905982977943,0.00709478109704 & Score: -571701.536165
.Lambda : 0.00838949176461,0.00585497442021 Mu : 0.01906006353249,0.00709333981422 & Score: -571701.512253
.Lambda : 0.00838710654562,0.00585506332126 Mu : 0.01905884615801,0.00710709312584 & Score: -571701.507425
.Lambda : 0.00838904241963,0.00585373883885 Mu : 0.01905835434729,0.00711324914025 & Score: -571701.532158
.Lambda : 0.00839545545512,0.00586139634994 Mu : 0.01905217528248,0.00709874729303 & Score: -571701.527140
.Lambda : 0.00837895944060,0.00585260727869 Mu : 0.01906394915597,0.00710444899518 & Score: -571701.533763
.Lambda : 0.00838308344423,0.00585480454650 Mu : 0.01906100568760,0.00710302356964 & Score: -571701.512164
.Lambda : 0.00838853003554,0.00585294282210 Mu : 0.01906570588643,0.00709924679147 & Score: -571701.502967
.Lambda : 0.00839031952587,0.00584992653989 Mu : 0.01907158503104,0.00709704976001 & Score: -571701.516195
.Lambda : 0.00838350846125,0.00585592798935 Mu : 0.01906241112813,0.00711250132026 & Score: -571701.537946
.Lambda : 0.00838500428709,0.00585568959707 Mu : 0.01906182422922,0.00710771094375 & Score: -571701.515469
.Lambda : 0.00838781829058,0.00585400307168 Mu : 0.01906227602222,0.00710316995866 & Score: -571701.500544
.Lambda : 0.00838790523094,0.00585596847568 Mu : 0.01906254873781,0.00710078278673 & Score: -571701.502983
.Lambda : 0.00838580673988,0.00585387368430 Mu : 0.01906335578701,0.00710113518056 & Score: -571701.505053
.Lambda : 0.00838901090007,0.00585395862115 Mu : 0.01906288470946,0.00709629330284 & Score: -571701.503132
.Lambda : 0.00839082548868,0.00585456281101 Mu : 0.01906335189095,0.00709861123929 & Score: -571701.498816
.Lambda : 0.00839333486308,0.00585490737436 Mu : 0.01906334994291,0.00709734926866 & Score: -571701.500458
.Lambda : 0.00838852862279,0.00585477996908 Mu : 0.01906405655924,0.00710461208523 & Score: -571701.504069
.Lambda : 0.00838864919211,0.00585457463210 Mu : 0.01906376359680,0.00710253238963 & Score: -571701.500983
.Lambda : 0.00839000627251,0.00585207319276 Mu : 0.01906499996038,0.00710099740280 & Score: -571701.498646
.Lambda : 0.00839105679330,0.00585012555130 Mu : 0.01906622557167,0.00710110471083 & Score: -571701.500184
.Lambda : 0.00839011958641,0.00585466403167 Mu : 0.01906148984874,0.00710340870372 & Score: -571701.497522
.Lambda : 0.00839091436184,0.00585552463646 Mu : 0.01905938182990,0.00710548965985 & Score: -571701.499959
.Lambda : 0.00839073562697,0.00585307692146 Mu : 0.01906229526435,0.00710056126260 & Score: -571701.494522
.Lambda : 0.00839177884441,0.00585232806614 Mu : 0.01906156109812,0.00709957569908 & Score: -571701.492502
.Lambda : 0.00839354680543,0.00585281097911 Mu : 0.01906342537688,0.00709812656379 & Score: -571701.495182
.Lambda : 0.00839190026569,0.00585137532384 Mu : 0.01906238625112,0.00710244294540 & Score: -571701.495276
.Lambda : 0.00839366647845,0.00585351600762 Mu : 0.01905943132705,0.00710077955320 & Score: -571701.492119
.Lambda : 0.00839549658142,0.00585423741506 Mu : 0.01905664701038,0.00710067062840 & Score: -571701.493954
.Lambda : 0.00839532661058,0.00585035115669 Mu : 0.01906191217784,0.00709705367702 & Score: -571701.492922
.Lambda : 0.00839525910374,0.00585312778095 Mu : 0.01906077873883,0.00709532480114 & Score: -571701.497885
.Lambda : 0.00839441939423,0.00585268966667 Mu : 0.01906118061690,0.00709710433721 & Score: -571701.493591
.Lambda : 0.00839404885841,0.00585163146945 Mu : 0.01905861723307,0.00709913006946 & Score: -571701.490092
.Lambda : 0.00839429988490,0.00585104171462 Mu : 0.01905621316117,0.00709963182230 & Score: -571701.490696
.Lambda : 0.00839299100170,0.00585122368328 Mu : 0.01905958030114,0.00710116516218 & Score: -571701.491586
.Lambda : 0.00839091598090,0.00585399845656 Mu : 0.01905768280185,0.00710327156494 & Score: -571701.494744
.Lambda : 0.00839201863832,0.00585308663160 Mu : 0.01905874014585,0.00710171709296 & Score: -571701.492161
.Lambda : 0.00839458364403,0.00585240082983 Mu : 0.01905662340544,0.00710182023982 & Score: -571701.493323
.Lambda : 0.00839388244413,0.00585238263891 Mu : 0.01905785782861,0.00710125910464 & Score: -571701.491890
.Lambda : 0.00839527575302,0.00585129026804 Mu : 0.01905900319909,0.00709944985178 & Score: -571701.491287
.Lambda : 0.00839443255017,0.00584974802222 Mu : 0.01905809795391,0.00709972254082 & Score: -571701.491013
.Lambda : 0.00839449163752,0.00584956408259 Mu : 0.01905979151500,0.00709847470748 & Score: -571701.490563
.Lambda : 0.00839613339787,0.00584989323786 Mu : 0.01905817464939,0.00709722342260 & Score: -571701.491240
.Lambda : 0.00839427746897,0.00584912813802 Mu : 0.01905833747660,0.00709782551841 & Score: -571701.489770
.Lambda : 0.00839377832694,0.00584804707301 Mu : 0.01905800461536,0.00709701335173 & Score: -571701.489916
.Lambda : 0.00839249185967,0.00585014261827 Mu : 0.01905924743990,0.00710035299549 & Score: -571701.490821
.Lambda : 0.00839322236211,0.00585048513195 Mu : 0.01905989887838,0.00709816910460 & Score: -571701.490121
.Lambda : 0.00839552830384,0.00585026179273 Mu : 0.01905907511163,0.00709644670449 & Score: -571701.491162
.Lambda : 0.00839476919279,0.00585023199911 Mu : 0.01905911819370,0.00709742327724 & Score: -571701.490271
.Lambda : 0.00839366730361,0.00585117428668 Mu : 0.01905819437588,0.00709779927737 & Score: -571701.489519
.Lambda : 0.00839325513666,0.00585197938873 Mu : 0.01905739580632,0.00709746156232 & Score: -571701.490055
.Lambda : 0.00839283880375,0.00585097751393 Mu : 0.01905840578827,0.00709903870769 & Score: -571701.489771
.Lambda : 0.00839419385526,0.00585097057209 Mu : 0.01905687855853,0.00709872768187 & Score: -571701.489793
.Lambda : 0.00839343985739,0.00584949378591 Mu : 0.01905729086657,0.00709756552320 & Score: -571701.489295
.Lambda : 0.00839313535688,0.00584842494414 Mu : 0.01905662768331,0.00709678325007 & Score: -571701.489571
.Lambda : 0.00839291786160,0.00584941629018 Mu : 0.01905923569512,0.00709738683147 & Score: -571701.489692
.Lambda : 0.00839431244203,0.00584862873646 Mu : 0.01905812341881,0.00709624986754 & Score: -571701.490036
.Lambda : 0.00839394403246,0.00584921593083 Mu : 0.01905819401118,0.00709694707758 & Score: -571701.489609
.Lambda : 0.00839270705857,0.00585052200878 Mu : 0.01905811999777,0.00709702383640 & Score: -571701.489556
.Lambda : 0.00839396126442,0.00585078671592 Mu : 0.01905666393057,0.00709728102581 & Score: -571701.489535
.Lambda : 0.00839294370953,0.00585177246782 Mu : 0.01905694057421,0.00709788775382 & Score: -571701.489623
.Lambda : 0.00839319379026,0.00585113333357 Mu : 0.01905725393346,0.00709765258476 & Score: -571701.489347
.Lambda : 0.00839442404928,0.00585077205226 Mu : 0.01905658155546,0.00709812536917 & Score: -571701.489730
.Lambda : 0.00839399480160,0.00585070954139 Mu : 0.01905696616604,0.00709784998598 & Score: -571701.489438
.Lambda : 0.00839318661202,0.00585046875785 Mu : 0.01905818874040,0.00709815265985 & Score: -571701.489439
.Lambda : 0.00839324022702,0.00584972842269 Mu : 0.01905665547735,0.00709781109952 & Score: -571701.489346
.Lambda : 0.00839374772612,0.00585006378393 Mu : 0.01905589448131,0.00709728693688 & Score: -571701.489614
.Lambda : 0.00839360744759,0.00585016502741 Mu : 0.01905646804608,0.00709750336762 & Score: -571701.489429
.Lambda : 0.00839274585954,0.00584955074340 Mu : 0.01905686799569,0.00709741630157 & Score: -571701.489302
.Lambda : 0.00839270241951,0.00584978811538 Mu : 0.01905756609045,0.00709771938690 & Score: -571701.489280
.Lambda : 0.00839224990547,0.00584959965936 Mu : 0.01905811511263,0.00709782739654 & Score: -571701.489412
.Lambda : 0.00839287039146,0.00584814720011 Mu : 0.01905693628157,0.00709760357084 & Score: -571701.489905
.Lambda : 0.00839295124116,0.00584889373348 Mu : 0.01905701569454,0.00709761582432 & Score: -571701.489380
.Lambda : 0.00839307113845,0.00584964095064 Mu : 0.01905742847851,0.00709764245505 & Score: -571701.489254
.Lambda : 0.00839272413952,0.00584966942939 Mu : 0.01905721704307,0.00709756784424 & Score: -571701.489272
.Lambda : 0.00839297132327,0.00584975826903 Mu : 0.01905711078390,0.00709776524321 & Score: -571701.489269
.Lambda : 0.00839294810489,0.00585046072447 Mu : 0.01905741001195,0.00709768598583 & Score: -571701.489282
.Lambda : 0.00839278640549,0.00584896765774 Mu : 0.01905725118601,0.00709766147887 & Score: -571701.489355
.Lambda : 0.00839282683034,0.00584934092443 Mu : 0.01905729089250,0.00709766760561 & Score: -571701.489255
.Lambda : 0.00839309429628,0.00584941667137 Mu : 0.01905695750854,0.00709760218715 & Score: -571701.489269
.Lambda : 0.00839325765464,0.00584940897835 Mu : 0.01905717678865,0.00709777090128 & Score: -571701.489281
.Lambda : 0.00839312427586,0.00584947409111 Mu : 0.01905718685226,0.00709772013702 & Score: -571701.489257
.Lambda : 0.00839290248768,0.00584969044624 Mu : 0.01905755099504,0.00709779553329 & Score: -571701.489254
.Lambda : 0.00839280658338,0.00584982733367 Mu : 0.01905784773830,0.00709789220636 & Score: -571701.489295
.Lambda : 0.00839299104290,0.00584931493718 Mu : 0.01905761782525,0.00709764762228 & Score: -571701.489262
.Lambda : 0.00839297132327,0.00584975826903 Mu : 0.01905711078390,0.00709776524321 & Score: -571701.489269
.Lambda : 0.00839297625317,0.00584964743607 Mu : 0.01905723754424,0.00709773583798 & Score: -571701.489250
.Lambda : 0.00839276407896,0.00584968578758 Mu : 0.01905756710289,0.00709770057895 & Score: -571701.489262
.Lambda : 0.00839285412818,0.00584963286346 Mu : 0.01905747204023,0.00709770546847 & Score: -571701.489249
.Lambda : 0.00839307517341,0.00584996492378 Mu : 0.01905755363651,0.00709777204178 & Score: -571701.489301
.Lambda : 0.00839301308764,0.00584980892394 Mu : 0.01905748795051,0.00709774593274 & Score: -571701.489271
.Lambda : 0.00839291519068,0.00584964014976 Mu : 0.01905735479223,0.00709772065322 & Score: -571701.489247
.Lambda : 0.00839287830793,0.00584966165485 Mu : 0.01905751151764,0.00709775050088 & Score: -571701.489251
.Lambda : 0.00839296263332,0.00584963690705 Mu : 0.01905745025937,0.00709767396176 & Score: -571701.489249
.Lambda : 0.00839284047926,0.00584948689394 Mu : 0.01905738146636,0.00709768653704 & Score: -571701.489244
.Lambda : 0.00839290790779,0.00584953675226 Mu : 0.01905731776146,0.00709764280937 & Score: -571701.489243
.Lambda : 0.00839292270772,0.00584947430097 Mu : 0.01905722088337,0.00709758896361 & Score: -571701.489245
.Lambda : 0.00839279621964,0.00584951142266 Mu : 0.01905731277077,0.00709770377229 & Score: -571701.489246
.Lambda : 0.00839287577050,0.00584945474586 Mu : 0.01905721135519,0.00709767141749 & Score: -571701.489247
.Lambda : 0.00839279499791,0.00584935475760 Mu : 0.01905725688466,0.00709763161487 & Score: -571701.489254
.Lambda : 0.00839282504611,0.00584942610564 Mu : 0.01905728136155,0.00709765387446 & Score: -571701.489247
.Lambda : 0.00839287419352,0.00584951182310 Mu : 0.01905734961391,0.00709766467320 & Score: -571701.489243
.Lambda : 0.00839285206371,0.00584952408746 Mu : 0.01905731526612,0.00709767329083 & Score: -571701.489244
.Lambda : 0.00839289183914,0.00584949574906 Mu : 0.01905726455832,0.00709765711343 & Score: -571701.489244
.Lambda : 0.00839291154923,0.00584958845101 Mu : 0.01905733627685,0.00709768173129 & Score: -571701.489244
.Lambda : 0.00839285145285,0.00584944575493 Mu : 0.01905728732306,0.00709763721212 & Score: -571701.489245
.Lambda : 0.00839286647695,0.00584948142895 Mu : 0.01905729956151,0.00709764834191 & Score: -571701.489243
.DONE: Lamda,Mu Search or setting, for command:
lambdamu -s -t ((((((((((((1,1)1,1)1,1)1,(1,1)1)1,1)1,(((((1,1)1,1)1,1)1,(1,1)1)1,1)1)1,1)1,(((1,1)1,((1,1)1,1)1)1,(((((1,1)1,1)1,(1,1)1)1,1)1,1)1)1)1,1)1,2)2,2)2,2) 

Lambda Search Result: 180
Lambda : 0.00839287419352,0.00584951182310 & Score: 571701Mu : 0.01905734961391,0.00709766467320 & Score: 571701
Running Viterbi algorithm....
Report Done
