-----------------------------------------------------------
Family information: ../../../CAFE-4.1/data/cafe_orthofinder/filtered_OG_counts.txt
Log: reports/corrected_root_OG_two_rate_shifted.log
The number of families is 27737
Root Family size : 1 ~ 91
Family size : 0 ~ 123
P-value: 0.01
Num of Threads: 8
Num of Random: 1000
Lambda Tree: ((((((((((((1,1)1,1)1,1)1,(1,1)1)1,1)1,(((((1,1)1,1)1,1)1,(1,1)1)1,1)1)1,1)1,(((1,1)1,((1,1)1,1)1)1,(((((1,1)1,1)1,(1,1)1)1,1)1,1)1)1)1,1)1,2)2,2)2,2)
Empirical Prior Estimation Result: (27 iterations)
Poisson lambda: 0.771696 & Score: 765471.518987
Lambda : 0.00258244212151,0.00241482745903 Mu : 0.00517846388695,0.00352891465602 & Score: -1013941.454270
.Lambda : 0.00271156422758,0.00241482745903 Mu : 0.00517846388695,0.00352891465602 & Score: -1012512.819255
.Lambda : 0.00271156422758,0.00253556883198 Mu : 0.00517846388695,0.00352891465602 & Score: -1012166.688508
.Lambda : 0.00271156422758,0.00241482745903 Mu : 0.00543738708130,0.00352891465602 & Score: -1005985.574642
.Lambda : 0.00271156422758,0.00241482745903 Mu : 0.00517846388695,0.00370536038882 & Score: -1011363.342049
.Lambda : 0.00284068633366,0.00247519814551 Mu : 0.00530792548413,0.00361713752242 & Score: -1007121.166580
.Lambda : 0.00277612528062,0.00250538348875 Mu : 0.00537265628271,0.00366124895562 & Score: -1005790.061360
.Lambda : 0.00280840580714,0.00255066150360 Mu : 0.00546975248059,0.00372741610542 & Score: -1002552.643305
.Lambda : 0.00282454607040,0.00239218845160 Mu : 0.00551830057953,0.00376049968032 & Score: -1001456.063401
.Lambda : 0.00288103699181,0.00232049826141 Mu : 0.00568821892582,0.00387629219247 & Score: -996446.730231
.Lambda : 0.00290928245251,0.00246576522575 Mu : 0.00577317809897,0.00366951984934 & Score: -995068.936686
.Lambda : 0.00300814156498,0.00249123410910 Mu : 0.00607053520498,0.00365159957961 & Score: -987712.481977
.Lambda : 0.00286388796210,0.00241341252107 Mu : 0.00602502136222,0.00377497374434 & Score: -989421.756938
.Lambda : 0.00306917193543,0.00247307573856 Mu : 0.00618937690551,0.00398622615490 & Score: -982774.014930
.Lambda : 0.00324797578935,0.00250219987833 Mu : 0.00656537181761,0.00421488190434 & Score: -972638.295717
.Lambda : 0.00319211534697,0.00231301088135 Mu : 0.00670482117472,0.00403145760496 & Score: -971906.098098
.Lambda : 0.00338397011689,0.00219418557023 Mu : 0.00732235552179,0.00418347835473 & Score: -959296.649425
.Lambda : 0.00337095072485,0.00248001777795 Mu : 0.00730342302748,0.00403617459904 & Score: -959641.494248
.Lambda : 0.00364163113593,0.00242040614673 Mu : 0.00760582142371,0.00426809347452 & Score: -952111.434901
.Lambda : 0.00403050272285,0.00242390295957 Mu : 0.00839622145445,0.00451465333960 & Score: -937582.526154
.Lambda : 0.00400855811199,0.00230891898393 Mu : 0.00872315070569,0.00482299451925 & Score: -932428.570350
.Lambda : 0.00450876638550,0.00221776142135 Mu : 0.01004945845604,0.00540869198907 & Score: -913804.546026
.Lambda : 0.00439911918570,0.00215573398622 Mu : 0.00997035741227,0.00485661723688 & Score: -916958.919388
.Lambda : 0.00479022848062,0.00201577419073 Mu : 0.01056577339480,0.00544554586110 & Score: -908532.406909
.Lambda : 0.00549986735851,0.00178365239713 Mu : 0.01219694857846,0.00615023149214 & Score: -892920.666367
.Lambda : 0.00583515770939,0.00209633981190 Mu : 0.01298413742882,0.00628161867411 & Score: -885861.234181
.Lambda : 0.00706075150564,0.00204741693274 Mu : 0.01581502838234,0.00733068883381 & Score: -869557.949632
.Lambda : 0.00670374949482,0.00167837940915 Mu : 0.01561967496010,0.00735846143634 & Score: -871525.776836
.Lambda : 0.00748744818654,0.00170787109396 Mu : 0.01687019777620,0.00826741963880 & Score: -866545.434743
.Lambda : 0.00903161268696,0.00148393964783 Mu : 0.02032011795817,0.00997282083976 & Score: -860953.368881
.Lambda : 0.00963922413746,0.00127893277207 Mu : 0.02192642648349,0.00999740931195 & Score: -860211.445373
.Lambda : 0.01220445301345,0.00080951844744 Mu : 0.02786491049722,0.01229176797340 & Score: -868039.455098
.Lambda : 0.01071780155393,0.00146068198377 Mu : 0.02464367531359,0.01117945871879 & Score: -860064.381832
.Lambda : 0.01332676865164,0.00129919677710 Mu : 0.03086703868116,0.01369407233212 & Score: -870768.285555
.Lambda : 0.01152094544718,0.00145710625906 Mu : 0.02573294910869,0.01188172741582 & Score: -862265.673279
.Lambda : 0.01339404040712,0.00079291339863 Mu : 0.03049655604964,0.01418501930935 & Score: -875861.757924
.Lambda : 0.01181071818175,0.00110653928216 Mu : 0.02682617413281,0.01247143669047 & Score: -865627.224500
.Lambda : 0.00864407373101,0.00173379104921 Mu : 0.01948541029916,0.00904427145269 & Score: -860231.511565
.Lambda : 0.00749541060750,0.00152156646738 Mu : 0.01745486591852,0.00821525274578 & Score: -865303.199991
.Lambda : 0.00850179431742,0.00150545141530 Mu : 0.01952438671606,0.00913187141329 & Score: -860999.889738
.Lambda : 0.01051456173726,0.00147322131114 Mu : 0.02366342831115,0.01096510874831 & Score: -860072.464310
.Lambda : 0.01072621789287,0.00148937391027 Mu : 0.02453935224552,0.01062030327612 & Score: -859084.617696
.Lambda : 0.01157352049583,0.00149209104149 Mu : 0.02664896938920,0.01094404449430 & Score: -860215.612551
.Lambda : 0.01215482892975,0.00111731393942 Mu : 0.02790103087772,0.01233686857489 & Score: -865794.878935
.Lambda : 0.01127714013007,0.00127143321687 Mu : 0.02579712573308,0.01151371929434 & Score: -862086.672002
.Lambda : 0.01072200972340,0.00147502794702 Mu : 0.02459151377956,0.01089988099746 & Score: -859552.663800
.Lambda : 0.01062038981507,0.00148129761071 Mu : 0.02410139027834,0.01079270601221 & Score: -859543.056015
.Lambda : 0.01018272101517,0.00138415334117 Mu : 0.02323288936451,0.01030885629404 & Score: -859334.642714
.Lambda : 0.00968514581194,0.00161158247974 Mu : 0.02201238127234,0.00983228736441 & Score: -858301.576668
.Lambda : 0.00988522754412,0.00150817572392 Mu : 0.02235149280080,0.00987719547593 & Score: -858716.132292
.Lambda : 0.00961926631699,0.00151534511685 Mu : 0.02196666756325,0.00952661519303 & Score: -858387.449925
.Lambda : 0.00977520776779,0.00167808527422 Mu : 0.02220205757645,0.00961934436071 & Score: -857677.561399
.Lambda : 0.00957145114411,0.00182505124074 Mu : 0.02168664168242,0.00927458839404 & Score: -857204.427656
.Lambda : 0.00865432751571,0.00174070337036 Mu : 0.01946923941388,0.00863503993759 & Score: -860069.912357
.Lambda : 0.00917230011000,0.00167787100534 Mu : 0.02073676762179,0.00913135577222 & Score: -858651.905281
.Lambda : 0.00913885414739,0.00180674919741 Mu : 0.02084973626911,0.00900522788592 & Score: -857811.356727
.Lambda : 0.00983505860022,0.00170149301203 Mu : 0.02252094577177,0.00968800364648 & Score: -857327.757852
.Lambda : 0.00949598853484,0.00195709284812 Mu : 0.02156818493457,0.00937343845239 & Score: -856862.987727
.Lambda : 0.00943434964377,0.00217796671375 Mu : 0.02136894362023,0.00929685008207 & Score: -856324.368433
.Lambda : 0.00930471095580,0.00214404760223 Mu : 0.02120075239942,0.00880004763985 & Score: -856261.930619
.Lambda : 0.00911449352773,0.00241028016347 Mu : 0.02079493796295,0.00828392777758 & Score: -855932.424932
.Lambda : 0.00983882231052,0.00225064636759 Mu : 0.02233599824958,0.00926645706417 & Score: -855357.506610
.Lambda : 0.01018880639208,0.00247259495268 Mu : 0.02307912923982,0.00939707165329 & Score: -854586.441928
.Lambda : 0.00931949175363,0.00274145352329 Mu : 0.02094388048094,0.00843821530701 & Score: -855290.334569
.Lambda : 0.00945711951450,0.00307609643585 Mu : 0.02140680396955,0.00843344401593 & Score: -854216.563986
.Lambda : 0.00939995369970,0.00370161903340 Mu : 0.02126688511311,0.00801287182688 & Score: -853890.821747
.Lambda : 0.00957702304280,0.00348500712267 Mu : 0.02167347277819,0.00776919320030 & Score: -853858.675418
.Lambda : 0.00964835974232,0.00413852732713 Mu : 0.02182573735717,0.00700536475942 & Score: -854357.253225
.Lambda : 0.01012814391637,0.00379005715255 Mu : 0.02268674584307,0.00852474821616 & Score: -852856.036410
.Lambda : 0.01063496911069,0.00447994564709 Mu : 0.02363264978313,0.00864515843546 & Score: -852483.374275
.Lambda : 0.01058088436901,0.00432812985463 Mu : 0.02388218797618,0.00847393225095 & Score: -852268.400330
.Lambda : 0.01121158067669,0.00512146802031 Mu : 0.02535134172380,0.00849179072292 & Score: -852557.117704
.Lambda : 0.00990760871901,0.00552475587622 Mu : 0.02214846858549,0.00705350620350 & Score: -854721.423187
.Lambda : 0.00997790813728,0.00476171564533 Mu : 0.02238113374907,0.00763939756595 & Score: -853419.145219
.Lambda : 0.01098543863019,0.00482578010146 Mu : 0.02451783703017,0.00825096889945 & Score: -852687.025391
.Lambda : 0.01151257708078,0.00571277850159 Mu : 0.02553343149109,0.00873553537560 & Score: -853177.839769
.Lambda : 0.01187902645806,0.00491160140705 Mu : 0.02640191939122,0.00941339991478 & Score: -853133.148627
.Lambda : 0.01052758220319,0.00355995000353 Mu : 0.02368386559926,0.00865619437472 & Score: -852701.061275
.Lambda : 0.00948541069848,0.00368530139630 Mu : 0.02145635080315,0.00759972706551 & Score: -854048.180239
.Lambda : 0.01008381463838,0.00399187639899 Mu : 0.02269274295017,0.00805314527783 & Score: -852884.997744
.Lambda : 0.01128062251816,0.00460502640436 Mu : 0.02516552724420,0.00895998170246 & Score: -852518.432786
.Lambda : 0.01121337511084,0.00555949100024 Mu : 0.02491523541758,0.00850882626945 & Score: -852980.673987
.Lambda : 0.01104192688393,0.00505960575107 Mu : 0.02460739296300,0.00854566829576 & Score: -852590.050685
.Lambda : 0.01078376281070,0.00441057372712 Mu : 0.02412604195309,0.00906140144286 & Score: -852262.933500
.Lambda : 0.01068292490095,0.00420297053995 Mu : 0.02393014441454,0.00946661771457 & Score: -852333.043414
.Lambda : 0.01059819252035,0.00385223206554 Mu : 0.02379581051530,0.00902456862010 & Score: -852470.945246
.Lambda : 0.01001828188721,0.00393041424282 Mu : 0.02255281786965,0.00864254867222 & Score: -852708.458022
.Lambda : 0.01033386704495,0.00409906728321 Mu : 0.02320599521328,0.00872190692978 & Score: -852434.404525
.Lambda : 0.01051338426181,0.00386505581816 Mu : 0.02387236804579,0.00899574618639 & Score: -852240.547158
.Lambda : 0.01045259183737,0.00355761090370 Mu : 0.02399222717712,0.00917104006186 & Score: -852316.279928
.Lambda : 0.01050775672288,0.00449918127602 Mu : 0.02374748607887,0.00860192478489 & Score: -852163.704358
.Lambda : 0.01046253882414,0.00482265588127 Mu : 0.02372332386066,0.00839060286729 & Score: -852226.016412
.Lambda : 0.01085902703725,0.00445240305476 Mu : 0.02460804681368,0.00884459540277 & Score: -852091.871769
.Lambda : 0.01112160703340,0.00462907094053 Mu : 0.02530907261388,0.00890593963926 & Score: -852149.242071
.Lambda : 0.01075108104732,0.00428547708340 Mu : 0.02429478346954,0.00927790165751 & Score: -852109.990609
.Lambda : 0.01053186172393,0.00414048488905 Mu : 0.02413530025086,0.00879868257292 & Score: -851930.691665
.Lambda : 0.01040591118055,0.00400544047002 Mu : 0.02413992939974,0.00866732313794 & Score: -851795.547919
.Lambda : 0.01074850373218,0.00475619512394 Mu : 0.02452275483513,0.00870012630516 & Score: -851962.750345
.Lambda : 0.01087450477577,0.00425057659003 Mu : 0.02503527118017,0.00914304846680 & Score: -851882.513256
.Lambda : 0.01069289231556,0.00444683053598 Mu : 0.02485821764482,0.00839964499883 & Score: -851816.274803
.Lambda : 0.01050187896478,0.00427711830523 Mu : 0.02467003971625,0.00861047605160 & Score: -851521.480388
.Lambda : 0.01032330492854,0.00418947593046 Mu : 0.02470103616753,0.00849341637601 & Score: -851267.044255
.Lambda : 0.01039980286802,0.00368996663931 Mu : 0.02484447236101,0.00865159018463 & Score: -851527.877446
.Lambda : 0.01003645087057,0.00391528019785 Mu : 0.02423655660639,0.00796293888191 & Score: -851492.221498
.Lambda : 0.00988984260828,0.00345325108284 Mu : 0.02410277962251,0.00848798929142 & Score: -851399.434316
.Lambda : 0.00991878945716,0.00361854645521 Mu : 0.02480249297898,0.00813064422904 & Score: -851010.630639
.Lambda : 0.00967522859546,0.00342509944780 Mu : 0.02513377476859,0.00786230477459 & Score: -850805.916946
.Lambda : 0.00956261063340,0.00380158669017 Mu : 0.02424260122150,0.00775173447734 & Score: -850977.354545
.Lambda : 0.00968904251228,0.00351942637779 Mu : 0.02485353928368,0.00833478357777 & Score: -850609.588849
.Lambda : 0.00951533833313,0.00332149946776 Mu : 0.02516203062233,0.00852070592570 & Score: -850344.757119
.Lambda : 0.00964839863699,0.00391557968526 Mu : 0.02551694176747,0.00782609148540 & Score: -850367.528327
.Lambda : 0.00887748317095,0.00304240671503 Mu : 0.02532663802241,0.00748700195550 & Score: -850393.714798
.Lambda : 0.00929561373486,0.00305070596775 Mu : 0.02632709136890,0.00809631759326 & Score: -850210.643911
.Lambda : 0.00916211528560,0.00267526560655 Mu : 0.02736933644260,0.00826860915123 & Score: -850537.630810
.Lambda : 0.00899318834250,0.00323999647009 Mu : 0.02603257612197,0.00810275370534 & Score: -849654.181365
.Lambda : 0.00865216821603,0.00314744498124 Mu : 0.02648197679865,0.00822297817072 & Score: -849263.299491
.Lambda : 0.00967827628955,0.00367520833597 Mu : 0.02641738225626,0.00884604463204 & Score: -849824.184288
.Lambda : 0.00892229964980,0.00268184969110 Mu : 0.02667729875561,0.00901693167546 & Score: -850150.713362
.Lambda : 0.00875884061199,0.00295610502028 Mu : 0.02778984396738,0.00857043011004 & Score: -849621.855217
.Lambda : 0.00871017864882,0.00317959804654 Mu : 0.02735615952005,0.00923187470087 & Score: -849147.350720
.Lambda : 0.00841746110580,0.00324404408594 Mu : 0.02787069359563,0.00979965325467 & Score: -849029.820676
.Lambda : 0.00883107346188,0.00382955152061 Mu : 0.02760264955336,0.00870262140827 & Score: -848707.200859
.Lambda : 0.00878546036793,0.00440340243536 Mu : 0.02806532495223,0.00854546627468 & Score: -848613.538986
.Lambda : 0.00762868886132,0.00320028992544 Mu : 0.02868653740068,0.00872321927301 & Score: -848688.759132
.Lambda : 0.00798304866354,0.00404148569371 Mu : 0.02776242240622,0.00907522837650 & Score: -847727.717881
.Lambda : 0.00759515268932,0.00458417603042 Mu : 0.02774871162563,0.00932762750973 & Score: -847179.865987
.Lambda : 0.00756121329616,0.00456851125734 Mu : 0.02970365698843,0.00997500498532 & Score: -848023.124230
.Lambda : 0.00736779650156,0.00513414573834 Mu : 0.02923142188786,0.00848600576670 & Score: -848223.148819
.Lambda : 0.00802612256616,0.00614482780530 Mu : 0.02868802032639,0.00944383299521 & Score: -848037.032093
.Lambda : 0.00648968215868,0.00581242798034 Mu : 0.02962058046193,0.01007076935381 & Score: -847536.025200
.Lambda : 0.00746828885360,0.00542082579836 Mu : 0.02864906281333,0.01092261165533 & Score: -847345.939682
.Lambda : 0.00653104593271,0.00404814272793 Mu : 0.02917298561827,0.01070417375689 & Score: -848046.261718
.Lambda : 0.00690481509107,0.00457231399727 Mu : 0.02905174429530,0.01038908856647 & Score: -847466.894939
.Lambda : 0.00666775610018,0.00562636064586 Mu : 0.02783139260967,0.01038004355734 & Score: -846634.777149
.Lambda : 0.00622102750219,0.00615528534012 Mu : 0.02689526042028,0.01058256284335 & Score: -846508.057560
.Lambda : 0.00760495990941,0.00455387260275 Mu : 0.02655180911535,0.01054017593363 & Score: -847231.059602
.Lambda : 0.00753989938619,0.00578476588855 Mu : 0.02587067769200,0.01029740040456 & Score: -846966.749148
.Lambda : 0.00701223088996,0.00511822413256 Mu : 0.02488416661330,0.00945127169031 & Score: -846985.694431
.Lambda : 0.00657919532441,0.00626735309308 Mu : 0.02614759906026,0.00928925529034 & Score: -847060.631565
.Lambda : 0.00608102386205,0.00707863819673 Mu : 0.02415014026728,0.01048261760455 & Score: -847733.767733
.Lambda : 0.00645955606887,0.00645502265515 Mu : 0.02504978310687,0.01019387008084 & Score: -846976.324370
.Lambda : 0.00703716159919,0.00548929591511 Mu : 0.02520234485597,0.01097329721919 & Score: -846997.279447
.Lambda : 0.00657919532441,0.00626735309308 Mu : 0.02614759906026,0.00928925529034 & Score: -847060.631565
.Lambda : 0.00669368689311,0.00607283879859 Mu : 0.02591128550918,0.00971026577255 & Score: -846758.436843
.Lambda : 0.00644485403522,0.00711573220864 Mu : 0.02697933675087,0.01094077786034 & Score: -846921.670312
.Lambda : 0.00699017783948,0.00610928846279 Mu : 0.02777849707930,0.01057163335956 & Score: -846786.403712
.Lambda : 0.00563497374881,0.00694180651652 Mu : 0.02791151218782,0.01060521951335 & Score: -847175.756983
.Lambda : 0.00611120515815,0.00665254635953 Mu : 0.02740130356387,0.01052826473615 & Score: -846782.127351
.Lambda : 0.00656319466125,0.00537924727187 Mu : 0.02701383653544,0.00975558549546 & Score: -846500.369316
.Lambda : 0.00662236497426,0.00451100480349 Mu : 0.02703108642773,0.00916298931302 & Score: -846740.188940
.Lambda : 0.00580437926787,0.00602067042226 Mu : 0.02583234593509,0.00971670606420 & Score: -846765.336710
.Lambda : 0.00652993900405,0.00516147455689 Mu : 0.02542506063613,0.00935429535163 & Score: -846695.589487
.Lambda : 0.00719954476243,0.00536375256147 Mu : 0.02679037561543,0.00998464866730 & Score: -846645.872127
.Lambda : 0.00656316607185,0.00495704106659 Mu : 0.02715098109446,0.01012828040632 & Score: -846521.703703
.Lambda : 0.00674352749481,0.00576618856314 Mu : 0.02850016619668,0.01087124335459 & Score: -846936.456885
.Lambda : 0.00669013037212,0.00561501006158 Mu : 0.02773138980654,0.01049200635385 & Score: -846615.936252
.Lambda : 0.00581921454127,0.00568953930860 Mu : 0.02760535831293,0.01049456888219 & Score: -846623.796598
.Lambda : 0.00719954476243,0.00536375256147 Mu : 0.02679037561543,0.00998464866730 & Score: -846645.872127
.Lambda : 0.00685446220714,0.00544519924826 Mu : 0.02699412128981,0.01011212872102 & Score: -846517.237978
.Lambda : 0.00641079484909,0.00535337640184 Mu : 0.02629570986346,0.00979727237923 & Score: -846445.925632
.Lambda : 0.00627112708758,0.00522255957198 Mu : 0.02557786989192,0.00944990539193 & Score: -846615.926869
.Lambda : 0.00646157353798,0.00620951306446 Mu : 0.02644848296003,0.00999549431321 & Score: -846630.183455
.Lambda : 0.00648697167145,0.00589639506499 Mu : 0.02662410749364,0.01002869083649 & Score: -846505.119588
.Lambda : 0.00598653213485,0.00594695279116 Mu : 0.02642033586661,0.00996992705625 & Score: -846552.221586
.Lambda : 0.00620351465292,0.00582151440543 Mu : 0.02656378222241,0.01000547747244 & Score: -846478.680258
.Lambda : 0.00661121041517,0.00506998123195 Mu : 0.02635345763719,0.00921095024846 & Score: -846630.887727
.Lambda : 0.00651366468692,0.00534130725899 Mu : 0.02648890833296,0.00955385339718 & Score: -846513.706501
.Lambda : 0.00630715475101,0.00558744540364 Mu : 0.02642974604293,0.00990137492584 & Score: -846447.034318
.Lambda : 0.00648699475517,0.00536631183686 Mu : 0.02665477319945,0.00977642893735 & Score: -846456.628760
.Lambda : 0.00644888326027,0.00562488573342 Mu : 0.02645990867855,0.00991298160786 & Score: -846458.061480
.Lambda : 0.00631591117564,0.00575433087098 Mu : 0.02659548514187,0.01018991761129 & Score: -846431.478914
.Lambda : 0.00631154450518,0.00540584652324 Mu : 0.02652794844531,0.00991951531899 & Score: -846421.703663
.Lambda : 0.00624287512764,0.00529632691816 Mu : 0.02656196832868,0.00992278217456 & Score: -846419.032612
.Lambda : 0.00615137319652,0.00562942796045 Mu : 0.02628668148902,0.01012924460811 & Score: -846428.070625
.Lambda : 0.00625332242344,0.00542928567208 Mu : 0.02644017636859,0.01011823346076 & Score: -846403.558043
.Lambda : 0.00622640625966,0.00535020580630 Mu : 0.02644539153141,0.01022666272823 & Score: -846403.244662
.Lambda : 0.00605748803064,0.00566176937610 Mu : 0.02664905338204,0.01043703118186 & Score: -846427.070890
.Lambda : 0.00602316013159,0.00521453415952 Mu : 0.02637606222371,0.01016794273509 & Score: -846433.790812
.Lambda : 0.00609634789260,0.00534948333739 Mu : 0.02643091795325,0.01017343645414 & Score: -846412.987925
.Lambda : 0.00616018545875,0.00519946475852 Mu : 0.02675698410867,0.01025071166128 & Score: -846429.868023
.Lambda : 0.00615798239319,0.00530695555900 Mu : 0.02663940845376,0.01022034489799 & Score: -846411.673712
.Lambda : 0.00630431780591,0.00498971643432 Mu : 0.02638978975151,0.00983458194559 & Score: -846445.890192
.Lambda : 0.00624261036209,0.00515772966977 Mu : 0.02645460565914,0.00998519425466 & Score: -846417.973696
.Lambda : 0.00611879832613,0.00528586026807 Mu : 0.02642319347010,0.01038003699295 & Score: -846426.245986
.Lambda : 0.00614981752651,0.00528847693059 Mu : 0.02645788718474,0.01026572328835 & Score: -846413.137086
.Lambda : 0.00607266667389,0.00548983114688 Mu : 0.02653219690244,0.01045788942969 & Score: -846421.987078
.Lambda : 0.00611515259594,0.00540680577760 Mu : 0.02651279909161,0.01033971563593 & Score: -846412.001295
.Lambda : 0.00614812704419,0.00541824830955 Mu : 0.02655637133027,0.01021435656979 & Score: -846406.189160
.Lambda : 0.00622748625388,0.00539162438884 Mu : 0.02664606725028,0.01032710346183 & Score: -846406.858057
.Lambda : 0.00626484837952,0.00532671125425 Mu : 0.02663082019125,0.01015451819299 & Score: -846404.315254
.Lambda : 0.00627545157543,0.00543643932047 Mu : 0.02649991669785,0.01024097557843 & Score: -846400.213218
.Lambda : 0.00633418616656,0.00550118120120 Mu : 0.02643017081989,0.01025129091865 & Score: -846403.278516
.Lambda : 0.00622993037552,0.00537417795644 Mu : 0.02642018262511,0.01009115307289 & Score: -846404.969456
.Lambda : 0.00635019125088,0.00532551885918 Mu : 0.02644178419254,0.01014229821647 & Score: -846403.813456
.Lambda : 0.00632851835723,0.00534525966365 Mu : 0.02658877368141,0.01029107428517 & Score: -846406.070903
.Lambda : 0.00630387136180,0.00535248923685 Mu : 0.02654662591734,0.01024109398210 & Score: -846402.426619
.Lambda : 0.00631311184436,0.00540561535715 Mu : 0.02633603897832,0.01027099705963 & Score: -846405.735519
.Lambda : 0.00630104597815,0.00538588933142 Mu : 0.02640973428155,0.01024187734297 & Score: -846402.387573
.Lambda : 0.00620319633665,0.00543699298834 Mu : 0.02650905002154,0.01033300659939 & Score: -846404.230537
.Lambda : 0.00623994506520,0.00540912445605 Mu : 0.02649223356429,0.01028532950366 & Score: -846401.914973
.Lambda : 0.00633375073064,0.00544176536610 Mu : 0.02652886369910,0.01027797547535 & Score: -846401.738638
.Lambda : 0.00627122531291,0.00548412000017 Mu : 0.02641874820406,0.01028198496810 & Score: -846402.242168
.Lambda : 0.00625914036394,0.00549983523997 Mu : 0.02656014680109,0.01030125541981 & Score: -846401.770498
.Lambda : 0.00628291855470,0.00540946219112 Mu : 0.02662183217711,0.01027078302052 & Score: -846402.280192
.Lambda : 0.00627999524425,0.00542812664338 Mu : 0.02657106118384,0.01027358350741 & Score: -846401.073188
.Lambda : 0.00633422389193,0.00549395882890 Mu : 0.02658776062666,0.01026156548684 & Score: -846402.407188
.Lambda : 0.00631065418525,0.00547275023569 Mu : 0.02656387886106,0.01026750649105 & Score: -846401.162421
.Lambda : 0.00634078550384,0.00538970554285 Mu : 0.02652171341983,0.01022876510631 & Score: -846401.584757
.Lambda : 0.00626969252375,0.00542174550510 Mu : 0.02654942138220,0.01022743986625 & Score: -846400.323632
.Lambda : 0.00622711126050,0.00548982530947 Mu : 0.02657042564264,0.01027598761526 & Score: -846402.103532
.Lambda : 0.00625552982133,0.00546479536781 Mu : 0.02655824758694,0.01026418198802 & Score: -846400.881816
.Lambda : 0.00622968039714,0.00540280318269 Mu : 0.02652544456435,0.01023558397901 & Score: -846401.227305
.Lambda : 0.00624992384416,0.00542028994594 Mu : 0.02653505313853,0.01024356460702 & Score: -846400.612274
.Lambda : 0.00624530363809,0.00544350842628 Mu : 0.02650025821891,0.01021449751245 & Score: -846400.626584
.Lambda : 0.00626465596939,0.00539619623108 Mu : 0.02648407713180,0.01019905679405 & Score: -846400.431121
.Lambda : 0.00628455831828,0.00539382707502 Mu : 0.02653397595628,0.01024102091043 & Score: -846400.693761
.Lambda : 0.00627474464823,0.00540624741283 Mu : 0.02652554652193,0.01023439006093 & Score: -846400.336268
.Lambda : 0.00629234851424,0.00541002428880 Mu : 0.02649442772836,0.01020736654281 & Score: -846400.195028
.Lambda : 0.00631356084927,0.00540489146022 Mu : 0.02647411502328,0.01018926751071 & Score: -846400.678724
.Lambda : 0.00629146266144,0.00544103203252 Mu : 0.02655057903337,0.01025602923016 & Score: -846400.500126
.Lambda : 0.00628476098843,0.00542982308216 Mu : 0.02653395355798,0.01024178612113 & Score: -846400.235790
.Lambda : 0.00628638215269,0.00544276868543 Mu : 0.02651331316126,0.01022439399338 & Score: -846400.145780
.Lambda : 0.00629220090492,0.00546102932173 Mu : 0.02650719648092,0.01021939595960 & Score: -846400.440089
.Lambda : 0.00629977909165,0.00543778218332 Mu : 0.02647138419052,0.01022982125163 & Score: -846400.470746
.Lambda : 0.00629225744967,0.00543377301377 Mu : 0.02649089348844,0.01022922590528 & Score: -846400.214076
.Lambda : 0.00628845885759,0.00543167957207 Mu : 0.02646532197998,0.01020919488882 & Score: -846400.411318
.Lambda : 0.00628753439030,0.00543121544959 Mu : 0.02648247987448,0.01021734269690 & Score: -846400.217245
.Lambda : 0.00628568545572,0.00543028720464 Mu : 0.02651679566348,0.01023363831305 & Score: -846400.137846
.Lambda : 0.00628476098843,0.00542982308216 Mu : 0.02653395355798,0.01024178612113 & Score: -846400.235790
.Lambda : 0.00627767639937,0.00542598673590 Mu : 0.02652133313703,0.01022396130856 & Score: -846400.106997
.Lambda : 0.00627038587422,0.00542209359696 Mu : 0.02653655296132,0.01022132901019 & Score: -846400.211315
.Lambda : 0.00629559468557,0.00541809413691 Mu : 0.02652301814721,0.01020370450047 & Score: -846400.177638
.Lambda : 0.00628032083244,0.00544854409264 Mu : 0.02654280232613,0.01023548251492 & Score: -846400.276657
.Lambda : 0.00628332775289,0.00543891414168 Mu : 0.02653070867668,0.01022845352189 & Score: -846400.147855
.Lambda : 0.00627094119476,0.00545088424691 Mu : 0.02651805717201,0.01025151906797 & Score: -846400.316444
.Lambda : 0.00627710456746,0.00544268671941 Mu : 0.02651929741581,0.01023956542609 & Score: -846400.179266
.Lambda : 0.00628168092754,0.00542813697027 Mu : 0.02651906440025,0.01022879981080 & Score: -846400.110538
.Lambda : 0.00628202927603,0.00543437771066 Mu : 0.02651732314914,0.01022417765097 & Score: -846400.096709
.Lambda : 0.00628050207613,0.00543245043879 Mu : 0.02652602090686,0.01022620741522 & Score: -846400.115777
.Lambda : 0.00628663554247,0.00542204043640 Mu : 0.02652217564212,0.01021383290451 & Score: -846400.103934
.Lambda : 0.00628350899658,0.00542282048783 Mu : 0.02651392725742,0.01021917842220 & Score: -846400.087574
.Lambda : 0.00628501245680,0.00541800551235 Mu : 0.02650788043269,0.01021566392568 & Score: -846400.099413
.Lambda : 0.00628324417968,0.00542447571513 Mu : 0.02651831519260,0.01021177533231 & Score: -846400.097440
.Lambda : 0.00629003259801,0.00542587043912 Mu : 0.02651453748361,0.01021052084644 & Score: -846400.112248
.Lambda : 0.00628694354835,0.00542589951331 Mu : 0.02651623639697,0.01021388096197 & Score: -846400.094793
.Lambda : 0.00628122745785,0.00543174627706 Mu : 0.02651072535594,0.01022067327921 & Score: -846400.089355
.Lambda : 0.00628361045972,0.00543294627930 Mu : 0.02651079088713,0.01022717982486 & Score: -846400.101033
.Lambda : 0.00628351888971,0.00543082863826 Mu : 0.02651267196350,0.01022332870172 & Score: -846400.089481
.Lambda : 0.00628557017021,0.00542126974757 Mu : 0.02650945733777,0.01021435303158 & Score: -846400.092942
.Lambda : 0.00627996920883,0.00542743306204 Mu : 0.02650715456035,0.01022488575539 & Score: -846400.099776
.Lambda : 0.00628171279371,0.00542704967486 Mu : 0.02650942501950,0.01022213455703 & Score: -846400.089669
.Lambda : 0.00627941389871,0.00543495279144 Mu : 0.02651391746041,0.01022830444850 & Score: -846400.106146
.Lambda : 0.00628095296659,0.00543153203047 Mu : 0.02651280242975,0.01022481659427 & Score: -846400.092502
.Lambda : 0.00628403110234,0.00542469050853 Mu : 0.02651057236843,0.01021784088581 & Score: -846400.086471
.Lambda : 0.00628557017021,0.00542126974757 Mu : 0.02650945733777,0.01021435303158 & Score: -846400.092942
.Lambda : 0.00628443042953,0.00542799328098 Mu : 0.02651452345314,0.01021837608744 & Score: -846400.085759
.Lambda : 0.00628578924744,0.00542846508404 Mu : 0.02651707266996,0.01021649685264 & Score: -846400.091452
.Lambda : 0.00628308010344,0.00542279663894 Mu : 0.02651220225396,0.01021470563560 & Score: -846400.087604
.Lambda : 0.00628629785809,0.00541740418108 Mu : 0.02651488731053,0.01021437723632 & Score: -846400.100383
.Lambda : 0.00628503025803,0.00542098970507 Mu : 0.02651384682189,0.01021595124704 & Score: -846400.090253
.Lambda : 0.00628423076594,0.00542634189476 Mu : 0.02651254791078,0.01021810848662 & Score: -846400.085276
.Lambda : 0.00628396971305,0.00542540688440 Mu : 0.02651422535528,0.01021877725482 & Score: -846400.085771
.Lambda : 0.00628375526648,0.00542539495996 Mu : 0.02651336285355,0.01021654086152 & Score: -846400.085521
.Lambda : 0.00628282894369,0.00542986977902 Mu : 0.02651262440454,0.01021952468332 & Score: -846400.085601
.Lambda : 0.00628365298977,0.00542939307295 Mu : 0.02651230395573,0.01021749780464 & Score: -846400.086947
.Lambda : 0.00628373217059,0.00542839652582 Mu : 0.02651278430562,0.01021781766718 & Score: -846400.085325
.Lambda : 0.00628284314382,0.00542700829880 Mu : 0.02651113628411,0.01021761976189 & Score: -846400.084817
.Lambda : 0.00628204950096,0.00542651580771 Mu : 0.02650944269959,0.01021724159911 & Score: -846400.085965
.Lambda : 0.00628445172972,0.00542370106065 Mu : 0.02651229127249,0.01021551870528 & Score: -846400.087306
.Lambda : 0.00628404603321,0.00542524324024 Mu : 0.02651237455550,0.01021652019979 & Score: -846400.085748
.Lambda : 0.00628353695488,0.00542667509678 Mu : 0.02651184209745,0.01021786412426 & Score: -846400.084787
.Lambda : 0.00628328765720,0.00542770241231 Mu : 0.02651196029486,0.01021771871453 & Score: -846400.084825
.Lambda : 0.00628329920515,0.00542620162938 Mu : 0.02651224956883,0.01021708031170 & Score: -846400.084851
.Lambda : 0.00628283604375,0.00542843903891 Mu : 0.02651188034432,0.01021857222260 & Score: -846400.084718
.Lambda : 0.00628295269467,0.00542871079402 Mu : 0.02651115994154,0.01021880709994 & Score: -846400.085095
.Lambda : 0.00628303932229,0.00542808350286 Mu : 0.02651143234836,0.01021837540288 & Score: -846400.084788
.Lambda : 0.00628284007517,0.00542740055636 Mu : 0.02651118524226,0.01021849704128 & Score: -846400.084661
.Lambda : 0.00628261628415,0.00542724962839 Mu : 0.02651079771595,0.01021888620465 & Score: -846400.084911
.Lambda : 0.00628328305423,0.00542829079865 Mu : 0.02651203373209,0.01021903463362 & Score: -846400.084723
.Lambda : 0.00628320874172,0.00542731924249 Mu : 0.02651203835969,0.01021860860800 & Score: -846400.084540
.Lambda : 0.00628329345143,0.00542693711231 Mu : 0.02651234136536,0.01021872521056 & Score: -846400.084618
.Lambda : 0.00628254700256,0.00542904972143 Mu : 0.02651172674174,0.01021949212850 & Score: -846400.084987
.Lambda : 0.00628279449064,0.00542845606527 Mu : 0.02651175558066,0.01021908512744 & Score: -846400.084702
.Lambda : 0.00628255662141,0.00542751665286 Mu : 0.02651139603138,0.01021834686604 & Score: -846400.084566
.Lambda : 0.00628286392071,0.00542690721959 Mu : 0.02651130726267,0.01021869659877 & Score: -846400.084744
.Lambda : 0.00628285695147,0.00542729017442 Mu : 0.02651145053309,0.01021866550473 & Score: -846400.084607
.Lambda : 0.00628293670425,0.00542630724780 Mu : 0.02651127950255,0.01021797388259 & Score: -846400.084798
.Lambda : 0.00628290115085,0.00542684445217 Mu : 0.02651139852208,0.01021825169380 & Score: -846400.084648
.Lambda : 0.00628292165756,0.00542708470461 Mu : 0.02651195648086,0.01021843929501 & Score: -846400.084497
.Lambda : 0.00628296244875,0.00542692677873 Mu : 0.02651234210017,0.01021841042187 & Score: -846400.084453
.Lambda : 0.00628289123083,0.00542768197209 Mu : 0.02651221499009,0.01021876400652 & Score: -846400.084408
.Lambda : 0.00628288627083,0.00542810073204 Mu : 0.02651262322409,0.01021902016288 & Score: -846400.084436
.Lambda : 0.00628295256988,0.00542743214867 Mu : 0.02651254520758,0.01021839944649 & Score: -846400.084379
.Lambda : 0.00628300037909,0.00542750313580 Mu : 0.02651309254482,0.01021826641736 & Score: -846400.084409
.Lambda : 0.00628345087418,0.00542716341813 Mu : 0.02651317429738,0.01021874437540 & Score: -846400.084636
.Lambda : 0.00628322731099,0.00542725172681 Mu : 0.02651272973088,0.01021864499806 & Score: -846400.084495
.Lambda : 0.00628280803851,0.00542732707065 Mu : 0.02651287765466,0.01021850082847 & Score: -846400.084363
.Lambda : 0.00628260768691,0.00542733098473 Mu : 0.02651329730215,0.01021844693870 & Score: -846400.084391
.Lambda : 0.00628257983300,0.00542743225826 Mu : 0.02651226024537,0.01021839235361 & Score: -846400.084369
.Lambda : 0.00628265338736,0.00542800994610 Mu : 0.02651260694868,0.01021861789567 & Score: -846400.084403
.Lambda : 0.00628260568355,0.00542741873976 Mu : 0.02651293003806,0.01021819125560 & Score: -846400.084371
.Lambda : 0.00628281967511,0.00542679516257 Mu : 0.02651269962415,0.01021812404641 & Score: -846400.084415
.Lambda : 0.00628277810317,0.00542709885845 Mu : 0.02651267645528,0.01021824750873 & Score: -846400.084393
.Lambda : 0.00628269495930,0.00542770625022 Mu : 0.02651263011755,0.01021849443336 & Score: -846400.084350
.Lambda : 0.00628265338736,0.00542800994610 Mu : 0.02651260694868,0.01021861789567 & Score: -846400.084403
.Lambda : 0.00628239168729,0.00542751001077 Mu : 0.02651280382024,0.01021838998904 & Score: -846400.084361
.Lambda : 0.00628263157551,0.00542756905520 Mu : 0.02651235588085,0.01021869754664 & Score: -846400.084358
.Lambda : 0.00628268329730,0.00542762393516 Mu : 0.02651307349129,0.01021864904514 & Score: -846400.084345
.Lambda : 0.00628273502946,0.00542771977362 Mu : 0.02651348011424,0.01021877739090 & Score: -846400.084400
.Lambda : 0.00628239272119,0.00542787755502 Mu : 0.02651255400030,0.01021861467861 & Score: -846400.084380
.Lambda : 0.00628249655052,0.00542773993393 Mu : 0.02651263491389,0.01021858621608 & Score: -846400.084347
.Lambda : 0.00628286150402,0.00542780957648 Mu : 0.02651254338155,0.01021882363157 & Score: -846400.084378
.Lambda : 0.00628274404984,0.00542773468505 Mu : 0.02651260849122,0.01021871522094 & Score: -846400.084348
.Lambda : 0.00628267785297,0.00542783334699 Mu : 0.02651311762612,0.01021852491112 & Score: -846400.084378
.Lambda : 0.00628266628361,0.00542776727404 Mu : 0.02651292718980,0.01021856807000 & Score: -846400.084350
.Lambda : 0.00628260013134,0.00542772666387 Mu : 0.02651299192555,0.01021876484272 & Score: -846400.084344
.Lambda : 0.00628255271736,0.00542773687070 Mu : 0.02651317282955,0.01021890004740 & Score: -846400.084370
.Lambda : 0.00628259573089,0.00542764533497 Mu : 0.02651272722117,0.01021878959244 & Score: -846400.084342
.Lambda : 0.00628256045454,0.00542758436544 Mu : 0.02651262723685,0.01021890035366 & Score: -846400.084367
.Lambda : 0.00628244380519,0.00542763324892 Mu : 0.02651310528473,0.01021867962725 & Score: -846400.084359
.Lambda : 0.00628251886635,0.00542765860795 Mu : 0.02651298108635,0.01021868852567 & Score: -846400.084343
.Lambda : 0.00628270246242,0.00542758733705 Mu : 0.02651325194829,0.01021885978690 & Score: -846400.084385
.Lambda : 0.00628265098445,0.00542762548627 Mu : 0.02651309768969,0.01021879139420 & Score: -846400.084355
.Lambda : 0.00628255729862,0.00542765197146 Mu : 0.02651285415376,0.01021873905905 & Score: -846400.084339
.Lambda : 0.00628259793111,0.00542768599942 Mu : 0.02651285957336,0.01021877721758 & Score: -846400.084340
.Lambda : 0.00628263951410,0.00542763463507 Mu : 0.02651290035623,0.01021871931879 & Score: -846400.084338
.Lambda : 0.00628254614071,0.00542769263445 Mu : 0.02651268106753,0.01021868790426 & Score: -846400.084337
.Lambda : 0.00628257471138,0.00542768728523 Mu : 0.02651292035427,0.01021867215740 & Score: -846400.084338
.Lambda : 0.00628256090129,0.00542764726368 Mu : 0.02651281839253,0.01021863200217 & Score: -846400.084334
.Lambda : 0.00628254238637,0.00542762789581 Mu : 0.02651279780212,0.01021855939447 & Score: -846400.084336
.Lambda : 0.00628260333511,0.00542767893775 Mu : 0.02651280593152,0.01021861663226 & Score: -846400.084335
.Lambda : 0.00628250303014,0.00542771842549 Mu : 0.02651271251670,0.01021858502926 & Score: -846400.084343
.Lambda : 0.00628253715113,0.00542769747788 Mu : 0.02651275947658,0.01021861860164 & Score: -846400.084337
.Lambda : 0.00628254905274,0.00542767087166 Mu : 0.02651261207981,0.01021860541276 & Score: -846400.084338
.Lambda : 0.00628255546740,0.00542767497505 Mu : 0.02651268914843,0.01021862209892 & Score: -846400.084336
.Lambda : 0.00628259577112,0.00542764942758 Mu : 0.02651273779342,0.01021866071717 & Score: -846400.084334
.Lambda : 0.00628262508112,0.00542762540243 Mu : 0.02651272695185,0.01021868177493 & Score: -846400.084334
.Lambda : 0.00628261159675,0.00542763266758 Mu : 0.02651284456542,0.01021857782100 & Score: -846400.084334
.Lambda : 0.00628263033474,0.00542762917325 Mu : 0.02651291419302,0.01021862148737 & Score: -846400.084335
.Lambda : 0.00628255546740,0.00542767497505 Mu : 0.02651268914843,0.01021862209892 & Score: -846400.084336
.Lambda : 0.00628257418423,0.00542766352460 Mu : 0.02651274540958,0.01021862194603 & Score: -846400.084334
.Lambda : 0.00628256789159,0.00542761750397 Mu : 0.02651276714896,0.01021862961093 & Score: -846400.084333
.Lambda : 0.00628255016982,0.00542758678708 Mu : 0.02651274775768,0.01021863610027 & Score: -846400.084335
.DONE: Lamda,Mu Search or setting, for command:
lambdamu -s -t ((((((((((((1,1)1,1)1,1)1,(1,1)1)1,1)1,(((((1,1)1,1)1,1)1,(1,1)1)1,1)1)1,1)1,(((1,1)1,((1,1)1,1)1)1,(((((1,1)1,1)1,(1,1)1)1,1)1,1)1)1)1,1)1,2)2,2)2,2) 

Lambda Search Result: 197
Lambda : 0.00628256789159,0.00542761750397 & Score: 846400 Mu : 0.02651276714896,0.01021862961093 & Score: 846400
Running Viterbi algorithm....
Report Done
