((((((((((FRAX30:2,FRAX32:2):1,FRAX28:3):2,FRAX12:5):4,(FRAX07:8,FRAX29:8):1):4,FRAX08:13):1,(((((FRAX01:2,FRAX16:2):4,FRAX15:6):2,FRAX00:8):2,(FRAX06:9,FRAX23:9):1):3,FRAX25:13):1):3,FRAX21:17):2,(((FRAX19:8,FRAX20:8):2,((FRAX11:5,FRAX27:5):4,FRAX04:9):1):1,(((((FRAX03:1,FRAX09:1):1,FRAX13:2):2,(FRAX26:2,FRAX14:2):2):3,FRAX05:7):2,FRAX33:9):2):8):15,FRAX31:34):2,Oeuropea:36):36
-----------------------------------------------------------
Family information: homeolog_counts.txt
Log: reports/error_files/cafe_pre_log.txt
Tree: ((((((((((FRAX30:2,FRAX32:2):1,FRAX28:3):2,FRAX12:5):4,(FRAX07:8,FRAX29:8):1):4,FRAX08:13):1,(((((FRAX01:2,FRAX16:2):4,FRAX15:6):2,FRAX00:8):2,(FRAX06:9,FRAX23:9):1):3,FRAX25:13):1):3,FRAX21:17):2,(((FRAX19:8,FRAX20:8):2,((FRAX11:5,FRAX27:5):4,FRAX04:9):1):1,(((((FRAX03:1,FRAX09:1):1,FRAX13:2):2,(FRAX26:2,FRAX14:2):2):3,FRAX05:7):2,FRAX33:9):2):8):15,FRAX31:34):2,Oeuropea:36):36
The number of families is 8484
Root Family size : 1 ~ 30
Family size : 0 ~ 63
P-value: 0.01
Num of Threads: 10
Num of Random: 1000
Empirical Prior Estimation Result: (28 iterations)
Poisson lambda: 0.100377 & Score: 61254.735402
DONE: Lamda,Mu Search or setting, for command:
lambdamu -l 0.00312885131707 -m 0.01967130811162 
((((((((((FRAX30:2,FRAX32:2):1,FRAX28:3):2,FRAX12:5):4,(FRAX07:8,FRAX29:8):1):4,FRAX08:13):1,(((((FRAX01:2,FRAX16:2):4,FRAX15:6):2,FRAX00:8):2,(FRAX06:9,FRAX23:9):1):3,FRAX25:13):1):3,FRAX21:17):2,(((FRAX19:8,FRAX20:8):2,((FRAX11:5,FRAX27:5):4,FRAX04:9):1):1,(((((FRAX03:1,FRAX09:1):1,FRAX13:2):2,(FRAX26:2,FRAX14:2):2):3,FRAX05:7):2,FRAX33:9):2):8):15,FRAX31:34):2,Oeuropea:36):36
-----------------------------------------------------------
Family information: homeolog_counts.txt
Log: reports/error_files/cafe_pre_log.txt
Tree: ((((((((((FRAX30:2,FRAX32:2):1,FRAX28:3):2,FRAX12:5):4,(FRAX07:8,FRAX29:8):1):4,FRAX08:13):1,(((((FRAX01:2,FRAX16:2):4,FRAX15:6):2,FRAX00:8):2,(FRAX06:9,FRAX23:9):1):3,FRAX25:13):1):3,FRAX21:17):2,(((FRAX19:8,FRAX20:8):2,((FRAX11:5,FRAX27:5):4,FRAX04:9):1):1,(((((FRAX03:1,FRAX09:1):1,FRAX13:2):2,(FRAX26:2,FRAX14:2):2):3,FRAX05:7):2,FRAX33:9):2):8):15,FRAX31:34):2,Oeuropea:36):36
The number of families is 8484
Root Family size : 1 ~ 30
Family size : 0 ~ 63
P-value: 0.01
Num of Threads: 10
Num of Random: 1000
Empirical Prior Estimation Result: (30 iterations)
Poisson lambda: 0.100378 & Score: 61254.735402
DONE: Lamda,Mu Search or setting, for command:
lambdamu -l 0.00312885131707 -m 0.01967130811162 
