-----------------------------------------------------------
Family information: 2020_Feb08_homeolog_filtered_counts.txt
Log: simulate_onerate/simulate_onerate.log
The number of families is 7837
Root Family size : 1 ~ 30
Family size : 0 ~ 63
P-value: 0.01
Num of Threads: 8
Num of Random: 1000
Empirical Prior Estimation Result: (29 iterations)
Poisson lambda: 0.089538 & Score: 54522.024478
DONE: Lamda,Mu Search or setting, for command:
lambdamu -l 0.00093971443748 -m 0.00947308078407 
Using user defined root size distribution for simulation... 
Running Viterbi algorithm....
-----------------------------------------------------------
Family information: 2020_Feb08_homeolog_filtered_counts.txt
Log: simulate_onerate/simulate_onerate.log
The number of families is 7837
Root Family size : 1 ~ 30
Family size : 0 ~ 63
P-value: 0.01
Num of Threads: 8
Num of Random: 1000
Empirical Prior Estimation Result: (27 iterations)
Poisson lambda: 0.089538 & Score: 54522.024478
Lambda : 0.01601437370603 Mu : 0.01625048988757 & Score: -158035.116292
.Lambda : 0.01681509239133 Mu : 0.01625048988757 & Score: -159119.487498
.Lambda : 0.01681509239133 Mu : 0.01706301438195 & Score: -159399.273590
.Lambda : 0.01601437370603 Mu : 0.01543796539320 & Score: -157780.014007
.Lambda : 0.01561401436338 Mu : 0.01462544089882 & Score: -157015.002765
.Lambda : 0.01481329567808 Mu : 0.01462544089882 & Score: -155923.461862
.Lambda : 0.01381239732145 Mu : 0.01381291640444 & Score: -154371.544789
.Lambda : 0.01341203797880 Mu : 0.01218786741568 & Score: -153556.796688
.Lambda : 0.01211087011519 Mu : 0.01015655617973 & Score: -151725.072308
.Lambda : 0.01030925307326 Mu : 0.00934403168536 & Score: -149351.567609
.Lambda : 0.00765687242820 Mu : 0.00670332707862 & Score: -146690.902860
.Lambda : 0.00595534522193 Mu : 0.00304696685392 & Score: -148441.887364
.Lambda : 0.00150134753494 Mu : -0.00040626224719 & Score: -inf
.Lambda : 0.00415372818000 Mu : 0.00223444235954 & Score: -148136.019083
.Lambda : 0.00585525538627 Mu : 0.00589080258425 & Score: -144960.147798
.Lambda : 0.00580521046844 Mu : 0.00731272044941 & Score: -144152.413991
.Lambda : 0.00930835471663 Mu : 0.01178160516849 & Score: -148072.081429
.Lambda : 0.00415372818000 Mu : 0.00223444235954 & Score: -148136.019083
.Lambda : 0.00544238481416 Mu : 0.00462123306178 & Score: -145581.571094
.Lambda : 0.00359072285440 Mu : 0.00523062643256 & Score: -142986.977792
.Lambda : 0.00155764806750 Mu : 0.00449427610953 & Score: -142202.866604
.Lambda : 0.00192047372178 Mu : 0.00718576349716 & Score: -140512.852977
.Lambda : 0.00015951817559 Mu : 0.00846802871485 & Score: -140503.403007
.Lambda : -0.00408804422535 Mu : 0.00564958437498 & Score: -inf
.Lambda : -0.00161473055190 Mu : 0.00606536839358 & Score: -inf
.Lambda : 0.00085858312154 Mu : 0.00648115241219 & Score: -140543.813762
.Lambda : 0.00298236432201 Mu : 0.00789037458213 & Score: -141050.487376
.Lambda : -0.00196426302488 Mu : 0.00705880654492 & Score: -inf
.Lambda : -0.00072760618816 Mu : 0.00726669855422 & Score: -inf
.Lambda : 0.00050905064857 Mu : 0.00747459056352 & Score: -140262.994349
.Lambda : 0.00157094124880 Mu : 0.00817920164849 & Score: -140081.663411
.Lambda : 0.00192047372178 Mu : 0.00718576349716 & Score: -140512.852977
.Lambda : 0.00148023483523 Mu : 0.00750632980158 & Score: -140208.593972
.Lambda : 0.00254212543546 Mu : 0.00821094088655 & Score: -140638.773851
.Lambda : 0.00203385673874 Mu : 0.00802685330580 & Score: -140339.370469
.Lambda : 0.00152558804202 Mu : 0.00784276572504 & Score: -140134.644338
.Lambda : 0.00103999594868 Mu : 0.00782689610601 & Score: -140024.498078
.Lambda : 0.00108534915547 Mu : 0.00816333202946 & Score: -139954.339740
.Lambda : 0.00086522971219 Mu : 0.00832361518167 & Score: -139922.237108
.Lambda : 0.00033428441208 Mu : 0.00797130963919 & Score: -140294.085667
.Lambda : 0.00064344862126 Mu : 0.00802328264151 & Score: -140035.044019
.Lambda : 0.00126177703962 Mu : 0.00812722864617 & Score: -139992.720459
.Lambda : 0.00108701080313 Mu : 0.00862394772183 & Score: -139882.735622
.Lambda : 0.00111051823035 Mu : 0.00902247352974 & Score: -139850.245165
.Lambda : 0.00071397090293 Mu : 0.00921886006525 & Score: -139855.027594
.Lambda : 0.00095925942109 Mu : 0.00991771841332 & Score: -139836.993215
.Lambda : 0.00100627427553 Mu : 0.01071477002914 & Score: -139922.639725
.Lambda : 0.00135580674851 Mu : 0.00972133187781 & Score: -139899.052001
.Lambda : 0.00119534778712 Mu : 0.00959571392467 & Score: -139853.842087
.Lambda : 0.00087442986432 Mu : 0.00934447801839 & Score: -139827.206589
.Lambda : 0.00071397090293 Mu : 0.00921886006525 & Score: -139855.027594
.Lambda : 0.00072317105506 Mu : 0.01023972290197 & Score: -139879.704357
.Lambda : 0.00082000784888 Mu : 0.00993541055891 & Score: -139842.047931
.Lambda : 0.00101368143653 Mu : 0.00932678587280 & Score: -139828.175984
.Lambda : 0.00092885187977 Mu : 0.00875354547787 & Score: -139860.310275
.Lambda : 0.00093645376510 Mu : 0.00904458871173 & Score: -139836.734650
.Lambda : 0.00095165753576 Mu : 0.00962667517946 & Score: -139825.867904
.Lambda : 0.00095925942109 Mu : 0.00991771841332 & Score: -139836.993215
.Lambda : 0.00081240596355 Mu : 0.00964436732505 & Score: -139832.131119
.Lambda : 0.00086272483180 Mu : 0.00956497196199 & Score: -139826.547948
.Lambda : 0.00093995250323 Mu : 0.00984716912305 & Score: -139832.846987
.Lambda : 0.00092357184350 Mu : 0.00972149634689 & Score: -139827.862735
.Lambda : 0.00090719118378 Mu : 0.00959582357072 & Score: -139825.223060
.Lambda : 0.00091304370004 Mu : 0.00948557659892 & Score: -139824.425004
.Lambda : 0.00086857734806 Mu : 0.00945472499019 & Score: -139826.087071
.Lambda : 0.00088934739498 Mu : 0.00949771253751 & Score: -139825.001037
.Lambda : 0.00089519991125 Mu : 0.00938746556571 & Score: -139825.549053
.Lambda : 0.00089819772938 Mu : 0.00943955506696 & Score: -139824.913799
.Lambda : 0.00092189403444 Mu : 0.00942741912838 & Score: -139824.526210
.Lambda : 0.00093674000510 Mu : 0.00947344066034 & Score: -139824.223715
.Lambda : 0.00095601114296 Mu : 0.00949038345703 & Score: -139824.369267
.Lambda : 0.00092788967070 Mu : 0.00953159813089 & Score: -139824.443213
.Lambda : 0.00092189403444 Mu : 0.00942741912838 & Score: -139824.526210
.Lambda : 0.00092339294350 Mu : 0.00945346387901 & Score: -139824.374910
.Lambda : 0.00094708924856 Mu : 0.00944132794042 & Score: -139824.310340
.Lambda : 0.00096043631015 Mu : 0.00946130472176 & Score: -139824.433423
.Lambda : 0.00095117546849 Mu : 0.00945934451107 & Score: -139824.292630
.Lambda : 0.00094082622503 Mu : 0.00949145723099 & Score: -139824.242386
.Lambda : 0.00092639076163 Mu : 0.00950555338026 & Score: -139824.330309
.Lambda : 0.00093258693835 Mu : 0.00949400116296 & Score: -139824.278530
.Lambda : 0.00094497929178 Mu : 0.00947089672837 & Score: -139824.233941
.Lambda : 0.00094089307185 Mu : 0.00945288015772 & Score: -139824.248150
.Lambda : 0.00094087636014 Mu : 0.00946252442604 & Score: -139824.227514
.Lambda : 0.00093263707346 Mu : 0.00946506835801 & Score: -139824.250764
.Lambda : 0.00093572262804 Mu : 0.00946652545060 & Score: -139824.230368
.Lambda : 0.00094189373720 Mu : 0.00946943963578 & Score: -139824.222447
.Lambda : 0.00094497929178 Mu : 0.00947089672837 & Score: -139824.233941
.Lambda : 0.00093775738215 Mu : 0.00948035587008 & Score: -139824.224684
.Lambda : 0.00094087636014 Mu : 0.00946252442604 & Score: -139824.227514
.Lambda : 0.00094009661564 Mu : 0.00946698228705 & Score: -139824.221463
.Lambda : 0.00094525034775 Mu : 0.00946298126249 & Score: -139824.240915
.Lambda : 0.00094312276208 Mu : 0.00946559611195 & Score: -139824.229599
.Lambda : 0.00094099517642 Mu : 0.00946821096141 & Score: -139824.221412
.Lambda : 0.00093841831037 Mu : 0.00947021147370 & Score: -139824.220187
.Lambda : 0.00093931687115 Mu : 0.00947144014806 & Score: -139824.218975
.Lambda : 0.00093892699890 Mu : 0.00947366907857 & Score: -139824.219067
.Lambda : 0.00093674000510 Mu : 0.00947344066034 & Score: -139824.223715
.Lambda : 0.00093780379793 Mu : 0.00947213323561 & Score: -139824.220799
.Lambda : 0.00093993138359 Mu : 0.00946951838615 & Score: -139824.219650
.Lambda : 0.00094082994437 Mu : 0.00947074706051 & Score: -139824.219834
.Lambda : 0.00093841831037 Mu : 0.00947021147370 & Score: -139824.220187
.Lambda : 0.00093902121887 Mu : 0.00947034537040 & Score: -139824.219483
.Lambda : 0.00093840670643 Mu : 0.00947226713231 & Score: -139824.219696
.Lambda : 0.00093878787572 Mu : 0.00947157994577 & Score: -139824.219328
.Lambda : 0.00093908352800 Mu : 0.00947267472343 & Score: -139824.218928
.Lambda : 0.00093911468256 Mu : 0.00947383939995 & Score: -139824.218934
.Lambda : 0.00093961252343 Mu : 0.00947253492572 & Score: -139824.218722
.Lambda : 0.00094002484728 Mu : 0.00947301241570 & Score: -139824.218746
.Lambda : 0.00093937918027 Mu : 0.00947376950109 & Score: -139824.218784
.Lambda : 0.00093990817570 Mu : 0.00947362970338 & Score: -139824.218726
.Lambda : 0.00094014151885 Mu : 0.00947239512801 & Score: -139824.218838
.Lambda : 0.00093995093421 Mu : 0.00947273872128 & Score: -139824.218735
.Lambda : 0.00093956976492 Mu : 0.00947342590782 & Score: -139824.218708
.Lambda : 0.00093937918027 Mu : 0.00947376950109 & Score: -139824.218784
.Lambda : 0.00093927411264 Mu : 0.00947233113016 & Score: -139824.218843
.Lambda : 0.00093943262841 Mu : 0.00947265577347 & Score: -139824.218751
.Lambda : 0.00093959114417 Mu : 0.00947298041677 & Score: -139824.218701
.Lambda : 0.00093973897031 Mu : 0.00947352780560 & Score: -139824.218700
.Lambda : 0.00093976034956 Mu : 0.00947308231455 & Score: -139824.218692
.Lambda : 0.00093985564189 Mu : 0.00947291051792 & Score: -139824.218706
.Lambda : 0.00093990817570 Mu : 0.00947362970338 & Score: -139824.218726
.Lambda : 0.00093982891782 Mu : 0.00947346738173 & Score: -139824.218704
.Lambda : 0.00093974965994 Mu : 0.00947330506008 & Score: -139824.218693
.Lambda : 0.00093967574687 Mu : 0.00947303136566 & Score: -139824.218692
.DONE: Lamda,Mu Search or setting, for command:
lambdamu -l 0.00093971443748 -m 0.00947308078407 -s 

Lambda Search Result: 61
Lambda : 0.00093976034956 & Score: 139824Mu : 0.00947308231455 & Score: 139824
Running Viterbi algorithm....
Report Done
