-----------------------------------------------------------
Family information: 2020_Feb08_homeolog_counts.txt
Log: reports/Feb008_homeologs_onerate_0.1_error.log
The number of families is 8152
Root Family size : 1 ~ 30
Family size : 0 ~ 63
P-value: 0.01
Num of Threads: 8
Num of Random: 1000
Empirical Prior Estimation Result: (29 iterations)
Poisson lambda: 0.089576 & Score: 54633.217755
Lambda : 0.00316297162014 Mu : 0.00276794822680 & Score: -200096.625337
.Lambda : 0.00332112020114 Mu : 0.00276794822680 & Score: -200090.941190
.Lambda : 0.00332112020114 Mu : 0.00290634563814 & Score: -198511.419168
.Lambda : 0.00347926878215 Mu : 0.00290634563814 & Score: -198521.215821
.Lambda : 0.00347926878215 Mu : 0.00304474304948 & Score: -197027.607205
.Lambda : 0.00355834307265 Mu : 0.00318314046082 & Score: -195622.049034
.Lambda : 0.00340019449165 Mu : 0.00318314046082 & Score: -195603.460680
.Lambda : 0.00336065734640 Mu : 0.00332153787216 & Score: -194254.322870
.Lambda : 0.00359788021791 Mu : 0.00359833269484 & Score: -191783.386751
.Lambda : 0.00373626022629 Mu : 0.00394432622318 & Score: -188999.207058
.Lambda : 0.00353857450003 Mu : 0.00408272363452 & Score: -187911.690204
.Lambda : 0.00352869021372 Mu : 0.00453251522138 & Score: -184803.426166
.Lambda : 0.00390429309361 Mu : 0.00515530357241 & Score: -181210.800856
.Lambda : 0.00417611096721 Mu : 0.00607218642253 & Score: -176858.666536
.Lambda : 0.00396854095464 Mu : 0.00666037542073 & Score: -174375.103163
.Lambda : 0.00408468131882 Mu : 0.00801840001950 & Score: -169962.768744
.Lambda : 0.00473210207232 Mu : 0.00955807122066 & Score: -166582.519741
.Lambda : 0.00533380800161 Mu : 0.01207084922029 & Score: -162930.199413
.Lambda : 0.00524237835322 Mu : 0.01401706281726 & Score: -160911.873549
.Lambda : 0.00577551204622 Mu : 0.01798950101462 & Score: -159453.040616
.Lambda : 0.00702463872902 Mu : 0.02204195021542 & Score: -160503.983580
.Lambda : 0.00746634277363 Mu : 0.02796060200975 & Score: -163175.897733
.Lambda : 0.00693320908063 Mu : 0.02398816381238 & Score: -160949.999607
.Lambda : 0.00586694169462 Mu : 0.01604328741766 & Score: -160133.520837
.Lambda : 0.00461781501182 Mu : 0.01199083821686 & Score: -162551.700615
.Lambda : 0.00521952094112 Mu : 0.01450361621650 & Score: -160534.000067
.Lambda : 0.00582122687042 Mu : 0.01701639421614 & Score: -159728.783923
.Lambda : 0.00640007538762 Mu : 0.02001572561502 & Score: -159773.255054
.Lambda : 0.00519666352902 Mu : 0.01499016961574 & Score: -160199.866095
.Lambda : 0.00549751649367 Mu : 0.01624655861556 & Score: -159768.752673
.Lambda : 0.00609922242297 Mu : 0.01875933661520 & Score: -159586.462645
.Lambda : 0.00605350759877 Mu : 0.01973244341368 & Score: -159502.211708
.Lambda : 0.00572979722203 Mu : 0.01896260781311 & Score: -159293.011996
.Lambda : 0.00554508462155 Mu : 0.01906424341206 & Score: -159156.928843
.Lambda : 0.00526708906900 Mu : 0.01732130101300 & Score: -159246.859769
.Lambda : 0.00503666164433 Mu : 0.01839604341043 & Score: -158892.121793
.Lambda : 0.00466723644339 Mu : 0.01859931460834 & Score: -158660.022631
.Lambda : 0.00494523199594 Mu : 0.02034225700740 & Score: -158793.681143
.Lambda : 0.00406738381777 Mu : 0.01987732820368 & Score: -158358.573414
.Lambda : 0.00332853341588 Mu : 0.02028387059949 & Score: -158198.193205
.Lambda : 0.00305053786333 Mu : 0.01854092820043 & Score: -158184.568434
.Lambda : 0.00210319079702 Mu : 0.01764026379695 & Score: -158584.668181
.Lambda : 0.00171183483582 Mu : 0.02022548419158 & Score: -158752.305251
.Lambda : 0.00245068523771 Mu : 0.01981894179577 & Score: -158249.529632
.Lambda : 0.00392838604149 Mu : 0.01900585700415 & Score: -158313.559731
.Lambda : 0.00355896084055 Mu : 0.01920912820206 & Score: -158203.423236
.Lambda : 0.00282011043866 Mu : 0.01961567059787 & Score: -158159.365093
.Lambda : 0.00245068523771 Mu : 0.01981894179577 & Score: -158249.529632
.Lambda : 0.00254211488611 Mu : 0.01787272819881 & Score: -158341.413507
.Lambda : 0.00273871951855 Mu : 0.01847551379898 & Score: -158214.907543
.Lambda : 0.00293532415099 Mu : 0.01907829939915 & Score: -158152.697478
.Lambda : 0.00307432192727 Mu : 0.01994977059868 & Score: -158158.713250
.Lambda : 0.00318953563960 Mu : 0.01941239939996 & Score: -158148.108153
.Lambda : 0.00337424824008 Mu : 0.01931076380101 & Score: -158168.099103
.Lambda : 0.00305053786333 Mu : 0.01854092820043 & Score: -158184.568434
.Lambda : 0.00305648387931 Mu : 0.01889313879999 & Score: -158157.973893
.Lambda : 0.00306837591128 Mu : 0.01959755999912 & Score: -158145.502721
.Lambda : 0.00307432192727 Mu : 0.01994977059868 & Score: -158158.713250
.Lambda : 0.00332258739989 Mu : 0.01993165999993 & Score: -158173.385916
.Lambda : 0.00322577158767 Mu : 0.01971831984973 & Score: -158155.229232
.Lambda : 0.00312895577544 Mu : 0.01950497969954 & Score: -158145.431322
.Lambda : 0.00300185003114 Mu : 0.01933792969913 & Score: -158144.528885
.Lambda : 0.00306242989530 Mu : 0.01924534939955 & Score: -158145.088955
.Lambda : 0.00293532415099 Mu : 0.01907829939915 & Score: -158152.697478
.Lambda : 0.00298373205711 Mu : 0.01918496947425 & Score: -158147.395183
.Lambda : 0.00303213996322 Mu : 0.01929163954934 & Score: -158144.453928
.Lambda : 0.00306540290329 Mu : 0.01942145469934 & Score: -158143.666772
.Lambda : 0.00309569283537 Mu : 0.01937516454955 & Score: -158144.139731
.Lambda : 0.00312895577544 Mu : 0.01950497969954 & Score: -158145.431322
.Lambda : 0.00310475182239 Mu : 0.01945164466199 & Score: -158144.348779
.Lambda : 0.00305634391627 Mu : 0.01934497458689 & Score: -158143.850357
.Lambda : 0.00302605398419 Mu : 0.01939126473668 & Score: -158143.823867
.Lambda : 0.00303511297121 Mu : 0.01946774484912 & Score: -158143.892311
.Lambda : 0.00304042070748 Mu : 0.01943705228357 & Score: -158143.709667
.Lambda : 0.00307976962657 Mu : 0.01946724224622 & Score: -158143.957534
.Lambda : 0.00306634071598 Mu : 0.01944824786884 & Score: -158143.740915
.Lambda : 0.00303948289479 Mu : 0.01941025911407 & Score: -158143.675601
.Lambda : 0.00306446509060 Mu : 0.01939466152984 & Score: -158143.668760
.Lambda : 0.00309038509910 Mu : 0.01940585711510 & Score: -158143.965070
.Lambda : 0.00307765954803 Mu : 0.01940695761485 & Score: -158143.772805
.Lambda : 0.00306493399695 Mu : 0.01940805811459 & Score: -158143.658236
.Lambda : 0.00305244289904 Mu : 0.01941585690670 & Score: -158143.629550
.Lambda : 0.00305197399270 Mu : 0.01940246032195 & Score: -158143.629703
.Lambda : 0.00303948289479 Mu : 0.01941025911407 & Score: -158143.675601
.Lambda : 0.00304584567033 Mu : 0.01940970886420 & Score: -158143.643495
.Lambda : 0.00305857122141 Mu : 0.01940860836446 & Score: -158143.632186
.Lambda : 0.00304584567033 Mu : 0.01940970886420 & Score: -158143.643495
.Lambda : 0.00304902705810 Mu : 0.01940943373926 & Score: -158143.632715
.Lambda : 0.00305220844587 Mu : 0.01940915861433 & Score: -158143.627244
.Lambda : 0.00305550706022 Mu : 0.01941223263558 & Score: -158143.627577
.Lambda : 0.00305527260705 Mu : 0.01940553434320 & Score: -158143.627756
.Lambda : 0.00305244289904 Mu : 0.01941585690670 & Score: -158143.629550
.Lambda : 0.00305315032604 Mu : 0.01941327626583 & Score: -158143.627571
.Lambda : 0.00304985171169 Mu : 0.01941020224457 & Score: -158143.630887
.Lambda : 0.00305126554882 Mu : 0.01941070984233 & Score: -158143.628488
.Lambda : 0.00305267938596 Mu : 0.01941121744008 & Score: -158143.627138
.Lambda : 0.00305385775305 Mu : 0.01941069562495 & Score: -158143.626613
.Lambda : 0.00305432869313 Mu : 0.01941275445070 & Score: -158143.627190
.Lambda : 0.00305220844587 Mu : 0.01940915861433 & Score: -158143.627244
.Lambda : 0.00305273850768 Mu : 0.01941005757342 & Score: -158143.626902
.Lambda : 0.00305391687477 Mu : 0.01940953575830 & Score: -158143.626497
.Lambda : 0.00305453561918 Mu : 0.01940869491741 & Score: -158143.626610
.Lambda : 0.00305503612014 Mu : 0.01941017380983 & Score: -158143.626856
.Lambda : 0.00305273850768 Mu : 0.01941005757342 & Score: -158143.626902
.Lambda : 0.00305331291080 Mu : 0.01941008663252 & Score: -158143.626634
.Lambda : 0.00305446171702 Mu : 0.01941014475073 & Score: -158143.626611
.Lambda : 0.00305452083875 Mu : 0.01940898488407 & Score: -158143.626592
.Lambda : 0.00305397599650 Mu : 0.01940837589164 & Score: -158143.626529
.Lambda : 0.00305337203253 Mu : 0.01940892676587 & Score: -158143.626569
.Lambda : 0.00305452083875 Mu : 0.01940898488407 & Score: -158143.626592
.Lambda : 0.00305423363720 Mu : 0.01940897035452 & Score: -158143.626522
.Lambda : 0.00305417451547 Mu : 0.01941013022118 & Score: -158143.626552
.Lambda : 0.00305412488573 Mu : 0.01940969163879 & Score: -158143.626515
.Lambda : 0.00305380812331 Mu : 0.01941025704257 & Score: -158143.626555
.Lambda : 0.00305391450178 Mu : 0.01940993537056 & Score: -158143.626520
.Lambda : 0.00305412725872 Mu : 0.01940929202653 & Score: -158143.626504
.Lambda : 0.00305391924777 Mu : 0.01940913614604 & Score: -158143.626491
.Lambda : 0.00305381642879 Mu : 0.01940885839966 & Score: -158143.626499
.Lambda : 0.00305370886382 Mu : 0.01940937987780 & Score: -158143.626504
.Lambda : 0.00305381346255 Mu : 0.01940935791498 & Score: -158143.626495
.Lambda : 0.00305381583555 Mu : 0.01940895830272 & Score: -158143.626496
.Lambda : 0.00305391687477 Mu : 0.01940953575830 & Score: -158143.626497
.Lambda : 0.00305389161497 Mu : 0.01940939139440 & Score: -158143.626493
.Lambda : 0.00305399740019 Mu : 0.01940916962546 & Score: -158143.626493
.Lambda : 0.00305402503300 Mu : 0.01940891437709 & Score: -158143.626499
.Lambda : 0.00305399167849 Mu : 0.01940903363142 & Score: -158143.626494
.Lambda : 0.00305395832398 Mu : 0.01940915288575 & Score: -158143.626492
.Lambda : 0.00305390543137 Mu : 0.01940926377022 & Score: -158143.626491
.DONE: Lamda,Mu Search or setting, for command:
lambdamu -s 

Lambda Search Result: 67
Lambda : 0.00305391924777 & Score: 158144Mu : 0.01940913614604 & Score: 158144
Empirical Prior Estimation Result: (26 iterations)
Poisson lambda: 0.089576 & Score: 54633.217755
Lambda : 0.00550327959677 Mu : 0.01741794959849 & Score: -159382.835728
.Lambda : 0.00577844357661 Mu : 0.01741794959849 & Score: -159582.356374
.Lambda : 0.00577844357661 Mu : 0.01828884707841 & Score: -159404.402547
.Lambda : 0.00550327959677 Mu : 0.01828884707841 & Score: -159208.627250
.Lambda : 0.00536569760685 Mu : 0.01872429581838 & Score: -159063.121207
.Lambda : 0.00509053362702 Mu : 0.01785339833845 & Score: -159012.348211
.Lambda : 0.00474657865222 Mu : 0.01763567396847 & Score: -158854.864650
.Lambda : 0.00460899666230 Mu : 0.01894202018836 & Score: -158602.065560
.Lambda : 0.00416185519506 Mu : 0.01970405548329 & Score: -158388.758149
.Lambda : 0.00354273624042 Mu : 0.01861543363339 & Score: -158234.397498
.Lambda : 0.00263125555721 Mu : 0.01856100254089 & Score: -158227.470673
.Lambda : 0.00204653210005 Mu : 0.02062938405571 & Score: -158514.662133
.Lambda : 0.00474657865222 Mu : 0.01763567396847 & Score: -158854.864650
.Lambda : 0.00407156701418 Mu : 0.01838410149028 & Score: -158414.285130
.Lambda : 0.00272154373809 Mu : 0.01988095653390 & Score: -158182.979118
.Lambda : 0.00204653210005 Mu : 0.02062938405571 & Score: -158514.662133
.Lambda : 0.00119094410024 Mu : 0.01873790359150 & Score: -159530.534326
.Lambda : 0.00193367187394 Mu : 0.01897944156445 & Score: -158537.752230
.Lambda : 0.00267639964765 Mu : 0.01922097953740 & Score: -158181.355463
.Lambda : 0.00344169946658 Mu : 0.01979250600860 & Score: -158184.167356
.Lambda : 0.00195624391917 Mu : 0.01930943006270 & Score: -158509.523320
.Lambda : 0.00232760780602 Mu : 0.01943019904917 & Score: -158288.747729
.Lambda : 0.00269897169287 Mu : 0.01955096803565 & Score: -158176.383846
.Lambda : 0.00305904955711 Mu : 0.01950674277300 & Score: -158144.124613
.Lambda : 0.00308162160233 Mu : 0.01983673127125 & Score: -158153.190018
.Lambda : 0.00344169946658 Mu : 0.01979250600860 & Score: -158184.167356
.Lambda : 0.00325601752315 Mu : 0.01973212151536 & Score: -158158.209146
.Lambda : 0.00288465363630 Mu : 0.01961135252889 & Score: -158152.945930
.Lambda : 0.00286208159108 Mu : 0.01928136403063 & Score: -158153.524762
.Lambda : 0.00291696659389 Mu : 0.01942020584079 & Score: -158148.327897
.Lambda : 0.00309136251471 Mu : 0.01931559608490 & Score: -158144.475418
.Lambda : 0.00323344547793 Mu : 0.01940213301711 & Score: -158151.381618
.Lambda : 0.00315432575692 Mu : 0.01940665122303 & Score: -158146.115140
.Lambda : 0.00299608631490 Mu : 0.01941568763487 & Score: -158144.458627
.Lambda : 0.00296377335731 Mu : 0.01960683432297 & Score: -158147.805066
.Lambda : 0.00299567064666 Mu : 0.01953402476345 & Score: -158145.335462
.Lambda : 0.00302756793601 Mu : 0.01946121520393 & Score: -158143.939938
.Lambda : 0.00307520603591 Mu : 0.01941116942895 & Score: -158143.743311
.Lambda : 0.00304372441480 Mu : 0.01936564185988 & Score: -158143.748443
.Lambda : 0.00309136251471 Mu : 0.01931559608490 & Score: -158144.475418
.Lambda : 0.00307541387003 Mu : 0.01935200086466 & Score: -158143.931379
.Lambda : 0.00304351658068 Mu : 0.01942481042417 & Score: -158143.665291
.Lambda : 0.00302756793601 Mu : 0.01946121520393 & Score: -158143.939938
.Lambda : 0.00307499820179 Mu : 0.01947033799324 & Score: -158143.922186
.Lambda : 0.00306717975504 Mu : 0.01944416395990 & Score: -158143.730601
.Lambda : 0.00303549029981 Mu : 0.01945780495512 & Score: -158143.831862
.Lambda : 0.00304541923384 Mu : 0.01944614607358 & Score: -158143.714710
.Lambda : 0.00302175605948 Mu : 0.01942679253785 & Score: -158143.892298
.Lambda : 0.00303311198337 Mu : 0.01943113539337 & Score: -158143.753831
.Lambda : 0.00304446790726 Mu : 0.01943547824888 & Score: -158143.683858
.Lambda : 0.00305534816786 Mu : 0.01943448719204 & Score: -158143.660446
.Lambda : 0.00305439684128 Mu : 0.01942381936733 & Score: -158143.637719
.Lambda : 0.00305936130830 Mu : 0.01941798992656 & Score: -158143.637535
.Lambda : 0.00307119289548 Mu : 0.01942766669442 & Score: -158143.717426
.Lambda : 0.00306427381678 Mu : 0.01942695262686 & Score: -158143.668446
.Lambda : 0.00305735473808 Mu : 0.01942623855930 & Score: -158143.644099
.Lambda : 0.00305143894449 Mu : 0.01942140017537 & Score: -158143.636309
.Lambda : 0.00305344551471 Mu : 0.01941315154263 & Score: -158143.627287
.Lambda : 0.00305149090302 Mu : 0.01940660803429 & Score: -158143.628164
.Lambda : 0.00304552315090 Mu : 0.01941656179143 & Score: -158143.647917
.Lambda : 0.00304898269025 Mu : 0.01941691882522 & Score: -158143.636393
.Lambda : 0.00305590176895 Mu : 0.01941763289278 & Score: -158143.630958
.Lambda : 0.00305790833916 Mu : 0.01940938426004 & Score: -158143.630512
.Lambda : 0.00305545208492 Mu : 0.01940490290989 & Score: -158143.628062
.Lambda : 0.00305098926046 Mu : 0.01940867019248 & Score: -158143.628584
.Lambda : 0.00305790833916 Mu : 0.01940938426004 & Score: -158143.630512
.Lambda : 0.00305617856949 Mu : 0.01940920574315 & Score: -158143.627707
.Lambda : 0.00305417199927 Mu : 0.01941745437589 & Score: -158143.629991
.Lambda : 0.00305449202068 Mu : 0.01941431650939 & Score: -158143.627814
.Lambda : 0.00305513206351 Mu : 0.01940804077639 & Score: -158143.626849
.Lambda : 0.00305545208492 Mu : 0.01940490290989 & Score: -158143.628062
.Lambda : 0.00305239900873 Mu : 0.01941198657587 & Score: -158143.627439
.Lambda : 0.00305617856949 Mu : 0.01940920574315 & Score: -158143.627707
.Lambda : 0.00305523367930 Mu : 0.01940990095133 & Score: -158143.626839
.Lambda : 0.00305692022810 Mu : 0.01940479018509 & Score: -158143.629941
.Lambda : 0.00305605154975 Mu : 0.01940688052448 & Score: -158143.627916
.Lambda : 0.00305518287140 Mu : 0.01940897086386 & Score: -158143.626798
.Lambda : 0.00305433959700 Mu : 0.01941152624698 & Score: -158143.626694
.Lambda : 0.00305428878911 Mu : 0.01941059615951 & Score: -158143.626506
.Lambda : 0.00305381634401 Mu : 0.01941094376360 & Score: -158143.626539
.Lambda : 0.00305344551471 Mu : 0.01941315154263 & Score: -158143.627287
.Lambda : 0.00305387985388 Mu : 0.01941210637294 & Score: -158143.626824
.Lambda : 0.00305431419305 Mu : 0.01941106120324 & Score: -158143.626588
.Lambda : 0.00305473583026 Mu : 0.01940978351168 & Score: -158143.626560
.Lambda : 0.00305471042631 Mu : 0.01940931846795 & Score: -158143.626537
.Lambda : 0.00305426338516 Mu : 0.01941013111577 & Score: -158143.626446
.Lambda : 0.00305402716261 Mu : 0.01941030491782 & Score: -158143.626439
.Lambda : 0.00305360552541 Mu : 0.01941158260938 & Score: -158143.626709
.Lambda : 0.00305388175064 Mu : 0.01941101657402 & Score: -158143.626549
.Lambda : 0.00305415797586 Mu : 0.01941045053866 & Score: -158143.626467
.Lambda : 0.00305436879446 Mu : 0.01940981169288 & Score: -158143.626442
.Lambda : 0.00305423798121 Mu : 0.01940966607204 & Score: -158143.626409
.Lambda : 0.00305427798389 Mu : 0.01940927383873 & Score: -158143.626406
.Lambda : 0.00305393635204 Mu : 0.01940976706366 & Score: -158143.626389
.Lambda : 0.00305372013083 Mu : 0.01940974474905 & Score: -158143.626398
.Lambda : 0.00305418717332 Mu : 0.01940873598457 & Score: -158143.626404
.Lambda : 0.00305384554147 Mu : 0.01940922920950 & Score: -158143.626373
.Lambda : 0.00305362932026 Mu : 0.01940920689489 & Score: -158143.626392
.Lambda : 0.00305359472019 Mu : 0.01941026028860 & Score: -158143.626462
.Lambda : 0.00305374283348 Mu : 0.01940987921259 & Score: -158143.626405
.Lambda : 0.00305389094676 Mu : 0.01940949813658 & Score: -158143.626376
.Lambda : 0.00305401635740 Mu : 0.01940898259704 & Score: -158143.626377
.Lambda : 0.00305372013083 Mu : 0.01940974474905 & Score: -158143.626398
.Lambda : 0.00305379418747 Mu : 0.01940955421105 & Score: -158143.626382
.Lambda : 0.00305386824411 Mu : 0.01940936367304 & Score: -158143.626373
.Lambda : 0.00305393094943 Mu : 0.01940910590327 & Score: -158143.626372
.Lambda : 0.00305390824679 Mu : 0.01940897143973 & Score: -158143.626374
.Lambda : 0.00305389824612 Mu : 0.01940906949806 & Score: -158143.626372
.DONE: Lamda,Mu Search or setting, for command:
lambdamu -s -l 0.00305391924777 -m 0.01940913614604 

Lambda Search Result: 49
Lambda : 0.00305393094943 & Score: 158144Mu : 0.01940910590327 & Score: 158144
-----------------------------------------------------------
Family information: 2020_Feb08_homeolog_counts.txt
Log: reports/Feb008_homeologs_onerate_0.1_error.log
The number of families is 8152
Root Family size : 1 ~ 30
Family size : 0 ~ 63
P-value: 0.01
Num of Threads: 8
Num of Random: 1000
Empirical Prior Estimation Result: (30 iterations)
Poisson lambda: 0.089576 & Score: 54633.217754
Lambda : 0.01966630248353 Mu : 0.01033143234801 & Score: -164816.164376
.Lambda : 0.02064961760771 Mu : 0.01033143234801 & Score: -166326.794197
.Lambda : 0.02064961760771 Mu : 0.01084800396541 & Score: -166201.288053
.Lambda : 0.01966630248353 Mu : 0.01084800396541 & Score: -164700.419348
.Lambda : 0.01917464492144 Mu : 0.01110628977411 & Score: -163910.470433
.Lambda : 0.01819132979726 Mu : 0.01058971815671 & Score: -162520.503385
.Lambda : 0.01696218589204 Mu : 0.01046057525236 & Score: -160706.869509
.Lambda : 0.01647052832996 Mu : 0.01123543267846 & Score: -159874.719139
.Lambda : 0.01487264125317 Mu : 0.01168743284369 & Score: -157543.681355
.Lambda : 0.01266018222377 Mu : 0.01104171832194 & Score: -154446.126015
.Lambda : 0.00940295087494 Mu : 0.01100943259585 & Score: -150071.440207
.Lambda : 0.00731340623606 Mu : 0.01223629018718 & Score: -147627.674800
.Lambda : 0.00248901640807 Mu : 0.01312414765459 & Score: -143080.229675
.Lambda : -0.00298067397016 Mu : 0.01244614740675 & Score: -inf
.Lambda : 0.00148265483567 Mu : 0.01225646876598 & Score: -142262.096892
.Lambda : -0.00543127963119 Mu : 0.01437118382472 & Score: -inf
.Lambda : -0.00172272200466 Mu : 0.01353074601750 & Score: -inf
.Lambda : 0.00198583562187 Mu : 0.01269030821028 & Score: -142625.364568
.Lambda : 0.00544280285530 Mu : 0.01163295068092 & Score: -145386.199326
.Lambda : -0.00197431239776 Mu : 0.01331382629535 & Score: -inf
.Lambda : -0.00012003358449 Mu : 0.01289360739174 & Score: -inf
.Lambda : 0.00173424522877 Mu : 0.01247338848813 & Score: -142429.604468
.Lambda : 0.00346272884549 Mu : 0.01194470972345 & Score: -143492.391159
.Lambda : -0.00024582878104 Mu : 0.01278514753067 & Score: -inf
.Lambda : 0.00068131062559 Mu : 0.01257503807886 & Score: -142250.738651
.Lambda : 0.00042972023249 Mu : 0.01235811835671 & Score: -142293.694644
.Lambda : 0.00173424522877 Mu : 0.01247338848813 & Score: -142429.604468
.Lambda : 0.00140811397970 Mu : 0.01244457095528 & Score: -142288.143293
.Lambda : 0.00075585148156 Mu : 0.01238693588957 & Score: -142185.022369
.Lambda : 0.00042972023249 Mu : 0.01235811835671 & Score: -142293.694644
.Lambda : -0.00004549272852 Mu : 0.01270550520245 & Score: -inf
.Lambda : 0.00033654416253 Mu : 0.01259324609333 & Score: -142432.421011
.Lambda : 0.00071858105357 Mu : 0.01248098698422 & Score: -142216.985587
.Lambda : 0.00111925315862 Mu : 0.01232170232778 & Score: -142176.718977
.Lambda : 0.00115652358660 Mu : 0.01222765123313 & Score: -142158.666523
.Lambda : 0.00137549485312 Mu : 0.01210098335758 & Score: -142184.362170
.Lambda : 0.00151992526366 Mu : 0.01216241767134 & Score: -142251.312150
.Lambda : 0.00132890681813 Mu : 0.01221854722589 & Score: -142200.653482
.Lambda : 0.00113788837261 Mu : 0.01227467678045 & Score: -142167.458179
.Lambda : 0.00095618753408 Mu : 0.01230729356135 & Score: -142153.714765
.Lambda : 0.00097482274807 Mu : 0.01226026801402 & Score: -142142.083393
.Lambda : 0.00089328993581 Mu : 0.01225306363081 & Score: -142137.650510
.Lambda : 0.00069295388329 Mu : 0.01233270595903 & Score: -142180.614641
.Lambda : 0.00080884630911 Mu : 0.01230644227755 & Score: -142156.184532
.Lambda : 0.00104063116077 Mu : 0.01225391491460 & Score: -142146.483139
.Lambda : 0.00097773356250 Mu : 0.01219968498407 & Score: -142126.200115
.Lambda : 0.00098850657671 Mu : 0.01214588069542 & Score: -142113.005987
.Lambda : 0.00084116535174 Mu : 0.01214502941163 & Score: -142111.213380
.Lambda : 0.00074143244722 Mu : 0.01209058666015 & Score: -142109.312677
.Lambda : 0.00083664908812 Mu : 0.01198340372476 & Score: -142071.438362
.Lambda : 0.00080832866428 Mu : 0.01184857377174 & Score: -142042.359210
.Lambda : 0.00056125453480 Mu : 0.01179327973646 & Score: -142089.401420
.Lambda : 0.00062815075186 Mu : 0.01155126684805 & Score: -142017.455722
.Lambda : 0.00057150990417 Mu : 0.01128160694200 & Score: -141990.189870
.Lambda : 0.00081858403366 Mu : 0.01133690097727 & Score: -141938.747462
.Lambda : 0.00094724878309 Mu : 0.01110871159768 & Score: -141898.558530
.Lambda : 0.00071043002298 Mu : 0.01054174476794 & Score: -141854.362960
.Lambda : 0.00066148070233 Mu : 0.00988833026605 & Score: -141841.623225
.Lambda : 0.00103721958124 Mu : 0.00971543492174 & Score: -141808.209919
.Lambda : 0.00127007441977 Mu : 0.00893234891161 & Score: -141903.129958
.Lambda : 0.00075145150048 Mu : 0.00849505359010 & Score: -141954.260687
.Lambda : 0.00080040082113 Mu : 0.00914846809200 & Score: -141846.240529
.Lambda : 0.00089829946243 Mu : 0.01045529709579 & Score: -141824.827333
.Lambda : 0.00127403834135 Mu : 0.01028240175148 & Score: -141862.804989
.Lambda : 0.00112089893159 Mu : 0.01018388388012 & Score: -141825.422006
.Lambda : 0.00081462011208 Mu : 0.00998684813741 & Score: -141809.144836
.Lambda : 0.00095354023089 Mu : 0.00924698596336 & Score: -141827.004795
.Lambda : 0.00093973003877 Mu : 0.00954906374646 & Score: -141808.641104
.Lambda : 0.00116232950793 Mu : 0.00927765053080 & Score: -141845.034130
.Lambda : 0.00107540215897 Mu : 0.00945494993245 & Score: -141820.880270
.Lambda : 0.00098847481001 Mu : 0.00963224933410 & Score: -141806.834726
.Lambda : 0.00092591984666 Mu : 0.00985114152957 & Score: -141802.210749
.Lambda : 0.00087717507543 Mu : 0.00976795594193 & Score: -141803.888893
.Lambda : 0.00081462011208 Mu : 0.00998684813741 & Score: -141809.144836
.Lambda : 0.00085808378656 Mu : 0.00989819843658 & Score: -141804.475935
.Lambda : 0.00094501113552 Mu : 0.00972089903493 & Score: -141803.660294
.Lambda : 0.00099375590676 Mu : 0.00980408462256 & Score: -141804.330253
.Lambda : 0.00096461069892 Mu : 0.00979505245241 & Score: -141803.203402
.Lambda : 0.00094551941006 Mu : 0.00992529494705 & Score: -141802.725696
.Lambda : 0.00090682855779 Mu : 0.00998138402422 & Score: -141803.296393
.Lambda : 0.00092127409308 Mu : 0.00993480113126 & Score: -141802.573391
.Lambda : 0.00090167452968 Mu : 0.00986064771378 & Score: -141802.434243
.Lambda : 0.00090632028326 Mu : 0.00977698811209 & Score: -141802.826188
.Lambda : 0.00091005873571 Mu : 0.00981644136689 & Score: -141802.425542
.Lambda : 0.00093430405270 Mu : 0.00980693518267 & Score: -141802.440143
.Lambda : 0.00092614667194 Mu : 0.00982036331545 & Score: -141802.314177
.Lambda : 0.00094200778289 Mu : 0.00985506347814 & Score: -141802.363021
.Lambda : 0.00091005873571 Mu : 0.00981644136689 & Score: -141802.425542
.Lambda : 0.00091804599751 Mu : 0.00982609689470 & Score: -141802.297429
.Lambda : 0.00091781917223 Mu : 0.00985687510882 & Score: -141802.219659
.Lambda : 0.00092569302138 Mu : 0.00988191974369 & Score: -141802.236106
.Lambda : 0.00091804599751 Mu : 0.00982609689470 & Score: -141802.297429
.Lambda : 0.00091995775347 Mu : 0.00984005260695 & Score: -141802.236920
.Lambda : 0.00092186950944 Mu : 0.00985400831920 & Score: -141802.206580
.Lambda : 0.00092580643402 Mu : 0.00986653063663 & Score: -141802.207151
.Lambda : 0.00092175609680 Mu : 0.00986939742626 & Score: -141802.210389
.Lambda : 0.00092591984666 Mu : 0.00985114152957 & Score: -141802.210749
.Lambda : 0.00092487890919 Mu : 0.00985570550374 & Score: -141802.204332
.Lambda : 0.00092094198462 Mu : 0.00984318318631 & Score: -141802.225685
.Lambda : 0.00092215809697 Mu : 0.00984902004889 & Score: -141802.211835
.Lambda : 0.00092337420932 Mu : 0.00985485691147 & Score: -141802.204134
.Lambda : 0.00092534267161 Mu : 0.00986111807019 & Score: -141802.203649
.Lambda : 0.00092383797173 Mu : 0.00986026947791 & Score: -141802.202162
.Lambda : 0.00092331750300 Mu : 0.00986255146500 & Score: -141802.202671
.Lambda : 0.00092580643402 Mu : 0.00986653063663 & Score: -141802.207151
.Lambda : 0.00092519837784 Mu : 0.00986361220534 & Score: -141802.204097
.Lambda : 0.00092398226549 Mu : 0.00985777534276 & Score: -141802.202588
.Lambda : 0.00092247756562 Mu : 0.00985692675049 & Score: -141802.203727
.Lambda : 0.00092319384211 Mu : 0.00985797458041 & Score: -141802.202639
.Lambda : 0.00092462639511 Mu : 0.00986007024026 & Score: -141802.202601
.Lambda : 0.00092319384211 Mu : 0.00985797458041 & Score: -141802.202639
.Lambda : 0.00092355198036 Mu : 0.00985849849537 & Score: -141802.202362
.Lambda : 0.00092340768660 Mu : 0.00986099263053 & Score: -141802.202274
.Lambda : 0.00092369367797 Mu : 0.00986276361307 & Score: -141802.202626
.Lambda : 0.00092365825357 Mu : 0.00986169733364 & Score: -141802.202326
.Lambda : 0.00092358740476 Mu : 0.00985956477480 & Score: -141802.202194
.Lambda : 0.00092401768989 Mu : 0.00985884162218 & Score: -141802.202324
.Lambda : 0.00092386518907 Mu : 0.00985937937427 & Score: -141802.202208
.Lambda : 0.00092356018742 Mu : 0.00986045487844 & Score: -141802.202183
.Lambda : 0.00092381075439 Mu : 0.00986115958156 & Score: -141802.202227
.Lambda : 0.00092375491698 Mu : 0.00986076087987 & Score: -141802.202182
.Lambda : 0.00092403270129 Mu : 0.00986057547934 & Score: -141802.202214
.Lambda : 0.00092391457282 Mu : 0.00986054532912 & Score: -141802.202182
.Lambda : 0.00092367831589 Mu : 0.00986048502867 & Score: -141802.202167
.Lambda : 0.00092376137064 Mu : 0.00985999362671 & Score: -141802.202159
.Lambda : 0.00092376459746 Mu : 0.00985961000013 & Score: -141802.202178
.Lambda : 0.00092392102648 Mu : 0.00985977807596 & Score: -141802.202185
.Lambda : 0.00092386034883 Mu : 0.00985995481414 & Score: -141802.202168
.Lambda : 0.00092379967118 Mu : 0.00986013155231 & Score: -141802.202159
.Lambda : 0.00092371984326 Mu : 0.00986023932769 & Score: -141802.202158
.Lambda : 0.00092375814381 Mu : 0.00986037725329 & Score: -141802.202160
.Lambda : 0.00092375895052 Mu : 0.00986028134665 & Score: -141802.202158
.DONE: Lamda,Mu Search or setting, for command:
lambdamu -s 

Lambda Search Result: 66
Lambda : 0.00092371984326 & Score: 141802Mu : 0.00986023932769 & Score: 141802
Running Viterbi algorithm....
Report Done
